[2024-05-30T04:23:25.361+0000] {local_task_job_runner.py:120} INFO - ::group::Pre task execution logs
[2024-05-30T04:23:25.424+0000] {taskinstance.py:2076} INFO - Dependencies all met for dep_context=non-requeueable deps ti=<TaskInstance: extenso_assignment.reader scheduled__2024-03-14T00:00:00+00:00 [queued]>
[2024-05-30T04:23:25.435+0000] {taskinstance.py:2076} INFO - Dependencies all met for dep_context=requeueable deps ti=<TaskInstance: extenso_assignment.reader scheduled__2024-03-14T00:00:00+00:00 [queued]>
[2024-05-30T04:23:25.457+0000] {taskinstance.py:2306} INFO - Starting attempt 1 of 1
[2024-05-30T04:23:25.497+0000] {taskinstance.py:2330} INFO - Executing <Task(PythonOperator): reader> on 2024-03-14 00:00:00+00:00
[2024-05-30T04:23:25.553+0000] {logging_mixin.py:188} WARNING - /home/***/.local/lib/python3.12/site-packages/***/task/task_runner/standard_task_runner.py:61 DeprecationWarning: This process (pid=228) is multi-threaded, use of fork() may lead to deadlocks in the child.
[2024-05-30T04:23:25.543+0000] {standard_task_runner.py:90} INFO - Running: ['***', 'tasks', 'run', 'extenso_assignment', 'reader', 'scheduled__2024-03-14T00:00:00+00:00', '--job-id', '3', '--raw', '--subdir', 'DAGS_FOLDER/dump_load_dag.py', '--cfg-path', '/tmp/tmpisutgzzp']
[2024-05-30T04:23:25.561+0000] {standard_task_runner.py:91} INFO - Job 3: Subtask reader
[2024-05-30T04:23:25.561+0000] {standard_task_runner.py:63} INFO - Started process 243 to run task
[2024-05-30T04:23:25.784+0000] {task_command.py:426} INFO - Running <TaskInstance: extenso_assignment.reader scheduled__2024-03-14T00:00:00+00:00 [running]> on host 51f9b92f6334
[2024-05-30T04:23:26.026+0000] {taskinstance.py:2648} INFO - Exporting env vars: AIRFLOW_CTX_DAG_OWNER='***' AIRFLOW_CTX_DAG_ID='extenso_assignment' AIRFLOW_CTX_TASK_ID='reader' AIRFLOW_CTX_EXECUTION_DATE='2024-03-14T00:00:00+00:00' AIRFLOW_CTX_TRY_NUMBER='1' AIRFLOW_CTX_DAG_RUN_ID='scheduled__2024-03-14T00:00:00+00:00'
[2024-05-30T04:23:26.030+0000] {taskinstance.py:430} INFO - ::endgroup::
[2024-05-30T04:23:26.129+0000] {logging_mixin.py:188} INFO - File 'ABC_layout_1.csv' loaded successfully from '/opt/***/files'.
[2024-05-30T04:23:26.134+0000] {logging_mixin.py:188} INFO - File 'PQR_layout_2.csv' loaded successfully from '/opt/***/files'.
[2024-05-30T04:23:26.139+0000] {logging_mixin.py:188} INFO - File 'layout_3_voters.csv' loaded successfully from '/opt/***/files'.
[2024-05-30T04:23:26.145+0000] {logging_mixin.py:188} INFO - File 'KLM_layout_4.csv' loaded successfully from '/opt/***/files'.
[2024-05-30T04:23:26.149+0000] {logging_mixin.py:188} INFO - File 'layout_5_license_dropped.csv' loaded successfully from '/opt/***/files'.
[2024-05-30T04:23:26.191+0000] {logging_mixin.py:188} WARNING - /opt/***/dags/Load_DF.py:6 FutureWarning: DataFrame.applymap has been deprecated. Use DataFrame.map instead.
[2024-05-30T04:23:26.202+0000] {logging_mixin.py:188} WARNING - /opt/***/dags/Load_DF.py:6 FutureWarning: DataFrame.applymap has been deprecated. Use DataFrame.map instead.
[2024-05-30T04:23:26.204+0000] {logging_mixin.py:188} WARNING - /opt/***/dags/Load_DF.py:6 FutureWarning: DataFrame.applymap has been deprecated. Use DataFrame.map instead.
[2024-05-30T04:23:26.208+0000] {logging_mixin.py:188} WARNING - /opt/***/dags/Load_DF.py:6 FutureWarning: DataFrame.applymap has been deprecated. Use DataFrame.map instead.
[2024-05-30T04:23:26.213+0000] {logging_mixin.py:188} WARNING - /opt/***/dags/Load_DF.py:6 FutureWarning: DataFrame.applymap has been deprecated. Use DataFrame.map instead.
[2024-05-30T04:23:26.216+0000] {logging_mixin.py:188} WARNING - /opt/***/dags/Load_DF.py:6 FutureWarning: DataFrame.applymap has been deprecated. Use DataFrame.map instead.
[2024-05-30T04:23:26.219+0000] {logging_mixin.py:188} WARNING - /opt/***/dags/Load_DF.py:6 FutureWarning: DataFrame.applymap has been deprecated. Use DataFrame.map instead.
[2024-05-30T04:23:26.221+0000] {logging_mixin.py:188} WARNING - /opt/***/dags/Load_DF.py:6 FutureWarning: DataFrame.applymap has been deprecated. Use DataFrame.map instead.
[2024-05-30T04:23:26.223+0000] {logging_mixin.py:188} WARNING - /opt/***/dags/Load_DF.py:6 FutureWarning: DataFrame.applymap has been deprecated. Use DataFrame.map instead.
[2024-05-30T04:23:26.226+0000] {logging_mixin.py:188} WARNING - /opt/***/dags/Load_DF.py:6 FutureWarning: DataFrame.applymap has been deprecated. Use DataFrame.map instead.
[2024-05-30T04:23:26.227+0000] {python.py:237} INFO - Done. Returned value was: ([    Customer Code             Name  ... source              modified_date
0        21216874        Ram Thapa  ...   bank 2024-05-30 04:23:26.173531
1        22359363    Sita Shrestha  ...   bank 2024-05-30 04:23:26.173531
2        33485241      Hari Gurung  ...   bank 2024-05-30 04:23:26.173531
3        45475489      Gita Tamang  ...   bank 2024-05-30 04:23:26.173531
4        56562139       Mohan Lama  ...   bank 2024-05-30 04:23:26.173531
5        67698214      Radha Magar  ...   bank 2024-05-30 04:23:26.173531
6        78714635      Krishna Rai  ...   bank 2024-05-30 04:23:26.173531
7        89847326    Sarita Sherpa  ...   bank 2024-05-30 04:23:26.173531
8        91953421     Bikash Karki  ...   bank 2024-05-30 04:23:26.173531
9        10203847   Nisha Bhandari  ...   bank 2024-05-30 04:23:26.173531
10       12113982   Aarav Adhikari  ...   bank 2024-05-30 04:23:26.173531
11       13122547      Sneha Joshi  ...   bank 2024-05-30 04:23:26.173531
12       13235698     Pratik Shahi  ...   bank 2024-05-30 04:23:26.173531
13       14247652   Anju Bhattarai  ...   bank 2024-05-30 04:23:26.173531
14       15158964  Manish Maharjan  ...   bank 2024-05-30 04:23:26.173531
15       16169853          Puja KC  ...   bank 2024-05-30 04:23:26.173531
16       17375246      Anil Khadka  ...   bank 2024-05-30 04:23:26.173531
17       18383569       Rita Rimal  ...   bank 2024-05-30 04:23:26.173531
18       19294258  Pratiksha Dahal  ...   bank 2024-05-30 04:23:26.173531
19       20305417  Dipesh Pokharel  ...   bank 2024-05-30 04:23:26.173531

[20 rows x 11 columns],     Mobile Number             Name  ... source              modified_date
0      1234567890        Ram Thapa  ...  esewa 2024-05-30 04:23:26.180707
1      2345678901    Sita Shrestha  ...  esewa 2024-05-30 04:23:26.180707
2      3456789012      Hari Gurung  ...  esewa 2024-05-30 04:23:26.180707
3      4567890123      Gita Tamang  ...  esewa 2024-05-30 04:23:26.180707
4      5678901234       Mohan Lama  ...  esewa 2024-05-30 04:23:26.180707
5      6789012345      Radha Magar  ...  esewa 2024-05-30 04:23:26.180707
6      7890123456      Krishna Rai  ...  esewa 2024-05-30 04:23:26.180707
7      8901234567    Sarita Sherpa  ...  esewa 2024-05-30 04:23:26.180707
8      9012345678     Bikash Karki  ...  esewa 2024-05-30 04:23:26.180707
9       123456789   Nisha Bhandari  ...  esewa 2024-05-30 04:23:26.180707
10     1234567800   Aarav Adhikari  ...  esewa 2024-05-30 04:23:26.180707
11     2345678902      Sneha Joshi  ...  esewa 2024-05-30 04:23:26.180707
12     3456789013     Pratik Shahi  ...  esewa 2024-05-30 04:23:26.180707
13     4567890124   Anju Bhattarai  ...  esewa 2024-05-30 04:23:26.180707
14     5678901235  Manish Maharjan  ...  esewa 2024-05-30 04:23:26.180707
15     6789012346          Puja KC  ...  esewa 2024-05-30 04:23:26.180707
16     7890123457      Anil Khadka  ...  esewa 2024-05-30 04:23:26.180707
17     8901234568       Rita Rimal  ...  esewa 2024-05-30 04:23:26.180707
18     9012345679  Pratiksha Dahal  ...  esewa 2024-05-30 04:23:26.180707
19      123456790  Dipesh Pokharel  ...  esewa 2024-05-30 04:23:26.180707

[20 rows x 8 columns],     votersID             Name  ...  source              modified_date
0   11116874        Ram Thapa  ...   voter 2024-05-30 04:23:26.181391
1   22259363    Sita Shrestha  ...   voter 2024-05-30 04:23:26.181391
2   33385241      Hari Gurung  ...   voter 2024-05-30 04:23:26.181391
3   44475489      Gita Tamang  ...   voter 2024-05-30 04:23:26.181391
4   55562139       Mohan Lama  ...   voter 2024-05-30 04:23:26.181391
5   66698214      Radha Magar  ...   voter 2024-05-30 04:23:26.181391
6   77714635      Krishna Rai  ...   voter 2024-05-30 04:23:26.181391
7   88847326    Sarita Sherpa  ...   voter 2024-05-30 04:23:26.181391
8   99953421     Bikash Karki  ...   voter 2024-05-30 04:23:26.181391
9   10103847   Nisha Bhandari  ...   voter 2024-05-30 04:23:26.181391
10  11113982   Aarav Adhikari  ...   voter 2024-05-30 04:23:26.181391
11  12122547      Sneha Joshi  ...   voter 2024-05-30 04:23:26.181391
12  13135698     Pratik Shahi  ...   voter 2024-05-30 04:23:26.181391
13  14147652   Anju Bhattarai  ...   voter 2024-05-30 04:23:26.181391
14  15158963  Manish Maharjan  ...   voter 2024-05-30 04:23:26.181391
15  16169852          Puja KC  ...   voter 2024-05-30 04:23:26.181391
16  17175246      Anil Khadka  ...   voter 2024-05-30 04:23:26.181391
17  18183569       Rita Rimal  ...   voter 2024-05-30 04:23:26.181391
18  19194258  Pratiksha Dahal  ...   voter 2024-05-30 04:23:26.181391
19  20205417  Dipesh Pokharel  ...   voter 2024-05-30 04:23:26.181391

[20 rows x 11 columns],                Name  Mobile Number  ...       source              modified_date
0         Ram Thapa     1234567890  ...  electricity 2024-05-30 04:23:26.182038
1     Sita Shrestha     2345678901  ...  electricity 2024-05-30 04:23:26.182038
2       Hari Gurung     3456789012  ...  electricity 2024-05-30 04:23:26.182038
3       Gita Tamang     4567890123  ...  electricity 2024-05-30 04:23:26.182038
4        Mohan Lama     5678901234  ...  electricity 2024-05-30 04:23:26.182038
5       Radha Magar     6789012345  ...  electricity 2024-05-30 04:23:26.182038
6       Krishna Rai     7890123456  ...  electricity 2024-05-30 04:23:26.182038
7     Sarita Sherpa     8901234567  ...  electricity 2024-05-30 04:23:26.182038
8      Bikash Karki     9012345678  ...  electricity 2024-05-30 04:23:26.182038
9    Nisha Bhandari      123456789  ...  electricity 2024-05-30 04:23:26.182038
10   Aarav Adhikari     1234567800  ...  electricity 2024-05-30 04:23:26.182038
11      Sneha Joshi     2345678902  ...  electricity 2024-05-30 04:23:26.182038
12     Pratik Shahi     3456789013  ...  electricity 2024-05-30 04:23:26.182038
13   Anju Bhattarai     4567890124  ...  electricity 2024-05-30 04:23:26.182038
14  Manish Maharjan     5678901235  ...  electricity 2024-05-30 04:23:26.182038
15          Puja KC     6789012346  ...  electricity 2024-05-30 04:23:26.182038
16      Anil Khadka     7890123457  ...  electricity 2024-05-30 04:23:26.182038
17       Rita Rimal     8901234568  ...  electricity 2024-05-30 04:23:26.182038
18  Pratiksha Dahal     9012345679  ...  electricity 2024-05-30 04:23:26.182038
19  Dipesh Pokharel      123456790  ...  electricity 2024-05-30 04:23:26.182038

[20 rows x 8 columns],     License Number Blood Group  ...   source              modified_date
0   15-05-58353205         AB+  ...  license 2024-05-30 04:23:26.182657
1   21-08-00435579         AB-  ...  license 2024-05-30 04:23:26.182657
2   93-12-35351480          B-  ...  license 2024-05-30 04:23:26.182657
3   65-03-68139881          A-  ...  license 2024-05-30 04:23:26.182657
4   14-11-40056582          A+  ...  license 2024-05-30 04:23:26.182657
5   82-09-81734599          B-  ...  license 2024-05-30 04:23:26.182657
6   26-03-50185868         AB+  ...  license 2024-05-30 04:23:26.182657
7   98-03-72394228          A-  ...  license 2024-05-30 04:23:26.182657
8   68-01-80388982          B-  ...  license 2024-05-30 04:23:26.182657
9   42-08-02614125          A-  ...  license 2024-05-30 04:23:26.182657
10  15-06-41273848          O+  ...  license 2024-05-30 04:23:26.182657
11  31-01-32329238         AB+  ...  license 2024-05-30 04:23:26.182657
12  73-02-11496212          O-  ...  license 2024-05-30 04:23:26.182657
13  94-08-09289547         AB-  ...  license 2024-05-30 04:23:26.182657
14  98-09-16879291          B+  ...  license 2024-05-30 04:23:26.182657
15  17-11-63791321         AB-  ...  license 2024-05-30 04:23:26.182657
16  71-03-35575299         AB-  ...  license 2024-05-30 04:23:26.182657
17  68-10-56792613          B-  ...  license 2024-05-30 04:23:26.182657
18  28-09-97969690         AB+  ...  license 2024-05-30 04:23:26.182657
19  89-04-95690392          A-  ...  license 2024-05-30 04:23:26.182657

[20 rows x 11 columns]], [    Customer Code            Name  ... source              modified_date
0        21216874        RamThapa  ...   bank 2024-05-30 04:23:26.173531
1        22359363    SitaShrestha  ...   bank 2024-05-30 04:23:26.173531
2        33485241      HariGurung  ...   bank 2024-05-30 04:23:26.173531
3        45475489      GitaTamang  ...   bank 2024-05-30 04:23:26.173531
4        56562139       MohanLama  ...   bank 2024-05-30 04:23:26.173531
5        67698214      RadhaMagar  ...   bank 2024-05-30 04:23:26.173531
6        78714635      KrishnaRai  ...   bank 2024-05-30 04:23:26.173531
7        89847326    SaritaSherpa  ...   bank 2024-05-30 04:23:26.173531
8        91953421     BikashKarki  ...   bank 2024-05-30 04:23:26.173531
9        10203847   NishaBhandari  ...   bank 2024-05-30 04:23:26.173531
10       12113982   AaravAdhikari  ...   bank 2024-05-30 04:23:26.173531
11       13122547      SnehaJoshi  ...   bank 2024-05-30 04:23:26.173531
12       13235698     PratikShahi  ...   bank 2024-05-30 04:23:26.173531
13       14247652   AnjuBhattarai  ...   bank 2024-05-30 04:23:26.173531
14       15158964  ManishMaharjan  ...   bank 2024-05-30 04:23:26.173531
15       16169853          PujaKC  ...   bank 2024-05-30 04:23:26.173531
16       17375246      AnilKhadka  ...   bank 2024-05-30 04:23:26.173531
17       18383569       RitaRimal  ...   bank 2024-05-30 04:23:26.173531
18       19294258  PratikshaDahal  ...   bank 2024-05-30 04:23:26.173531
19       20305417  DipeshPokharel  ...   bank 2024-05-30 04:23:26.173531

[20 rows x 11 columns],     Mobile Number            Name  ... source              modified_date
0      1234567890        RamThapa  ...  esewa 2024-05-30 04:23:26.180707
1      2345678901    SitaShrestha  ...  esewa 2024-05-30 04:23:26.180707
2      3456789012      HariGurung  ...  esewa 2024-05-30 04:23:26.180707
3      4567890123      GitaTamang  ...  esewa 2024-05-30 04:23:26.180707
4      5678901234       MohanLama  ...  esewa 2024-05-30 04:23:26.180707
5      6789012345      RadhaMagar  ...  esewa 2024-05-30 04:23:26.180707
6      7890123456      KrishnaRai  ...  esewa 2024-05-30 04:23:26.180707
7      8901234567    SaritaSherpa  ...  esewa 2024-05-30 04:23:26.180707
8      9012345678     BikashKarki  ...  esewa 2024-05-30 04:23:26.180707
9       123456789   NishaBhandari  ...  esewa 2024-05-30 04:23:26.180707
10     1234567800   AaravAdhikari  ...  esewa 2024-05-30 04:23:26.180707
11     2345678902      SnehaJoshi  ...  esewa 2024-05-30 04:23:26.180707
12     3456789013     PratikShahi  ...  esewa 2024-05-30 04:23:26.180707
13     4567890124   AnjuBhattarai  ...  esewa 2024-05-30 04:23:26.180707
14     5678901235  ManishMaharjan  ...  esewa 2024-05-30 04:23:26.180707
15     6789012346          PujaKC  ...  esewa 2024-05-30 04:23:26.180707
16     7890123457      AnilKhadka  ...  esewa 2024-05-30 04:23:26.180707
17     8901234568       RitaRimal  ...  esewa 2024-05-30 04:23:26.180707
18     9012345679  PratikshaDahal  ...  esewa 2024-05-30 04:23:26.180707
19      123456790  DipeshPokharel  ...  esewa 2024-05-30 04:23:26.180707

[20 rows x 8 columns],     votersID            Name  ...  source              modified_date
0   11116874        RamThapa  ...   voter 2024-05-30 04:23:26.181391
1   22259363    SitaShrestha  ...   voter 2024-05-30 04:23:26.181391
2   33385241      HariGurung  ...   voter 2024-05-30 04:23:26.181391
3   44475489      GitaTamang  ...   voter 2024-05-30 04:23:26.181391
4   55562139       MohanLama  ...   voter 2024-05-30 04:23:26.181391
5   66698214      RadhaMagar  ...   voter 2024-05-30 04:23:26.181391
6   77714635      KrishnaRai  ...   voter 2024-05-30 04:23:26.181391
7   88847326    SaritaSherpa  ...   voter 2024-05-30 04:23:26.181391
8   99953421     BikashKarki  ...   voter 2024-05-30 04:23:26.181391
9   10103847   NishaBhandari  ...   voter 2024-05-30 04:23:26.181391
10  11113982   AaravAdhikari  ...   voter 2024-05-30 04:23:26.181391
11  12122547      SnehaJoshi  ...   voter 2024-05-30 04:23:26.181391
12  13135698     PratikShahi  ...   voter 2024-05-30 04:23:26.181391
13  14147652   AnjuBhattarai  ...   voter 2024-05-30 04:23:26.181391
14  15158963  ManishMaharjan  ...   voter 2024-05-30 04:23:26.181391
15  16169852          PujaKC  ...   voter 2024-05-30 04:23:26.181391
16  17175246      AnilKhadka  ...   voter 2024-05-30 04:23:26.181391
17  18183569       RitaRimal  ...   voter 2024-05-30 04:23:26.181391
18  19194258  PratikshaDahal  ...   voter 2024-05-30 04:23:26.181391
19  20205417  DipeshPokharel  ...   voter 2024-05-30 04:23:26.181391

[20 rows x 11 columns],               Name  Mobile Number  ...       source              modified_date
0         RamThapa     1234567890  ...  electricity 2024-05-30 04:23:26.182038
1     SitaShrestha     2345678901  ...  electricity 2024-05-30 04:23:26.182038
2       HariGurung     3456789012  ...  electricity 2024-05-30 04:23:26.182038
3       GitaTamang     4567890123  ...  electricity 2024-05-30 04:23:26.182038
4        MohanLama     5678901234  ...  electricity 2024-05-30 04:23:26.182038
5       RadhaMagar     6789012345  ...  electricity 2024-05-30 04:23:26.182038
6       KrishnaRai     7890123456  ...  electricity 2024-05-30 04:23:26.182038
7     SaritaSherpa     8901234567  ...  electricity 2024-05-30 04:23:26.182038
8      BikashKarki     9012345678  ...  electricity 2024-05-30 04:23:26.182038
9    NishaBhandari      123456789  ...  electricity 2024-05-30 04:23:26.182038
10   AaravAdhikari     1234567800  ...  electricity 2024-05-30 04:23:26.182038
11      SnehaJoshi     2345678902  ...  electricity 2024-05-30 04:23:26.182038
12     PratikShahi     3456789013  ...  electricity 2024-05-30 04:23:26.182038
13   AnjuBhattarai     4567890124  ...  electricity 2024-05-30 04:23:26.182038
14  ManishMaharjan     5678901235  ...  electricity 2024-05-30 04:23:26.182038
15          PujaKC     6789012346  ...  electricity 2024-05-30 04:23:26.182038
16      AnilKhadka     7890123457  ...  electricity 2024-05-30 04:23:26.182038
17       RitaRimal     8901234568  ...  electricity 2024-05-30 04:23:26.182038
18  PratikshaDahal     9012345679  ...  electricity 2024-05-30 04:23:26.182038
19  DipeshPokharel      123456790  ...  electricity 2024-05-30 04:23:26.182038

[20 rows x 8 columns],     License Number Blood Group  ...   source              modified_date
0   15-05-58353205         AB+  ...  license 2024-05-30 04:23:26.182657
1   21-08-00435579         AB-  ...  license 2024-05-30 04:23:26.182657
2   93-12-35351480          B-  ...  license 2024-05-30 04:23:26.182657
3   65-03-68139881          A-  ...  license 2024-05-30 04:23:26.182657
4   14-11-40056582          A+  ...  license 2024-05-30 04:23:26.182657
5   82-09-81734599          B-  ...  license 2024-05-30 04:23:26.182657
6   26-03-50185868         AB+  ...  license 2024-05-30 04:23:26.182657
7   98-03-72394228          A-  ...  license 2024-05-30 04:23:26.182657
8   68-01-80388982          B-  ...  license 2024-05-30 04:23:26.182657
9   42-08-02614125          A-  ...  license 2024-05-30 04:23:26.182657
10  15-06-41273848          O+  ...  license 2024-05-30 04:23:26.182657
11  31-01-32329238         AB+  ...  license 2024-05-30 04:23:26.182657
12  73-02-11496212          O-  ...  license 2024-05-30 04:23:26.182657
13  94-08-09289547         AB-  ...  license 2024-05-30 04:23:26.182657
14  98-09-16879291          B+  ...  license 2024-05-30 04:23:26.182657
15  17-11-63791321         AB-  ...  license 2024-05-30 04:23:26.182657
16  71-03-35575299         AB-  ...  license 2024-05-30 04:23:26.182657
17  68-10-56792613          B-  ...  license 2024-05-30 04:23:26.182657
18  28-09-97969690         AB+  ...  license 2024-05-30 04:23:26.182657
19  89-04-95690392          A-  ...  license 2024-05-30 04:23:26.182657

[20 rows x 11 columns]])
[2024-05-30T04:23:26.374+0000] {taskinstance.py:441} INFO - ::group::Post task execution logs
[2024-05-30T04:23:27.066+0000] {taskinstance.py:1206} INFO - Marking task as SUCCESS. dag_id=extenso_assignment, task_id=reader, run_id=scheduled__2024-03-14T00:00:00+00:00, execution_date=20240314T000000, start_date=20240530T042325, end_date=20240530T042327
[2024-05-30T04:23:27.150+0000] {local_task_job_runner.py:240} INFO - Task exited with return code 0
[2024-05-30T04:23:27.217+0000] {taskinstance.py:3498} INFO - 1 downstream tasks scheduled from follow-on schedule check
[2024-05-30T04:23:27.224+0000] {local_task_job_runner.py:222} INFO - ::endgroup::
