[2024-05-18T10:17:26.370+0000] {processor.py:161} INFO - Started process (PID=521) to work on /opt/airflow/dags/read_data.py
[2024-05-18T10:17:26.371+0000] {processor.py:830} INFO - Processing file /opt/airflow/dags/read_data.py for tasks to queue
[2024-05-18T10:17:26.372+0000] {logging_mixin.py:188} INFO - [2024-05-18T10:17:26.372+0000] {dagbag.py:540} INFO - Filling up the DagBag from /opt/airflow/dags/read_data.py
[2024-05-18T10:17:26.426+0000] {logging_mixin.py:188} INFO - [2024-05-18T10:17:26.417+0000] {dagbag.py:350} ERROR - Failed to import: /opt/airflow/dags/read_data.py
Traceback (most recent call last):
  File "/home/airflow/.local/lib/python3.12/site-packages/airflow/models/dagbag.py", line 346, in parse
    loader.exec_module(new_module)
  File "<frozen importlib._bootstrap_external>", line 995, in exec_module
  File "<frozen importlib._bootstrap>", line 488, in _call_with_frames_removed
  File "/opt/airflow/dags/read_data.py", line 15, in <module>
    from dump_load_dag import mysql_task
  File "/opt/airflow/dags/dump_load_dag.py", line 77, in <module>
    show = PythonOperator(
           ^^^^^^^^^^^^^^^
  File "/home/airflow/.local/lib/python3.12/site-packages/airflow/models/baseoperator.py", line 467, in apply_defaults
    raise AirflowException(f"missing keyword argument {missing_args.pop()!r}")
airflow.exceptions.AirflowException: missing keyword argument 'python_callable'
[2024-05-18T10:17:26.428+0000] {processor.py:842} WARNING - No viable dags retrieved from /opt/airflow/dags/read_data.py
[2024-05-18T10:17:26.451+0000] {processor.py:183} INFO - Processing /opt/airflow/dags/read_data.py took 0.088 seconds
[2024-05-18T10:17:56.778+0000] {processor.py:161} INFO - Started process (PID=537) to work on /opt/airflow/dags/read_data.py
[2024-05-18T10:17:56.779+0000] {processor.py:830} INFO - Processing file /opt/airflow/dags/read_data.py for tasks to queue
[2024-05-18T10:17:56.781+0000] {logging_mixin.py:188} INFO - [2024-05-18T10:17:56.780+0000] {dagbag.py:540} INFO - Filling up the DagBag from /opt/airflow/dags/read_data.py
[2024-05-18T10:17:56.835+0000] {logging_mixin.py:188} INFO - [2024-05-18T10:17:56.828+0000] {dagbag.py:350} ERROR - Failed to import: /opt/airflow/dags/read_data.py
Traceback (most recent call last):
  File "/home/airflow/.local/lib/python3.12/site-packages/airflow/models/dagbag.py", line 346, in parse
    loader.exec_module(new_module)
  File "<frozen importlib._bootstrap_external>", line 995, in exec_module
  File "<frozen importlib._bootstrap>", line 488, in _call_with_frames_removed
  File "/opt/airflow/dags/read_data.py", line 15, in <module>
    from dump_load_dag import mysql_task
  File "/opt/airflow/dags/dump_load_dag.py", line 77, in <module>
    show = PythonOperator(
           ^^^^^^^^^^^^^^^
  File "/home/airflow/.local/lib/python3.12/site-packages/airflow/models/baseoperator.py", line 467, in apply_defaults
    raise AirflowException(f"missing keyword argument {missing_args.pop()!r}")
airflow.exceptions.AirflowException: missing keyword argument 'python_callable'
[2024-05-18T10:17:56.837+0000] {processor.py:842} WARNING - No viable dags retrieved from /opt/airflow/dags/read_data.py
[2024-05-18T10:17:56.855+0000] {processor.py:183} INFO - Processing /opt/airflow/dags/read_data.py took 0.085 seconds
[2024-05-18T10:18:27.160+0000] {processor.py:161} INFO - Started process (PID=553) to work on /opt/airflow/dags/read_data.py
[2024-05-18T10:18:27.161+0000] {processor.py:830} INFO - Processing file /opt/airflow/dags/read_data.py for tasks to queue
[2024-05-18T10:18:27.162+0000] {logging_mixin.py:188} INFO - [2024-05-18T10:18:27.162+0000] {dagbag.py:540} INFO - Filling up the DagBag from /opt/airflow/dags/read_data.py
[2024-05-18T10:18:27.210+0000] {logging_mixin.py:188} INFO - [2024-05-18T10:18:27.202+0000] {dagbag.py:350} ERROR - Failed to import: /opt/airflow/dags/read_data.py
Traceback (most recent call last):
  File "/home/airflow/.local/lib/python3.12/site-packages/airflow/models/dagbag.py", line 346, in parse
    loader.exec_module(new_module)
  File "<frozen importlib._bootstrap_external>", line 995, in exec_module
  File "<frozen importlib._bootstrap>", line 488, in _call_with_frames_removed
  File "/opt/airflow/dags/read_data.py", line 15, in <module>
    from dump_load_dag import mysql_task
  File "/opt/airflow/dags/dump_load_dag.py", line 77, in <module>
    show = PythonOperator(
           ^^^^^^^^^^^^^^^
  File "/home/airflow/.local/lib/python3.12/site-packages/airflow/models/baseoperator.py", line 467, in apply_defaults
    raise AirflowException(f"missing keyword argument {missing_args.pop()!r}")
airflow.exceptions.AirflowException: missing keyword argument 'python_callable'
[2024-05-18T10:18:27.212+0000] {processor.py:842} WARNING - No viable dags retrieved from /opt/airflow/dags/read_data.py
[2024-05-18T10:18:27.233+0000] {processor.py:183} INFO - Processing /opt/airflow/dags/read_data.py took 0.081 seconds
[2024-05-18T10:18:57.788+0000] {processor.py:161} INFO - Started process (PID=569) to work on /opt/airflow/dags/read_data.py
[2024-05-18T10:18:57.790+0000] {processor.py:830} INFO - Processing file /opt/airflow/dags/read_data.py for tasks to queue
[2024-05-18T10:18:57.796+0000] {logging_mixin.py:188} INFO - [2024-05-18T10:18:57.794+0000] {dagbag.py:540} INFO - Filling up the DagBag from /opt/airflow/dags/read_data.py
[2024-05-18T10:18:57.956+0000] {logging_mixin.py:188} INFO - mysql_task
[2024-05-18T10:18:57.958+0000] {processor.py:842} WARNING - No viable dags retrieved from /opt/airflow/dags/read_data.py
[2024-05-18T10:18:57.995+0000] {processor.py:183} INFO - Processing /opt/airflow/dags/read_data.py took 0.235 seconds
[2024-05-18T10:19:28.935+0000] {processor.py:161} INFO - Started process (PID=605) to work on /opt/airflow/dags/read_data.py
[2024-05-18T10:19:28.940+0000] {processor.py:830} INFO - Processing file /opt/airflow/dags/read_data.py for tasks to queue
[2024-05-18T10:19:28.948+0000] {logging_mixin.py:188} INFO - [2024-05-18T10:19:28.946+0000] {dagbag.py:540} INFO - Filling up the DagBag from /opt/airflow/dags/read_data.py
[2024-05-18T10:19:29.213+0000] {logging_mixin.py:188} INFO - mysql_task
[2024-05-18T10:19:29.214+0000] {processor.py:842} WARNING - No viable dags retrieved from /opt/airflow/dags/read_data.py
[2024-05-18T10:19:29.278+0000] {processor.py:183} INFO - Processing /opt/airflow/dags/read_data.py took 0.414 seconds
[2024-05-18T10:19:59.862+0000] {processor.py:161} INFO - Started process (PID=621) to work on /opt/airflow/dags/read_data.py
[2024-05-18T10:19:59.863+0000] {processor.py:830} INFO - Processing file /opt/airflow/dags/read_data.py for tasks to queue
[2024-05-18T10:19:59.864+0000] {logging_mixin.py:188} INFO - [2024-05-18T10:19:59.864+0000] {dagbag.py:540} INFO - Filling up the DagBag from /opt/airflow/dags/read_data.py
[2024-05-18T10:19:59.906+0000] {logging_mixin.py:188} INFO - mysql_task
[2024-05-18T10:19:59.907+0000] {processor.py:842} WARNING - No viable dags retrieved from /opt/airflow/dags/read_data.py
[2024-05-18T10:19:59.923+0000] {processor.py:183} INFO - Processing /opt/airflow/dags/read_data.py took 0.070 seconds
[2024-05-18T10:20:30.173+0000] {processor.py:161} INFO - Started process (PID=637) to work on /opt/airflow/dags/read_data.py
[2024-05-18T10:20:30.174+0000] {processor.py:830} INFO - Processing file /opt/airflow/dags/read_data.py for tasks to queue
[2024-05-18T10:20:30.175+0000] {logging_mixin.py:188} INFO - [2024-05-18T10:20:30.175+0000] {dagbag.py:540} INFO - Filling up the DagBag from /opt/airflow/dags/read_data.py
[2024-05-18T10:20:30.214+0000] {logging_mixin.py:188} INFO - mysql_task
[2024-05-18T10:20:30.215+0000] {processor.py:842} WARNING - No viable dags retrieved from /opt/airflow/dags/read_data.py
[2024-05-18T10:20:30.228+0000] {processor.py:183} INFO - Processing /opt/airflow/dags/read_data.py took 0.063 seconds
[2024-05-18T10:21:00.838+0000] {processor.py:161} INFO - Started process (PID=653) to work on /opt/airflow/dags/read_data.py
[2024-05-18T10:21:00.840+0000] {processor.py:830} INFO - Processing file /opt/airflow/dags/read_data.py for tasks to queue
[2024-05-18T10:21:00.845+0000] {logging_mixin.py:188} INFO - [2024-05-18T10:21:00.842+0000] {dagbag.py:540} INFO - Filling up the DagBag from /opt/airflow/dags/read_data.py
[2024-05-18T10:21:00.980+0000] {logging_mixin.py:188} INFO - mysql_task
[2024-05-18T10:21:00.981+0000] {processor.py:842} WARNING - No viable dags retrieved from /opt/airflow/dags/read_data.py
[2024-05-18T10:21:01.025+0000] {processor.py:183} INFO - Processing /opt/airflow/dags/read_data.py took 0.215 seconds
[2024-05-18T10:21:22.287+0000] {processor.py:161} INFO - Started process (PID=669) to work on /opt/airflow/dags/read_data.py
[2024-05-18T10:21:22.294+0000] {processor.py:830} INFO - Processing file /opt/airflow/dags/read_data.py for tasks to queue
[2024-05-18T10:21:22.299+0000] {logging_mixin.py:188} INFO - [2024-05-18T10:21:22.299+0000] {dagbag.py:540} INFO - Filling up the DagBag from /opt/airflow/dags/read_data.py
[2024-05-18T10:21:22.370+0000] {logging_mixin.py:188} INFO - [2024-05-18T10:21:22.369+0000] {dagbag.py:329} INFO - File /opt/airflow/dags/read_data.py assumed to contain no DAGs. Skipping.
[2024-05-18T10:21:22.371+0000] {processor.py:842} WARNING - No viable dags retrieved from /opt/airflow/dags/read_data.py
[2024-05-18T10:21:22.529+0000] {processor.py:183} INFO - Processing /opt/airflow/dags/read_data.py took 0.252 seconds
[2024-05-18T10:21:52.872+0000] {processor.py:161} INFO - Started process (PID=685) to work on /opt/airflow/dags/read_data.py
[2024-05-18T10:21:52.873+0000] {processor.py:830} INFO - Processing file /opt/airflow/dags/read_data.py for tasks to queue
[2024-05-18T10:21:52.875+0000] {logging_mixin.py:188} INFO - [2024-05-18T10:21:52.875+0000] {dagbag.py:540} INFO - Filling up the DagBag from /opt/airflow/dags/read_data.py
[2024-05-18T10:21:52.882+0000] {logging_mixin.py:188} INFO - [2024-05-18T10:21:52.882+0000] {dagbag.py:329} INFO - File /opt/airflow/dags/read_data.py assumed to contain no DAGs. Skipping.
[2024-05-18T10:21:52.883+0000] {processor.py:842} WARNING - No viable dags retrieved from /opt/airflow/dags/read_data.py
[2024-05-18T10:21:52.898+0000] {processor.py:183} INFO - Processing /opt/airflow/dags/read_data.py took 0.035 seconds
[2024-05-18T10:22:23.141+0000] {processor.py:161} INFO - Started process (PID=700) to work on /opt/airflow/dags/read_data.py
[2024-05-18T10:22:23.142+0000] {processor.py:830} INFO - Processing file /opt/airflow/dags/read_data.py for tasks to queue
[2024-05-18T10:22:23.143+0000] {logging_mixin.py:188} INFO - [2024-05-18T10:22:23.143+0000] {dagbag.py:540} INFO - Filling up the DagBag from /opt/airflow/dags/read_data.py
[2024-05-18T10:22:23.152+0000] {logging_mixin.py:188} INFO - [2024-05-18T10:22:23.152+0000] {dagbag.py:329} INFO - File /opt/airflow/dags/read_data.py assumed to contain no DAGs. Skipping.
[2024-05-18T10:22:23.153+0000] {processor.py:842} WARNING - No viable dags retrieved from /opt/airflow/dags/read_data.py
[2024-05-18T10:22:23.167+0000] {processor.py:183} INFO - Processing /opt/airflow/dags/read_data.py took 0.035 seconds
[2024-05-18T13:18:25.199+0000] {processor.py:161} INFO - Started process (PID=165) to work on /opt/airflow/dags/read_data.py
[2024-05-18T13:18:25.201+0000] {processor.py:830} INFO - Processing file /opt/airflow/dags/read_data.py for tasks to queue
[2024-05-18T13:18:25.203+0000] {logging_mixin.py:188} INFO - [2024-05-18T13:18:25.203+0000] {dagbag.py:540} INFO - Filling up the DagBag from /opt/airflow/dags/read_data.py
[2024-05-18T13:18:31.162+0000] {processor.py:842} WARNING - No viable dags retrieved from /opt/airflow/dags/read_data.py
[2024-05-18T13:18:31.250+0000] {processor.py:183} INFO - Processing /opt/airflow/dags/read_data.py took 6.064 seconds
[2024-05-18T13:19:01.610+0000] {processor.py:161} INFO - Started process (PID=183) to work on /opt/airflow/dags/read_data.py
[2024-05-18T13:19:01.613+0000] {processor.py:830} INFO - Processing file /opt/airflow/dags/read_data.py for tasks to queue
[2024-05-18T13:19:01.618+0000] {logging_mixin.py:188} INFO - [2024-05-18T13:19:01.617+0000] {dagbag.py:540} INFO - Filling up the DagBag from /opt/airflow/dags/read_data.py
[2024-05-18T13:19:02.949+0000] {processor.py:842} WARNING - No viable dags retrieved from /opt/airflow/dags/read_data.py
[2024-05-18T13:19:02.984+0000] {processor.py:183} INFO - Processing /opt/airflow/dags/read_data.py took 1.405 seconds
[2024-05-18T13:19:34.124+0000] {processor.py:161} INFO - Started process (PID=201) to work on /opt/airflow/dags/read_data.py
[2024-05-18T13:19:34.127+0000] {processor.py:830} INFO - Processing file /opt/airflow/dags/read_data.py for tasks to queue
[2024-05-18T13:19:34.132+0000] {logging_mixin.py:188} INFO - [2024-05-18T13:19:34.131+0000] {dagbag.py:540} INFO - Filling up the DagBag from /opt/airflow/dags/read_data.py
[2024-05-18T13:19:36.151+0000] {processor.py:842} WARNING - No viable dags retrieved from /opt/airflow/dags/read_data.py
[2024-05-18T13:19:36.185+0000] {processor.py:183} INFO - Processing /opt/airflow/dags/read_data.py took 2.079 seconds
[2024-05-18T13:20:06.488+0000] {processor.py:161} INFO - Started process (PID=222) to work on /opt/airflow/dags/read_data.py
[2024-05-18T13:20:06.490+0000] {processor.py:830} INFO - Processing file /opt/airflow/dags/read_data.py for tasks to queue
[2024-05-18T13:20:06.492+0000] {logging_mixin.py:188} INFO - [2024-05-18T13:20:06.491+0000] {dagbag.py:540} INFO - Filling up the DagBag from /opt/airflow/dags/read_data.py
[2024-05-18T13:20:07.493+0000] {processor.py:842} WARNING - No viable dags retrieved from /opt/airflow/dags/read_data.py
[2024-05-18T13:20:07.525+0000] {processor.py:183} INFO - Processing /opt/airflow/dags/read_data.py took 1.047 seconds
[2024-05-18T13:20:37.782+0000] {processor.py:161} INFO - Started process (PID=247) to work on /opt/airflow/dags/read_data.py
[2024-05-18T13:20:37.783+0000] {processor.py:830} INFO - Processing file /opt/airflow/dags/read_data.py for tasks to queue
[2024-05-18T13:20:37.785+0000] {logging_mixin.py:188} INFO - [2024-05-18T13:20:37.784+0000] {dagbag.py:540} INFO - Filling up the DagBag from /opt/airflow/dags/read_data.py
[2024-05-18T13:20:38.455+0000] {processor.py:842} WARNING - No viable dags retrieved from /opt/airflow/dags/read_data.py
[2024-05-18T13:20:38.470+0000] {processor.py:183} INFO - Processing /opt/airflow/dags/read_data.py took 0.697 seconds
[2024-05-18T13:21:08.763+0000] {processor.py:161} INFO - Started process (PID=265) to work on /opt/airflow/dags/read_data.py
[2024-05-18T13:21:08.764+0000] {processor.py:830} INFO - Processing file /opt/airflow/dags/read_data.py for tasks to queue
[2024-05-18T13:21:08.767+0000] {logging_mixin.py:188} INFO - [2024-05-18T13:21:08.766+0000] {dagbag.py:540} INFO - Filling up the DagBag from /opt/airflow/dags/read_data.py
[2024-05-18T13:21:09.413+0000] {processor.py:842} WARNING - No viable dags retrieved from /opt/airflow/dags/read_data.py
[2024-05-18T13:21:09.426+0000] {processor.py:183} INFO - Processing /opt/airflow/dags/read_data.py took 0.674 seconds
[2024-05-18T13:21:39.741+0000] {processor.py:161} INFO - Started process (PID=283) to work on /opt/airflow/dags/read_data.py
[2024-05-18T13:21:39.743+0000] {processor.py:830} INFO - Processing file /opt/airflow/dags/read_data.py for tasks to queue
[2024-05-18T13:21:39.744+0000] {logging_mixin.py:188} INFO - [2024-05-18T13:21:39.744+0000] {dagbag.py:540} INFO - Filling up the DagBag from /opt/airflow/dags/read_data.py
[2024-05-18T13:21:40.750+0000] {processor.py:842} WARNING - No viable dags retrieved from /opt/airflow/dags/read_data.py
[2024-05-18T13:21:40.789+0000] {processor.py:183} INFO - Processing /opt/airflow/dags/read_data.py took 1.060 seconds
[2024-05-18T13:22:11.125+0000] {processor.py:161} INFO - Started process (PID=301) to work on /opt/airflow/dags/read_data.py
[2024-05-18T13:22:11.127+0000] {processor.py:830} INFO - Processing file /opt/airflow/dags/read_data.py for tasks to queue
[2024-05-18T13:22:11.129+0000] {logging_mixin.py:188} INFO - [2024-05-18T13:22:11.128+0000] {dagbag.py:540} INFO - Filling up the DagBag from /opt/airflow/dags/read_data.py
[2024-05-18T13:22:12.170+0000] {processor.py:842} WARNING - No viable dags retrieved from /opt/airflow/dags/read_data.py
[2024-05-18T13:22:12.272+0000] {processor.py:183} INFO - Processing /opt/airflow/dags/read_data.py took 1.156 seconds
[2024-05-18T13:22:42.515+0000] {processor.py:161} INFO - Started process (PID=322) to work on /opt/airflow/dags/read_data.py
[2024-05-18T13:22:42.516+0000] {processor.py:830} INFO - Processing file /opt/airflow/dags/read_data.py for tasks to queue
[2024-05-18T13:22:42.517+0000] {logging_mixin.py:188} INFO - [2024-05-18T13:22:42.517+0000] {dagbag.py:540} INFO - Filling up the DagBag from /opt/airflow/dags/read_data.py
[2024-05-18T13:22:43.055+0000] {processor.py:842} WARNING - No viable dags retrieved from /opt/airflow/dags/read_data.py
[2024-05-18T13:22:43.067+0000] {processor.py:183} INFO - Processing /opt/airflow/dags/read_data.py took 0.559 seconds
[2024-05-18T13:23:13.293+0000] {processor.py:161} INFO - Started process (PID=340) to work on /opt/airflow/dags/read_data.py
[2024-05-18T13:23:13.294+0000] {processor.py:830} INFO - Processing file /opt/airflow/dags/read_data.py for tasks to queue
[2024-05-18T13:23:13.295+0000] {logging_mixin.py:188} INFO - [2024-05-18T13:23:13.295+0000] {dagbag.py:540} INFO - Filling up the DagBag from /opt/airflow/dags/read_data.py
[2024-05-18T13:23:13.871+0000] {processor.py:842} WARNING - No viable dags retrieved from /opt/airflow/dags/read_data.py
[2024-05-18T13:23:13.888+0000] {processor.py:183} INFO - Processing /opt/airflow/dags/read_data.py took 0.602 seconds
[2024-05-18T13:23:44.312+0000] {processor.py:161} INFO - Started process (PID=358) to work on /opt/airflow/dags/read_data.py
[2024-05-18T13:23:44.315+0000] {processor.py:830} INFO - Processing file /opt/airflow/dags/read_data.py for tasks to queue
[2024-05-18T13:23:44.318+0000] {logging_mixin.py:188} INFO - [2024-05-18T13:23:44.317+0000] {dagbag.py:540} INFO - Filling up the DagBag from /opt/airflow/dags/read_data.py
[2024-05-18T13:23:45.060+0000] {processor.py:842} WARNING - No viable dags retrieved from /opt/airflow/dags/read_data.py
[2024-05-18T13:23:45.080+0000] {processor.py:183} INFO - Processing /opt/airflow/dags/read_data.py took 0.792 seconds
[2024-05-18T13:24:15.492+0000] {processor.py:161} INFO - Started process (PID=376) to work on /opt/airflow/dags/read_data.py
[2024-05-18T13:24:15.494+0000] {processor.py:830} INFO - Processing file /opt/airflow/dags/read_data.py for tasks to queue
[2024-05-18T13:24:15.496+0000] {logging_mixin.py:188} INFO - [2024-05-18T13:24:15.495+0000] {dagbag.py:540} INFO - Filling up the DagBag from /opt/airflow/dags/read_data.py
[2024-05-18T13:24:16.194+0000] {processor.py:842} WARNING - No viable dags retrieved from /opt/airflow/dags/read_data.py
[2024-05-18T13:24:16.204+0000] {processor.py:183} INFO - Processing /opt/airflow/dags/read_data.py took 0.718 seconds
[2024-05-18T13:24:46.885+0000] {processor.py:161} INFO - Started process (PID=394) to work on /opt/airflow/dags/read_data.py
[2024-05-18T13:24:46.886+0000] {processor.py:830} INFO - Processing file /opt/airflow/dags/read_data.py for tasks to queue
[2024-05-18T13:24:46.887+0000] {logging_mixin.py:188} INFO - [2024-05-18T13:24:46.887+0000] {dagbag.py:540} INFO - Filling up the DagBag from /opt/airflow/dags/read_data.py
[2024-05-18T13:24:47.380+0000] {processor.py:842} WARNING - No viable dags retrieved from /opt/airflow/dags/read_data.py
[2024-05-18T13:24:47.391+0000] {processor.py:183} INFO - Processing /opt/airflow/dags/read_data.py took 0.514 seconds
[2024-05-18T13:25:17.731+0000] {processor.py:161} INFO - Started process (PID=412) to work on /opt/airflow/dags/read_data.py
[2024-05-18T13:25:17.732+0000] {processor.py:830} INFO - Processing file /opt/airflow/dags/read_data.py for tasks to queue
[2024-05-18T13:25:17.733+0000] {logging_mixin.py:188} INFO - [2024-05-18T13:25:17.733+0000] {dagbag.py:540} INFO - Filling up the DagBag from /opt/airflow/dags/read_data.py
[2024-05-18T13:25:18.490+0000] {processor.py:842} WARNING - No viable dags retrieved from /opt/airflow/dags/read_data.py
[2024-05-18T13:25:18.504+0000] {processor.py:183} INFO - Processing /opt/airflow/dags/read_data.py took 0.782 seconds
[2024-05-18T13:25:48.810+0000] {processor.py:161} INFO - Started process (PID=430) to work on /opt/airflow/dags/read_data.py
[2024-05-18T13:25:48.811+0000] {processor.py:830} INFO - Processing file /opt/airflow/dags/read_data.py for tasks to queue
[2024-05-18T13:25:48.812+0000] {logging_mixin.py:188} INFO - [2024-05-18T13:25:48.812+0000] {dagbag.py:540} INFO - Filling up the DagBag from /opt/airflow/dags/read_data.py
[2024-05-18T13:25:49.304+0000] {processor.py:842} WARNING - No viable dags retrieved from /opt/airflow/dags/read_data.py
[2024-05-18T13:25:49.316+0000] {processor.py:183} INFO - Processing /opt/airflow/dags/read_data.py took 0.515 seconds
[2024-05-18T13:26:19.657+0000] {processor.py:161} INFO - Started process (PID=447) to work on /opt/airflow/dags/read_data.py
[2024-05-18T13:26:19.658+0000] {processor.py:830} INFO - Processing file /opt/airflow/dags/read_data.py for tasks to queue
[2024-05-18T13:26:19.659+0000] {logging_mixin.py:188} INFO - [2024-05-18T13:26:19.659+0000] {dagbag.py:540} INFO - Filling up the DagBag from /opt/airflow/dags/read_data.py
[2024-05-18T13:26:20.142+0000] {processor.py:842} WARNING - No viable dags retrieved from /opt/airflow/dags/read_data.py
[2024-05-18T13:26:20.152+0000] {processor.py:183} INFO - Processing /opt/airflow/dags/read_data.py took 0.503 seconds
[2024-05-18T13:26:50.984+0000] {processor.py:161} INFO - Started process (PID=465) to work on /opt/airflow/dags/read_data.py
[2024-05-18T13:26:50.985+0000] {processor.py:830} INFO - Processing file /opt/airflow/dags/read_data.py for tasks to queue
[2024-05-18T13:26:50.987+0000] {logging_mixin.py:188} INFO - [2024-05-18T13:26:50.986+0000] {dagbag.py:540} INFO - Filling up the DagBag from /opt/airflow/dags/read_data.py
[2024-05-18T13:26:51.658+0000] {processor.py:842} WARNING - No viable dags retrieved from /opt/airflow/dags/read_data.py
[2024-05-18T13:26:51.702+0000] {processor.py:183} INFO - Processing /opt/airflow/dags/read_data.py took 0.730 seconds
[2024-05-18T13:27:22.068+0000] {processor.py:161} INFO - Started process (PID=483) to work on /opt/airflow/dags/read_data.py
[2024-05-18T13:27:22.069+0000] {processor.py:830} INFO - Processing file /opt/airflow/dags/read_data.py for tasks to queue
[2024-05-18T13:27:22.071+0000] {logging_mixin.py:188} INFO - [2024-05-18T13:27:22.070+0000] {dagbag.py:540} INFO - Filling up the DagBag from /opt/airflow/dags/read_data.py
[2024-05-18T13:27:22.622+0000] {processor.py:842} WARNING - No viable dags retrieved from /opt/airflow/dags/read_data.py
[2024-05-18T13:27:22.633+0000] {processor.py:183} INFO - Processing /opt/airflow/dags/read_data.py took 0.573 seconds
[2024-05-18T13:27:52.904+0000] {processor.py:161} INFO - Started process (PID=501) to work on /opt/airflow/dags/read_data.py
[2024-05-18T13:27:52.905+0000] {processor.py:830} INFO - Processing file /opt/airflow/dags/read_data.py for tasks to queue
[2024-05-18T13:27:52.908+0000] {logging_mixin.py:188} INFO - [2024-05-18T13:27:52.907+0000] {dagbag.py:540} INFO - Filling up the DagBag from /opt/airflow/dags/read_data.py
[2024-05-18T13:27:54.301+0000] {processor.py:842} WARNING - No viable dags retrieved from /opt/airflow/dags/read_data.py
[2024-05-18T13:27:54.341+0000] {processor.py:183} INFO - Processing /opt/airflow/dags/read_data.py took 1.448 seconds
[2024-05-18T13:28:24.639+0000] {processor.py:161} INFO - Started process (PID=519) to work on /opt/airflow/dags/read_data.py
[2024-05-18T13:28:24.640+0000] {processor.py:830} INFO - Processing file /opt/airflow/dags/read_data.py for tasks to queue
[2024-05-18T13:28:24.641+0000] {logging_mixin.py:188} INFO - [2024-05-18T13:28:24.641+0000] {dagbag.py:540} INFO - Filling up the DagBag from /opt/airflow/dags/read_data.py
[2024-05-18T13:28:25.612+0000] {processor.py:842} WARNING - No viable dags retrieved from /opt/airflow/dags/read_data.py
[2024-05-18T13:28:25.658+0000] {processor.py:183} INFO - Processing /opt/airflow/dags/read_data.py took 1.033 seconds
[2024-05-18T13:28:55.877+0000] {processor.py:161} INFO - Started process (PID=543) to work on /opt/airflow/dags/read_data.py
[2024-05-18T13:28:55.878+0000] {processor.py:830} INFO - Processing file /opt/airflow/dags/read_data.py for tasks to queue
[2024-05-18T13:28:55.879+0000] {logging_mixin.py:188} INFO - [2024-05-18T13:28:55.879+0000] {dagbag.py:540} INFO - Filling up the DagBag from /opt/airflow/dags/read_data.py
[2024-05-18T13:28:56.454+0000] {processor.py:842} WARNING - No viable dags retrieved from /opt/airflow/dags/read_data.py
[2024-05-18T13:28:56.486+0000] {processor.py:183} INFO - Processing /opt/airflow/dags/read_data.py took 0.618 seconds
[2024-05-18T13:29:26.709+0000] {processor.py:161} INFO - Started process (PID=567) to work on /opt/airflow/dags/read_data.py
[2024-05-18T13:29:26.710+0000] {processor.py:830} INFO - Processing file /opt/airflow/dags/read_data.py for tasks to queue
[2024-05-18T13:29:26.711+0000] {logging_mixin.py:188} INFO - [2024-05-18T13:29:26.711+0000] {dagbag.py:540} INFO - Filling up the DagBag from /opt/airflow/dags/read_data.py
[2024-05-18T13:29:27.309+0000] {processor.py:842} WARNING - No viable dags retrieved from /opt/airflow/dags/read_data.py
[2024-05-18T13:29:27.319+0000] {processor.py:183} INFO - Processing /opt/airflow/dags/read_data.py took 0.623 seconds
[2024-05-18T13:29:57.770+0000] {processor.py:161} INFO - Started process (PID=591) to work on /opt/airflow/dags/read_data.py
[2024-05-18T13:29:57.771+0000] {processor.py:830} INFO - Processing file /opt/airflow/dags/read_data.py for tasks to queue
[2024-05-18T13:29:57.772+0000] {logging_mixin.py:188} INFO - [2024-05-18T13:29:57.772+0000] {dagbag.py:540} INFO - Filling up the DagBag from /opt/airflow/dags/read_data.py
[2024-05-18T13:30:00.209+0000] {processor.py:842} WARNING - No viable dags retrieved from /opt/airflow/dags/read_data.py
[2024-05-18T13:30:00.231+0000] {processor.py:183} INFO - Processing /opt/airflow/dags/read_data.py took 2.469 seconds
[2024-05-18T13:30:30.705+0000] {processor.py:161} INFO - Started process (PID=614) to work on /opt/airflow/dags/read_data.py
[2024-05-18T13:30:30.707+0000] {processor.py:830} INFO - Processing file /opt/airflow/dags/read_data.py for tasks to queue
[2024-05-18T13:30:30.708+0000] {logging_mixin.py:188} INFO - [2024-05-18T13:30:30.708+0000] {dagbag.py:540} INFO - Filling up the DagBag from /opt/airflow/dags/read_data.py
[2024-05-18T13:30:31.361+0000] {processor.py:842} WARNING - No viable dags retrieved from /opt/airflow/dags/read_data.py
[2024-05-18T13:30:31.378+0000] {processor.py:183} INFO - Processing /opt/airflow/dags/read_data.py took 0.684 seconds
[2024-05-18T13:31:01.840+0000] {processor.py:161} INFO - Started process (PID=638) to work on /opt/airflow/dags/read_data.py
[2024-05-18T13:31:01.852+0000] {processor.py:830} INFO - Processing file /opt/airflow/dags/read_data.py for tasks to queue
[2024-05-18T13:31:01.854+0000] {logging_mixin.py:188} INFO - [2024-05-18T13:31:01.854+0000] {dagbag.py:540} INFO - Filling up the DagBag from /opt/airflow/dags/read_data.py
[2024-05-18T13:31:02.645+0000] {processor.py:842} WARNING - No viable dags retrieved from /opt/airflow/dags/read_data.py
[2024-05-18T13:31:02.662+0000] {processor.py:183} INFO - Processing /opt/airflow/dags/read_data.py took 0.830 seconds
[2024-05-18T13:31:33.294+0000] {processor.py:161} INFO - Started process (PID=665) to work on /opt/airflow/dags/read_data.py
[2024-05-18T13:31:33.296+0000] {processor.py:830} INFO - Processing file /opt/airflow/dags/read_data.py for tasks to queue
[2024-05-18T13:31:33.297+0000] {logging_mixin.py:188} INFO - [2024-05-18T13:31:33.297+0000] {dagbag.py:540} INFO - Filling up the DagBag from /opt/airflow/dags/read_data.py
[2024-05-18T13:31:35.029+0000] {processor.py:842} WARNING - No viable dags retrieved from /opt/airflow/dags/read_data.py
[2024-05-18T13:31:35.542+0000] {processor.py:183} INFO - Processing /opt/airflow/dags/read_data.py took 2.256 seconds
[2024-05-18T13:32:05.706+0000] {processor.py:161} INFO - Started process (PID=689) to work on /opt/airflow/dags/read_data.py
[2024-05-18T13:32:05.708+0000] {processor.py:830} INFO - Processing file /opt/airflow/dags/read_data.py for tasks to queue
[2024-05-18T13:32:05.709+0000] {logging_mixin.py:188} INFO - [2024-05-18T13:32:05.709+0000] {dagbag.py:540} INFO - Filling up the DagBag from /opt/airflow/dags/read_data.py
[2024-05-18T13:32:06.458+0000] {processor.py:842} WARNING - No viable dags retrieved from /opt/airflow/dags/read_data.py
[2024-05-18T13:32:06.475+0000] {processor.py:183} INFO - Processing /opt/airflow/dags/read_data.py took 0.779 seconds
[2024-05-18T13:32:36.935+0000] {processor.py:161} INFO - Started process (PID=713) to work on /opt/airflow/dags/read_data.py
[2024-05-18T13:32:36.937+0000] {processor.py:830} INFO - Processing file /opt/airflow/dags/read_data.py for tasks to queue
[2024-05-18T13:32:36.939+0000] {logging_mixin.py:188} INFO - [2024-05-18T13:32:36.938+0000] {dagbag.py:540} INFO - Filling up the DagBag from /opt/airflow/dags/read_data.py
[2024-05-18T13:32:37.883+0000] {processor.py:842} WARNING - No viable dags retrieved from /opt/airflow/dags/read_data.py
[2024-05-18T13:32:37.897+0000] {processor.py:183} INFO - Processing /opt/airflow/dags/read_data.py took 0.974 seconds
[2024-05-18T13:33:08.061+0000] {processor.py:161} INFO - Started process (PID=737) to work on /opt/airflow/dags/read_data.py
[2024-05-18T13:33:08.062+0000] {processor.py:830} INFO - Processing file /opt/airflow/dags/read_data.py for tasks to queue
[2024-05-18T13:33:08.063+0000] {logging_mixin.py:188} INFO - [2024-05-18T13:33:08.063+0000] {dagbag.py:540} INFO - Filling up the DagBag from /opt/airflow/dags/read_data.py
[2024-05-18T13:33:09.668+0000] {processor.py:842} WARNING - No viable dags retrieved from /opt/airflow/dags/read_data.py
[2024-05-18T13:33:09.708+0000] {processor.py:183} INFO - Processing /opt/airflow/dags/read_data.py took 1.659 seconds
[2024-05-18T13:33:40.407+0000] {processor.py:161} INFO - Started process (PID=768) to work on /opt/airflow/dags/read_data.py
[2024-05-18T13:33:40.409+0000] {processor.py:830} INFO - Processing file /opt/airflow/dags/read_data.py for tasks to queue
[2024-05-18T13:33:40.411+0000] {logging_mixin.py:188} INFO - [2024-05-18T13:33:40.410+0000] {dagbag.py:540} INFO - Filling up the DagBag from /opt/airflow/dags/read_data.py
[2024-05-18T13:33:41.416+0000] {processor.py:842} WARNING - No viable dags retrieved from /opt/airflow/dags/read_data.py
[2024-05-18T13:33:41.491+0000] {processor.py:183} INFO - Processing /opt/airflow/dags/read_data.py took 1.102 seconds
[2024-05-18T13:34:12.436+0000] {processor.py:161} INFO - Started process (PID=794) to work on /opt/airflow/dags/read_data.py
[2024-05-18T13:34:12.438+0000] {processor.py:830} INFO - Processing file /opt/airflow/dags/read_data.py for tasks to queue
[2024-05-18T13:34:12.440+0000] {logging_mixin.py:188} INFO - [2024-05-18T13:34:12.439+0000] {dagbag.py:540} INFO - Filling up the DagBag from /opt/airflow/dags/read_data.py
[2024-05-18T13:34:14.111+0000] {processor.py:842} WARNING - No viable dags retrieved from /opt/airflow/dags/read_data.py
[2024-05-18T13:34:14.280+0000] {processor.py:183} INFO - Processing /opt/airflow/dags/read_data.py took 1.862 seconds
[2024-05-18T13:34:44.748+0000] {processor.py:161} INFO - Started process (PID=818) to work on /opt/airflow/dags/read_data.py
[2024-05-18T13:34:44.750+0000] {processor.py:830} INFO - Processing file /opt/airflow/dags/read_data.py for tasks to queue
[2024-05-18T13:34:44.752+0000] {logging_mixin.py:188} INFO - [2024-05-18T13:34:44.752+0000] {dagbag.py:540} INFO - Filling up the DagBag from /opt/airflow/dags/read_data.py
[2024-05-18T13:34:45.493+0000] {processor.py:842} WARNING - No viable dags retrieved from /opt/airflow/dags/read_data.py
[2024-05-18T13:34:45.517+0000] {processor.py:183} INFO - Processing /opt/airflow/dags/read_data.py took 0.779 seconds
[2024-05-18T13:35:16.167+0000] {processor.py:161} INFO - Started process (PID=841) to work on /opt/airflow/dags/read_data.py
[2024-05-18T13:35:16.171+0000] {processor.py:830} INFO - Processing file /opt/airflow/dags/read_data.py for tasks to queue
[2024-05-18T13:35:16.175+0000] {logging_mixin.py:188} INFO - [2024-05-18T13:35:16.174+0000] {dagbag.py:540} INFO - Filling up the DagBag from /opt/airflow/dags/read_data.py
[2024-05-18T13:35:16.957+0000] {processor.py:842} WARNING - No viable dags retrieved from /opt/airflow/dags/read_data.py
[2024-05-18T13:35:16.973+0000] {processor.py:183} INFO - Processing /opt/airflow/dags/read_data.py took 0.819 seconds
[2024-05-18T13:35:47.478+0000] {processor.py:161} INFO - Started process (PID=865) to work on /opt/airflow/dags/read_data.py
[2024-05-18T13:35:47.488+0000] {processor.py:830} INFO - Processing file /opt/airflow/dags/read_data.py for tasks to queue
[2024-05-18T13:35:47.491+0000] {logging_mixin.py:188} INFO - [2024-05-18T13:35:47.490+0000] {dagbag.py:540} INFO - Filling up the DagBag from /opt/airflow/dags/read_data.py
[2024-05-18T13:35:49.023+0000] {processor.py:842} WARNING - No viable dags retrieved from /opt/airflow/dags/read_data.py
[2024-05-18T13:35:49.069+0000] {processor.py:183} INFO - Processing /opt/airflow/dags/read_data.py took 1.659 seconds
[2024-05-18T13:36:19.287+0000] {processor.py:161} INFO - Started process (PID=889) to work on /opt/airflow/dags/read_data.py
[2024-05-18T13:36:19.307+0000] {processor.py:830} INFO - Processing file /opt/airflow/dags/read_data.py for tasks to queue
[2024-05-18T13:36:19.309+0000] {logging_mixin.py:188} INFO - [2024-05-18T13:36:19.308+0000] {dagbag.py:540} INFO - Filling up the DagBag from /opt/airflow/dags/read_data.py
[2024-05-18T13:36:20.664+0000] {processor.py:842} WARNING - No viable dags retrieved from /opt/airflow/dags/read_data.py
[2024-05-18T13:36:20.738+0000] {processor.py:183} INFO - Processing /opt/airflow/dags/read_data.py took 1.464 seconds
[2024-05-18T13:36:48.356+0000] {processor.py:161} INFO - Started process (PID=919) to work on /opt/airflow/dags/read_data.py
[2024-05-18T13:36:48.362+0000] {processor.py:830} INFO - Processing file /opt/airflow/dags/read_data.py for tasks to queue
[2024-05-18T13:36:48.508+0000] {logging_mixin.py:188} INFO - [2024-05-18T13:36:48.380+0000] {dagbag.py:540} INFO - Filling up the DagBag from /opt/airflow/dags/read_data.py
[2024-05-18T13:36:50.213+0000] {processor.py:842} WARNING - No viable dags retrieved from /opt/airflow/dags/read_data.py
[2024-05-18T13:36:50.268+0000] {processor.py:183} INFO - Processing /opt/airflow/dags/read_data.py took 1.932 seconds
[2024-05-18T13:37:23.213+0000] {processor.py:161} INFO - Started process (PID=943) to work on /opt/airflow/dags/read_data.py
[2024-05-18T13:37:23.233+0000] {processor.py:830} INFO - Processing file /opt/airflow/dags/read_data.py for tasks to queue
[2024-05-18T13:37:23.236+0000] {logging_mixin.py:188} INFO - [2024-05-18T13:37:23.235+0000] {dagbag.py:540} INFO - Filling up the DagBag from /opt/airflow/dags/read_data.py
[2024-05-18T13:37:24.432+0000] {processor.py:842} WARNING - No viable dags retrieved from /opt/airflow/dags/read_data.py
[2024-05-18T13:37:24.457+0000] {processor.py:183} INFO - Processing /opt/airflow/dags/read_data.py took 1.278 seconds
[2024-05-18T13:37:55.234+0000] {processor.py:161} INFO - Started process (PID=965) to work on /opt/airflow/dags/read_data.py
[2024-05-18T13:37:55.236+0000] {processor.py:830} INFO - Processing file /opt/airflow/dags/read_data.py for tasks to queue
[2024-05-18T13:37:55.238+0000] {logging_mixin.py:188} INFO - [2024-05-18T13:37:55.237+0000] {dagbag.py:540} INFO - Filling up the DagBag from /opt/airflow/dags/read_data.py
[2024-05-18T13:37:56.472+0000] {processor.py:842} WARNING - No viable dags retrieved from /opt/airflow/dags/read_data.py
[2024-05-18T13:37:56.488+0000] {processor.py:183} INFO - Processing /opt/airflow/dags/read_data.py took 1.266 seconds
[2024-05-18T13:38:29.838+0000] {processor.py:161} INFO - Started process (PID=990) to work on /opt/airflow/dags/read_data.py
[2024-05-18T13:38:29.839+0000] {processor.py:830} INFO - Processing file /opt/airflow/dags/read_data.py for tasks to queue
[2024-05-18T13:38:29.841+0000] {logging_mixin.py:188} INFO - [2024-05-18T13:38:29.841+0000] {dagbag.py:540} INFO - Filling up the DagBag from /opt/airflow/dags/read_data.py
[2024-05-18T13:38:30.653+0000] {processor.py:842} WARNING - No viable dags retrieved from /opt/airflow/dags/read_data.py
[2024-05-18T13:38:30.667+0000] {processor.py:183} INFO - Processing /opt/airflow/dags/read_data.py took 0.848 seconds
[2024-05-18T13:39:03.638+0000] {processor.py:161} INFO - Started process (PID=1016) to work on /opt/airflow/dags/read_data.py
[2024-05-18T13:39:03.639+0000] {processor.py:830} INFO - Processing file /opt/airflow/dags/read_data.py for tasks to queue
[2024-05-18T13:39:03.644+0000] {logging_mixin.py:188} INFO - [2024-05-18T13:39:03.642+0000] {dagbag.py:540} INFO - Filling up the DagBag from /opt/airflow/dags/read_data.py
[2024-05-18T13:39:04.864+0000] {processor.py:842} WARNING - No viable dags retrieved from /opt/airflow/dags/read_data.py
[2024-05-18T13:39:04.877+0000] {processor.py:183} INFO - Processing /opt/airflow/dags/read_data.py took 1.253 seconds
[2024-05-18T13:39:35.934+0000] {processor.py:161} INFO - Started process (PID=1041) to work on /opt/airflow/dags/read_data.py
[2024-05-18T13:39:35.935+0000] {processor.py:830} INFO - Processing file /opt/airflow/dags/read_data.py for tasks to queue
[2024-05-18T13:39:35.937+0000] {logging_mixin.py:188} INFO - [2024-05-18T13:39:35.937+0000] {dagbag.py:540} INFO - Filling up the DagBag from /opt/airflow/dags/read_data.py
[2024-05-18T13:39:36.642+0000] {processor.py:842} WARNING - No viable dags retrieved from /opt/airflow/dags/read_data.py
[2024-05-18T13:39:36.660+0000] {processor.py:183} INFO - Processing /opt/airflow/dags/read_data.py took 0.745 seconds
[2024-05-18T13:40:07.464+0000] {processor.py:161} INFO - Started process (PID=1065) to work on /opt/airflow/dags/read_data.py
[2024-05-18T13:40:07.466+0000] {processor.py:830} INFO - Processing file /opt/airflow/dags/read_data.py for tasks to queue
[2024-05-18T13:40:07.467+0000] {logging_mixin.py:188} INFO - [2024-05-18T13:40:07.467+0000] {dagbag.py:540} INFO - Filling up the DagBag from /opt/airflow/dags/read_data.py
[2024-05-18T13:40:08.022+0000] {processor.py:842} WARNING - No viable dags retrieved from /opt/airflow/dags/read_data.py
[2024-05-18T13:40:08.033+0000] {processor.py:183} INFO - Processing /opt/airflow/dags/read_data.py took 0.578 seconds
[2024-05-18T13:40:38.598+0000] {processor.py:161} INFO - Started process (PID=1089) to work on /opt/airflow/dags/read_data.py
[2024-05-18T13:40:38.600+0000] {processor.py:830} INFO - Processing file /opt/airflow/dags/read_data.py for tasks to queue
[2024-05-18T13:40:38.601+0000] {logging_mixin.py:188} INFO - [2024-05-18T13:40:38.600+0000] {dagbag.py:540} INFO - Filling up the DagBag from /opt/airflow/dags/read_data.py
[2024-05-18T13:40:39.262+0000] {processor.py:842} WARNING - No viable dags retrieved from /opt/airflow/dags/read_data.py
[2024-05-18T13:40:39.289+0000] {processor.py:183} INFO - Processing /opt/airflow/dags/read_data.py took 0.700 seconds
[2024-05-18T13:41:09.543+0000] {processor.py:161} INFO - Started process (PID=1109) to work on /opt/airflow/dags/read_data.py
[2024-05-18T13:41:09.550+0000] {processor.py:830} INFO - Processing file /opt/airflow/dags/read_data.py for tasks to queue
[2024-05-18T13:41:09.557+0000] {logging_mixin.py:188} INFO - [2024-05-18T13:41:09.554+0000] {dagbag.py:540} INFO - Filling up the DagBag from /opt/airflow/dags/read_data.py
[2024-05-18T13:41:12.782+0000] {processor.py:842} WARNING - No viable dags retrieved from /opt/airflow/dags/read_data.py
[2024-05-18T13:41:12.803+0000] {processor.py:183} INFO - Processing /opt/airflow/dags/read_data.py took 3.314 seconds
[2024-05-18T13:41:42.942+0000] {processor.py:161} INFO - Started process (PID=1129) to work on /opt/airflow/dags/read_data.py
[2024-05-18T13:41:42.944+0000] {processor.py:830} INFO - Processing file /opt/airflow/dags/read_data.py for tasks to queue
[2024-05-18T13:41:42.946+0000] {logging_mixin.py:188} INFO - [2024-05-18T13:41:42.946+0000] {dagbag.py:540} INFO - Filling up the DagBag from /opt/airflow/dags/read_data.py
[2024-05-18T13:41:44.393+0000] {processor.py:842} WARNING - No viable dags retrieved from /opt/airflow/dags/read_data.py
[2024-05-18T13:41:44.425+0000] {processor.py:183} INFO - Processing /opt/airflow/dags/read_data.py took 1.525 seconds
[2024-05-18T13:42:15.067+0000] {processor.py:161} INFO - Started process (PID=1156) to work on /opt/airflow/dags/read_data.py
[2024-05-18T13:42:15.068+0000] {processor.py:830} INFO - Processing file /opt/airflow/dags/read_data.py for tasks to queue
[2024-05-18T13:42:15.076+0000] {logging_mixin.py:188} INFO - [2024-05-18T13:42:15.073+0000] {dagbag.py:540} INFO - Filling up the DagBag from /opt/airflow/dags/read_data.py
[2024-05-18T13:42:16.791+0000] {processor.py:842} WARNING - No viable dags retrieved from /opt/airflow/dags/read_data.py
[2024-05-18T13:42:16.802+0000] {processor.py:183} INFO - Processing /opt/airflow/dags/read_data.py took 1.779 seconds
[2024-05-18T13:42:47.711+0000] {processor.py:161} INFO - Started process (PID=1176) to work on /opt/airflow/dags/read_data.py
[2024-05-18T13:42:47.748+0000] {processor.py:830} INFO - Processing file /opt/airflow/dags/read_data.py for tasks to queue
[2024-05-18T13:42:47.787+0000] {logging_mixin.py:188} INFO - [2024-05-18T13:42:47.786+0000] {dagbag.py:540} INFO - Filling up the DagBag from /opt/airflow/dags/read_data.py
[2024-05-18T13:42:57.933+0000] {processor.py:842} WARNING - No viable dags retrieved from /opt/airflow/dags/read_data.py
[2024-05-18T13:42:58.102+0000] {processor.py:183} INFO - Processing /opt/airflow/dags/read_data.py took 10.507 seconds
[2024-05-18T13:43:28.874+0000] {processor.py:161} INFO - Started process (PID=1215) to work on /opt/airflow/dags/read_data.py
[2024-05-18T13:43:28.876+0000] {processor.py:830} INFO - Processing file /opt/airflow/dags/read_data.py for tasks to queue
[2024-05-18T13:43:28.878+0000] {logging_mixin.py:188} INFO - [2024-05-18T13:43:28.877+0000] {dagbag.py:540} INFO - Filling up the DagBag from /opt/airflow/dags/read_data.py
[2024-05-18T13:43:29.889+0000] {processor.py:842} WARNING - No viable dags retrieved from /opt/airflow/dags/read_data.py
[2024-05-18T13:43:29.932+0000] {processor.py:183} INFO - Processing /opt/airflow/dags/read_data.py took 1.073 seconds
[2024-05-18T13:44:00.344+0000] {processor.py:161} INFO - Started process (PID=1238) to work on /opt/airflow/dags/read_data.py
[2024-05-18T13:44:00.345+0000] {processor.py:830} INFO - Processing file /opt/airflow/dags/read_data.py for tasks to queue
[2024-05-18T13:44:00.347+0000] {logging_mixin.py:188} INFO - [2024-05-18T13:44:00.347+0000] {dagbag.py:540} INFO - Filling up the DagBag from /opt/airflow/dags/read_data.py
[2024-05-18T13:44:01.122+0000] {processor.py:842} WARNING - No viable dags retrieved from /opt/airflow/dags/read_data.py
[2024-05-18T13:44:01.137+0000] {processor.py:183} INFO - Processing /opt/airflow/dags/read_data.py took 0.821 seconds
[2024-05-18T13:44:33.576+0000] {processor.py:161} INFO - Started process (PID=1268) to work on /opt/airflow/dags/read_data.py
[2024-05-18T13:44:33.577+0000] {processor.py:830} INFO - Processing file /opt/airflow/dags/read_data.py for tasks to queue
[2024-05-18T13:44:33.579+0000] {logging_mixin.py:188} INFO - [2024-05-18T13:44:33.578+0000] {dagbag.py:540} INFO - Filling up the DagBag from /opt/airflow/dags/read_data.py
[2024-05-18T13:44:34.718+0000] {processor.py:842} WARNING - No viable dags retrieved from /opt/airflow/dags/read_data.py
[2024-05-18T13:44:34.729+0000] {processor.py:183} INFO - Processing /opt/airflow/dags/read_data.py took 1.166 seconds
[2024-05-18T13:45:05.024+0000] {processor.py:161} INFO - Started process (PID=1292) to work on /opt/airflow/dags/read_data.py
[2024-05-18T13:45:05.028+0000] {processor.py:830} INFO - Processing file /opt/airflow/dags/read_data.py for tasks to queue
[2024-05-18T13:45:05.030+0000] {logging_mixin.py:188} INFO - [2024-05-18T13:45:05.029+0000] {dagbag.py:540} INFO - Filling up the DagBag from /opt/airflow/dags/read_data.py
[2024-05-18T13:45:06.117+0000] {processor.py:842} WARNING - No viable dags retrieved from /opt/airflow/dags/read_data.py
[2024-05-18T13:45:06.130+0000] {processor.py:183} INFO - Processing /opt/airflow/dags/read_data.py took 1.124 seconds
