[2024-05-08T04:50:22.387+0000] {processor.py:161} INFO - Started process (PID=178) to work on /opt/airflow/dags/first_dag.py
[2024-05-08T04:50:22.388+0000] {processor.py:830} INFO - Processing file /opt/airflow/dags/first_dag.py for tasks to queue
[2024-05-08T04:50:22.390+0000] {logging_mixin.py:188} INFO - [2024-05-08T04:50:22.389+0000] {dagbag.py:540} INFO - Filling up the DagBag from /opt/airflow/dags/first_dag.py
[2024-05-08T04:50:22.432+0000] {processor.py:840} INFO - DAG(s) 'first_dag' retrieved from /opt/airflow/dags/first_dag.py
[2024-05-08T04:50:22.697+0000] {logging_mixin.py:188} INFO - [2024-05-08T04:50:22.697+0000] {dag.py:3096} INFO - Sync 1 DAGs
[2024-05-08T04:50:22.736+0000] {logging_mixin.py:188} INFO - [2024-05-08T04:50:22.736+0000] {dag.py:3954} INFO - Setting next_dagrun for first_dag to 2024-03-14 00:00:00+00:00, run_after=2024-03-14 00:00:00+00:00
[2024-05-08T04:50:22.776+0000] {processor.py:183} INFO - Processing /opt/airflow/dags/first_dag.py took 0.403 seconds
[2024-05-08T04:50:56.584+0000] {processor.py:161} INFO - Started process (PID=209) to work on /opt/airflow/dags/first_dag.py
[2024-05-08T04:50:56.592+0000] {processor.py:830} INFO - Processing file /opt/airflow/dags/first_dag.py for tasks to queue
[2024-05-08T04:50:56.597+0000] {logging_mixin.py:188} INFO - [2024-05-08T04:50:56.596+0000] {dagbag.py:540} INFO - Filling up the DagBag from /opt/airflow/dags/first_dag.py
[2024-05-08T04:50:56.749+0000] {processor.py:840} INFO - DAG(s) 'first_dag' retrieved from /opt/airflow/dags/first_dag.py
[2024-05-08T04:50:56.862+0000] {logging_mixin.py:188} INFO - [2024-05-08T04:50:56.861+0000] {dag.py:3096} INFO - Sync 1 DAGs
[2024-05-08T04:50:57.022+0000] {logging_mixin.py:188} INFO - [2024-05-08T04:50:57.021+0000] {dag.py:3954} INFO - Setting next_dagrun for first_dag to 2024-03-14 00:00:00+00:00, run_after=2024-03-14 00:00:00+00:00
[2024-05-08T04:50:57.164+0000] {processor.py:183} INFO - Processing /opt/airflow/dags/first_dag.py took 0.605 seconds
[2024-05-08T04:51:27.345+0000] {processor.py:161} INFO - Started process (PID=235) to work on /opt/airflow/dags/first_dag.py
[2024-05-08T04:51:27.347+0000] {processor.py:830} INFO - Processing file /opt/airflow/dags/first_dag.py for tasks to queue
[2024-05-08T04:51:27.349+0000] {logging_mixin.py:188} INFO - [2024-05-08T04:51:27.348+0000] {dagbag.py:540} INFO - Filling up the DagBag from /opt/airflow/dags/first_dag.py
[2024-05-08T04:51:27.415+0000] {processor.py:840} INFO - DAG(s) 'first_dag' retrieved from /opt/airflow/dags/first_dag.py
[2024-05-08T04:51:27.463+0000] {logging_mixin.py:188} INFO - [2024-05-08T04:51:27.462+0000] {dag.py:3096} INFO - Sync 1 DAGs
[2024-05-08T04:51:27.516+0000] {logging_mixin.py:188} INFO - [2024-05-08T04:51:27.516+0000] {dag.py:3954} INFO - Setting next_dagrun for first_dag to 2024-03-14 00:00:00+00:00, run_after=2024-03-14 00:00:00+00:00
[2024-05-08T04:51:27.558+0000] {processor.py:183} INFO - Processing /opt/airflow/dags/first_dag.py took 0.226 seconds
[2024-05-08T04:51:58.032+0000] {processor.py:161} INFO - Started process (PID=262) to work on /opt/airflow/dags/first_dag.py
[2024-05-08T04:51:58.034+0000] {processor.py:830} INFO - Processing file /opt/airflow/dags/first_dag.py for tasks to queue
[2024-05-08T04:51:58.036+0000] {logging_mixin.py:188} INFO - [2024-05-08T04:51:58.035+0000] {dagbag.py:540} INFO - Filling up the DagBag from /opt/airflow/dags/first_dag.py
[2024-05-08T04:51:58.083+0000] {processor.py:840} INFO - DAG(s) 'first_dag' retrieved from /opt/airflow/dags/first_dag.py
[2024-05-08T04:51:58.127+0000] {logging_mixin.py:188} INFO - [2024-05-08T04:51:58.126+0000] {dag.py:3096} INFO - Sync 1 DAGs
[2024-05-08T04:51:58.169+0000] {logging_mixin.py:188} INFO - [2024-05-08T04:51:58.169+0000] {dag.py:3954} INFO - Setting next_dagrun for first_dag to 2024-03-14 00:00:00+00:00, run_after=2024-03-14 00:00:00+00:00
[2024-05-08T04:51:58.198+0000] {processor.py:183} INFO - Processing /opt/airflow/dags/first_dag.py took 0.177 seconds
[2024-05-08T04:52:28.641+0000] {processor.py:161} INFO - Started process (PID=293) to work on /opt/airflow/dags/first_dag.py
[2024-05-08T04:52:28.643+0000] {processor.py:830} INFO - Processing file /opt/airflow/dags/first_dag.py for tasks to queue
[2024-05-08T04:52:28.645+0000] {logging_mixin.py:188} INFO - [2024-05-08T04:52:28.644+0000] {dagbag.py:540} INFO - Filling up the DagBag from /opt/airflow/dags/first_dag.py
[2024-05-08T04:52:28.695+0000] {processor.py:840} INFO - DAG(s) 'first_dag' retrieved from /opt/airflow/dags/first_dag.py
[2024-05-08T04:52:28.742+0000] {logging_mixin.py:188} INFO - [2024-05-08T04:52:28.742+0000] {dag.py:3096} INFO - Sync 1 DAGs
[2024-05-08T04:52:28.788+0000] {logging_mixin.py:188} INFO - [2024-05-08T04:52:28.787+0000] {dag.py:3954} INFO - Setting next_dagrun for first_dag to 2024-03-14 00:00:00+00:00, run_after=2024-03-14 00:00:00+00:00
[2024-05-08T04:52:28.844+0000] {processor.py:183} INFO - Processing /opt/airflow/dags/first_dag.py took 0.215 seconds
[2024-05-08T04:52:59.540+0000] {processor.py:161} INFO - Started process (PID=317) to work on /opt/airflow/dags/first_dag.py
[2024-05-08T04:52:59.542+0000] {processor.py:830} INFO - Processing file /opt/airflow/dags/first_dag.py for tasks to queue
[2024-05-08T04:52:59.544+0000] {logging_mixin.py:188} INFO - [2024-05-08T04:52:59.544+0000] {dagbag.py:540} INFO - Filling up the DagBag from /opt/airflow/dags/first_dag.py
[2024-05-08T04:52:59.587+0000] {processor.py:840} INFO - DAG(s) 'first_dag' retrieved from /opt/airflow/dags/first_dag.py
[2024-05-08T04:52:59.626+0000] {logging_mixin.py:188} INFO - [2024-05-08T04:52:59.626+0000] {dag.py:3096} INFO - Sync 1 DAGs
[2024-05-08T04:52:59.666+0000] {logging_mixin.py:188} INFO - [2024-05-08T04:52:59.665+0000] {dag.py:3954} INFO - Setting next_dagrun for first_dag to 2024-03-14 00:00:00+00:00, run_after=2024-03-14 00:00:00+00:00
[2024-05-08T04:52:59.700+0000] {processor.py:183} INFO - Processing /opt/airflow/dags/first_dag.py took 0.171 seconds
[2024-05-08T04:53:29.995+0000] {processor.py:161} INFO - Started process (PID=354) to work on /opt/airflow/dags/first_dag.py
[2024-05-08T04:53:29.997+0000] {processor.py:830} INFO - Processing file /opt/airflow/dags/first_dag.py for tasks to queue
[2024-05-08T04:53:30.000+0000] {logging_mixin.py:188} INFO - [2024-05-08T04:53:29.999+0000] {dagbag.py:540} INFO - Filling up the DagBag from /opt/airflow/dags/first_dag.py
[2024-05-08T04:53:30.057+0000] {processor.py:840} INFO - DAG(s) 'first_dag' retrieved from /opt/airflow/dags/first_dag.py
[2024-05-08T04:53:30.118+0000] {logging_mixin.py:188} INFO - [2024-05-08T04:53:30.117+0000] {dag.py:3096} INFO - Sync 1 DAGs
[2024-05-08T04:53:30.173+0000] {logging_mixin.py:188} INFO - [2024-05-08T04:53:30.172+0000] {dag.py:3954} INFO - Setting next_dagrun for first_dag to 2024-03-14 00:00:00+00:00, run_after=2024-03-14 00:00:00+00:00
[2024-05-08T04:53:30.211+0000] {processor.py:183} INFO - Processing /opt/airflow/dags/first_dag.py took 0.233 seconds
[2024-05-08T04:54:00.436+0000] {processor.py:161} INFO - Started process (PID=382) to work on /opt/airflow/dags/first_dag.py
[2024-05-08T04:54:00.437+0000] {processor.py:830} INFO - Processing file /opt/airflow/dags/first_dag.py for tasks to queue
[2024-05-08T04:54:00.440+0000] {logging_mixin.py:188} INFO - [2024-05-08T04:54:00.440+0000] {dagbag.py:540} INFO - Filling up the DagBag from /opt/airflow/dags/first_dag.py
[2024-05-08T04:54:00.500+0000] {processor.py:840} INFO - DAG(s) 'first_dag' retrieved from /opt/airflow/dags/first_dag.py
[2024-05-08T04:54:00.570+0000] {logging_mixin.py:188} INFO - [2024-05-08T04:54:00.569+0000] {dag.py:3096} INFO - Sync 1 DAGs
[2024-05-08T04:54:00.607+0000] {logging_mixin.py:188} INFO - [2024-05-08T04:54:00.607+0000] {dag.py:3954} INFO - Setting next_dagrun for first_dag to 2024-03-14 00:00:00+00:00, run_after=2024-03-14 00:00:00+00:00
[2024-05-08T04:54:00.640+0000] {processor.py:183} INFO - Processing /opt/airflow/dags/first_dag.py took 0.213 seconds
[2024-05-08T04:54:30.801+0000] {processor.py:161} INFO - Started process (PID=406) to work on /opt/airflow/dags/first_dag.py
[2024-05-08T04:54:30.802+0000] {processor.py:830} INFO - Processing file /opt/airflow/dags/first_dag.py for tasks to queue
[2024-05-08T04:54:30.804+0000] {logging_mixin.py:188} INFO - [2024-05-08T04:54:30.803+0000] {dagbag.py:540} INFO - Filling up the DagBag from /opt/airflow/dags/first_dag.py
[2024-05-08T04:54:30.877+0000] {processor.py:840} INFO - DAG(s) 'first_dag' retrieved from /opt/airflow/dags/first_dag.py
[2024-05-08T04:54:30.915+0000] {logging_mixin.py:188} INFO - [2024-05-08T04:54:30.915+0000] {dag.py:3096} INFO - Sync 1 DAGs
[2024-05-08T04:54:30.948+0000] {logging_mixin.py:188} INFO - [2024-05-08T04:54:30.948+0000] {dag.py:3954} INFO - Setting next_dagrun for first_dag to 2024-03-14 00:00:00+00:00, run_after=2024-03-14 00:00:00+00:00
[2024-05-08T04:54:30.976+0000] {processor.py:183} INFO - Processing /opt/airflow/dags/first_dag.py took 0.185 seconds
[2024-05-08T04:55:01.629+0000] {processor.py:161} INFO - Started process (PID=433) to work on /opt/airflow/dags/first_dag.py
[2024-05-08T04:55:01.632+0000] {processor.py:830} INFO - Processing file /opt/airflow/dags/first_dag.py for tasks to queue
[2024-05-08T04:55:01.634+0000] {logging_mixin.py:188} INFO - [2024-05-08T04:55:01.634+0000] {dagbag.py:540} INFO - Filling up the DagBag from /opt/airflow/dags/first_dag.py
[2024-05-08T04:55:01.672+0000] {processor.py:840} INFO - DAG(s) 'first_dag' retrieved from /opt/airflow/dags/first_dag.py
[2024-05-08T04:55:01.708+0000] {logging_mixin.py:188} INFO - [2024-05-08T04:55:01.707+0000] {dag.py:3096} INFO - Sync 1 DAGs
[2024-05-08T04:55:01.740+0000] {logging_mixin.py:188} INFO - [2024-05-08T04:55:01.740+0000] {dag.py:3954} INFO - Setting next_dagrun for first_dag to 2024-03-14 00:00:00+00:00, run_after=2024-03-14 00:00:00+00:00
[2024-05-08T04:55:01.769+0000] {processor.py:183} INFO - Processing /opt/airflow/dags/first_dag.py took 0.152 seconds
[2024-05-08T04:55:33.128+0000] {processor.py:161} INFO - Started process (PID=461) to work on /opt/airflow/dags/first_dag.py
[2024-05-08T04:55:33.133+0000] {processor.py:830} INFO - Processing file /opt/airflow/dags/first_dag.py for tasks to queue
[2024-05-08T04:55:33.144+0000] {logging_mixin.py:188} INFO - [2024-05-08T04:55:33.143+0000] {dagbag.py:540} INFO - Filling up the DagBag from /opt/airflow/dags/first_dag.py
[2024-05-08T04:55:33.214+0000] {processor.py:840} INFO - DAG(s) 'first_dag' retrieved from /opt/airflow/dags/first_dag.py
[2024-05-08T04:55:33.297+0000] {logging_mixin.py:188} INFO - [2024-05-08T04:55:33.296+0000] {dag.py:3096} INFO - Sync 1 DAGs
[2024-05-08T04:55:33.377+0000] {logging_mixin.py:188} INFO - [2024-05-08T04:55:33.377+0000] {dag.py:3954} INFO - Setting next_dagrun for first_dag to 2024-03-14 00:00:00+00:00, run_after=2024-03-14 00:00:00+00:00
[2024-05-08T04:55:33.436+0000] {processor.py:183} INFO - Processing /opt/airflow/dags/first_dag.py took 0.330 seconds
[2024-05-08T04:56:03.609+0000] {processor.py:161} INFO - Started process (PID=486) to work on /opt/airflow/dags/first_dag.py
[2024-05-08T04:56:03.611+0000] {processor.py:830} INFO - Processing file /opt/airflow/dags/first_dag.py for tasks to queue
[2024-05-08T04:56:03.614+0000] {logging_mixin.py:188} INFO - [2024-05-08T04:56:03.613+0000] {dagbag.py:540} INFO - Filling up the DagBag from /opt/airflow/dags/first_dag.py
[2024-05-08T04:56:03.685+0000] {processor.py:840} INFO - DAG(s) 'first_dag' retrieved from /opt/airflow/dags/first_dag.py
[2024-05-08T04:56:03.757+0000] {logging_mixin.py:188} INFO - [2024-05-08T04:56:03.756+0000] {dag.py:3096} INFO - Sync 1 DAGs
[2024-05-08T04:56:03.834+0000] {logging_mixin.py:188} INFO - [2024-05-08T04:56:03.832+0000] {dag.py:3954} INFO - Setting next_dagrun for first_dag to 2024-03-14 00:00:00+00:00, run_after=2024-03-14 00:00:00+00:00
[2024-05-08T04:56:03.909+0000] {processor.py:183} INFO - Processing /opt/airflow/dags/first_dag.py took 0.324 seconds
[2024-05-08T04:56:34.707+0000] {processor.py:161} INFO - Started process (PID=512) to work on /opt/airflow/dags/first_dag.py
[2024-05-08T04:56:34.708+0000] {processor.py:830} INFO - Processing file /opt/airflow/dags/first_dag.py for tasks to queue
[2024-05-08T04:56:34.710+0000] {logging_mixin.py:188} INFO - [2024-05-08T04:56:34.709+0000] {dagbag.py:540} INFO - Filling up the DagBag from /opt/airflow/dags/first_dag.py
[2024-05-08T04:56:34.744+0000] {processor.py:840} INFO - DAG(s) 'first_dag' retrieved from /opt/airflow/dags/first_dag.py
[2024-05-08T04:56:34.782+0000] {logging_mixin.py:188} INFO - [2024-05-08T04:56:34.782+0000] {dag.py:3096} INFO - Sync 1 DAGs
[2024-05-08T04:56:34.814+0000] {logging_mixin.py:188} INFO - [2024-05-08T04:56:34.814+0000] {dag.py:3954} INFO - Setting next_dagrun for first_dag to 2024-03-14 00:00:00+00:00, run_after=2024-03-14 00:00:00+00:00
[2024-05-08T04:56:34.841+0000] {processor.py:183} INFO - Processing /opt/airflow/dags/first_dag.py took 0.143 seconds
[2024-05-08T04:57:05.588+0000] {processor.py:161} INFO - Started process (PID=538) to work on /opt/airflow/dags/first_dag.py
[2024-05-08T04:57:05.589+0000] {processor.py:830} INFO - Processing file /opt/airflow/dags/first_dag.py for tasks to queue
[2024-05-08T04:57:05.591+0000] {logging_mixin.py:188} INFO - [2024-05-08T04:57:05.591+0000] {dagbag.py:540} INFO - Filling up the DagBag from /opt/airflow/dags/first_dag.py
[2024-05-08T04:57:05.639+0000] {processor.py:840} INFO - DAG(s) 'first_dag' retrieved from /opt/airflow/dags/first_dag.py
[2024-05-08T04:57:05.673+0000] {logging_mixin.py:188} INFO - [2024-05-08T04:57:05.673+0000] {dag.py:3096} INFO - Sync 1 DAGs
[2024-05-08T04:57:05.706+0000] {logging_mixin.py:188} INFO - [2024-05-08T04:57:05.705+0000] {dag.py:3954} INFO - Setting next_dagrun for first_dag to 2024-03-14 00:00:00+00:00, run_after=2024-03-14 00:00:00+00:00
[2024-05-08T04:57:05.733+0000] {processor.py:183} INFO - Processing /opt/airflow/dags/first_dag.py took 0.161 seconds
[2024-05-08T04:57:36.305+0000] {processor.py:161} INFO - Started process (PID=569) to work on /opt/airflow/dags/first_dag.py
[2024-05-08T04:57:36.306+0000] {processor.py:830} INFO - Processing file /opt/airflow/dags/first_dag.py for tasks to queue
[2024-05-08T04:57:36.308+0000] {logging_mixin.py:188} INFO - [2024-05-08T04:57:36.308+0000] {dagbag.py:540} INFO - Filling up the DagBag from /opt/airflow/dags/first_dag.py
[2024-05-08T04:57:36.534+0000] {processor.py:840} INFO - DAG(s) 'first_dag' retrieved from /opt/airflow/dags/first_dag.py
[2024-05-08T04:57:36.670+0000] {logging_mixin.py:188} INFO - [2024-05-08T04:57:36.669+0000] {dag.py:3096} INFO - Sync 1 DAGs
[2024-05-08T04:57:36.744+0000] {logging_mixin.py:188} INFO - [2024-05-08T04:57:36.744+0000] {dag.py:3954} INFO - Setting next_dagrun for first_dag to 2024-03-14 00:00:00+00:00, run_after=2024-03-14 00:00:00+00:00
[2024-05-08T04:57:36.782+0000] {processor.py:183} INFO - Processing /opt/airflow/dags/first_dag.py took 0.491 seconds
[2024-05-08T04:58:07.649+0000] {processor.py:161} INFO - Started process (PID=595) to work on /opt/airflow/dags/first_dag.py
[2024-05-08T04:58:07.650+0000] {processor.py:830} INFO - Processing file /opt/airflow/dags/first_dag.py for tasks to queue
[2024-05-08T04:58:07.652+0000] {logging_mixin.py:188} INFO - [2024-05-08T04:58:07.652+0000] {dagbag.py:540} INFO - Filling up the DagBag from /opt/airflow/dags/first_dag.py
[2024-05-08T04:58:07.711+0000] {processor.py:840} INFO - DAG(s) 'first_dag' retrieved from /opt/airflow/dags/first_dag.py
[2024-05-08T04:58:07.762+0000] {logging_mixin.py:188} INFO - [2024-05-08T04:58:07.761+0000] {dag.py:3096} INFO - Sync 1 DAGs
[2024-05-08T04:58:07.819+0000] {logging_mixin.py:188} INFO - [2024-05-08T04:58:07.818+0000] {dag.py:3954} INFO - Setting next_dagrun for first_dag to 2024-03-14 00:00:00+00:00, run_after=2024-03-14 00:00:00+00:00
[2024-05-08T04:58:07.862+0000] {processor.py:183} INFO - Processing /opt/airflow/dags/first_dag.py took 0.229 seconds
[2024-05-08T04:58:38.536+0000] {processor.py:161} INFO - Started process (PID=621) to work on /opt/airflow/dags/first_dag.py
[2024-05-08T04:58:38.537+0000] {processor.py:830} INFO - Processing file /opt/airflow/dags/first_dag.py for tasks to queue
[2024-05-08T04:58:38.539+0000] {logging_mixin.py:188} INFO - [2024-05-08T04:58:38.538+0000] {dagbag.py:540} INFO - Filling up the DagBag from /opt/airflow/dags/first_dag.py
[2024-05-08T04:58:38.571+0000] {processor.py:840} INFO - DAG(s) 'first_dag' retrieved from /opt/airflow/dags/first_dag.py
[2024-05-08T04:58:38.616+0000] {logging_mixin.py:188} INFO - [2024-05-08T04:58:38.616+0000] {dag.py:3096} INFO - Sync 1 DAGs
[2024-05-08T04:58:38.667+0000] {logging_mixin.py:188} INFO - [2024-05-08T04:58:38.667+0000] {dag.py:3954} INFO - Setting next_dagrun for first_dag to 2024-03-14 00:00:00+00:00, run_after=2024-03-14 00:00:00+00:00
[2024-05-08T04:58:38.709+0000] {processor.py:183} INFO - Processing /opt/airflow/dags/first_dag.py took 0.183 seconds
[2024-05-08T04:59:09.107+0000] {processor.py:161} INFO - Started process (PID=647) to work on /opt/airflow/dags/first_dag.py
[2024-05-08T04:59:09.108+0000] {processor.py:830} INFO - Processing file /opt/airflow/dags/first_dag.py for tasks to queue
[2024-05-08T04:59:09.110+0000] {logging_mixin.py:188} INFO - [2024-05-08T04:59:09.109+0000] {dagbag.py:540} INFO - Filling up the DagBag from /opt/airflow/dags/first_dag.py
[2024-05-08T04:59:09.147+0000] {processor.py:840} INFO - DAG(s) 'first_dag' retrieved from /opt/airflow/dags/first_dag.py
[2024-05-08T04:59:09.187+0000] {logging_mixin.py:188} INFO - [2024-05-08T04:59:09.187+0000] {dag.py:3096} INFO - Sync 1 DAGs
[2024-05-08T04:59:09.225+0000] {logging_mixin.py:188} INFO - [2024-05-08T04:59:09.225+0000] {dag.py:3954} INFO - Setting next_dagrun for first_dag to 2024-03-14 00:00:00+00:00, run_after=2024-03-14 00:00:00+00:00
[2024-05-08T04:59:09.256+0000] {processor.py:183} INFO - Processing /opt/airflow/dags/first_dag.py took 0.159 seconds
[2024-05-08T04:59:39.927+0000] {processor.py:161} INFO - Started process (PID=672) to work on /opt/airflow/dags/first_dag.py
[2024-05-08T04:59:39.929+0000] {processor.py:830} INFO - Processing file /opt/airflow/dags/first_dag.py for tasks to queue
[2024-05-08T04:59:39.931+0000] {logging_mixin.py:188} INFO - [2024-05-08T04:59:39.930+0000] {dagbag.py:540} INFO - Filling up the DagBag from /opt/airflow/dags/first_dag.py
[2024-05-08T04:59:39.981+0000] {processor.py:840} INFO - DAG(s) 'first_dag' retrieved from /opt/airflow/dags/first_dag.py
[2024-05-08T04:59:40.031+0000] {logging_mixin.py:188} INFO - [2024-05-08T04:59:40.030+0000] {dag.py:3096} INFO - Sync 1 DAGs
[2024-05-08T04:59:40.075+0000] {logging_mixin.py:188} INFO - [2024-05-08T04:59:40.075+0000] {dag.py:3954} INFO - Setting next_dagrun for first_dag to 2024-03-14 00:00:00+00:00, run_after=2024-03-14 00:00:00+00:00
[2024-05-08T04:59:40.105+0000] {processor.py:183} INFO - Processing /opt/airflow/dags/first_dag.py took 0.195 seconds
[2024-05-08T05:00:11.026+0000] {processor.py:161} INFO - Started process (PID=698) to work on /opt/airflow/dags/first_dag.py
[2024-05-08T05:00:11.028+0000] {processor.py:830} INFO - Processing file /opt/airflow/dags/first_dag.py for tasks to queue
[2024-05-08T05:00:11.030+0000] {logging_mixin.py:188} INFO - [2024-05-08T05:00:11.029+0000] {dagbag.py:540} INFO - Filling up the DagBag from /opt/airflow/dags/first_dag.py
[2024-05-08T05:00:11.117+0000] {processor.py:840} INFO - DAG(s) 'first_dag' retrieved from /opt/airflow/dags/first_dag.py
[2024-05-08T05:00:11.177+0000] {logging_mixin.py:188} INFO - [2024-05-08T05:00:11.177+0000] {dag.py:3096} INFO - Sync 1 DAGs
[2024-05-08T05:00:11.231+0000] {logging_mixin.py:188} INFO - [2024-05-08T05:00:11.230+0000] {dag.py:3954} INFO - Setting next_dagrun for first_dag to 2024-03-14 00:00:00+00:00, run_after=2024-03-14 00:00:00+00:00
[2024-05-08T05:00:11.267+0000] {processor.py:183} INFO - Processing /opt/airflow/dags/first_dag.py took 0.264 seconds
[2024-05-08T05:00:42.205+0000] {processor.py:161} INFO - Started process (PID=724) to work on /opt/airflow/dags/first_dag.py
[2024-05-08T05:00:42.207+0000] {processor.py:830} INFO - Processing file /opt/airflow/dags/first_dag.py for tasks to queue
[2024-05-08T05:00:42.209+0000] {logging_mixin.py:188} INFO - [2024-05-08T05:00:42.209+0000] {dagbag.py:540} INFO - Filling up the DagBag from /opt/airflow/dags/first_dag.py
[2024-05-08T05:00:42.250+0000] {processor.py:840} INFO - DAG(s) 'first_dag' retrieved from /opt/airflow/dags/first_dag.py
[2024-05-08T05:00:42.291+0000] {logging_mixin.py:188} INFO - [2024-05-08T05:00:42.291+0000] {dag.py:3096} INFO - Sync 1 DAGs
[2024-05-08T05:00:42.328+0000] {logging_mixin.py:188} INFO - [2024-05-08T05:00:42.327+0000] {dag.py:3954} INFO - Setting next_dagrun for first_dag to 2024-03-14 00:00:00+00:00, run_after=2024-03-14 00:00:00+00:00
[2024-05-08T05:00:42.359+0000] {processor.py:183} INFO - Processing /opt/airflow/dags/first_dag.py took 0.166 seconds
[2024-05-08T05:01:12.997+0000] {processor.py:161} INFO - Started process (PID=750) to work on /opt/airflow/dags/first_dag.py
[2024-05-08T05:01:12.999+0000] {processor.py:830} INFO - Processing file /opt/airflow/dags/first_dag.py for tasks to queue
[2024-05-08T05:01:13.001+0000] {logging_mixin.py:188} INFO - [2024-05-08T05:01:13.001+0000] {dagbag.py:540} INFO - Filling up the DagBag from /opt/airflow/dags/first_dag.py
[2024-05-08T05:01:13.062+0000] {processor.py:840} INFO - DAG(s) 'first_dag' retrieved from /opt/airflow/dags/first_dag.py
[2024-05-08T05:01:13.131+0000] {logging_mixin.py:188} INFO - [2024-05-08T05:01:13.130+0000] {dag.py:3096} INFO - Sync 1 DAGs
[2024-05-08T05:01:13.193+0000] {logging_mixin.py:188} INFO - [2024-05-08T05:01:13.193+0000] {dag.py:3954} INFO - Setting next_dagrun for first_dag to 2024-03-14 00:00:00+00:00, run_after=2024-03-14 00:00:00+00:00
[2024-05-08T05:01:13.243+0000] {processor.py:183} INFO - Processing /opt/airflow/dags/first_dag.py took 0.263 seconds
[2024-05-08T05:01:43.693+0000] {processor.py:161} INFO - Started process (PID=776) to work on /opt/airflow/dags/first_dag.py
[2024-05-08T05:01:43.694+0000] {processor.py:830} INFO - Processing file /opt/airflow/dags/first_dag.py for tasks to queue
[2024-05-08T05:01:43.695+0000] {logging_mixin.py:188} INFO - [2024-05-08T05:01:43.695+0000] {dagbag.py:540} INFO - Filling up the DagBag from /opt/airflow/dags/first_dag.py
[2024-05-08T05:01:43.733+0000] {processor.py:840} INFO - DAG(s) 'first_dag' retrieved from /opt/airflow/dags/first_dag.py
[2024-05-08T05:01:43.772+0000] {logging_mixin.py:188} INFO - [2024-05-08T05:01:43.772+0000] {dag.py:3096} INFO - Sync 1 DAGs
[2024-05-08T05:01:43.808+0000] {logging_mixin.py:188} INFO - [2024-05-08T05:01:43.808+0000] {dag.py:3954} INFO - Setting next_dagrun for first_dag to 2024-03-14 00:00:00+00:00, run_after=2024-03-14 00:00:00+00:00
[2024-05-08T05:01:43.841+0000] {processor.py:183} INFO - Processing /opt/airflow/dags/first_dag.py took 0.160 seconds
[2024-05-08T05:02:14.383+0000] {processor.py:161} INFO - Started process (PID=802) to work on /opt/airflow/dags/first_dag.py
[2024-05-08T05:02:14.385+0000] {processor.py:830} INFO - Processing file /opt/airflow/dags/first_dag.py for tasks to queue
[2024-05-08T05:02:14.387+0000] {logging_mixin.py:188} INFO - [2024-05-08T05:02:14.386+0000] {dagbag.py:540} INFO - Filling up the DagBag from /opt/airflow/dags/first_dag.py
[2024-05-08T05:02:14.426+0000] {processor.py:840} INFO - DAG(s) 'first_dag' retrieved from /opt/airflow/dags/first_dag.py
[2024-05-08T05:02:14.469+0000] {logging_mixin.py:188} INFO - [2024-05-08T05:02:14.469+0000] {dag.py:3096} INFO - Sync 1 DAGs
[2024-05-08T05:02:14.507+0000] {logging_mixin.py:188} INFO - [2024-05-08T05:02:14.507+0000] {dag.py:3954} INFO - Setting next_dagrun for first_dag to 2024-03-14 00:00:00+00:00, run_after=2024-03-14 00:00:00+00:00
[2024-05-08T05:02:14.538+0000] {processor.py:183} INFO - Processing /opt/airflow/dags/first_dag.py took 0.165 seconds
[2024-05-08T05:02:45.191+0000] {processor.py:161} INFO - Started process (PID=828) to work on /opt/airflow/dags/first_dag.py
[2024-05-08T05:02:45.193+0000] {processor.py:830} INFO - Processing file /opt/airflow/dags/first_dag.py for tasks to queue
[2024-05-08T05:02:45.196+0000] {logging_mixin.py:188} INFO - [2024-05-08T05:02:45.195+0000] {dagbag.py:540} INFO - Filling up the DagBag from /opt/airflow/dags/first_dag.py
[2024-05-08T05:02:45.253+0000] {processor.py:840} INFO - DAG(s) 'first_dag' retrieved from /opt/airflow/dags/first_dag.py
[2024-05-08T05:02:45.323+0000] {logging_mixin.py:188} INFO - [2024-05-08T05:02:45.322+0000] {dag.py:3096} INFO - Sync 1 DAGs
[2024-05-08T05:02:45.371+0000] {logging_mixin.py:188} INFO - [2024-05-08T05:02:45.371+0000] {dag.py:3954} INFO - Setting next_dagrun for first_dag to 2024-03-14 00:00:00+00:00, run_after=2024-03-14 00:00:00+00:00
[2024-05-08T05:02:45.409+0000] {processor.py:183} INFO - Processing /opt/airflow/dags/first_dag.py took 0.235 seconds
[2024-05-08T05:03:15.885+0000] {processor.py:161} INFO - Started process (PID=854) to work on /opt/airflow/dags/first_dag.py
[2024-05-08T05:03:15.887+0000] {processor.py:830} INFO - Processing file /opt/airflow/dags/first_dag.py for tasks to queue
[2024-05-08T05:03:15.888+0000] {logging_mixin.py:188} INFO - [2024-05-08T05:03:15.888+0000] {dagbag.py:540} INFO - Filling up the DagBag from /opt/airflow/dags/first_dag.py
[2024-05-08T05:03:15.937+0000] {processor.py:840} INFO - DAG(s) 'first_dag' retrieved from /opt/airflow/dags/first_dag.py
[2024-05-08T05:03:16.038+0000] {logging_mixin.py:188} INFO - [2024-05-08T05:03:16.037+0000] {dag.py:3096} INFO - Sync 1 DAGs
[2024-05-08T05:03:16.072+0000] {logging_mixin.py:188} INFO - [2024-05-08T05:03:16.072+0000] {dag.py:3954} INFO - Setting next_dagrun for first_dag to 2024-03-14 00:00:00+00:00, run_after=2024-03-14 00:00:00+00:00
[2024-05-08T05:03:16.103+0000] {processor.py:183} INFO - Processing /opt/airflow/dags/first_dag.py took 0.234 seconds
