[2024-05-18T13:43:04.497+0000] {local_task_job_runner.py:120} INFO - ::group::Pre task execution logs
[2024-05-18T13:43:04.535+0000] {taskinstance.py:2073} INFO - Dependencies all met for dep_context=non-requeueable deps ti=<TaskInstance: extenso_assignment.Python scheduled__2024-03-14T00:00:00+00:00 [queued]>
[2024-05-18T13:43:04.543+0000] {taskinstance.py:2073} INFO - Dependencies all met for dep_context=requeueable deps ti=<TaskInstance: extenso_assignment.Python scheduled__2024-03-14T00:00:00+00:00 [queued]>
[2024-05-18T13:43:04.544+0000] {taskinstance.py:2303} INFO - Starting attempt 1 of 1
[2024-05-18T13:43:04.557+0000] {taskinstance.py:2327} INFO - Executing <Task(PythonOperator): Python> on 2024-03-14 00:00:00+00:00
[2024-05-18T13:43:04.571+0000] {logging_mixin.py:188} WARNING - /home/***/.local/lib/python3.12/site-packages/***/task/task_runner/standard_task_runner.py:61 DeprecationWarning: This process (pid=1200) is multi-threaded, use of fork() may lead to deadlocks in the child.
[2024-05-18T13:43:04.569+0000] {standard_task_runner.py:90} INFO - Running: ['***', 'tasks', 'run', 'extenso_assignment', 'Python', 'scheduled__2024-03-14T00:00:00+00:00', '--job-id', '63', '--raw', '--subdir', 'DAGS_FOLDER/dump_load_dag.py', '--cfg-path', '/tmp/tmph_wpoaqo']
[2024-05-18T13:43:04.572+0000] {standard_task_runner.py:63} INFO - Started process 1202 to run task
[2024-05-18T13:43:04.572+0000] {standard_task_runner.py:91} INFO - Job 63: Subtask Python
[2024-05-18T13:43:04.622+0000] {task_command.py:426} INFO - Running <TaskInstance: extenso_assignment.Python scheduled__2024-03-14T00:00:00+00:00 [running]> on host bf3113c643bb
[2024-05-18T13:43:04.712+0000] {taskinstance.py:2644} INFO - Exporting env vars: AIRFLOW_CTX_DAG_OWNER='***' AIRFLOW_CTX_DAG_ID='extenso_assignment' AIRFLOW_CTX_TASK_ID='Python' AIRFLOW_CTX_EXECUTION_DATE='2024-03-14T00:00:00+00:00' AIRFLOW_CTX_TRY_NUMBER='1' AIRFLOW_CTX_DAG_RUN_ID='scheduled__2024-03-14T00:00:00+00:00'
[2024-05-18T13:43:04.714+0000] {taskinstance.py:430} INFO - ::endgroup::
[2024-05-18T13:43:05.476+0000] {python.py:237} INFO - Done. Returned value was: None
[2024-05-18T13:43:05.478+0000] {taskinstance.py:441} INFO - ::group::Post task execution logs
[2024-05-18T13:43:05.488+0000] {taskinstance.py:1205} INFO - Marking task as SUCCESS. dag_id=extenso_assignment, task_id=Python, execution_date=20240314T000000, start_date=20240518T134304, end_date=20240518T134305
[2024-05-18T13:43:05.551+0000] {local_task_job_runner.py:240} INFO - Task exited with return code 0
[2024-05-18T13:43:05.570+0000] {taskinstance.py:3482} INFO - 1 downstream tasks scheduled from follow-on schedule check
[2024-05-18T13:43:05.575+0000] {local_task_job_runner.py:222} INFO - ::endgroup::
[2024-05-25T05:57:02.633+0000] {local_task_job_runner.py:120} INFO - ::group::Pre task execution logs
[2024-05-25T05:57:02.688+0000] {taskinstance.py:2073} INFO - Dependencies all met for dep_context=non-requeueable deps ti=<TaskInstance: extenso_assignment.Python scheduled__2024-03-14T00:00:00+00:00 [queued]>
[2024-05-25T05:57:02.702+0000] {taskinstance.py:2073} INFO - Dependencies all met for dep_context=requeueable deps ti=<TaskInstance: extenso_assignment.Python scheduled__2024-03-14T00:00:00+00:00 [queued]>
[2024-05-25T05:57:02.703+0000] {taskinstance.py:2303} INFO - Starting attempt 1 of 1
[2024-05-25T05:57:02.723+0000] {taskinstance.py:2327} INFO - Executing <Task(PythonOperator): Python> on 2024-03-14 00:00:00+00:00
[2024-05-25T05:57:02.743+0000] {standard_task_runner.py:90} INFO - Running: ['***', 'tasks', 'run', 'extenso_assignment', 'Python', 'scheduled__2024-03-14T00:00:00+00:00', '--job-id', '79', '--raw', '--subdir', 'DAGS_FOLDER/dump_load_dag.py', '--cfg-path', '/tmp/tmpt7n1jib2']
[2024-05-25T05:57:02.751+0000] {standard_task_runner.py:91} INFO - Job 79: Subtask Python
[2024-05-25T05:57:02.753+0000] {logging_mixin.py:188} WARNING - /home/***/.local/lib/python3.12/site-packages/***/task/task_runner/standard_task_runner.py:61 DeprecationWarning: This process (pid=188) is multi-threaded, use of fork() may lead to deadlocks in the child.
[2024-05-25T05:57:02.754+0000] {standard_task_runner.py:63} INFO - Started process 190 to run task
[2024-05-25T05:57:02.837+0000] {task_command.py:426} INFO - Running <TaskInstance: extenso_assignment.Python scheduled__2024-03-14T00:00:00+00:00 [running]> on host ac70a22c4bcc
[2024-05-25T05:57:03.050+0000] {taskinstance.py:2644} INFO - Exporting env vars: AIRFLOW_CTX_DAG_OWNER='***' AIRFLOW_CTX_DAG_ID='extenso_assignment' AIRFLOW_CTX_TASK_ID='Python' AIRFLOW_CTX_EXECUTION_DATE='2024-03-14T00:00:00+00:00' AIRFLOW_CTX_TRY_NUMBER='1' AIRFLOW_CTX_DAG_RUN_ID='scheduled__2024-03-14T00:00:00+00:00'
[2024-05-25T05:57:03.051+0000] {taskinstance.py:430} INFO - ::endgroup::
[2024-05-25T05:57:04.545+0000] {python.py:237} INFO - Done. Returned value was: None
[2024-05-25T05:57:04.546+0000] {taskinstance.py:441} INFO - ::group::Post task execution logs
[2024-05-25T05:57:04.573+0000] {taskinstance.py:1205} INFO - Marking task as SUCCESS. dag_id=extenso_assignment, task_id=Python, execution_date=20240314T000000, start_date=20240525T055702, end_date=20240525T055704
[2024-05-25T05:57:04.627+0000] {local_task_job_runner.py:240} INFO - Task exited with return code 0
[2024-05-25T05:57:04.651+0000] {taskinstance.py:3482} INFO - 1 downstream tasks scheduled from follow-on schedule check
[2024-05-25T05:57:04.653+0000] {local_task_job_runner.py:222} INFO - ::endgroup::
[2024-05-25T06:00:13.745+0000] {local_task_job_runner.py:120} INFO - ::group::Pre task execution logs
[2024-05-25T06:00:13.794+0000] {taskinstance.py:2073} INFO - Dependencies all met for dep_context=non-requeueable deps ti=<TaskInstance: extenso_assignment.Python scheduled__2024-03-14T00:00:00+00:00 [queued]>
[2024-05-25T06:00:13.807+0000] {taskinstance.py:2073} INFO - Dependencies all met for dep_context=requeueable deps ti=<TaskInstance: extenso_assignment.Python scheduled__2024-03-14T00:00:00+00:00 [queued]>
[2024-05-25T06:00:13.808+0000] {taskinstance.py:2303} INFO - Starting attempt 1 of 1
[2024-05-25T06:00:13.823+0000] {taskinstance.py:2327} INFO - Executing <Task(PythonOperator): Python> on 2024-03-14 00:00:00+00:00
[2024-05-25T06:00:13.845+0000] {standard_task_runner.py:90} INFO - Running: ['***', 'tasks', 'run', 'extenso_assignment', 'Python', 'scheduled__2024-03-14T00:00:00+00:00', '--job-id', '81', '--raw', '--subdir', 'DAGS_FOLDER/dump_load_dag.py', '--cfg-path', '/tmp/tmp96jwnmx1']
[2024-05-25T06:00:13.906+0000] {standard_task_runner.py:91} INFO - Job 81: Subtask Python
[2024-05-25T06:00:13.926+0000] {logging_mixin.py:188} WARNING - /home/***/.local/lib/python3.12/site-packages/***/task/task_runner/standard_task_runner.py:61 DeprecationWarning: This process (pid=339) is multi-threaded, use of fork() may lead to deadlocks in the child.
[2024-05-25T06:00:13.927+0000] {standard_task_runner.py:63} INFO - Started process 341 to run task
[2024-05-25T06:00:14.370+0000] {task_command.py:426} INFO - Running <TaskInstance: extenso_assignment.Python scheduled__2024-03-14T00:00:00+00:00 [running]> on host ac70a22c4bcc
[2024-05-25T06:00:14.544+0000] {taskinstance.py:2644} INFO - Exporting env vars: AIRFLOW_CTX_DAG_OWNER='***' AIRFLOW_CTX_DAG_ID='extenso_assignment' AIRFLOW_CTX_TASK_ID='Python' AIRFLOW_CTX_EXECUTION_DATE='2024-03-14T00:00:00+00:00' AIRFLOW_CTX_TRY_NUMBER='1' AIRFLOW_CTX_DAG_RUN_ID='scheduled__2024-03-14T00:00:00+00:00'
[2024-05-25T06:00:14.549+0000] {taskinstance.py:430} INFO - ::endgroup::
[2024-05-25T06:00:15.631+0000] {python.py:237} INFO - Done. Returned value was: None
[2024-05-25T06:00:15.632+0000] {taskinstance.py:441} INFO - ::group::Post task execution logs
[2024-05-25T06:00:15.645+0000] {taskinstance.py:1205} INFO - Marking task as SUCCESS. dag_id=extenso_assignment, task_id=Python, execution_date=20240314T000000, start_date=20240525T060013, end_date=20240525T060015
[2024-05-25T06:00:15.670+0000] {local_task_job_runner.py:240} INFO - Task exited with return code 0
[2024-05-25T06:00:15.691+0000] {taskinstance.py:3482} INFO - 1 downstream tasks scheduled from follow-on schedule check
[2024-05-25T06:00:15.693+0000] {local_task_job_runner.py:222} INFO - ::endgroup::
[2024-05-25T06:24:02.133+0000] {local_task_job_runner.py:120} INFO - ::group::Pre task execution logs
[2024-05-25T06:24:02.278+0000] {taskinstance.py:2073} INFO - Dependencies all met for dep_context=non-requeueable deps ti=<TaskInstance: extenso_assignment.Python scheduled__2024-03-14T00:00:00+00:00 [queued]>
[2024-05-25T06:24:02.307+0000] {taskinstance.py:2073} INFO - Dependencies all met for dep_context=requeueable deps ti=<TaskInstance: extenso_assignment.Python scheduled__2024-03-14T00:00:00+00:00 [queued]>
[2024-05-25T06:24:02.309+0000] {taskinstance.py:2303} INFO - Starting attempt 1 of 1
[2024-05-25T06:24:02.355+0000] {taskinstance.py:2327} INFO - Executing <Task(PythonOperator): Python> on 2024-03-14 00:00:00+00:00
[2024-05-25T06:24:02.449+0000] {logging_mixin.py:188} WARNING - /home/***/.local/lib/python3.12/site-packages/***/task/task_runner/standard_task_runner.py:61 DeprecationWarning: This process (pid=213) is multi-threaded, use of fork() may lead to deadlocks in the child.
[2024-05-25T06:24:02.425+0000] {standard_task_runner.py:90} INFO - Running: ['***', 'tasks', 'run', 'extenso_assignment', 'Python', 'scheduled__2024-03-14T00:00:00+00:00', '--job-id', '85', '--raw', '--subdir', 'DAGS_FOLDER/dump_load_dag.py', '--cfg-path', '/tmp/tmp97kr51uf']
[2024-05-25T06:24:02.484+0000] {standard_task_runner.py:63} INFO - Started process 215 to run task
[2024-05-25T06:24:02.484+0000] {standard_task_runner.py:91} INFO - Job 85: Subtask Python
[2024-05-25T06:24:02.699+0000] {task_command.py:426} INFO - Running <TaskInstance: extenso_assignment.Python scheduled__2024-03-14T00:00:00+00:00 [running]> on host ac70a22c4bcc
[2024-05-25T06:24:02.881+0000] {taskinstance.py:2644} INFO - Exporting env vars: AIRFLOW_CTX_DAG_OWNER='***' AIRFLOW_CTX_DAG_ID='extenso_assignment' AIRFLOW_CTX_TASK_ID='Python' AIRFLOW_CTX_EXECUTION_DATE='2024-03-14T00:00:00+00:00' AIRFLOW_CTX_TRY_NUMBER='1' AIRFLOW_CTX_DAG_RUN_ID='scheduled__2024-03-14T00:00:00+00:00'
[2024-05-25T06:24:02.885+0000] {taskinstance.py:430} INFO - ::endgroup::
[2024-05-25T06:24:04.458+0000] {python.py:237} INFO - Done. Returned value was: None
[2024-05-25T06:24:04.459+0000] {taskinstance.py:441} INFO - ::group::Post task execution logs
[2024-05-25T06:24:04.477+0000] {taskinstance.py:1205} INFO - Marking task as SUCCESS. dag_id=extenso_assignment, task_id=Python, execution_date=20240314T000000, start_date=20240525T062402, end_date=20240525T062404
[2024-05-25T06:24:04.533+0000] {local_task_job_runner.py:240} INFO - Task exited with return code 0
[2024-05-25T06:24:04.572+0000] {taskinstance.py:3482} INFO - 1 downstream tasks scheduled from follow-on schedule check
[2024-05-25T06:24:04.575+0000] {local_task_job_runner.py:222} INFO - ::endgroup::
[2024-05-25T06:42:01.912+0000] {local_task_job_runner.py:120} INFO - ::group::Pre task execution logs
[2024-05-25T06:42:01.962+0000] {taskinstance.py:2073} INFO - Dependencies all met for dep_context=non-requeueable deps ti=<TaskInstance: extenso_assignment.Python scheduled__2024-03-14T00:00:00+00:00 [queued]>
[2024-05-25T06:42:01.978+0000] {taskinstance.py:2073} INFO - Dependencies all met for dep_context=requeueable deps ti=<TaskInstance: extenso_assignment.Python scheduled__2024-03-14T00:00:00+00:00 [queued]>
[2024-05-25T06:42:01.979+0000] {taskinstance.py:2303} INFO - Starting attempt 1 of 1
[2024-05-25T06:42:01.995+0000] {taskinstance.py:2327} INFO - Executing <Task(PythonOperator): Python> on 2024-03-14 00:00:00+00:00
[2024-05-25T06:42:02.017+0000] {standard_task_runner.py:90} INFO - Running: ['***', 'tasks', 'run', 'extenso_assignment', 'Python', 'scheduled__2024-03-14T00:00:00+00:00', '--job-id', '89', '--raw', '--subdir', 'DAGS_FOLDER/dump_load_dag.py', '--cfg-path', '/tmp/tmphn3722ft']
[2024-05-25T06:42:02.022+0000] {standard_task_runner.py:91} INFO - Job 89: Subtask Python
[2024-05-25T06:42:02.022+0000] {logging_mixin.py:188} WARNING - /home/***/.local/lib/python3.12/site-packages/***/task/task_runner/standard_task_runner.py:61 DeprecationWarning: This process (pid=213) is multi-threaded, use of fork() may lead to deadlocks in the child.
[2024-05-25T06:42:02.024+0000] {standard_task_runner.py:63} INFO - Started process 215 to run task
[2024-05-25T06:42:02.184+0000] {task_command.py:426} INFO - Running <TaskInstance: extenso_assignment.Python scheduled__2024-03-14T00:00:00+00:00 [running]> on host ac70a22c4bcc
[2024-05-25T06:42:02.362+0000] {taskinstance.py:2644} INFO - Exporting env vars: AIRFLOW_CTX_DAG_OWNER='***' AIRFLOW_CTX_DAG_ID='extenso_assignment' AIRFLOW_CTX_TASK_ID='Python' AIRFLOW_CTX_EXECUTION_DATE='2024-03-14T00:00:00+00:00' AIRFLOW_CTX_TRY_NUMBER='1' AIRFLOW_CTX_DAG_RUN_ID='scheduled__2024-03-14T00:00:00+00:00'
[2024-05-25T06:42:02.364+0000] {taskinstance.py:430} INFO - ::endgroup::
[2024-05-25T06:42:03.684+0000] {python.py:237} INFO - Done. Returned value was: None
[2024-05-25T06:42:03.686+0000] {taskinstance.py:441} INFO - ::group::Post task execution logs
[2024-05-25T06:42:03.727+0000] {taskinstance.py:1205} INFO - Marking task as SUCCESS. dag_id=extenso_assignment, task_id=Python, execution_date=20240314T000000, start_date=20240525T064201, end_date=20240525T064203
[2024-05-25T06:42:03.782+0000] {local_task_job_runner.py:240} INFO - Task exited with return code 0
[2024-05-25T06:42:03.885+0000] {taskinstance.py:3482} INFO - 1 downstream tasks scheduled from follow-on schedule check
[2024-05-25T06:42:03.890+0000] {local_task_job_runner.py:222} INFO - ::endgroup::
[2024-05-25T06:45:53.905+0000] {local_task_job_runner.py:120} INFO - ::group::Pre task execution logs
[2024-05-25T06:45:53.978+0000] {taskinstance.py:2073} INFO - Dependencies all met for dep_context=non-requeueable deps ti=<TaskInstance: extenso_assignment.Python scheduled__2024-03-14T00:00:00+00:00 [queued]>
[2024-05-25T06:45:53.999+0000] {taskinstance.py:2073} INFO - Dependencies all met for dep_context=requeueable deps ti=<TaskInstance: extenso_assignment.Python scheduled__2024-03-14T00:00:00+00:00 [queued]>
[2024-05-25T06:45:54.000+0000] {taskinstance.py:2303} INFO - Starting attempt 1 of 1
[2024-05-25T06:45:54.048+0000] {taskinstance.py:2327} INFO - Executing <Task(PythonOperator): Python> on 2024-03-14 00:00:00+00:00
[2024-05-25T06:45:54.074+0000] {standard_task_runner.py:90} INFO - Running: ['***', 'tasks', 'run', 'extenso_assignment', 'Python', 'scheduled__2024-03-14T00:00:00+00:00', '--job-id', '91', '--raw', '--subdir', 'DAGS_FOLDER/dump_load_dag.py', '--cfg-path', '/tmp/tmpwzw7vdtz']
[2024-05-25T06:45:54.085+0000] {standard_task_runner.py:91} INFO - Job 91: Subtask Python
[2024-05-25T06:45:54.090+0000] {logging_mixin.py:188} WARNING - /home/***/.local/lib/python3.12/site-packages/***/task/task_runner/standard_task_runner.py:61 DeprecationWarning: This process (pid=388) is multi-threaded, use of fork() may lead to deadlocks in the child.
[2024-05-25T06:45:54.094+0000] {standard_task_runner.py:63} INFO - Started process 396 to run task
[2024-05-25T06:45:54.195+0000] {task_command.py:426} INFO - Running <TaskInstance: extenso_assignment.Python scheduled__2024-03-14T00:00:00+00:00 [running]> on host ac70a22c4bcc
[2024-05-25T06:45:54.437+0000] {taskinstance.py:2644} INFO - Exporting env vars: AIRFLOW_CTX_DAG_OWNER='***' AIRFLOW_CTX_DAG_ID='extenso_assignment' AIRFLOW_CTX_TASK_ID='Python' AIRFLOW_CTX_EXECUTION_DATE='2024-03-14T00:00:00+00:00' AIRFLOW_CTX_TRY_NUMBER='1' AIRFLOW_CTX_DAG_RUN_ID='scheduled__2024-03-14T00:00:00+00:00'
[2024-05-25T06:45:54.439+0000] {taskinstance.py:430} INFO - ::endgroup::
[2024-05-25T06:45:55.480+0000] {python.py:237} INFO - Done. Returned value was: None
[2024-05-25T06:45:55.482+0000] {taskinstance.py:441} INFO - ::group::Post task execution logs
[2024-05-25T06:45:55.496+0000] {taskinstance.py:1205} INFO - Marking task as SUCCESS. dag_id=extenso_assignment, task_id=Python, execution_date=20240314T000000, start_date=20240525T064553, end_date=20240525T064555
[2024-05-25T06:45:55.565+0000] {local_task_job_runner.py:240} INFO - Task exited with return code 0
[2024-05-25T06:45:55.601+0000] {taskinstance.py:3482} INFO - 1 downstream tasks scheduled from follow-on schedule check
[2024-05-25T06:45:55.603+0000] {local_task_job_runner.py:222} INFO - ::endgroup::
[2024-05-25T06:50:39.838+0000] {local_task_job_runner.py:120} INFO - ::group::Pre task execution logs
[2024-05-25T06:50:39.896+0000] {taskinstance.py:2073} INFO - Dependencies all met for dep_context=non-requeueable deps ti=<TaskInstance: extenso_assignment.Python scheduled__2024-03-14T00:00:00+00:00 [queued]>
[2024-05-25T06:50:39.909+0000] {taskinstance.py:2073} INFO - Dependencies all met for dep_context=requeueable deps ti=<TaskInstance: extenso_assignment.Python scheduled__2024-03-14T00:00:00+00:00 [queued]>
[2024-05-25T06:50:39.912+0000] {taskinstance.py:2303} INFO - Starting attempt 1 of 1
[2024-05-25T06:50:39.939+0000] {taskinstance.py:2327} INFO - Executing <Task(PythonOperator): Python> on 2024-03-14 00:00:00+00:00
[2024-05-25T06:50:39.984+0000] {standard_task_runner.py:90} INFO - Running: ['***', 'tasks', 'run', 'extenso_assignment', 'Python', 'scheduled__2024-03-14T00:00:00+00:00', '--job-id', '95', '--raw', '--subdir', 'DAGS_FOLDER/dump_load_dag.py', '--cfg-path', '/tmp/tmp_h3y6y2o']
[2024-05-25T06:50:40.007+0000] {logging_mixin.py:188} WARNING - /home/***/.local/lib/python3.12/site-packages/***/task/task_runner/standard_task_runner.py:61 DeprecationWarning: This process (pid=261) is multi-threaded, use of fork() may lead to deadlocks in the child.
[2024-05-25T06:50:40.015+0000] {standard_task_runner.py:91} INFO - Job 95: Subtask Python
[2024-05-25T06:50:40.016+0000] {standard_task_runner.py:63} INFO - Started process 269 to run task
[2024-05-25T06:50:40.188+0000] {task_command.py:426} INFO - Running <TaskInstance: extenso_assignment.Python scheduled__2024-03-14T00:00:00+00:00 [running]> on host 4e7358bfc2cd
[2024-05-25T06:50:40.459+0000] {taskinstance.py:2644} INFO - Exporting env vars: AIRFLOW_CTX_DAG_OWNER='***' AIRFLOW_CTX_DAG_ID='extenso_assignment' AIRFLOW_CTX_TASK_ID='Python' AIRFLOW_CTX_EXECUTION_DATE='2024-03-14T00:00:00+00:00' AIRFLOW_CTX_TRY_NUMBER='1' AIRFLOW_CTX_DAG_RUN_ID='scheduled__2024-03-14T00:00:00+00:00'
[2024-05-25T06:50:40.461+0000] {taskinstance.py:430} INFO - ::endgroup::
[2024-05-25T06:50:42.301+0000] {python.py:237} INFO - Done. Returned value was: None
[2024-05-25T06:50:42.303+0000] {taskinstance.py:441} INFO - ::group::Post task execution logs
[2024-05-25T06:50:42.340+0000] {taskinstance.py:1205} INFO - Marking task as SUCCESS. dag_id=extenso_assignment, task_id=Python, execution_date=20240314T000000, start_date=20240525T065039, end_date=20240525T065042
[2024-05-25T06:50:42.414+0000] {local_task_job_runner.py:240} INFO - Task exited with return code 0
[2024-05-25T06:50:42.524+0000] {taskinstance.py:3482} INFO - 1 downstream tasks scheduled from follow-on schedule check
[2024-05-25T06:50:42.530+0000] {local_task_job_runner.py:222} INFO - ::endgroup::
