[2024-05-25T05:37:25.636+0000] {processor.py:161} INFO - Started process (PID=177) to work on /opt/airflow/dags/dump_load_dag.py
[2024-05-25T05:37:25.637+0000] {processor.py:830} INFO - Processing file /opt/airflow/dags/dump_load_dag.py for tasks to queue
[2024-05-25T05:37:25.639+0000] {logging_mixin.py:188} INFO - [2024-05-25T05:37:25.638+0000] {dagbag.py:540} INFO - Filling up the DagBag from /opt/airflow/dags/dump_load_dag.py
[2024-05-25T05:37:26.419+0000] {processor.py:840} INFO - DAG(s) 'extenso_assignment' retrieved from /opt/airflow/dags/dump_load_dag.py
[2024-05-25T05:37:26.650+0000] {logging_mixin.py:188} INFO - [2024-05-25T05:37:26.649+0000] {dag.py:3096} INFO - Sync 1 DAGs
[2024-05-25T05:37:26.677+0000] {logging_mixin.py:188} INFO - [2024-05-25T05:37:26.677+0000] {dag.py:3954} INFO - Setting next_dagrun for extenso_assignment to None, run_after=None
[2024-05-25T05:37:26.714+0000] {processor.py:183} INFO - Processing /opt/airflow/dags/dump_load_dag.py took 1.089 seconds
[2024-05-25T05:37:56.872+0000] {processor.py:161} INFO - Started process (PID=201) to work on /opt/airflow/dags/dump_load_dag.py
[2024-05-25T05:37:56.873+0000] {processor.py:830} INFO - Processing file /opt/airflow/dags/dump_load_dag.py for tasks to queue
[2024-05-25T05:37:56.874+0000] {logging_mixin.py:188} INFO - [2024-05-25T05:37:56.874+0000] {dagbag.py:540} INFO - Filling up the DagBag from /opt/airflow/dags/dump_load_dag.py
[2024-05-25T05:37:57.618+0000] {processor.py:840} INFO - DAG(s) 'extenso_assignment' retrieved from /opt/airflow/dags/dump_load_dag.py
[2024-05-25T05:37:57.658+0000] {logging_mixin.py:188} INFO - [2024-05-25T05:37:57.657+0000] {dag.py:3096} INFO - Sync 1 DAGs
[2024-05-25T05:37:57.768+0000] {logging_mixin.py:188} INFO - [2024-05-25T05:37:57.768+0000] {dag.py:3954} INFO - Setting next_dagrun for extenso_assignment to None, run_after=None
[2024-05-25T05:37:57.830+0000] {processor.py:183} INFO - Processing /opt/airflow/dags/dump_load_dag.py took 0.969 seconds
[2024-05-25T05:38:28.849+0000] {processor.py:161} INFO - Started process (PID=229) to work on /opt/airflow/dags/dump_load_dag.py
[2024-05-25T05:38:28.858+0000] {processor.py:830} INFO - Processing file /opt/airflow/dags/dump_load_dag.py for tasks to queue
[2024-05-25T05:38:28.861+0000] {logging_mixin.py:188} INFO - [2024-05-25T05:38:28.860+0000] {dagbag.py:540} INFO - Filling up the DagBag from /opt/airflow/dags/dump_load_dag.py
[2024-05-25T05:38:29.950+0000] {processor.py:840} INFO - DAG(s) 'extenso_assignment' retrieved from /opt/airflow/dags/dump_load_dag.py
[2024-05-25T05:38:29.973+0000] {logging_mixin.py:188} INFO - [2024-05-25T05:38:29.973+0000] {dag.py:3096} INFO - Sync 1 DAGs
[2024-05-25T05:38:30.052+0000] {logging_mixin.py:188} INFO - [2024-05-25T05:38:30.052+0000] {dag.py:3954} INFO - Setting next_dagrun for extenso_assignment to None, run_after=None
[2024-05-25T05:38:30.124+0000] {processor.py:183} INFO - Processing /opt/airflow/dags/dump_load_dag.py took 1.319 seconds
[2024-05-25T05:43:52.615+0000] {processor.py:161} INFO - Started process (PID=175) to work on /opt/airflow/dags/dump_load_dag.py
[2024-05-25T05:43:52.617+0000] {processor.py:830} INFO - Processing file /opt/airflow/dags/dump_load_dag.py for tasks to queue
[2024-05-25T05:43:52.618+0000] {logging_mixin.py:188} INFO - [2024-05-25T05:43:52.617+0000] {dagbag.py:540} INFO - Filling up the DagBag from /opt/airflow/dags/dump_load_dag.py
[2024-05-25T05:43:53.677+0000] {processor.py:840} INFO - DAG(s) 'extenso_assignment' retrieved from /opt/airflow/dags/dump_load_dag.py
[2024-05-25T05:43:53.878+0000] {logging_mixin.py:188} INFO - [2024-05-25T05:43:53.878+0000] {dag.py:3096} INFO - Sync 1 DAGs
[2024-05-25T05:43:53.911+0000] {logging_mixin.py:188} INFO - [2024-05-25T05:43:53.910+0000] {dag.py:3954} INFO - Setting next_dagrun for extenso_assignment to None, run_after=None
[2024-05-25T05:43:53.945+0000] {processor.py:183} INFO - Processing /opt/airflow/dags/dump_load_dag.py took 1.340 seconds
[2024-05-25T05:44:24.598+0000] {processor.py:161} INFO - Started process (PID=200) to work on /opt/airflow/dags/dump_load_dag.py
[2024-05-25T05:44:24.600+0000] {processor.py:830} INFO - Processing file /opt/airflow/dags/dump_load_dag.py for tasks to queue
[2024-05-25T05:44:24.603+0000] {logging_mixin.py:188} INFO - [2024-05-25T05:44:24.602+0000] {dagbag.py:540} INFO - Filling up the DagBag from /opt/airflow/dags/dump_load_dag.py
[2024-05-25T05:44:25.635+0000] {processor.py:840} INFO - DAG(s) 'extenso_assignment' retrieved from /opt/airflow/dags/dump_load_dag.py
[2024-05-25T05:44:25.802+0000] {logging_mixin.py:188} INFO - [2024-05-25T05:44:25.800+0000] {dag.py:3096} INFO - Sync 1 DAGs
[2024-05-25T05:44:25.821+0000] {logging_mixin.py:188} INFO - [2024-05-25T05:44:25.820+0000] {dag.py:3118} INFO - Creating ORM DAG for extenso_assignment
[2024-05-25T05:44:25.840+0000] {logging_mixin.py:188} INFO - [2024-05-25T05:44:25.839+0000] {dag.py:3954} INFO - Setting next_dagrun for extenso_assignment to 2024-03-14 00:00:00+00:00, run_after=2024-03-14 00:00:00+00:00
[2024-05-25T05:44:25.884+0000] {processor.py:183} INFO - Processing /opt/airflow/dags/dump_load_dag.py took 1.302 seconds
[2024-05-25T05:44:56.824+0000] {processor.py:161} INFO - Started process (PID=227) to work on /opt/airflow/dags/dump_load_dag.py
[2024-05-25T05:44:56.825+0000] {processor.py:830} INFO - Processing file /opt/airflow/dags/dump_load_dag.py for tasks to queue
[2024-05-25T05:44:56.826+0000] {logging_mixin.py:188} INFO - [2024-05-25T05:44:56.825+0000] {dagbag.py:540} INFO - Filling up the DagBag from /opt/airflow/dags/dump_load_dag.py
[2024-05-25T05:44:57.578+0000] {processor.py:840} INFO - DAG(s) 'extenso_assignment' retrieved from /opt/airflow/dags/dump_load_dag.py
[2024-05-25T05:44:57.626+0000] {logging_mixin.py:188} INFO - [2024-05-25T05:44:57.626+0000] {dag.py:3096} INFO - Sync 1 DAGs
[2024-05-25T05:44:57.657+0000] {logging_mixin.py:188} INFO - [2024-05-25T05:44:57.657+0000] {dag.py:3954} INFO - Setting next_dagrun for extenso_assignment to 2024-03-14 00:00:00+00:00, run_after=2024-03-14 00:00:00+00:00
[2024-05-25T05:44:57.677+0000] {processor.py:183} INFO - Processing /opt/airflow/dags/dump_load_dag.py took 0.861 seconds
[2024-05-25T05:45:28.651+0000] {processor.py:161} INFO - Started process (PID=250) to work on /opt/airflow/dags/dump_load_dag.py
[2024-05-25T05:45:28.652+0000] {processor.py:830} INFO - Processing file /opt/airflow/dags/dump_load_dag.py for tasks to queue
[2024-05-25T05:45:28.653+0000] {logging_mixin.py:188} INFO - [2024-05-25T05:45:28.652+0000] {dagbag.py:540} INFO - Filling up the DagBag from /opt/airflow/dags/dump_load_dag.py
[2024-05-25T05:45:29.655+0000] {processor.py:840} INFO - DAG(s) 'extenso_assignment' retrieved from /opt/airflow/dags/dump_load_dag.py
[2024-05-25T05:45:29.751+0000] {logging_mixin.py:188} INFO - [2024-05-25T05:45:29.750+0000] {dag.py:3096} INFO - Sync 1 DAGs
[2024-05-25T05:45:29.809+0000] {logging_mixin.py:188} INFO - [2024-05-25T05:45:29.808+0000] {dag.py:3954} INFO - Setting next_dagrun for extenso_assignment to 2024-03-14 00:00:00+00:00, run_after=2024-03-14 00:00:00+00:00
[2024-05-25T05:45:29.863+0000] {processor.py:183} INFO - Processing /opt/airflow/dags/dump_load_dag.py took 1.220 seconds
[2024-05-25T05:53:48.465+0000] {processor.py:161} INFO - Started process (PID=175) to work on /opt/airflow/dags/dump_load_dag.py
[2024-05-25T05:53:48.466+0000] {processor.py:830} INFO - Processing file /opt/airflow/dags/dump_load_dag.py for tasks to queue
[2024-05-25T05:53:48.468+0000] {logging_mixin.py:188} INFO - [2024-05-25T05:53:48.467+0000] {dagbag.py:540} INFO - Filling up the DagBag from /opt/airflow/dags/dump_load_dag.py
[2024-05-25T05:53:49.217+0000] {processor.py:840} INFO - DAG(s) 'extenso_assignment' retrieved from /opt/airflow/dags/dump_load_dag.py
[2024-05-25T05:53:49.334+0000] {logging_mixin.py:188} INFO - [2024-05-25T05:53:49.333+0000] {dag.py:3096} INFO - Sync 1 DAGs
[2024-05-25T05:53:49.350+0000] {logging_mixin.py:188} INFO - [2024-05-25T05:53:49.350+0000] {dag.py:3954} INFO - Setting next_dagrun for extenso_assignment to 2024-03-14 00:00:00+00:00, run_after=2024-03-14 00:00:00+00:00
[2024-05-25T05:53:49.368+0000] {processor.py:183} INFO - Processing /opt/airflow/dags/dump_load_dag.py took 0.916 seconds
[2024-05-25T05:54:19.982+0000] {processor.py:161} INFO - Started process (PID=202) to work on /opt/airflow/dags/dump_load_dag.py
[2024-05-25T05:54:19.983+0000] {processor.py:830} INFO - Processing file /opt/airflow/dags/dump_load_dag.py for tasks to queue
[2024-05-25T05:54:19.984+0000] {logging_mixin.py:188} INFO - [2024-05-25T05:54:19.984+0000] {dagbag.py:540} INFO - Filling up the DagBag from /opt/airflow/dags/dump_load_dag.py
[2024-05-25T05:54:20.572+0000] {processor.py:840} INFO - DAG(s) 'extenso_assignment' retrieved from /opt/airflow/dags/dump_load_dag.py
[2024-05-25T05:54:20.597+0000] {logging_mixin.py:188} INFO - [2024-05-25T05:54:20.596+0000] {dag.py:3096} INFO - Sync 1 DAGs
[2024-05-25T05:54:20.615+0000] {logging_mixin.py:188} INFO - [2024-05-25T05:54:20.614+0000] {dag.py:3954} INFO - Setting next_dagrun for extenso_assignment to 2024-03-14 00:00:00+00:00, run_after=2024-03-14 00:00:00+00:00
[2024-05-25T05:54:20.631+0000] {processor.py:183} INFO - Processing /opt/airflow/dags/dump_load_dag.py took 0.657 seconds
[2024-05-25T05:54:51.194+0000] {processor.py:161} INFO - Started process (PID=226) to work on /opt/airflow/dags/dump_load_dag.py
[2024-05-25T05:54:51.195+0000] {processor.py:830} INFO - Processing file /opt/airflow/dags/dump_load_dag.py for tasks to queue
[2024-05-25T05:54:51.196+0000] {logging_mixin.py:188} INFO - [2024-05-25T05:54:51.196+0000] {dagbag.py:540} INFO - Filling up the DagBag from /opt/airflow/dags/dump_load_dag.py
[2024-05-25T05:54:52.087+0000] {processor.py:840} INFO - DAG(s) 'extenso_assignment' retrieved from /opt/airflow/dags/dump_load_dag.py
[2024-05-25T05:54:52.143+0000] {logging_mixin.py:188} INFO - [2024-05-25T05:54:52.143+0000] {dag.py:3096} INFO - Sync 1 DAGs
[2024-05-25T05:54:52.192+0000] {logging_mixin.py:188} INFO - [2024-05-25T05:54:52.192+0000] {dag.py:3954} INFO - Setting next_dagrun for extenso_assignment to 2024-03-14 00:00:00+00:00, run_after=2024-03-14 00:00:00+00:00
[2024-05-25T05:54:52.222+0000] {processor.py:183} INFO - Processing /opt/airflow/dags/dump_load_dag.py took 1.035 seconds
[2024-05-25T05:56:42.421+0000] {processor.py:161} INFO - Started process (PID=175) to work on /opt/airflow/dags/dump_load_dag.py
[2024-05-25T05:56:42.423+0000] {processor.py:830} INFO - Processing file /opt/airflow/dags/dump_load_dag.py for tasks to queue
[2024-05-25T05:56:42.425+0000] {logging_mixin.py:188} INFO - [2024-05-25T05:56:42.424+0000] {dagbag.py:540} INFO - Filling up the DagBag from /opt/airflow/dags/dump_load_dag.py
[2024-05-25T05:56:43.680+0000] {processor.py:840} INFO - DAG(s) 'extenso_assignment' retrieved from /opt/airflow/dags/dump_load_dag.py
[2024-05-25T05:56:43.928+0000] {logging_mixin.py:188} INFO - [2024-05-25T05:56:43.928+0000] {dag.py:3096} INFO - Sync 1 DAGs
[2024-05-25T05:56:43.969+0000] {logging_mixin.py:188} INFO - [2024-05-25T05:56:43.968+0000] {dag.py:3954} INFO - Setting next_dagrun for extenso_assignment to 2024-03-14 00:00:00+00:00, run_after=2024-03-14 00:00:00+00:00
[2024-05-25T05:56:44.010+0000] {processor.py:183} INFO - Processing /opt/airflow/dags/dump_load_dag.py took 1.598 seconds
[2024-05-25T05:57:14.522+0000] {processor.py:161} INFO - Started process (PID=206) to work on /opt/airflow/dags/dump_load_dag.py
[2024-05-25T05:57:14.523+0000] {processor.py:830} INFO - Processing file /opt/airflow/dags/dump_load_dag.py for tasks to queue
[2024-05-25T05:57:14.523+0000] {logging_mixin.py:188} INFO - [2024-05-25T05:57:14.523+0000] {dagbag.py:540} INFO - Filling up the DagBag from /opt/airflow/dags/dump_load_dag.py
[2024-05-25T05:57:15.186+0000] {processor.py:840} INFO - DAG(s) 'extenso_assignment' retrieved from /opt/airflow/dags/dump_load_dag.py
[2024-05-25T05:57:15.210+0000] {logging_mixin.py:188} INFO - [2024-05-25T05:57:15.209+0000] {dag.py:3096} INFO - Sync 1 DAGs
[2024-05-25T05:57:15.229+0000] {logging_mixin.py:188} INFO - [2024-05-25T05:57:15.229+0000] {dag.py:3954} INFO - Setting next_dagrun for extenso_assignment to None, run_after=None
[2024-05-25T05:57:15.250+0000] {processor.py:183} INFO - Processing /opt/airflow/dags/dump_load_dag.py took 0.734 seconds
[2024-05-25T05:57:45.529+0000] {processor.py:161} INFO - Started process (PID=230) to work on /opt/airflow/dags/dump_load_dag.py
[2024-05-25T05:57:45.530+0000] {processor.py:830} INFO - Processing file /opt/airflow/dags/dump_load_dag.py for tasks to queue
[2024-05-25T05:57:45.532+0000] {logging_mixin.py:188} INFO - [2024-05-25T05:57:45.531+0000] {dagbag.py:540} INFO - Filling up the DagBag from /opt/airflow/dags/dump_load_dag.py
[2024-05-25T05:57:46.150+0000] {processor.py:840} INFO - DAG(s) 'extenso_assignment' retrieved from /opt/airflow/dags/dump_load_dag.py
[2024-05-25T05:57:46.176+0000] {logging_mixin.py:188} INFO - [2024-05-25T05:57:46.176+0000] {dag.py:3096} INFO - Sync 1 DAGs
[2024-05-25T05:57:46.197+0000] {logging_mixin.py:188} INFO - [2024-05-25T05:57:46.196+0000] {dag.py:3954} INFO - Setting next_dagrun for extenso_assignment to None, run_after=None
[2024-05-25T05:57:46.241+0000] {processor.py:183} INFO - Processing /opt/airflow/dags/dump_load_dag.py took 0.724 seconds
[2024-05-25T05:58:17.922+0000] {processor.py:161} INFO - Started process (PID=252) to work on /opt/airflow/dags/dump_load_dag.py
[2024-05-25T05:58:17.924+0000] {processor.py:830} INFO - Processing file /opt/airflow/dags/dump_load_dag.py for tasks to queue
[2024-05-25T05:58:17.926+0000] {logging_mixin.py:188} INFO - [2024-05-25T05:58:17.925+0000] {dagbag.py:540} INFO - Filling up the DagBag from /opt/airflow/dags/dump_load_dag.py
[2024-05-25T05:58:18.731+0000] {processor.py:840} INFO - DAG(s) 'extenso_assignment' retrieved from /opt/airflow/dags/dump_load_dag.py
[2024-05-25T05:58:18.755+0000] {logging_mixin.py:188} INFO - [2024-05-25T05:58:18.754+0000] {dag.py:3096} INFO - Sync 1 DAGs
[2024-05-25T05:58:18.774+0000] {logging_mixin.py:188} INFO - [2024-05-25T05:58:18.774+0000] {dag.py:3954} INFO - Setting next_dagrun for extenso_assignment to None, run_after=None
[2024-05-25T05:58:18.792+0000] {processor.py:183} INFO - Processing /opt/airflow/dags/dump_load_dag.py took 0.878 seconds
[2024-05-25T05:58:48.862+0000] {processor.py:161} INFO - Started process (PID=278) to work on /opt/airflow/dags/dump_load_dag.py
[2024-05-25T05:58:48.863+0000] {processor.py:830} INFO - Processing file /opt/airflow/dags/dump_load_dag.py for tasks to queue
[2024-05-25T05:58:48.864+0000] {logging_mixin.py:188} INFO - [2024-05-25T05:58:48.864+0000] {dagbag.py:540} INFO - Filling up the DagBag from /opt/airflow/dags/dump_load_dag.py
[2024-05-25T05:58:49.455+0000] {processor.py:840} INFO - DAG(s) 'extenso_assignment' retrieved from /opt/airflow/dags/dump_load_dag.py
[2024-05-25T05:58:49.478+0000] {logging_mixin.py:188} INFO - [2024-05-25T05:58:49.477+0000] {dag.py:3096} INFO - Sync 1 DAGs
[2024-05-25T05:58:49.496+0000] {logging_mixin.py:188} INFO - [2024-05-25T05:58:49.496+0000] {dag.py:3954} INFO - Setting next_dagrun for extenso_assignment to None, run_after=None
[2024-05-25T05:58:49.513+0000] {processor.py:183} INFO - Processing /opt/airflow/dags/dump_load_dag.py took 0.658 seconds
[2024-05-25T05:59:19.867+0000] {processor.py:161} INFO - Started process (PID=300) to work on /opt/airflow/dags/dump_load_dag.py
[2024-05-25T05:59:19.869+0000] {processor.py:830} INFO - Processing file /opt/airflow/dags/dump_load_dag.py for tasks to queue
[2024-05-25T05:59:19.871+0000] {logging_mixin.py:188} INFO - [2024-05-25T05:59:19.870+0000] {dagbag.py:540} INFO - Filling up the DagBag from /opt/airflow/dags/dump_load_dag.py
[2024-05-25T05:59:24.445+0000] {processor.py:840} INFO - DAG(s) 'extenso_assignment' retrieved from /opt/airflow/dags/dump_load_dag.py
[2024-05-25T05:59:24.678+0000] {logging_mixin.py:188} INFO - [2024-05-25T05:59:24.676+0000] {dag.py:3096} INFO - Sync 1 DAGs
[2024-05-25T05:59:24.851+0000] {logging_mixin.py:188} INFO - [2024-05-25T05:59:24.850+0000] {dag.py:3954} INFO - Setting next_dagrun for extenso_assignment to None, run_after=None
[2024-05-25T05:59:24.945+0000] {processor.py:183} INFO - Processing /opt/airflow/dags/dump_load_dag.py took 5.093 seconds
[2024-05-25T05:59:56.643+0000] {processor.py:161} INFO - Started process (PID=327) to work on /opt/airflow/dags/dump_load_dag.py
[2024-05-25T05:59:56.650+0000] {processor.py:830} INFO - Processing file /opt/airflow/dags/dump_load_dag.py for tasks to queue
[2024-05-25T05:59:56.660+0000] {logging_mixin.py:188} INFO - [2024-05-25T05:59:56.659+0000] {dagbag.py:540} INFO - Filling up the DagBag from /opt/airflow/dags/dump_load_dag.py
[2024-05-25T05:59:57.820+0000] {processor.py:840} INFO - DAG(s) 'extenso_assignment' retrieved from /opt/airflow/dags/dump_load_dag.py
[2024-05-25T05:59:58.097+0000] {logging_mixin.py:188} INFO - [2024-05-25T05:59:58.096+0000] {dag.py:3096} INFO - Sync 1 DAGs
[2024-05-25T05:59:58.118+0000] {logging_mixin.py:188} INFO - [2024-05-25T05:59:58.117+0000] {dag.py:3118} INFO - Creating ORM DAG for extenso_assignment
[2024-05-25T05:59:58.137+0000] {logging_mixin.py:188} INFO - [2024-05-25T05:59:58.137+0000] {dag.py:3954} INFO - Setting next_dagrun for extenso_assignment to 2024-03-14 00:00:00+00:00, run_after=2024-03-14 00:00:00+00:00
[2024-05-25T05:59:58.189+0000] {processor.py:183} INFO - Processing /opt/airflow/dags/dump_load_dag.py took 1.566 seconds
[2024-05-25T06:00:29.106+0000] {processor.py:161} INFO - Started process (PID=355) to work on /opt/airflow/dags/dump_load_dag.py
[2024-05-25T06:00:29.113+0000] {processor.py:830} INFO - Processing file /opt/airflow/dags/dump_load_dag.py for tasks to queue
[2024-05-25T06:00:29.114+0000] {logging_mixin.py:188} INFO - [2024-05-25T06:00:29.114+0000] {dagbag.py:540} INFO - Filling up the DagBag from /opt/airflow/dags/dump_load_dag.py
[2024-05-25T06:00:30.915+0000] {processor.py:840} INFO - DAG(s) 'extenso_assignment' retrieved from /opt/airflow/dags/dump_load_dag.py
[2024-05-25T06:00:30.990+0000] {logging_mixin.py:188} INFO - [2024-05-25T06:00:30.989+0000] {dag.py:3096} INFO - Sync 1 DAGs
[2024-05-25T06:00:31.044+0000] {logging_mixin.py:188} INFO - [2024-05-25T06:00:31.044+0000] {dag.py:3954} INFO - Setting next_dagrun for extenso_assignment to None, run_after=None
[2024-05-25T06:00:31.090+0000] {processor.py:183} INFO - Processing /opt/airflow/dags/dump_load_dag.py took 1.991 seconds
[2024-05-25T06:01:01.158+0000] {processor.py:161} INFO - Started process (PID=387) to work on /opt/airflow/dags/dump_load_dag.py
[2024-05-25T06:01:01.160+0000] {processor.py:830} INFO - Processing file /opt/airflow/dags/dump_load_dag.py for tasks to queue
[2024-05-25T06:01:01.161+0000] {logging_mixin.py:188} INFO - [2024-05-25T06:01:01.161+0000] {dagbag.py:540} INFO - Filling up the DagBag from /opt/airflow/dags/dump_load_dag.py
[2024-05-25T06:01:01.807+0000] {processor.py:840} INFO - DAG(s) 'extenso_assignment' retrieved from /opt/airflow/dags/dump_load_dag.py
[2024-05-25T06:01:01.827+0000] {logging_mixin.py:188} INFO - [2024-05-25T06:01:01.826+0000] {dag.py:3096} INFO - Sync 1 DAGs
[2024-05-25T06:01:01.845+0000] {logging_mixin.py:188} INFO - [2024-05-25T06:01:01.844+0000] {dag.py:3954} INFO - Setting next_dagrun for extenso_assignment to None, run_after=None
[2024-05-25T06:01:01.861+0000] {processor.py:183} INFO - Processing /opt/airflow/dags/dump_load_dag.py took 0.710 seconds
[2024-05-25T06:01:32.193+0000] {processor.py:161} INFO - Started process (PID=409) to work on /opt/airflow/dags/dump_load_dag.py
[2024-05-25T06:01:32.196+0000] {processor.py:830} INFO - Processing file /opt/airflow/dags/dump_load_dag.py for tasks to queue
[2024-05-25T06:01:32.199+0000] {logging_mixin.py:188} INFO - [2024-05-25T06:01:32.198+0000] {dagbag.py:540} INFO - Filling up the DagBag from /opt/airflow/dags/dump_load_dag.py
[2024-05-25T06:01:33.921+0000] {processor.py:840} INFO - DAG(s) 'extenso_assignment' retrieved from /opt/airflow/dags/dump_load_dag.py
[2024-05-25T06:01:33.967+0000] {logging_mixin.py:188} INFO - [2024-05-25T06:01:33.966+0000] {dag.py:3096} INFO - Sync 1 DAGs
[2024-05-25T06:01:34.010+0000] {logging_mixin.py:188} INFO - [2024-05-25T06:01:34.010+0000] {dag.py:3954} INFO - Setting next_dagrun for extenso_assignment to None, run_after=None
[2024-05-25T06:01:34.050+0000] {processor.py:183} INFO - Processing /opt/airflow/dags/dump_load_dag.py took 1.879 seconds
[2024-05-25T06:23:17.871+0000] {processor.py:161} INFO - Started process (PID=181) to work on /opt/airflow/dags/dump_load_dag.py
[2024-05-25T06:23:17.873+0000] {processor.py:830} INFO - Processing file /opt/airflow/dags/dump_load_dag.py for tasks to queue
[2024-05-25T06:23:17.878+0000] {logging_mixin.py:188} INFO - [2024-05-25T06:23:17.876+0000] {dagbag.py:540} INFO - Filling up the DagBag from /opt/airflow/dags/dump_load_dag.py
[2024-05-25T06:23:20.349+0000] {processor.py:840} INFO - DAG(s) 'extenso_assignment' retrieved from /opt/airflow/dags/dump_load_dag.py
[2024-05-25T06:23:20.690+0000] {logging_mixin.py:188} INFO - [2024-05-25T06:23:20.689+0000] {dag.py:3096} INFO - Sync 1 DAGs
[2024-05-25T06:23:20.740+0000] {logging_mixin.py:188} INFO - [2024-05-25T06:23:20.740+0000] {dag.py:3954} INFO - Setting next_dagrun for extenso_assignment to None, run_after=None
[2024-05-25T06:23:20.798+0000] {processor.py:183} INFO - Processing /opt/airflow/dags/dump_load_dag.py took 2.959 seconds
[2024-05-25T06:23:51.059+0000] {processor.py:161} INFO - Started process (PID=205) to work on /opt/airflow/dags/dump_load_dag.py
[2024-05-25T06:23:51.061+0000] {processor.py:830} INFO - Processing file /opt/airflow/dags/dump_load_dag.py for tasks to queue
[2024-05-25T06:23:51.066+0000] {logging_mixin.py:188} INFO - [2024-05-25T06:23:51.064+0000] {dagbag.py:540} INFO - Filling up the DagBag from /opt/airflow/dags/dump_load_dag.py
[2024-05-25T06:23:53.165+0000] {processor.py:840} INFO - DAG(s) 'extenso_assignment' retrieved from /opt/airflow/dags/dump_load_dag.py
[2024-05-25T06:23:53.399+0000] {logging_mixin.py:188} INFO - [2024-05-25T06:23:53.398+0000] {dag.py:3096} INFO - Sync 1 DAGs
[2024-05-25T06:23:53.422+0000] {logging_mixin.py:188} INFO - [2024-05-25T06:23:53.421+0000] {dag.py:3118} INFO - Creating ORM DAG for extenso_assignment
[2024-05-25T06:23:53.454+0000] {logging_mixin.py:188} INFO - [2024-05-25T06:23:53.454+0000] {dag.py:3954} INFO - Setting next_dagrun for extenso_assignment to 2024-03-14 00:00:00+00:00, run_after=2024-03-14 00:00:00+00:00
[2024-05-25T06:23:53.484+0000] {processor.py:183} INFO - Processing /opt/airflow/dags/dump_load_dag.py took 2.448 seconds
[2024-05-25T06:24:23.837+0000] {processor.py:161} INFO - Started process (PID=235) to work on /opt/airflow/dags/dump_load_dag.py
[2024-05-25T06:24:23.839+0000] {processor.py:830} INFO - Processing file /opt/airflow/dags/dump_load_dag.py for tasks to queue
[2024-05-25T06:24:23.843+0000] {logging_mixin.py:188} INFO - [2024-05-25T06:24:23.842+0000] {dagbag.py:540} INFO - Filling up the DagBag from /opt/airflow/dags/dump_load_dag.py
[2024-05-25T06:24:25.214+0000] {processor.py:840} INFO - DAG(s) 'extenso_assignment' retrieved from /opt/airflow/dags/dump_load_dag.py
[2024-05-25T06:24:25.256+0000] {logging_mixin.py:188} INFO - [2024-05-25T06:24:25.255+0000] {dag.py:3096} INFO - Sync 1 DAGs
[2024-05-25T06:24:25.301+0000] {logging_mixin.py:188} INFO - [2024-05-25T06:24:25.301+0000] {dag.py:3954} INFO - Setting next_dagrun for extenso_assignment to None, run_after=None
[2024-05-25T06:24:25.330+0000] {processor.py:183} INFO - Processing /opt/airflow/dags/dump_load_dag.py took 1.512 seconds
[2024-05-25T06:24:55.805+0000] {processor.py:161} INFO - Started process (PID=259) to work on /opt/airflow/dags/dump_load_dag.py
[2024-05-25T06:24:55.807+0000] {processor.py:830} INFO - Processing file /opt/airflow/dags/dump_load_dag.py for tasks to queue
[2024-05-25T06:24:55.816+0000] {logging_mixin.py:188} INFO - [2024-05-25T06:24:55.815+0000] {dagbag.py:540} INFO - Filling up the DagBag from /opt/airflow/dags/dump_load_dag.py
[2024-05-25T06:24:57.662+0000] {processor.py:840} INFO - DAG(s) 'extenso_assignment' retrieved from /opt/airflow/dags/dump_load_dag.py
[2024-05-25T06:24:57.745+0000] {logging_mixin.py:188} INFO - [2024-05-25T06:24:57.744+0000] {dag.py:3096} INFO - Sync 1 DAGs
[2024-05-25T06:24:57.829+0000] {logging_mixin.py:188} INFO - [2024-05-25T06:24:57.828+0000] {dag.py:3954} INFO - Setting next_dagrun for extenso_assignment to None, run_after=None
[2024-05-25T06:24:57.881+0000] {processor.py:183} INFO - Processing /opt/airflow/dags/dump_load_dag.py took 2.096 seconds
[2024-05-25T06:25:28.161+0000] {processor.py:161} INFO - Started process (PID=285) to work on /opt/airflow/dags/dump_load_dag.py
[2024-05-25T06:25:28.165+0000] {processor.py:830} INFO - Processing file /opt/airflow/dags/dump_load_dag.py for tasks to queue
[2024-05-25T06:25:28.167+0000] {logging_mixin.py:188} INFO - [2024-05-25T06:25:28.166+0000] {dagbag.py:540} INFO - Filling up the DagBag from /opt/airflow/dags/dump_load_dag.py
[2024-05-25T06:25:29.276+0000] {processor.py:840} INFO - DAG(s) 'extenso_assignment' retrieved from /opt/airflow/dags/dump_load_dag.py
[2024-05-25T06:25:29.309+0000] {logging_mixin.py:188} INFO - [2024-05-25T06:25:29.308+0000] {dag.py:3096} INFO - Sync 1 DAGs
[2024-05-25T06:25:29.334+0000] {logging_mixin.py:188} INFO - [2024-05-25T06:25:29.333+0000] {dag.py:3954} INFO - Setting next_dagrun for extenso_assignment to None, run_after=None
[2024-05-25T06:25:29.357+0000] {processor.py:183} INFO - Processing /opt/airflow/dags/dump_load_dag.py took 1.207 seconds
[2024-05-25T06:41:20.956+0000] {processor.py:161} INFO - Started process (PID=181) to work on /opt/airflow/dags/dump_load_dag.py
[2024-05-25T06:41:20.961+0000] {processor.py:830} INFO - Processing file /opt/airflow/dags/dump_load_dag.py for tasks to queue
[2024-05-25T06:41:20.968+0000] {logging_mixin.py:188} INFO - [2024-05-25T06:41:20.965+0000] {dagbag.py:540} INFO - Filling up the DagBag from /opt/airflow/dags/dump_load_dag.py
[2024-05-25T06:41:22.816+0000] {processor.py:840} INFO - DAG(s) 'extenso_assignment' retrieved from /opt/airflow/dags/dump_load_dag.py
[2024-05-25T06:41:23.217+0000] {logging_mixin.py:188} INFO - [2024-05-25T06:41:23.216+0000] {dag.py:3096} INFO - Sync 1 DAGs
[2024-05-25T06:41:23.282+0000] {logging_mixin.py:188} INFO - [2024-05-25T06:41:23.282+0000] {dag.py:3954} INFO - Setting next_dagrun for extenso_assignment to None, run_after=None
[2024-05-25T06:41:23.344+0000] {processor.py:183} INFO - Processing /opt/airflow/dags/dump_load_dag.py took 2.441 seconds
[2024-05-25T06:41:53.500+0000] {processor.py:161} INFO - Started process (PID=207) to work on /opt/airflow/dags/dump_load_dag.py
[2024-05-25T06:41:53.505+0000] {processor.py:830} INFO - Processing file /opt/airflow/dags/dump_load_dag.py for tasks to queue
[2024-05-25T06:41:53.510+0000] {logging_mixin.py:188} INFO - [2024-05-25T06:41:53.509+0000] {dagbag.py:540} INFO - Filling up the DagBag from /opt/airflow/dags/dump_load_dag.py
[2024-05-25T06:41:56.326+0000] {processor.py:840} INFO - DAG(s) 'extenso_assignment' retrieved from /opt/airflow/dags/dump_load_dag.py
[2024-05-25T06:41:56.964+0000] {logging_mixin.py:188} INFO - [2024-05-25T06:41:56.962+0000] {dag.py:3096} INFO - Sync 1 DAGs
[2024-05-25T06:41:57.001+0000] {logging_mixin.py:188} INFO - [2024-05-25T06:41:57.000+0000] {dag.py:3118} INFO - Creating ORM DAG for extenso_assignment
[2024-05-25T06:41:57.026+0000] {logging_mixin.py:188} INFO - [2024-05-25T06:41:57.025+0000] {dag.py:3954} INFO - Setting next_dagrun for extenso_assignment to 2024-03-14 00:00:00+00:00, run_after=2024-03-14 00:00:00+00:00
[2024-05-25T06:41:57.063+0000] {processor.py:183} INFO - Processing /opt/airflow/dags/dump_load_dag.py took 3.578 seconds
[2024-05-25T06:42:27.562+0000] {processor.py:161} INFO - Started process (PID=237) to work on /opt/airflow/dags/dump_load_dag.py
[2024-05-25T06:42:27.564+0000] {processor.py:830} INFO - Processing file /opt/airflow/dags/dump_load_dag.py for tasks to queue
[2024-05-25T06:42:27.566+0000] {logging_mixin.py:188} INFO - [2024-05-25T06:42:27.566+0000] {dagbag.py:540} INFO - Filling up the DagBag from /opt/airflow/dags/dump_load_dag.py
[2024-05-25T06:42:28.828+0000] {processor.py:840} INFO - DAG(s) 'extenso_assignment' retrieved from /opt/airflow/dags/dump_load_dag.py
[2024-05-25T06:42:28.856+0000] {logging_mixin.py:188} INFO - [2024-05-25T06:42:28.855+0000] {dag.py:3096} INFO - Sync 1 DAGs
[2024-05-25T06:42:28.882+0000] {logging_mixin.py:188} INFO - [2024-05-25T06:42:28.882+0000] {dag.py:3954} INFO - Setting next_dagrun for extenso_assignment to None, run_after=None
[2024-05-25T06:42:28.906+0000] {processor.py:183} INFO - Processing /opt/airflow/dags/dump_load_dag.py took 1.360 seconds
[2024-05-25T06:42:59.313+0000] {processor.py:161} INFO - Started process (PID=262) to work on /opt/airflow/dags/dump_load_dag.py
[2024-05-25T06:42:59.314+0000] {processor.py:830} INFO - Processing file /opt/airflow/dags/dump_load_dag.py for tasks to queue
[2024-05-25T06:42:59.317+0000] {logging_mixin.py:188} INFO - [2024-05-25T06:42:59.316+0000] {dagbag.py:540} INFO - Filling up the DagBag from /opt/airflow/dags/dump_load_dag.py
[2024-05-25T06:43:00.521+0000] {processor.py:840} INFO - DAG(s) 'extenso_assignment' retrieved from /opt/airflow/dags/dump_load_dag.py
[2024-05-25T06:43:00.569+0000] {logging_mixin.py:188} INFO - [2024-05-25T06:43:00.568+0000] {dag.py:3096} INFO - Sync 1 DAGs
[2024-05-25T06:43:00.607+0000] {logging_mixin.py:188} INFO - [2024-05-25T06:43:00.607+0000] {dag.py:3954} INFO - Setting next_dagrun for extenso_assignment to None, run_after=None
[2024-05-25T06:43:00.638+0000] {processor.py:183} INFO - Processing /opt/airflow/dags/dump_load_dag.py took 1.342 seconds
[2024-05-25T06:43:30.763+0000] {processor.py:161} INFO - Started process (PID=286) to work on /opt/airflow/dags/dump_load_dag.py
[2024-05-25T06:43:30.765+0000] {processor.py:830} INFO - Processing file /opt/airflow/dags/dump_load_dag.py for tasks to queue
[2024-05-25T06:43:30.768+0000] {logging_mixin.py:188} INFO - [2024-05-25T06:43:30.767+0000] {dagbag.py:540} INFO - Filling up the DagBag from /opt/airflow/dags/dump_load_dag.py
[2024-05-25T06:43:31.698+0000] {processor.py:840} INFO - DAG(s) 'extenso_assignment' retrieved from /opt/airflow/dags/dump_load_dag.py
[2024-05-25T06:43:31.734+0000] {logging_mixin.py:188} INFO - [2024-05-25T06:43:31.733+0000] {dag.py:3096} INFO - Sync 1 DAGs
[2024-05-25T06:43:31.755+0000] {logging_mixin.py:188} INFO - [2024-05-25T06:43:31.755+0000] {dag.py:3954} INFO - Setting next_dagrun for extenso_assignment to None, run_after=None
[2024-05-25T06:43:31.775+0000] {processor.py:183} INFO - Processing /opt/airflow/dags/dump_load_dag.py took 1.025 seconds
[2024-05-25T06:44:02.539+0000] {processor.py:161} INFO - Started process (PID=310) to work on /opt/airflow/dags/dump_load_dag.py
[2024-05-25T06:44:02.541+0000] {processor.py:830} INFO - Processing file /opt/airflow/dags/dump_load_dag.py for tasks to queue
[2024-05-25T06:44:02.543+0000] {logging_mixin.py:188} INFO - [2024-05-25T06:44:02.542+0000] {dagbag.py:540} INFO - Filling up the DagBag from /opt/airflow/dags/dump_load_dag.py
[2024-05-25T06:44:03.789+0000] {processor.py:840} INFO - DAG(s) 'extenso_assignment' retrieved from /opt/airflow/dags/dump_load_dag.py
[2024-05-25T06:44:03.840+0000] {logging_mixin.py:188} INFO - [2024-05-25T06:44:03.839+0000] {dag.py:3096} INFO - Sync 1 DAGs
[2024-05-25T06:44:03.885+0000] {logging_mixin.py:188} INFO - [2024-05-25T06:44:03.885+0000] {dag.py:3954} INFO - Setting next_dagrun for extenso_assignment to None, run_after=None
[2024-05-25T06:44:03.928+0000] {processor.py:183} INFO - Processing /opt/airflow/dags/dump_load_dag.py took 1.404 seconds
[2024-05-25T06:44:34.630+0000] {processor.py:161} INFO - Started process (PID=334) to work on /opt/airflow/dags/dump_load_dag.py
[2024-05-25T06:44:34.637+0000] {processor.py:830} INFO - Processing file /opt/airflow/dags/dump_load_dag.py for tasks to queue
[2024-05-25T06:44:34.650+0000] {logging_mixin.py:188} INFO - [2024-05-25T06:44:34.649+0000] {dagbag.py:540} INFO - Filling up the DagBag from /opt/airflow/dags/dump_load_dag.py
[2024-05-25T06:44:35.636+0000] {processor.py:840} INFO - DAG(s) 'extenso_assignment' retrieved from /opt/airflow/dags/dump_load_dag.py
[2024-05-25T06:44:35.675+0000] {logging_mixin.py:188} INFO - [2024-05-25T06:44:35.674+0000] {dag.py:3096} INFO - Sync 1 DAGs
[2024-05-25T06:44:35.715+0000] {logging_mixin.py:188} INFO - [2024-05-25T06:44:35.715+0000] {dag.py:3954} INFO - Setting next_dagrun for extenso_assignment to None, run_after=None
[2024-05-25T06:44:35.745+0000] {processor.py:183} INFO - Processing /opt/airflow/dags/dump_load_dag.py took 1.126 seconds
[2024-05-25T06:45:06.861+0000] {processor.py:161} INFO - Started process (PID=356) to work on /opt/airflow/dags/dump_load_dag.py
[2024-05-25T06:45:06.866+0000] {processor.py:830} INFO - Processing file /opt/airflow/dags/dump_load_dag.py for tasks to queue
[2024-05-25T06:45:06.874+0000] {logging_mixin.py:188} INFO - [2024-05-25T06:45:06.873+0000] {dagbag.py:540} INFO - Filling up the DagBag from /opt/airflow/dags/dump_load_dag.py
[2024-05-25T06:45:08.187+0000] {processor.py:840} INFO - DAG(s) 'extenso_assignment' retrieved from /opt/airflow/dags/dump_load_dag.py
[2024-05-25T06:45:08.264+0000] {logging_mixin.py:188} INFO - [2024-05-25T06:45:08.263+0000] {dag.py:3096} INFO - Sync 1 DAGs
[2024-05-25T06:45:08.303+0000] {logging_mixin.py:188} INFO - [2024-05-25T06:45:08.302+0000] {dag.py:3954} INFO - Setting next_dagrun for extenso_assignment to None, run_after=None
[2024-05-25T06:45:08.331+0000] {processor.py:183} INFO - Processing /opt/airflow/dags/dump_load_dag.py took 1.501 seconds
[2024-05-25T06:45:43.797+0000] {processor.py:161} INFO - Started process (PID=380) to work on /opt/airflow/dags/dump_load_dag.py
[2024-05-25T06:45:43.808+0000] {processor.py:830} INFO - Processing file /opt/airflow/dags/dump_load_dag.py for tasks to queue
[2024-05-25T06:45:43.835+0000] {logging_mixin.py:188} INFO - [2024-05-25T06:45:43.823+0000] {dagbag.py:540} INFO - Filling up the DagBag from /opt/airflow/dags/dump_load_dag.py
[2024-05-25T06:45:46.179+0000] {processor.py:840} INFO - DAG(s) 'extenso_assignment' retrieved from /opt/airflow/dags/dump_load_dag.py
[2024-05-25T06:45:46.702+0000] {logging_mixin.py:188} INFO - [2024-05-25T06:45:46.701+0000] {dag.py:3096} INFO - Sync 1 DAGs
[2024-05-25T06:45:46.726+0000] {logging_mixin.py:188} INFO - [2024-05-25T06:45:46.725+0000] {dag.py:3118} INFO - Creating ORM DAG for extenso_assignment
[2024-05-25T06:45:46.758+0000] {logging_mixin.py:188} INFO - [2024-05-25T06:45:46.757+0000] {dag.py:3954} INFO - Setting next_dagrun for extenso_assignment to 2024-03-14 00:00:00+00:00, run_after=2024-03-14 00:00:00+00:00
[2024-05-25T06:45:46.803+0000] {processor.py:183} INFO - Processing /opt/airflow/dags/dump_load_dag.py took 3.032 seconds
[2024-05-25T06:46:30.841+0000] {processor.py:161} INFO - Started process (PID=416) to work on /opt/airflow/dags/dump_load_dag.py
[2024-05-25T06:46:30.843+0000] {processor.py:830} INFO - Processing file /opt/airflow/dags/dump_load_dag.py for tasks to queue
[2024-05-25T06:46:30.847+0000] {logging_mixin.py:188} INFO - [2024-05-25T06:46:30.846+0000] {dagbag.py:540} INFO - Filling up the DagBag from /opt/airflow/dags/dump_load_dag.py
[2024-05-25T06:46:32.802+0000] {processor.py:840} INFO - DAG(s) 'extenso_assignment' retrieved from /opt/airflow/dags/dump_load_dag.py
[2024-05-25T06:46:32.839+0000] {logging_mixin.py:188} INFO - [2024-05-25T06:46:32.839+0000] {dag.py:3096} INFO - Sync 1 DAGs
[2024-05-25T06:46:32.895+0000] {logging_mixin.py:188} INFO - [2024-05-25T06:46:32.893+0000] {dag.py:3954} INFO - Setting next_dagrun for extenso_assignment to None, run_after=None
[2024-05-25T06:46:32.942+0000] {processor.py:183} INFO - Processing /opt/airflow/dags/dump_load_dag.py took 2.132 seconds
[2024-05-25T06:48:37.430+0000] {processor.py:161} INFO - Started process (PID=182) to work on /opt/airflow/dags/dump_load_dag.py
[2024-05-25T06:48:37.431+0000] {processor.py:830} INFO - Processing file /opt/airflow/dags/dump_load_dag.py for tasks to queue
[2024-05-25T06:48:37.433+0000] {logging_mixin.py:188} INFO - [2024-05-25T06:48:37.432+0000] {dagbag.py:540} INFO - Filling up the DagBag from /opt/airflow/dags/dump_load_dag.py
[2024-05-25T06:48:38.699+0000] {processor.py:840} INFO - DAG(s) 'extenso_assignment' retrieved from /opt/airflow/dags/dump_load_dag.py
[2024-05-25T06:48:39.090+0000] {logging_mixin.py:188} INFO - [2024-05-25T06:48:39.090+0000] {dag.py:3096} INFO - Sync 1 DAGs
[2024-05-25T06:48:39.124+0000] {logging_mixin.py:188} INFO - [2024-05-25T06:48:39.124+0000] {dag.py:3954} INFO - Setting next_dagrun for extenso_assignment to None, run_after=None
[2024-05-25T06:48:39.178+0000] {processor.py:183} INFO - Processing /opt/airflow/dags/dump_load_dag.py took 1.759 seconds
[2024-05-25T06:49:09.286+0000] {processor.py:161} INFO - Started process (PID=206) to work on /opt/airflow/dags/dump_load_dag.py
[2024-05-25T06:49:09.287+0000] {processor.py:830} INFO - Processing file /opt/airflow/dags/dump_load_dag.py for tasks to queue
[2024-05-25T06:49:09.289+0000] {logging_mixin.py:188} INFO - [2024-05-25T06:49:09.289+0000] {dagbag.py:540} INFO - Filling up the DagBag from /opt/airflow/dags/dump_load_dag.py
[2024-05-25T06:49:10.573+0000] {processor.py:840} INFO - DAG(s) 'extenso_assignment' retrieved from /opt/airflow/dags/dump_load_dag.py
[2024-05-25T06:49:10.617+0000] {logging_mixin.py:188} INFO - [2024-05-25T06:49:10.616+0000] {dag.py:3096} INFO - Sync 1 DAGs
[2024-05-25T06:49:10.648+0000] {logging_mixin.py:188} INFO - [2024-05-25T06:49:10.648+0000] {dag.py:3954} INFO - Setting next_dagrun for extenso_assignment to None, run_after=None
[2024-05-25T06:49:10.677+0000] {processor.py:183} INFO - Processing /opt/airflow/dags/dump_load_dag.py took 1.412 seconds
[2024-05-25T06:49:43.823+0000] {processor.py:161} INFO - Started process (PID=228) to work on /opt/airflow/dags/dump_load_dag.py
[2024-05-25T06:49:43.840+0000] {processor.py:830} INFO - Processing file /opt/airflow/dags/dump_load_dag.py for tasks to queue
[2024-05-25T06:49:43.851+0000] {logging_mixin.py:188} INFO - [2024-05-25T06:49:43.850+0000] {dagbag.py:540} INFO - Filling up the DagBag from /opt/airflow/dags/dump_load_dag.py
[2024-05-25T06:49:49.157+0000] {processor.py:840} INFO - DAG(s) 'extenso_assignment' retrieved from /opt/airflow/dags/dump_load_dag.py
[2024-05-25T06:49:49.237+0000] {logging_mixin.py:188} INFO - [2024-05-25T06:49:49.236+0000] {dag.py:3096} INFO - Sync 1 DAGs
[2024-05-25T06:49:49.317+0000] {logging_mixin.py:188} INFO - [2024-05-25T06:49:49.317+0000] {dag.py:3954} INFO - Setting next_dagrun for extenso_assignment to None, run_after=None
[2024-05-25T06:49:49.464+0000] {processor.py:183} INFO - Processing /opt/airflow/dags/dump_load_dag.py took 5.662 seconds
[2024-05-25T06:50:20.547+0000] {processor.py:161} INFO - Started process (PID=255) to work on /opt/airflow/dags/dump_load_dag.py
[2024-05-25T06:50:20.549+0000] {processor.py:830} INFO - Processing file /opt/airflow/dags/dump_load_dag.py for tasks to queue
[2024-05-25T06:50:20.552+0000] {logging_mixin.py:188} INFO - [2024-05-25T06:50:20.551+0000] {dagbag.py:540} INFO - Filling up the DagBag from /opt/airflow/dags/dump_load_dag.py
[2024-05-25T06:50:27.860+0000] {processor.py:840} INFO - DAG(s) 'extenso_assignment' retrieved from /opt/airflow/dags/dump_load_dag.py
[2024-05-25T06:50:28.400+0000] {logging_mixin.py:188} INFO - [2024-05-25T06:50:28.399+0000] {dag.py:3096} INFO - Sync 1 DAGs
[2024-05-25T06:50:28.422+0000] {logging_mixin.py:188} INFO - [2024-05-25T06:50:28.421+0000] {dag.py:3118} INFO - Creating ORM DAG for extenso_assignment
[2024-05-25T06:50:28.441+0000] {logging_mixin.py:188} INFO - [2024-05-25T06:50:28.441+0000] {dag.py:3954} INFO - Setting next_dagrun for extenso_assignment to 2024-03-14 00:00:00+00:00, run_after=2024-03-14 00:00:00+00:00
[2024-05-25T06:50:28.488+0000] {processor.py:183} INFO - Processing /opt/airflow/dags/dump_load_dag.py took 7.965 seconds
[2024-05-25T06:50:58.774+0000] {processor.py:161} INFO - Started process (PID=285) to work on /opt/airflow/dags/dump_load_dag.py
[2024-05-25T06:50:58.776+0000] {processor.py:830} INFO - Processing file /opt/airflow/dags/dump_load_dag.py for tasks to queue
[2024-05-25T06:50:58.778+0000] {logging_mixin.py:188} INFO - [2024-05-25T06:50:58.777+0000] {dagbag.py:540} INFO - Filling up the DagBag from /opt/airflow/dags/dump_load_dag.py
[2024-05-25T06:50:59.960+0000] {processor.py:840} INFO - DAG(s) 'extenso_assignment' retrieved from /opt/airflow/dags/dump_load_dag.py
[2024-05-25T06:50:59.993+0000] {logging_mixin.py:188} INFO - [2024-05-25T06:50:59.992+0000] {dag.py:3096} INFO - Sync 1 DAGs
[2024-05-25T06:51:00.043+0000] {logging_mixin.py:188} INFO - [2024-05-25T06:51:00.042+0000] {dag.py:3954} INFO - Setting next_dagrun for extenso_assignment to None, run_after=None
[2024-05-25T06:51:00.097+0000] {processor.py:183} INFO - Processing /opt/airflow/dags/dump_load_dag.py took 1.339 seconds
[2024-05-25T06:51:30.490+0000] {processor.py:161} INFO - Started process (PID=308) to work on /opt/airflow/dags/dump_load_dag.py
[2024-05-25T06:51:30.491+0000] {processor.py:830} INFO - Processing file /opt/airflow/dags/dump_load_dag.py for tasks to queue
[2024-05-25T06:51:30.493+0000] {logging_mixin.py:188} INFO - [2024-05-25T06:51:30.492+0000] {dagbag.py:540} INFO - Filling up the DagBag from /opt/airflow/dags/dump_load_dag.py
[2024-05-25T06:51:31.485+0000] {processor.py:840} INFO - DAG(s) 'extenso_assignment' retrieved from /opt/airflow/dags/dump_load_dag.py
[2024-05-25T06:51:31.517+0000] {logging_mixin.py:188} INFO - [2024-05-25T06:51:31.516+0000] {dag.py:3096} INFO - Sync 1 DAGs
[2024-05-25T06:51:31.552+0000] {logging_mixin.py:188} INFO - [2024-05-25T06:51:31.552+0000] {dag.py:3954} INFO - Setting next_dagrun for extenso_assignment to None, run_after=None
[2024-05-25T06:51:31.583+0000] {processor.py:183} INFO - Processing /opt/airflow/dags/dump_load_dag.py took 1.103 seconds
