[2024-05-25T05:37:21.530+0000] {processor.py:161} INFO - Started process (PID=165) to work on /opt/airflow/dags/merging_data.py
[2024-05-25T05:37:21.531+0000] {processor.py:830} INFO - Processing file /opt/airflow/dags/merging_data.py for tasks to queue
[2024-05-25T05:37:21.533+0000] {logging_mixin.py:188} INFO - [2024-05-25T05:37:21.532+0000] {dagbag.py:540} INFO - Filling up the DagBag from /opt/airflow/dags/merging_data.py
[2024-05-25T05:37:25.563+0000] {processor.py:842} WARNING - No viable dags retrieved from /opt/airflow/dags/merging_data.py
[2024-05-25T05:37:25.576+0000] {processor.py:183} INFO - Processing /opt/airflow/dags/merging_data.py took 4.057 seconds
[2024-05-25T05:37:55.894+0000] {processor.py:161} INFO - Started process (PID=189) to work on /opt/airflow/dags/merging_data.py
[2024-05-25T05:37:55.896+0000] {processor.py:830} INFO - Processing file /opt/airflow/dags/merging_data.py for tasks to queue
[2024-05-25T05:37:55.898+0000] {logging_mixin.py:188} INFO - [2024-05-25T05:37:55.897+0000] {dagbag.py:540} INFO - Filling up the DagBag from /opt/airflow/dags/merging_data.py
[2024-05-25T05:37:56.319+0000] {processor.py:842} WARNING - No viable dags retrieved from /opt/airflow/dags/merging_data.py
[2024-05-25T05:37:56.353+0000] {processor.py:183} INFO - Processing /opt/airflow/dags/merging_data.py took 0.470 seconds
[2024-05-25T05:38:27.227+0000] {processor.py:161} INFO - Started process (PID=213) to work on /opt/airflow/dags/merging_data.py
[2024-05-25T05:38:27.228+0000] {processor.py:830} INFO - Processing file /opt/airflow/dags/merging_data.py for tasks to queue
[2024-05-25T05:38:27.229+0000] {logging_mixin.py:188} INFO - [2024-05-25T05:38:27.229+0000] {dagbag.py:540} INFO - Filling up the DagBag from /opt/airflow/dags/merging_data.py
[2024-05-25T05:38:28.633+0000] {processor.py:842} WARNING - No viable dags retrieved from /opt/airflow/dags/merging_data.py
[2024-05-25T05:38:28.750+0000] {processor.py:183} INFO - Processing /opt/airflow/dags/merging_data.py took 1.532 seconds
[2024-05-25T05:43:51.188+0000] {processor.py:161} INFO - Started process (PID=165) to work on /opt/airflow/dags/merging_data.py
[2024-05-25T05:43:51.189+0000] {processor.py:830} INFO - Processing file /opt/airflow/dags/merging_data.py for tasks to queue
[2024-05-25T05:43:51.190+0000] {logging_mixin.py:188} INFO - [2024-05-25T05:43:51.190+0000] {dagbag.py:540} INFO - Filling up the DagBag from /opt/airflow/dags/merging_data.py
[2024-05-25T05:43:52.545+0000] {processor.py:842} WARNING - No viable dags retrieved from /opt/airflow/dags/merging_data.py
[2024-05-25T05:43:52.565+0000] {processor.py:183} INFO - Processing /opt/airflow/dags/merging_data.py took 1.387 seconds
[2024-05-25T05:44:23.109+0000] {processor.py:161} INFO - Started process (PID=190) to work on /opt/airflow/dags/merging_data.py
[2024-05-25T05:44:23.111+0000] {processor.py:830} INFO - Processing file /opt/airflow/dags/merging_data.py for tasks to queue
[2024-05-25T05:44:23.113+0000] {logging_mixin.py:188} INFO - [2024-05-25T05:44:23.112+0000] {dagbag.py:540} INFO - Filling up the DagBag from /opt/airflow/dags/merging_data.py
[2024-05-25T05:44:24.348+0000] {processor.py:842} WARNING - No viable dags retrieved from /opt/airflow/dags/merging_data.py
[2024-05-25T05:44:24.437+0000] {processor.py:183} INFO - Processing /opt/airflow/dags/merging_data.py took 1.337 seconds
[2024-05-25T05:44:54.806+0000] {processor.py:161} INFO - Started process (PID=215) to work on /opt/airflow/dags/merging_data.py
[2024-05-25T05:44:54.807+0000] {processor.py:830} INFO - Processing file /opt/airflow/dags/merging_data.py for tasks to queue
[2024-05-25T05:44:54.808+0000] {logging_mixin.py:188} INFO - [2024-05-25T05:44:54.808+0000] {dagbag.py:540} INFO - Filling up the DagBag from /opt/airflow/dags/merging_data.py
[2024-05-25T05:44:55.187+0000] {processor.py:842} WARNING - No viable dags retrieved from /opt/airflow/dags/merging_data.py
[2024-05-25T05:44:55.208+0000] {processor.py:183} INFO - Processing /opt/airflow/dags/merging_data.py took 0.408 seconds
[2024-05-25T05:45:25.983+0000] {processor.py:161} INFO - Started process (PID=238) to work on /opt/airflow/dags/merging_data.py
[2024-05-25T05:45:25.984+0000] {processor.py:830} INFO - Processing file /opt/airflow/dags/merging_data.py for tasks to queue
[2024-05-25T05:45:25.986+0000] {logging_mixin.py:188} INFO - [2024-05-25T05:45:25.985+0000] {dagbag.py:540} INFO - Filling up the DagBag from /opt/airflow/dags/merging_data.py
[2024-05-25T05:45:27.536+0000] {processor.py:842} WARNING - No viable dags retrieved from /opt/airflow/dags/merging_data.py
[2024-05-25T05:45:27.582+0000] {processor.py:183} INFO - Processing /opt/airflow/dags/merging_data.py took 1.609 seconds
[2024-05-25T05:53:46.986+0000] {processor.py:161} INFO - Started process (PID=165) to work on /opt/airflow/dags/merging_data.py
[2024-05-25T05:53:46.987+0000] {processor.py:830} INFO - Processing file /opt/airflow/dags/merging_data.py for tasks to queue
[2024-05-25T05:53:46.988+0000] {logging_mixin.py:188} INFO - [2024-05-25T05:53:46.988+0000] {dagbag.py:540} INFO - Filling up the DagBag from /opt/airflow/dags/merging_data.py
[2024-05-25T05:53:48.381+0000] {processor.py:842} WARNING - No viable dags retrieved from /opt/airflow/dags/merging_data.py
[2024-05-25T05:53:48.402+0000] {processor.py:183} INFO - Processing /opt/airflow/dags/merging_data.py took 1.425 seconds
[2024-05-25T05:54:18.592+0000] {processor.py:161} INFO - Started process (PID=190) to work on /opt/airflow/dags/merging_data.py
[2024-05-25T05:54:18.594+0000] {processor.py:830} INFO - Processing file /opt/airflow/dags/merging_data.py for tasks to queue
[2024-05-25T05:54:18.596+0000] {logging_mixin.py:188} INFO - [2024-05-25T05:54:18.595+0000] {dagbag.py:540} INFO - Filling up the DagBag from /opt/airflow/dags/merging_data.py
[2024-05-25T05:54:18.911+0000] {processor.py:842} WARNING - No viable dags retrieved from /opt/airflow/dags/merging_data.py
[2024-05-25T05:54:18.930+0000] {processor.py:183} INFO - Processing /opt/airflow/dags/merging_data.py took 0.347 seconds
[2024-05-25T05:54:49.505+0000] {processor.py:161} INFO - Started process (PID=214) to work on /opt/airflow/dags/merging_data.py
[2024-05-25T05:54:49.506+0000] {processor.py:830} INFO - Processing file /opt/airflow/dags/merging_data.py for tasks to queue
[2024-05-25T05:54:49.507+0000] {logging_mixin.py:188} INFO - [2024-05-25T05:54:49.507+0000] {dagbag.py:540} INFO - Filling up the DagBag from /opt/airflow/dags/merging_data.py
[2024-05-25T05:54:50.106+0000] {processor.py:842} WARNING - No viable dags retrieved from /opt/airflow/dags/merging_data.py
[2024-05-25T05:54:50.131+0000] {processor.py:183} INFO - Processing /opt/airflow/dags/merging_data.py took 0.635 seconds
[2024-05-25T05:56:41.016+0000] {processor.py:161} INFO - Started process (PID=165) to work on /opt/airflow/dags/merging_data.py
[2024-05-25T05:56:41.018+0000] {processor.py:830} INFO - Processing file /opt/airflow/dags/merging_data.py for tasks to queue
[2024-05-25T05:56:41.022+0000] {logging_mixin.py:188} INFO - [2024-05-25T05:56:41.020+0000] {dagbag.py:540} INFO - Filling up the DagBag from /opt/airflow/dags/merging_data.py
[2024-05-25T05:56:42.301+0000] {processor.py:842} WARNING - No viable dags retrieved from /opt/airflow/dags/merging_data.py
[2024-05-25T05:56:42.363+0000] {processor.py:183} INFO - Processing /opt/airflow/dags/merging_data.py took 1.399 seconds
[2024-05-25T05:57:12.981+0000] {processor.py:161} INFO - Started process (PID=194) to work on /opt/airflow/dags/merging_data.py
[2024-05-25T05:57:12.983+0000] {processor.py:830} INFO - Processing file /opt/airflow/dags/merging_data.py for tasks to queue
[2024-05-25T05:57:12.985+0000] {logging_mixin.py:188} INFO - [2024-05-25T05:57:12.984+0000] {dagbag.py:540} INFO - Filling up the DagBag from /opt/airflow/dags/merging_data.py
[2024-05-25T05:57:13.432+0000] {processor.py:842} WARNING - No viable dags retrieved from /opt/airflow/dags/merging_data.py
[2024-05-25T05:57:13.460+0000] {processor.py:183} INFO - Processing /opt/airflow/dags/merging_data.py took 0.489 seconds
[2024-05-25T05:57:44.091+0000] {processor.py:161} INFO - Started process (PID=218) to work on /opt/airflow/dags/merging_data.py
[2024-05-25T05:57:44.092+0000] {processor.py:830} INFO - Processing file /opt/airflow/dags/merging_data.py for tasks to queue
[2024-05-25T05:57:44.093+0000] {logging_mixin.py:188} INFO - [2024-05-25T05:57:44.093+0000] {dagbag.py:540} INFO - Filling up the DagBag from /opt/airflow/dags/merging_data.py
[2024-05-25T05:57:44.457+0000] {processor.py:842} WARNING - No viable dags retrieved from /opt/airflow/dags/merging_data.py
[2024-05-25T05:57:44.472+0000] {processor.py:183} INFO - Processing /opt/airflow/dags/merging_data.py took 0.392 seconds
[2024-05-25T05:58:14.835+0000] {processor.py:161} INFO - Started process (PID=242) to work on /opt/airflow/dags/merging_data.py
[2024-05-25T05:58:14.838+0000] {processor.py:830} INFO - Processing file /opt/airflow/dags/merging_data.py for tasks to queue
[2024-05-25T05:58:14.840+0000] {logging_mixin.py:188} INFO - [2024-05-25T05:58:14.839+0000] {dagbag.py:540} INFO - Filling up the DagBag from /opt/airflow/dags/merging_data.py
[2024-05-25T05:58:17.804+0000] {processor.py:842} WARNING - No viable dags retrieved from /opt/airflow/dags/merging_data.py
[2024-05-25T05:58:17.860+0000] {processor.py:183} INFO - Processing /opt/airflow/dags/merging_data.py took 3.045 seconds
[2024-05-25T05:58:48.020+0000] {processor.py:161} INFO - Started process (PID=266) to work on /opt/airflow/dags/merging_data.py
[2024-05-25T05:58:48.021+0000] {processor.py:830} INFO - Processing file /opt/airflow/dags/merging_data.py for tasks to queue
[2024-05-25T05:58:48.022+0000] {logging_mixin.py:188} INFO - [2024-05-25T05:58:48.022+0000] {dagbag.py:540} INFO - Filling up the DagBag from /opt/airflow/dags/merging_data.py
[2024-05-25T05:58:48.514+0000] {processor.py:842} WARNING - No viable dags retrieved from /opt/airflow/dags/merging_data.py
[2024-05-25T05:58:48.525+0000] {processor.py:183} INFO - Processing /opt/airflow/dags/merging_data.py took 0.513 seconds
[2024-05-25T05:59:18.829+0000] {processor.py:161} INFO - Started process (PID=291) to work on /opt/airflow/dags/merging_data.py
[2024-05-25T05:59:18.831+0000] {processor.py:830} INFO - Processing file /opt/airflow/dags/merging_data.py for tasks to queue
[2024-05-25T05:59:18.833+0000] {logging_mixin.py:188} INFO - [2024-05-25T05:59:18.832+0000] {dagbag.py:540} INFO - Filling up the DagBag from /opt/airflow/dags/merging_data.py
[2024-05-25T05:59:19.767+0000] {processor.py:842} WARNING - No viable dags retrieved from /opt/airflow/dags/merging_data.py
[2024-05-25T05:59:19.784+0000] {processor.py:183} INFO - Processing /opt/airflow/dags/merging_data.py took 0.967 seconds
[2024-05-25T05:59:50.651+0000] {processor.py:161} INFO - Started process (PID=315) to work on /opt/airflow/dags/merging_data.py
[2024-05-25T05:59:50.659+0000] {processor.py:830} INFO - Processing file /opt/airflow/dags/merging_data.py for tasks to queue
[2024-05-25T05:59:50.676+0000] {logging_mixin.py:188} INFO - [2024-05-25T05:59:50.669+0000] {dagbag.py:540} INFO - Filling up the DagBag from /opt/airflow/dags/merging_data.py
[2024-05-25T05:59:56.304+0000] {processor.py:842} WARNING - No viable dags retrieved from /opt/airflow/dags/merging_data.py
[2024-05-25T05:59:56.459+0000] {processor.py:183} INFO - Processing /opt/airflow/dags/merging_data.py took 5.913 seconds
[2024-05-25T06:00:26.639+0000] {processor.py:161} INFO - Started process (PID=345) to work on /opt/airflow/dags/merging_data.py
[2024-05-25T06:00:26.640+0000] {processor.py:830} INFO - Processing file /opt/airflow/dags/merging_data.py for tasks to queue
[2024-05-25T06:00:26.642+0000] {logging_mixin.py:188} INFO - [2024-05-25T06:00:26.641+0000] {dagbag.py:540} INFO - Filling up the DagBag from /opt/airflow/dags/merging_data.py
[2024-05-25T06:00:28.123+0000] {processor.py:842} WARNING - No viable dags retrieved from /opt/airflow/dags/merging_data.py
[2024-05-25T06:00:28.963+0000] {processor.py:183} INFO - Processing /opt/airflow/dags/merging_data.py took 2.334 seconds
[2024-05-25T06:00:59.474+0000] {processor.py:161} INFO - Started process (PID=375) to work on /opt/airflow/dags/merging_data.py
[2024-05-25T06:00:59.479+0000] {processor.py:830} INFO - Processing file /opt/airflow/dags/merging_data.py for tasks to queue
[2024-05-25T06:00:59.492+0000] {logging_mixin.py:188} INFO - [2024-05-25T06:00:59.491+0000] {dagbag.py:540} INFO - Filling up the DagBag from /opt/airflow/dags/merging_data.py
[2024-05-25T06:01:00.088+0000] {processor.py:842} WARNING - No viable dags retrieved from /opt/airflow/dags/merging_data.py
[2024-05-25T06:01:00.102+0000] {processor.py:183} INFO - Processing /opt/airflow/dags/merging_data.py took 0.647 seconds
[2024-05-25T06:01:31.010+0000] {processor.py:161} INFO - Started process (PID=399) to work on /opt/airflow/dags/merging_data.py
[2024-05-25T06:01:31.011+0000] {processor.py:830} INFO - Processing file /opt/airflow/dags/merging_data.py for tasks to queue
[2024-05-25T06:01:31.013+0000] {logging_mixin.py:188} INFO - [2024-05-25T06:01:31.012+0000] {dagbag.py:540} INFO - Filling up the DagBag from /opt/airflow/dags/merging_data.py
[2024-05-25T06:01:31.721+0000] {processor.py:842} WARNING - No viable dags retrieved from /opt/airflow/dags/merging_data.py
[2024-05-25T06:01:31.747+0000] {processor.py:183} INFO - Processing /opt/airflow/dags/merging_data.py took 0.746 seconds
[2024-05-25T06:23:14.059+0000] {processor.py:161} INFO - Started process (PID=171) to work on /opt/airflow/dags/merging_data.py
[2024-05-25T06:23:14.064+0000] {processor.py:830} INFO - Processing file /opt/airflow/dags/merging_data.py for tasks to queue
[2024-05-25T06:23:14.077+0000] {logging_mixin.py:188} INFO - [2024-05-25T06:23:14.070+0000] {dagbag.py:540} INFO - Filling up the DagBag from /opt/airflow/dags/merging_data.py
[2024-05-25T06:23:17.144+0000] {processor.py:842} WARNING - No viable dags retrieved from /opt/airflow/dags/merging_data.py
[2024-05-25T06:23:17.523+0000] {processor.py:183} INFO - Processing /opt/airflow/dags/merging_data.py took 3.571 seconds
[2024-05-25T06:23:48.118+0000] {processor.py:161} INFO - Started process (PID=195) to work on /opt/airflow/dags/merging_data.py
[2024-05-25T06:23:48.120+0000] {processor.py:830} INFO - Processing file /opt/airflow/dags/merging_data.py for tasks to queue
[2024-05-25T06:23:48.123+0000] {logging_mixin.py:188} INFO - [2024-05-25T06:23:48.122+0000] {dagbag.py:540} INFO - Filling up the DagBag from /opt/airflow/dags/merging_data.py
[2024-05-25T06:23:48.842+0000] {processor.py:842} WARNING - No viable dags retrieved from /opt/airflow/dags/merging_data.py
[2024-05-25T06:23:48.869+0000] {processor.py:183} INFO - Processing /opt/airflow/dags/merging_data.py took 0.768 seconds
[2024-05-25T06:24:19.861+0000] {processor.py:161} INFO - Started process (PID=225) to work on /opt/airflow/dags/merging_data.py
[2024-05-25T06:24:19.863+0000] {processor.py:830} INFO - Processing file /opt/airflow/dags/merging_data.py for tasks to queue
[2024-05-25T06:24:19.867+0000] {logging_mixin.py:188} INFO - [2024-05-25T06:24:19.864+0000] {dagbag.py:540} INFO - Filling up the DagBag from /opt/airflow/dags/merging_data.py
[2024-05-25T06:24:20.540+0000] {processor.py:842} WARNING - No viable dags retrieved from /opt/airflow/dags/merging_data.py
[2024-05-25T06:24:20.602+0000] {processor.py:183} INFO - Processing /opt/airflow/dags/merging_data.py took 0.762 seconds
[2024-05-25T06:24:51.417+0000] {processor.py:161} INFO - Started process (PID=249) to work on /opt/airflow/dags/merging_data.py
[2024-05-25T06:24:51.419+0000] {processor.py:830} INFO - Processing file /opt/airflow/dags/merging_data.py for tasks to queue
[2024-05-25T06:24:51.422+0000] {logging_mixin.py:188} INFO - [2024-05-25T06:24:51.421+0000] {dagbag.py:540} INFO - Filling up the DagBag from /opt/airflow/dags/merging_data.py
[2024-05-25T06:24:52.578+0000] {processor.py:842} WARNING - No viable dags retrieved from /opt/airflow/dags/merging_data.py
[2024-05-25T06:24:52.600+0000] {processor.py:183} INFO - Processing /opt/airflow/dags/merging_data.py took 1.200 seconds
[2024-05-25T06:25:23.148+0000] {processor.py:161} INFO - Started process (PID=273) to work on /opt/airflow/dags/merging_data.py
[2024-05-25T06:25:23.149+0000] {processor.py:830} INFO - Processing file /opt/airflow/dags/merging_data.py for tasks to queue
[2024-05-25T06:25:23.151+0000] {logging_mixin.py:188} INFO - [2024-05-25T06:25:23.151+0000] {dagbag.py:540} INFO - Filling up the DagBag from /opt/airflow/dags/merging_data.py
[2024-05-25T06:25:24.028+0000] {processor.py:842} WARNING - No viable dags retrieved from /opt/airflow/dags/merging_data.py
[2024-05-25T06:25:24.080+0000] {processor.py:183} INFO - Processing /opt/airflow/dags/merging_data.py took 0.940 seconds
[2024-05-25T06:41:17.139+0000] {processor.py:161} INFO - Started process (PID=165) to work on /opt/airflow/dags/merging_data.py
[2024-05-25T06:41:17.144+0000] {processor.py:830} INFO - Processing file /opt/airflow/dags/merging_data.py for tasks to queue
[2024-05-25T06:41:17.154+0000] {logging_mixin.py:188} INFO - [2024-05-25T06:41:17.150+0000] {dagbag.py:540} INFO - Filling up the DagBag from /opt/airflow/dags/merging_data.py
[2024-05-25T06:41:20.699+0000] {processor.py:842} WARNING - No viable dags retrieved from /opt/airflow/dags/merging_data.py
[2024-05-25T06:41:20.812+0000] {processor.py:183} INFO - Processing /opt/airflow/dags/merging_data.py took 3.750 seconds
[2024-05-25T06:41:51.629+0000] {processor.py:161} INFO - Started process (PID=195) to work on /opt/airflow/dags/merging_data.py
[2024-05-25T06:41:51.631+0000] {processor.py:830} INFO - Processing file /opt/airflow/dags/merging_data.py for tasks to queue
[2024-05-25T06:41:51.634+0000] {logging_mixin.py:188} INFO - [2024-05-25T06:41:51.633+0000] {dagbag.py:540} INFO - Filling up the DagBag from /opt/airflow/dags/merging_data.py
[2024-05-25T06:41:52.446+0000] {processor.py:842} WARNING - No viable dags retrieved from /opt/airflow/dags/merging_data.py
[2024-05-25T06:41:52.495+0000] {processor.py:183} INFO - Processing /opt/airflow/dags/merging_data.py took 0.880 seconds
[2024-05-25T06:42:23.300+0000] {processor.py:161} INFO - Started process (PID=225) to work on /opt/airflow/dags/merging_data.py
[2024-05-25T06:42:23.302+0000] {processor.py:830} INFO - Processing file /opt/airflow/dags/merging_data.py for tasks to queue
[2024-05-25T06:42:23.304+0000] {logging_mixin.py:188} INFO - [2024-05-25T06:42:23.304+0000] {dagbag.py:540} INFO - Filling up the DagBag from /opt/airflow/dags/merging_data.py
[2024-05-25T06:42:24.095+0000] {processor.py:842} WARNING - No viable dags retrieved from /opt/airflow/dags/merging_data.py
[2024-05-25T06:42:24.118+0000] {processor.py:183} INFO - Processing /opt/airflow/dags/merging_data.py took 0.831 seconds
[2024-05-25T06:42:54.289+0000] {processor.py:161} INFO - Started process (PID=250) to work on /opt/airflow/dags/merging_data.py
[2024-05-25T06:42:54.291+0000] {processor.py:830} INFO - Processing file /opt/airflow/dags/merging_data.py for tasks to queue
[2024-05-25T06:42:54.295+0000] {logging_mixin.py:188} INFO - [2024-05-25T06:42:54.293+0000] {dagbag.py:540} INFO - Filling up the DagBag from /opt/airflow/dags/merging_data.py
[2024-05-25T06:42:57.524+0000] {processor.py:842} WARNING - No viable dags retrieved from /opt/airflow/dags/merging_data.py
[2024-05-25T06:42:57.651+0000] {processor.py:183} INFO - Processing /opt/airflow/dags/merging_data.py took 3.394 seconds
[2024-05-25T06:43:28.034+0000] {processor.py:161} INFO - Started process (PID=274) to work on /opt/airflow/dags/merging_data.py
[2024-05-25T06:43:28.037+0000] {processor.py:830} INFO - Processing file /opt/airflow/dags/merging_data.py for tasks to queue
[2024-05-25T06:43:28.039+0000] {logging_mixin.py:188} INFO - [2024-05-25T06:43:28.038+0000] {dagbag.py:540} INFO - Filling up the DagBag from /opt/airflow/dags/merging_data.py
[2024-05-25T06:43:28.893+0000] {processor.py:842} WARNING - No viable dags retrieved from /opt/airflow/dags/merging_data.py
[2024-05-25T06:43:28.910+0000] {processor.py:183} INFO - Processing /opt/airflow/dags/merging_data.py took 0.887 seconds
[2024-05-25T06:43:59.360+0000] {processor.py:161} INFO - Started process (PID=298) to work on /opt/airflow/dags/merging_data.py
[2024-05-25T06:43:59.363+0000] {processor.py:830} INFO - Processing file /opt/airflow/dags/merging_data.py for tasks to queue
[2024-05-25T06:43:59.367+0000] {logging_mixin.py:188} INFO - [2024-05-25T06:43:59.365+0000] {dagbag.py:540} INFO - Filling up the DagBag from /opt/airflow/dags/merging_data.py
[2024-05-25T06:44:00.861+0000] {processor.py:842} WARNING - No viable dags retrieved from /opt/airflow/dags/merging_data.py
[2024-05-25T06:44:00.894+0000] {processor.py:183} INFO - Processing /opt/airflow/dags/merging_data.py took 1.563 seconds
[2024-05-25T06:44:31.389+0000] {processor.py:161} INFO - Started process (PID=322) to work on /opt/airflow/dags/merging_data.py
[2024-05-25T06:44:31.391+0000] {processor.py:830} INFO - Processing file /opt/airflow/dags/merging_data.py for tasks to queue
[2024-05-25T06:44:31.393+0000] {logging_mixin.py:188} INFO - [2024-05-25T06:44:31.392+0000] {dagbag.py:540} INFO - Filling up the DagBag from /opt/airflow/dags/merging_data.py
[2024-05-25T06:44:32.521+0000] {processor.py:842} WARNING - No viable dags retrieved from /opt/airflow/dags/merging_data.py
[2024-05-25T06:44:32.539+0000] {processor.py:183} INFO - Processing /opt/airflow/dags/merging_data.py took 1.162 seconds
[2024-05-25T06:45:02.921+0000] {processor.py:161} INFO - Started process (PID=346) to work on /opt/airflow/dags/merging_data.py
[2024-05-25T06:45:02.925+0000] {processor.py:830} INFO - Processing file /opt/airflow/dags/merging_data.py for tasks to queue
[2024-05-25T06:45:02.935+0000] {logging_mixin.py:188} INFO - [2024-05-25T06:45:02.931+0000] {dagbag.py:540} INFO - Filling up the DagBag from /opt/airflow/dags/merging_data.py
[2024-05-25T06:45:06.453+0000] {processor.py:842} WARNING - No viable dags retrieved from /opt/airflow/dags/merging_data.py
[2024-05-25T06:45:06.714+0000] {processor.py:183} INFO - Processing /opt/airflow/dags/merging_data.py took 3.841 seconds
[2024-05-25T06:45:38.377+0000] {processor.py:161} INFO - Started process (PID=370) to work on /opt/airflow/dags/merging_data.py
[2024-05-25T06:45:38.431+0000] {processor.py:830} INFO - Processing file /opt/airflow/dags/merging_data.py for tasks to queue
[2024-05-25T06:45:38.519+0000] {logging_mixin.py:188} INFO - [2024-05-25T06:45:38.483+0000] {dagbag.py:540} INFO - Filling up the DagBag from /opt/airflow/dags/merging_data.py
[2024-05-25T06:45:43.317+0000] {processor.py:842} WARNING - No viable dags retrieved from /opt/airflow/dags/merging_data.py
[2024-05-25T06:45:43.654+0000] {processor.py:183} INFO - Processing /opt/airflow/dags/merging_data.py took 6.035 seconds
[2024-05-25T06:46:15.147+0000] {processor.py:161} INFO - Started process (PID=400) to work on /opt/airflow/dags/merging_data.py
[2024-05-25T06:46:15.155+0000] {processor.py:830} INFO - Processing file /opt/airflow/dags/merging_data.py for tasks to queue
[2024-05-25T06:46:15.174+0000] {logging_mixin.py:188} INFO - [2024-05-25T06:46:15.168+0000] {dagbag.py:540} INFO - Filling up the DagBag from /opt/airflow/dags/merging_data.py
[2024-05-25T06:46:30.364+0000] {processor.py:842} WARNING - No viable dags retrieved from /opt/airflow/dags/merging_data.py
[2024-05-25T06:46:30.560+0000] {processor.py:183} INFO - Processing /opt/airflow/dags/merging_data.py took 15.591 seconds
[2024-05-25T06:48:33.645+0000] {processor.py:161} INFO - Started process (PID=165) to work on /opt/airflow/dags/merging_data.py
[2024-05-25T06:48:33.647+0000] {processor.py:830} INFO - Processing file /opt/airflow/dags/merging_data.py for tasks to queue
[2024-05-25T06:48:33.650+0000] {logging_mixin.py:188} INFO - [2024-05-25T06:48:33.649+0000] {dagbag.py:540} INFO - Filling up the DagBag from /opt/airflow/dags/merging_data.py
[2024-05-25T06:48:37.328+0000] {processor.py:842} WARNING - No viable dags retrieved from /opt/airflow/dags/merging_data.py
[2024-05-25T06:48:37.361+0000] {processor.py:183} INFO - Processing /opt/airflow/dags/merging_data.py took 3.735 seconds
[2024-05-25T06:49:07.490+0000] {processor.py:161} INFO - Started process (PID=194) to work on /opt/airflow/dags/merging_data.py
[2024-05-25T06:49:07.492+0000] {processor.py:830} INFO - Processing file /opt/airflow/dags/merging_data.py for tasks to queue
[2024-05-25T06:49:07.494+0000] {logging_mixin.py:188} INFO - [2024-05-25T06:49:07.493+0000] {dagbag.py:540} INFO - Filling up the DagBag from /opt/airflow/dags/merging_data.py
[2024-05-25T06:49:08.169+0000] {processor.py:842} WARNING - No viable dags retrieved from /opt/airflow/dags/merging_data.py
[2024-05-25T06:49:08.196+0000] {processor.py:183} INFO - Processing /opt/airflow/dags/merging_data.py took 0.735 seconds
[2024-05-25T06:49:40.657+0000] {processor.py:161} INFO - Started process (PID=218) to work on /opt/airflow/dags/merging_data.py
[2024-05-25T06:49:40.665+0000] {processor.py:830} INFO - Processing file /opt/airflow/dags/merging_data.py for tasks to queue
[2024-05-25T06:49:40.675+0000] {logging_mixin.py:188} INFO - [2024-05-25T06:49:40.675+0000] {dagbag.py:540} INFO - Filling up the DagBag from /opt/airflow/dags/merging_data.py
[2024-05-25T06:49:43.497+0000] {processor.py:842} WARNING - No viable dags retrieved from /opt/airflow/dags/merging_data.py
[2024-05-25T06:49:43.546+0000] {processor.py:183} INFO - Processing /opt/airflow/dags/merging_data.py took 2.922 seconds
[2024-05-25T06:50:13.943+0000] {processor.py:161} INFO - Started process (PID=243) to work on /opt/airflow/dags/merging_data.py
[2024-05-25T06:50:13.951+0000] {processor.py:830} INFO - Processing file /opt/airflow/dags/merging_data.py for tasks to queue
[2024-05-25T06:50:13.988+0000] {logging_mixin.py:188} INFO - [2024-05-25T06:50:13.979+0000] {dagbag.py:540} INFO - Filling up the DagBag from /opt/airflow/dags/merging_data.py
[2024-05-25T06:50:16.452+0000] {processor.py:842} WARNING - No viable dags retrieved from /opt/airflow/dags/merging_data.py
[2024-05-25T06:50:16.640+0000] {processor.py:183} INFO - Processing /opt/airflow/dags/merging_data.py took 2.764 seconds
[2024-05-25T06:50:46.820+0000] {processor.py:161} INFO - Started process (PID=273) to work on /opt/airflow/dags/merging_data.py
[2024-05-25T06:50:46.821+0000] {processor.py:830} INFO - Processing file /opt/airflow/dags/merging_data.py for tasks to queue
[2024-05-25T06:50:46.823+0000] {logging_mixin.py:188} INFO - [2024-05-25T06:50:46.822+0000] {dagbag.py:540} INFO - Filling up the DagBag from /opt/airflow/dags/merging_data.py
[2024-05-25T06:50:47.478+0000] {processor.py:842} WARNING - No viable dags retrieved from /opt/airflow/dags/merging_data.py
[2024-05-25T06:50:47.497+0000] {processor.py:183} INFO - Processing /opt/airflow/dags/merging_data.py took 0.692 seconds
[2024-05-25T06:51:17.964+0000] {processor.py:161} INFO - Started process (PID=296) to work on /opt/airflow/dags/merging_data.py
[2024-05-25T06:51:17.966+0000] {processor.py:830} INFO - Processing file /opt/airflow/dags/merging_data.py for tasks to queue
[2024-05-25T06:51:17.968+0000] {logging_mixin.py:188} INFO - [2024-05-25T06:51:17.967+0000] {dagbag.py:540} INFO - Filling up the DagBag from /opt/airflow/dags/merging_data.py
[2024-05-25T06:51:18.746+0000] {processor.py:842} WARNING - No viable dags retrieved from /opt/airflow/dags/merging_data.py
[2024-05-25T06:51:18.768+0000] {processor.py:183} INFO - Processing /opt/airflow/dags/merging_data.py took 0.816 seconds
[2024-05-25T06:51:49.530+0000] {processor.py:161} INFO - Started process (PID=324) to work on /opt/airflow/dags/merging_data.py
[2024-05-25T06:51:49.534+0000] {processor.py:830} INFO - Processing file /opt/airflow/dags/merging_data.py for tasks to queue
[2024-05-25T06:51:49.609+0000] {logging_mixin.py:188} INFO - [2024-05-25T06:51:49.568+0000] {dagbag.py:540} INFO - Filling up the DagBag from /opt/airflow/dags/merging_data.py
