[2024-05-25T05:37:21.562+0000] {processor.py:161} INFO - Started process (PID=168) to work on /opt/airflow/dags/read_data.py
[2024-05-25T05:37:21.563+0000] {processor.py:830} INFO - Processing file /opt/airflow/dags/read_data.py for tasks to queue
[2024-05-25T05:37:21.565+0000] {logging_mixin.py:188} INFO - [2024-05-25T05:37:21.564+0000] {dagbag.py:540} INFO - Filling up the DagBag from /opt/airflow/dags/read_data.py
[2024-05-25T05:37:25.563+0000] {processor.py:842} WARNING - No viable dags retrieved from /opt/airflow/dags/read_data.py
[2024-05-25T05:37:25.576+0000] {processor.py:183} INFO - Processing /opt/airflow/dags/read_data.py took 4.027 seconds
[2024-05-25T05:37:55.922+0000] {processor.py:161} INFO - Started process (PID=192) to work on /opt/airflow/dags/read_data.py
[2024-05-25T05:37:55.924+0000] {processor.py:830} INFO - Processing file /opt/airflow/dags/read_data.py for tasks to queue
[2024-05-25T05:37:55.925+0000] {logging_mixin.py:188} INFO - [2024-05-25T05:37:55.924+0000] {dagbag.py:540} INFO - Filling up the DagBag from /opt/airflow/dags/read_data.py
[2024-05-25T05:37:56.725+0000] {processor.py:842} WARNING - No viable dags retrieved from /opt/airflow/dags/read_data.py
[2024-05-25T05:37:56.792+0000] {processor.py:183} INFO - Processing /opt/airflow/dags/read_data.py took 0.879 seconds
[2024-05-25T05:38:27.234+0000] {processor.py:161} INFO - Started process (PID=216) to work on /opt/airflow/dags/read_data.py
[2024-05-25T05:38:27.235+0000] {processor.py:830} INFO - Processing file /opt/airflow/dags/read_data.py for tasks to queue
[2024-05-25T05:38:27.236+0000] {logging_mixin.py:188} INFO - [2024-05-25T05:38:27.236+0000] {dagbag.py:540} INFO - Filling up the DagBag from /opt/airflow/dags/read_data.py
[2024-05-25T05:38:29.385+0000] {processor.py:842} WARNING - No viable dags retrieved from /opt/airflow/dags/read_data.py
[2024-05-25T05:38:29.424+0000] {processor.py:183} INFO - Processing /opt/airflow/dags/read_data.py took 2.196 seconds
[2024-05-25T05:43:51.224+0000] {processor.py:161} INFO - Started process (PID=168) to work on /opt/airflow/dags/read_data.py
[2024-05-25T05:43:51.226+0000] {processor.py:830} INFO - Processing file /opt/airflow/dags/read_data.py for tasks to queue
[2024-05-25T05:43:51.228+0000] {logging_mixin.py:188} INFO - [2024-05-25T05:43:51.227+0000] {dagbag.py:540} INFO - Filling up the DagBag from /opt/airflow/dags/read_data.py
[2024-05-25T05:43:52.665+0000] {processor.py:842} WARNING - No viable dags retrieved from /opt/airflow/dags/read_data.py
[2024-05-25T05:43:52.680+0000] {processor.py:183} INFO - Processing /opt/airflow/dags/read_data.py took 1.468 seconds
[2024-05-25T05:44:23.129+0000] {processor.py:161} INFO - Started process (PID=193) to work on /opt/airflow/dags/read_data.py
[2024-05-25T05:44:23.130+0000] {processor.py:830} INFO - Processing file /opt/airflow/dags/read_data.py for tasks to queue
[2024-05-25T05:44:23.132+0000] {logging_mixin.py:188} INFO - [2024-05-25T05:44:23.131+0000] {dagbag.py:540} INFO - Filling up the DagBag from /opt/airflow/dags/read_data.py
[2024-05-25T05:44:25.096+0000] {processor.py:842} WARNING - No viable dags retrieved from /opt/airflow/dags/read_data.py
[2024-05-25T05:44:25.113+0000] {processor.py:183} INFO - Processing /opt/airflow/dags/read_data.py took 1.995 seconds
[2024-05-25T05:44:55.260+0000] {processor.py:161} INFO - Started process (PID=221) to work on /opt/airflow/dags/read_data.py
[2024-05-25T05:44:55.261+0000] {processor.py:830} INFO - Processing file /opt/airflow/dags/read_data.py for tasks to queue
[2024-05-25T05:44:55.262+0000] {logging_mixin.py:188} INFO - [2024-05-25T05:44:55.262+0000] {dagbag.py:540} INFO - Filling up the DagBag from /opt/airflow/dags/read_data.py
[2024-05-25T05:44:55.839+0000] {processor.py:842} WARNING - No viable dags retrieved from /opt/airflow/dags/read_data.py
[2024-05-25T05:44:55.851+0000] {processor.py:183} INFO - Processing /opt/airflow/dags/read_data.py took 0.600 seconds
[2024-05-25T05:45:25.997+0000] {processor.py:161} INFO - Started process (PID=241) to work on /opt/airflow/dags/read_data.py
[2024-05-25T05:45:25.998+0000] {processor.py:830} INFO - Processing file /opt/airflow/dags/read_data.py for tasks to queue
[2024-05-25T05:45:26.000+0000] {logging_mixin.py:188} INFO - [2024-05-25T05:45:25.999+0000] {dagbag.py:540} INFO - Filling up the DagBag from /opt/airflow/dags/read_data.py
[2024-05-25T05:45:27.634+0000] {processor.py:842} WARNING - No viable dags retrieved from /opt/airflow/dags/read_data.py
[2024-05-25T05:45:27.648+0000] {processor.py:183} INFO - Processing /opt/airflow/dags/read_data.py took 1.660 seconds
[2024-05-25T05:53:47.014+0000] {processor.py:161} INFO - Started process (PID=168) to work on /opt/airflow/dags/read_data.py
[2024-05-25T05:53:47.015+0000] {processor.py:830} INFO - Processing file /opt/airflow/dags/read_data.py for tasks to queue
[2024-05-25T05:53:47.017+0000] {logging_mixin.py:188} INFO - [2024-05-25T05:53:47.016+0000] {dagbag.py:540} INFO - Filling up the DagBag from /opt/airflow/dags/read_data.py
[2024-05-25T05:53:48.490+0000] {processor.py:842} WARNING - No viable dags retrieved from /opt/airflow/dags/read_data.py
[2024-05-25T05:53:48.509+0000] {processor.py:183} INFO - Processing /opt/airflow/dags/read_data.py took 1.506 seconds
[2024-05-25T05:54:18.598+0000] {processor.py:161} INFO - Started process (PID=193) to work on /opt/airflow/dags/read_data.py
[2024-05-25T05:54:18.599+0000] {processor.py:830} INFO - Processing file /opt/airflow/dags/read_data.py for tasks to queue
[2024-05-25T05:54:18.600+0000] {logging_mixin.py:188} INFO - [2024-05-25T05:54:18.600+0000] {dagbag.py:540} INFO - Filling up the DagBag from /opt/airflow/dags/read_data.py
[2024-05-25T05:54:19.196+0000] {processor.py:842} WARNING - No viable dags retrieved from /opt/airflow/dags/read_data.py
[2024-05-25T05:54:19.210+0000] {processor.py:183} INFO - Processing /opt/airflow/dags/read_data.py took 0.619 seconds
[2024-05-25T05:54:49.516+0000] {processor.py:161} INFO - Started process (PID=217) to work on /opt/airflow/dags/read_data.py
[2024-05-25T05:54:49.517+0000] {processor.py:830} INFO - Processing file /opt/airflow/dags/read_data.py for tasks to queue
[2024-05-25T05:54:49.518+0000] {logging_mixin.py:188} INFO - [2024-05-25T05:54:49.518+0000] {dagbag.py:540} INFO - Filling up the DagBag from /opt/airflow/dags/read_data.py
[2024-05-25T05:54:50.451+0000] {processor.py:842} WARNING - No viable dags retrieved from /opt/airflow/dags/read_data.py
[2024-05-25T05:54:50.463+0000] {processor.py:183} INFO - Processing /opt/airflow/dags/read_data.py took 0.961 seconds
[2024-05-25T05:56:41.098+0000] {processor.py:161} INFO - Started process (PID=168) to work on /opt/airflow/dags/read_data.py
[2024-05-25T05:56:41.100+0000] {processor.py:830} INFO - Processing file /opt/airflow/dags/read_data.py for tasks to queue
[2024-05-25T05:56:41.106+0000] {logging_mixin.py:188} INFO - [2024-05-25T05:56:41.103+0000] {dagbag.py:540} INFO - Filling up the DagBag from /opt/airflow/dags/read_data.py
[2024-05-25T05:56:42.589+0000] {processor.py:842} WARNING - No viable dags retrieved from /opt/airflow/dags/read_data.py
[2024-05-25T05:56:42.616+0000] {processor.py:183} INFO - Processing /opt/airflow/dags/read_data.py took 1.563 seconds
[2024-05-25T05:57:13.002+0000] {processor.py:161} INFO - Started process (PID=197) to work on /opt/airflow/dags/read_data.py
[2024-05-25T05:57:13.003+0000] {processor.py:830} INFO - Processing file /opt/airflow/dags/read_data.py for tasks to queue
[2024-05-25T05:57:13.004+0000] {logging_mixin.py:188} INFO - [2024-05-25T05:57:13.004+0000] {dagbag.py:540} INFO - Filling up the DagBag from /opt/airflow/dags/read_data.py
[2024-05-25T05:57:13.802+0000] {processor.py:842} WARNING - No viable dags retrieved from /opt/airflow/dags/read_data.py
[2024-05-25T05:57:13.815+0000] {processor.py:183} INFO - Processing /opt/airflow/dags/read_data.py took 0.826 seconds
[2024-05-25T05:57:44.100+0000] {processor.py:161} INFO - Started process (PID=221) to work on /opt/airflow/dags/read_data.py
[2024-05-25T05:57:44.101+0000] {processor.py:830} INFO - Processing file /opt/airflow/dags/read_data.py for tasks to queue
[2024-05-25T05:57:44.103+0000] {logging_mixin.py:188} INFO - [2024-05-25T05:57:44.102+0000] {dagbag.py:540} INFO - Filling up the DagBag from /opt/airflow/dags/read_data.py
[2024-05-25T05:57:44.728+0000] {processor.py:842} WARNING - No viable dags retrieved from /opt/airflow/dags/read_data.py
[2024-05-25T05:57:44.738+0000] {processor.py:183} INFO - Processing /opt/airflow/dags/read_data.py took 0.645 seconds
[2024-05-25T05:58:15.389+0000] {processor.py:161} INFO - Started process (PID=246) to work on /opt/airflow/dags/read_data.py
[2024-05-25T05:58:15.391+0000] {processor.py:830} INFO - Processing file /opt/airflow/dags/read_data.py for tasks to queue
[2024-05-25T05:58:15.394+0000] {logging_mixin.py:188} INFO - [2024-05-25T05:58:15.393+0000] {dagbag.py:540} INFO - Filling up the DagBag from /opt/airflow/dags/read_data.py
[2024-05-25T05:58:17.995+0000] {processor.py:842} WARNING - No viable dags retrieved from /opt/airflow/dags/read_data.py
[2024-05-25T05:58:18.010+0000] {processor.py:183} INFO - Processing /opt/airflow/dags/read_data.py took 2.773 seconds
[2024-05-25T05:58:48.251+0000] {processor.py:161} INFO - Started process (PID=270) to work on /opt/airflow/dags/read_data.py
[2024-05-25T05:58:48.252+0000] {processor.py:830} INFO - Processing file /opt/airflow/dags/read_data.py for tasks to queue
[2024-05-25T05:58:48.253+0000] {logging_mixin.py:188} INFO - [2024-05-25T05:58:48.253+0000] {dagbag.py:540} INFO - Filling up the DagBag from /opt/airflow/dags/read_data.py
[2024-05-25T05:58:48.812+0000] {processor.py:842} WARNING - No viable dags retrieved from /opt/airflow/dags/read_data.py
[2024-05-25T05:58:48.822+0000] {processor.py:183} INFO - Processing /opt/airflow/dags/read_data.py took 0.578 seconds
[2024-05-25T05:59:19.351+0000] {processor.py:161} INFO - Started process (PID=295) to work on /opt/airflow/dags/read_data.py
[2024-05-25T05:59:19.353+0000] {processor.py:830} INFO - Processing file /opt/airflow/dags/read_data.py for tasks to queue
[2024-05-25T05:59:19.355+0000] {logging_mixin.py:188} INFO - [2024-05-25T05:59:19.354+0000] {dagbag.py:540} INFO - Filling up the DagBag from /opt/airflow/dags/read_data.py
[2024-05-25T05:59:23.935+0000] {processor.py:842} WARNING - No viable dags retrieved from /opt/airflow/dags/read_data.py
[2024-05-25T05:59:24.043+0000] {processor.py:183} INFO - Processing /opt/airflow/dags/read_data.py took 4.702 seconds
[2024-05-25T05:59:54.620+0000] {processor.py:161} INFO - Started process (PID=319) to work on /opt/airflow/dags/read_data.py
[2024-05-25T05:59:54.621+0000] {processor.py:830} INFO - Processing file /opt/airflow/dags/read_data.py for tasks to queue
[2024-05-25T05:59:54.622+0000] {logging_mixin.py:188} INFO - [2024-05-25T05:59:54.622+0000] {dagbag.py:540} INFO - Filling up the DagBag from /opt/airflow/dags/read_data.py
[2024-05-25T05:59:56.320+0000] {processor.py:842} WARNING - No viable dags retrieved from /opt/airflow/dags/read_data.py
[2024-05-25T05:59:56.462+0000] {processor.py:183} INFO - Processing /opt/airflow/dags/read_data.py took 1.852 seconds
[2024-05-25T06:00:26.653+0000] {processor.py:161} INFO - Started process (PID=348) to work on /opt/airflow/dags/read_data.py
[2024-05-25T06:00:26.654+0000] {processor.py:830} INFO - Processing file /opt/airflow/dags/read_data.py for tasks to queue
[2024-05-25T06:00:26.656+0000] {logging_mixin.py:188} INFO - [2024-05-25T06:00:26.655+0000] {dagbag.py:540} INFO - Filling up the DagBag from /opt/airflow/dags/read_data.py
[2024-05-25T06:00:29.573+0000] {processor.py:842} WARNING - No viable dags retrieved from /opt/airflow/dags/read_data.py
[2024-05-25T06:00:29.663+0000] {processor.py:183} INFO - Processing /opt/airflow/dags/read_data.py took 3.021 seconds
[2024-05-25T06:01:00.058+0000] {processor.py:161} INFO - Started process (PID=379) to work on /opt/airflow/dags/read_data.py
[2024-05-25T06:01:00.059+0000] {processor.py:830} INFO - Processing file /opt/airflow/dags/read_data.py for tasks to queue
[2024-05-25T06:01:00.061+0000] {logging_mixin.py:188} INFO - [2024-05-25T06:01:00.060+0000] {dagbag.py:540} INFO - Filling up the DagBag from /opt/airflow/dags/read_data.py
[2024-05-25T06:01:00.700+0000] {processor.py:842} WARNING - No viable dags retrieved from /opt/airflow/dags/read_data.py
[2024-05-25T06:01:00.712+0000] {processor.py:183} INFO - Processing /opt/airflow/dags/read_data.py took 0.662 seconds
[2024-05-25T06:01:31.027+0000] {processor.py:161} INFO - Started process (PID=402) to work on /opt/airflow/dags/read_data.py
[2024-05-25T06:01:31.028+0000] {processor.py:830} INFO - Processing file /opt/airflow/dags/read_data.py for tasks to queue
[2024-05-25T06:01:31.030+0000] {logging_mixin.py:188} INFO - [2024-05-25T06:01:31.029+0000] {dagbag.py:540} INFO - Filling up the DagBag from /opt/airflow/dags/read_data.py
[2024-05-25T06:01:32.292+0000] {processor.py:842} WARNING - No viable dags retrieved from /opt/airflow/dags/read_data.py
[2024-05-25T06:01:32.373+0000] {processor.py:183} INFO - Processing /opt/airflow/dags/read_data.py took 1.359 seconds
[2024-05-25T06:23:14.261+0000] {processor.py:161} INFO - Started process (PID=174) to work on /opt/airflow/dags/read_data.py
[2024-05-25T06:23:14.265+0000] {processor.py:830} INFO - Processing file /opt/airflow/dags/read_data.py for tasks to queue
[2024-05-25T06:23:14.275+0000] {logging_mixin.py:188} INFO - [2024-05-25T06:23:14.269+0000] {dagbag.py:540} INFO - Filling up the DagBag from /opt/airflow/dags/read_data.py
[2024-05-25T06:23:19.564+0000] {processor.py:842} WARNING - No viable dags retrieved from /opt/airflow/dags/read_data.py
[2024-05-25T06:23:19.620+0000] {processor.py:183} INFO - Processing /opt/airflow/dags/read_data.py took 5.455 seconds
[2024-05-25T06:23:49.996+0000] {processor.py:161} INFO - Started process (PID=201) to work on /opt/airflow/dags/read_data.py
[2024-05-25T06:23:49.998+0000] {processor.py:830} INFO - Processing file /opt/airflow/dags/read_data.py for tasks to queue
[2024-05-25T06:23:50.001+0000] {logging_mixin.py:188} INFO - [2024-05-25T06:23:50.000+0000] {dagbag.py:540} INFO - Filling up the DagBag from /opt/airflow/dags/read_data.py
[2024-05-25T06:23:51.225+0000] {processor.py:842} WARNING - No viable dags retrieved from /opt/airflow/dags/read_data.py
[2024-05-25T06:23:51.255+0000] {processor.py:183} INFO - Processing /opt/airflow/dags/read_data.py took 1.274 seconds
[2024-05-25T06:24:21.719+0000] {processor.py:161} INFO - Started process (PID=231) to work on /opt/airflow/dags/read_data.py
[2024-05-25T06:24:21.723+0000] {processor.py:830} INFO - Processing file /opt/airflow/dags/read_data.py for tasks to queue
[2024-05-25T06:24:21.725+0000] {logging_mixin.py:188} INFO - [2024-05-25T06:24:21.724+0000] {dagbag.py:540} INFO - Filling up the DagBag from /opt/airflow/dags/read_data.py
[2024-05-25T06:24:23.917+0000] {processor.py:842} WARNING - No viable dags retrieved from /opt/airflow/dags/read_data.py
[2024-05-25T06:24:23.968+0000] {processor.py:183} INFO - Processing /opt/airflow/dags/read_data.py took 2.263 seconds
[2024-05-25T06:24:54.775+0000] {processor.py:161} INFO - Started process (PID=255) to work on /opt/airflow/dags/read_data.py
[2024-05-25T06:24:54.777+0000] {processor.py:830} INFO - Processing file /opt/airflow/dags/read_data.py for tasks to queue
[2024-05-25T06:24:54.780+0000] {logging_mixin.py:188} INFO - [2024-05-25T06:24:54.779+0000] {dagbag.py:540} INFO - Filling up the DagBag from /opt/airflow/dags/read_data.py
[2024-05-25T06:24:56.720+0000] {processor.py:842} WARNING - No viable dags retrieved from /opt/airflow/dags/read_data.py
[2024-05-25T06:24:56.769+0000] {processor.py:183} INFO - Processing /opt/airflow/dags/read_data.py took 2.015 seconds
[2024-05-25T06:25:27.185+0000] {processor.py:161} INFO - Started process (PID=279) to work on /opt/airflow/dags/read_data.py
[2024-05-25T06:25:27.186+0000] {processor.py:830} INFO - Processing file /opt/airflow/dags/read_data.py for tasks to queue
[2024-05-25T06:25:27.187+0000] {logging_mixin.py:188} INFO - [2024-05-25T06:25:27.187+0000] {dagbag.py:540} INFO - Filling up the DagBag from /opt/airflow/dags/read_data.py
[2024-05-25T06:25:28.066+0000] {processor.py:842} WARNING - No viable dags retrieved from /opt/airflow/dags/read_data.py
[2024-05-25T06:25:28.084+0000] {processor.py:183} INFO - Processing /opt/airflow/dags/read_data.py took 0.910 seconds
[2024-05-25T06:41:17.300+0000] {processor.py:161} INFO - Started process (PID=168) to work on /opt/airflow/dags/read_data.py
[2024-05-25T06:41:17.308+0000] {processor.py:830} INFO - Processing file /opt/airflow/dags/read_data.py for tasks to queue
[2024-05-25T06:41:17.337+0000] {logging_mixin.py:188} INFO - [2024-05-25T06:41:17.312+0000] {dagbag.py:540} INFO - Filling up the DagBag from /opt/airflow/dags/read_data.py
[2024-05-25T06:41:21.217+0000] {processor.py:842} WARNING - No viable dags retrieved from /opt/airflow/dags/read_data.py
[2024-05-25T06:41:21.262+0000] {processor.py:183} INFO - Processing /opt/airflow/dags/read_data.py took 4.053 seconds
[2024-05-25T06:41:51.687+0000] {processor.py:161} INFO - Started process (PID=198) to work on /opt/airflow/dags/read_data.py
[2024-05-25T06:41:51.689+0000] {processor.py:830} INFO - Processing file /opt/airflow/dags/read_data.py for tasks to queue
[2024-05-25T06:41:51.693+0000] {logging_mixin.py:188} INFO - [2024-05-25T06:41:51.691+0000] {dagbag.py:540} INFO - Filling up the DagBag from /opt/airflow/dags/read_data.py
[2024-05-25T06:41:53.200+0000] {processor.py:842} WARNING - No viable dags retrieved from /opt/airflow/dags/read_data.py
[2024-05-25T06:41:53.264+0000] {processor.py:183} INFO - Processing /opt/airflow/dags/read_data.py took 1.600 seconds
[2024-05-25T06:42:23.498+0000] {processor.py:161} INFO - Started process (PID=229) to work on /opt/airflow/dags/read_data.py
[2024-05-25T06:42:23.499+0000] {processor.py:830} INFO - Processing file /opt/airflow/dags/read_data.py for tasks to queue
[2024-05-25T06:42:23.500+0000] {logging_mixin.py:188} INFO - [2024-05-25T06:42:23.500+0000] {dagbag.py:540} INFO - Filling up the DagBag from /opt/airflow/dags/read_data.py
[2024-05-25T06:42:24.479+0000] {processor.py:842} WARNING - No viable dags retrieved from /opt/airflow/dags/read_data.py
[2024-05-25T06:42:24.495+0000] {processor.py:183} INFO - Processing /opt/airflow/dags/read_data.py took 1.007 seconds
[2024-05-25T06:42:55.002+0000] {processor.py:161} INFO - Started process (PID=254) to work on /opt/airflow/dags/read_data.py
[2024-05-25T06:42:55.004+0000] {processor.py:830} INFO - Processing file /opt/airflow/dags/read_data.py for tasks to queue
[2024-05-25T06:42:55.008+0000] {logging_mixin.py:188} INFO - [2024-05-25T06:42:55.007+0000] {dagbag.py:540} INFO - Filling up the DagBag from /opt/airflow/dags/read_data.py
[2024-05-25T06:42:58.149+0000] {processor.py:842} WARNING - No viable dags retrieved from /opt/airflow/dags/read_data.py
[2024-05-25T06:42:58.172+0000] {processor.py:183} INFO - Processing /opt/airflow/dags/read_data.py took 3.194 seconds
[2024-05-25T06:43:28.694+0000] {processor.py:161} INFO - Started process (PID=278) to work on /opt/airflow/dags/read_data.py
[2024-05-25T06:43:28.696+0000] {processor.py:830} INFO - Processing file /opt/airflow/dags/read_data.py for tasks to queue
[2024-05-25T06:43:28.698+0000] {logging_mixin.py:188} INFO - [2024-05-25T06:43:28.697+0000] {dagbag.py:540} INFO - Filling up the DagBag from /opt/airflow/dags/read_data.py
[2024-05-25T06:43:29.600+0000] {processor.py:842} WARNING - No viable dags retrieved from /opt/airflow/dags/read_data.py
[2024-05-25T06:43:29.622+0000] {processor.py:183} INFO - Processing /opt/airflow/dags/read_data.py took 0.942 seconds
[2024-05-25T06:44:00.348+0000] {processor.py:161} INFO - Started process (PID=302) to work on /opt/airflow/dags/read_data.py
[2024-05-25T06:44:00.350+0000] {processor.py:830} INFO - Processing file /opt/airflow/dags/read_data.py for tasks to queue
[2024-05-25T06:44:00.351+0000] {logging_mixin.py:188} INFO - [2024-05-25T06:44:00.351+0000] {dagbag.py:540} INFO - Filling up the DagBag from /opt/airflow/dags/read_data.py
[2024-05-25T06:44:01.631+0000] {processor.py:842} WARNING - No viable dags retrieved from /opt/airflow/dags/read_data.py
[2024-05-25T06:44:01.648+0000] {processor.py:183} INFO - Processing /opt/airflow/dags/read_data.py took 1.312 seconds
[2024-05-25T06:44:32.439+0000] {processor.py:161} INFO - Started process (PID=326) to work on /opt/airflow/dags/read_data.py
[2024-05-25T06:44:32.441+0000] {processor.py:830} INFO - Processing file /opt/airflow/dags/read_data.py for tasks to queue
[2024-05-25T06:44:32.443+0000] {logging_mixin.py:188} INFO - [2024-05-25T06:44:32.442+0000] {dagbag.py:540} INFO - Filling up the DagBag from /opt/airflow/dags/read_data.py
[2024-05-25T06:44:33.658+0000] {processor.py:842} WARNING - No viable dags retrieved from /opt/airflow/dags/read_data.py
[2024-05-25T06:44:33.673+0000] {processor.py:183} INFO - Processing /opt/airflow/dags/read_data.py took 1.253 seconds
[2024-05-25T06:45:04.373+0000] {processor.py:161} INFO - Started process (PID=350) to work on /opt/airflow/dags/read_data.py
[2024-05-25T06:45:04.375+0000] {processor.py:830} INFO - Processing file /opt/airflow/dags/read_data.py for tasks to queue
[2024-05-25T06:45:04.380+0000] {logging_mixin.py:188} INFO - [2024-05-25T06:45:04.379+0000] {dagbag.py:540} INFO - Filling up the DagBag from /opt/airflow/dags/read_data.py
[2024-05-25T06:45:07.103+0000] {processor.py:842} WARNING - No viable dags retrieved from /opt/airflow/dags/read_data.py
[2024-05-25T06:45:07.126+0000] {processor.py:183} INFO - Processing /opt/airflow/dags/read_data.py took 2.773 seconds
[2024-05-25T06:45:38.496+0000] {processor.py:161} INFO - Started process (PID=373) to work on /opt/airflow/dags/read_data.py
[2024-05-25T06:45:38.499+0000] {processor.py:830} INFO - Processing file /opt/airflow/dags/read_data.py for tasks to queue
[2024-05-25T06:45:38.517+0000] {logging_mixin.py:188} INFO - [2024-05-25T06:45:38.503+0000] {dagbag.py:540} INFO - Filling up the DagBag from /opt/airflow/dags/read_data.py
[2024-05-25T06:45:44.045+0000] {processor.py:842} WARNING - No viable dags retrieved from /opt/airflow/dags/read_data.py
[2024-05-25T06:45:44.083+0000] {processor.py:183} INFO - Processing /opt/airflow/dags/read_data.py took 5.677 seconds
[2024-05-25T06:46:15.147+0000] {processor.py:161} INFO - Started process (PID=403) to work on /opt/airflow/dags/read_data.py
[2024-05-25T06:46:15.154+0000] {processor.py:830} INFO - Processing file /opt/airflow/dags/read_data.py for tasks to queue
[2024-05-25T06:46:15.195+0000] {logging_mixin.py:188} INFO - [2024-05-25T06:46:15.167+0000] {dagbag.py:540} INFO - Filling up the DagBag from /opt/airflow/dags/read_data.py
[2024-05-25T06:46:30.951+0000] {processor.py:842} WARNING - No viable dags retrieved from /opt/airflow/dags/read_data.py
[2024-05-25T06:46:30.980+0000] {processor.py:183} INFO - Processing /opt/airflow/dags/read_data.py took 15.977 seconds
[2024-05-25T06:48:33.667+0000] {processor.py:161} INFO - Started process (PID=168) to work on /opt/airflow/dags/read_data.py
[2024-05-25T06:48:33.669+0000] {processor.py:830} INFO - Processing file /opt/airflow/dags/read_data.py for tasks to queue
[2024-05-25T06:48:33.676+0000] {logging_mixin.py:188} INFO - [2024-05-25T06:48:33.670+0000] {dagbag.py:540} INFO - Filling up the DagBag from /opt/airflow/dags/read_data.py
[2024-05-25T06:48:37.317+0000] {processor.py:842} WARNING - No viable dags retrieved from /opt/airflow/dags/read_data.py
[2024-05-25T06:48:37.346+0000] {processor.py:183} INFO - Processing /opt/airflow/dags/read_data.py took 3.706 seconds
[2024-05-25T06:49:07.498+0000] {processor.py:161} INFO - Started process (PID=197) to work on /opt/airflow/dags/read_data.py
[2024-05-25T06:49:07.501+0000] {processor.py:830} INFO - Processing file /opt/airflow/dags/read_data.py for tasks to queue
[2024-05-25T06:49:07.504+0000] {logging_mixin.py:188} INFO - [2024-05-25T06:49:07.503+0000] {dagbag.py:540} INFO - Filling up the DagBag from /opt/airflow/dags/read_data.py
[2024-05-25T06:49:08.500+0000] {processor.py:842} WARNING - No viable dags retrieved from /opt/airflow/dags/read_data.py
[2024-05-25T06:49:08.528+0000] {processor.py:183} INFO - Processing /opt/airflow/dags/read_data.py took 1.044 seconds
[2024-05-25T06:49:40.797+0000] {processor.py:161} INFO - Started process (PID=221) to work on /opt/airflow/dags/read_data.py
[2024-05-25T06:49:40.827+0000] {processor.py:830} INFO - Processing file /opt/airflow/dags/read_data.py for tasks to queue
[2024-05-25T06:49:40.848+0000] {logging_mixin.py:188} INFO - [2024-05-25T06:49:40.847+0000] {dagbag.py:540} INFO - Filling up the DagBag from /opt/airflow/dags/read_data.py
[2024-05-25T06:49:44.754+0000] {processor.py:842} WARNING - No viable dags retrieved from /opt/airflow/dags/read_data.py
[2024-05-25T06:49:44.830+0000] {processor.py:183} INFO - Processing /opt/airflow/dags/read_data.py took 4.056 seconds
[2024-05-25T06:50:15.611+0000] {processor.py:161} INFO - Started process (PID=247) to work on /opt/airflow/dags/read_data.py
[2024-05-25T06:50:15.616+0000] {processor.py:830} INFO - Processing file /opt/airflow/dags/read_data.py for tasks to queue
[2024-05-25T06:50:15.623+0000] {logging_mixin.py:188} INFO - [2024-05-25T06:50:15.620+0000] {dagbag.py:540} INFO - Filling up the DagBag from /opt/airflow/dags/read_data.py
[2024-05-25T06:50:18.389+0000] {processor.py:842} WARNING - No viable dags retrieved from /opt/airflow/dags/read_data.py
[2024-05-25T06:50:18.417+0000] {processor.py:183} INFO - Processing /opt/airflow/dags/read_data.py took 2.876 seconds
[2024-05-25T06:50:48.618+0000] {processor.py:161} INFO - Started process (PID=279) to work on /opt/airflow/dags/read_data.py
[2024-05-25T06:50:48.620+0000] {processor.py:830} INFO - Processing file /opt/airflow/dags/read_data.py for tasks to queue
[2024-05-25T06:50:48.622+0000] {logging_mixin.py:188} INFO - [2024-05-25T06:50:48.622+0000] {dagbag.py:540} INFO - Filling up the DagBag from /opt/airflow/dags/read_data.py
[2024-05-25T06:50:49.970+0000] {processor.py:842} WARNING - No viable dags retrieved from /opt/airflow/dags/read_data.py
[2024-05-25T06:50:49.992+0000] {processor.py:183} INFO - Processing /opt/airflow/dags/read_data.py took 1.397 seconds
[2024-05-25T06:51:20.455+0000] {processor.py:161} INFO - Started process (PID=302) to work on /opt/airflow/dags/read_data.py
[2024-05-25T06:51:20.459+0000] {processor.py:830} INFO - Processing file /opt/airflow/dags/read_data.py for tasks to queue
[2024-05-25T06:51:20.465+0000] {logging_mixin.py:188} INFO - [2024-05-25T06:51:20.462+0000] {dagbag.py:540} INFO - Filling up the DagBag from /opt/airflow/dags/read_data.py
[2024-05-25T06:51:21.391+0000] {processor.py:842} WARNING - No viable dags retrieved from /opt/airflow/dags/read_data.py
[2024-05-25T06:51:21.405+0000] {processor.py:183} INFO - Processing /opt/airflow/dags/read_data.py took 0.975 seconds
