[2024-05-09T10:07:53.534+0000] {processor.py:161} INFO - Started process (PID=166) to work on /opt/airflow/dags/dump_load_dag.py
[2024-05-09T10:07:53.535+0000] {processor.py:830} INFO - Processing file /opt/airflow/dags/dump_load_dag.py for tasks to queue
[2024-05-09T10:07:53.537+0000] {logging_mixin.py:188} INFO - [2024-05-09T10:07:53.536+0000] {dagbag.py:540} INFO - Filling up the DagBag from /opt/airflow/dags/dump_load_dag.py
[2024-05-09T10:07:53.625+0000] {processor.py:840} INFO - DAG(s) 'mysql_table_dump' retrieved from /opt/airflow/dags/dump_load_dag.py
[2024-05-09T10:07:53.887+0000] {logging_mixin.py:188} INFO - [2024-05-09T10:07:53.887+0000] {dag.py:3096} INFO - Sync 1 DAGs
[2024-05-09T10:07:53.921+0000] {logging_mixin.py:188} INFO - [2024-05-09T10:07:53.921+0000] {dag.py:3954} INFO - Setting next_dagrun for mysql_table_dump to None, run_after=None
[2024-05-09T10:07:53.957+0000] {processor.py:183} INFO - Processing /opt/airflow/dags/dump_load_dag.py took 0.435 seconds
[2024-05-09T10:08:24.636+0000] {processor.py:161} INFO - Started process (PID=177) to work on /opt/airflow/dags/dump_load_dag.py
[2024-05-09T10:08:24.639+0000] {processor.py:830} INFO - Processing file /opt/airflow/dags/dump_load_dag.py for tasks to queue
[2024-05-09T10:08:24.654+0000] {logging_mixin.py:188} INFO - [2024-05-09T10:08:24.647+0000] {dagbag.py:540} INFO - Filling up the DagBag from /opt/airflow/dags/dump_load_dag.py
[2024-05-09T10:08:25.107+0000] {processor.py:840} INFO - DAG(s) 'mysql_table_dump' retrieved from /opt/airflow/dags/dump_load_dag.py
[2024-05-09T10:08:25.636+0000] {logging_mixin.py:188} INFO - [2024-05-09T10:08:25.635+0000] {dag.py:3096} INFO - Sync 1 DAGs
[2024-05-09T10:08:25.682+0000] {logging_mixin.py:188} INFO - [2024-05-09T10:08:25.682+0000] {dag.py:3954} INFO - Setting next_dagrun for mysql_table_dump to None, run_after=None
[2024-05-09T10:08:25.711+0000] {processor.py:183} INFO - Processing /opt/airflow/dags/dump_load_dag.py took 1.166 seconds
[2024-05-09T10:08:55.889+0000] {processor.py:161} INFO - Started process (PID=188) to work on /opt/airflow/dags/dump_load_dag.py
[2024-05-09T10:08:55.890+0000] {processor.py:830} INFO - Processing file /opt/airflow/dags/dump_load_dag.py for tasks to queue
[2024-05-09T10:08:55.891+0000] {logging_mixin.py:188} INFO - [2024-05-09T10:08:55.890+0000] {dagbag.py:540} INFO - Filling up the DagBag from /opt/airflow/dags/dump_load_dag.py
[2024-05-09T10:08:55.952+0000] {processor.py:840} INFO - DAG(s) 'mysql_table_dump' retrieved from /opt/airflow/dags/dump_load_dag.py
[2024-05-09T10:08:55.990+0000] {logging_mixin.py:188} INFO - [2024-05-09T10:08:55.989+0000] {dag.py:3096} INFO - Sync 1 DAGs
[2024-05-09T10:08:56.035+0000] {logging_mixin.py:188} INFO - [2024-05-09T10:08:56.035+0000] {dag.py:3954} INFO - Setting next_dagrun for mysql_table_dump to None, run_after=None
[2024-05-09T10:08:56.083+0000] {processor.py:183} INFO - Processing /opt/airflow/dags/dump_load_dag.py took 0.208 seconds
[2024-05-09T10:09:26.335+0000] {processor.py:161} INFO - Started process (PID=199) to work on /opt/airflow/dags/dump_load_dag.py
[2024-05-09T10:09:26.335+0000] {processor.py:830} INFO - Processing file /opt/airflow/dags/dump_load_dag.py for tasks to queue
[2024-05-09T10:09:26.336+0000] {logging_mixin.py:188} INFO - [2024-05-09T10:09:26.336+0000] {dagbag.py:540} INFO - Filling up the DagBag from /opt/airflow/dags/dump_load_dag.py
[2024-05-09T10:09:26.369+0000] {processor.py:840} INFO - DAG(s) 'mysql_table_dump' retrieved from /opt/airflow/dags/dump_load_dag.py
[2024-05-09T10:09:26.395+0000] {logging_mixin.py:188} INFO - [2024-05-09T10:09:26.395+0000] {dag.py:3096} INFO - Sync 1 DAGs
[2024-05-09T10:09:26.431+0000] {logging_mixin.py:188} INFO - [2024-05-09T10:09:26.431+0000] {dag.py:3954} INFO - Setting next_dagrun for mysql_table_dump to None, run_after=None
[2024-05-09T10:09:26.448+0000] {processor.py:183} INFO - Processing /opt/airflow/dags/dump_load_dag.py took 0.121 seconds
[2024-05-09T10:09:56.512+0000] {processor.py:161} INFO - Started process (PID=210) to work on /opt/airflow/dags/dump_load_dag.py
[2024-05-09T10:09:56.513+0000] {processor.py:830} INFO - Processing file /opt/airflow/dags/dump_load_dag.py for tasks to queue
[2024-05-09T10:09:56.515+0000] {logging_mixin.py:188} INFO - [2024-05-09T10:09:56.515+0000] {dagbag.py:540} INFO - Filling up the DagBag from /opt/airflow/dags/dump_load_dag.py
[2024-05-09T10:09:56.550+0000] {processor.py:840} INFO - DAG(s) 'mysql_table_dump' retrieved from /opt/airflow/dags/dump_load_dag.py
[2024-05-09T10:09:56.576+0000] {logging_mixin.py:188} INFO - [2024-05-09T10:09:56.576+0000] {dag.py:3096} INFO - Sync 1 DAGs
[2024-05-09T10:09:56.598+0000] {logging_mixin.py:188} INFO - [2024-05-09T10:09:56.598+0000] {dag.py:3954} INFO - Setting next_dagrun for mysql_table_dump to None, run_after=None
[2024-05-09T10:09:56.620+0000] {processor.py:183} INFO - Processing /opt/airflow/dags/dump_load_dag.py took 0.116 seconds
[2024-05-09T10:09:58.594+0000] {processor.py:161} INFO - Started process (PID=215) to work on /opt/airflow/dags/dump_load_dag.py
[2024-05-09T10:09:58.596+0000] {processor.py:830} INFO - Processing file /opt/airflow/dags/dump_load_dag.py for tasks to queue
[2024-05-09T10:09:58.604+0000] {logging_mixin.py:188} INFO - [2024-05-09T10:09:58.603+0000] {dagbag.py:540} INFO - Filling up the DagBag from /opt/airflow/dags/dump_load_dag.py
[2024-05-09T10:09:58.836+0000] {processor.py:840} INFO - DAG(s) 'mysql_table_dump' retrieved from /opt/airflow/dags/dump_load_dag.py
[2024-05-09T10:09:59.302+0000] {logging_mixin.py:188} INFO - [2024-05-09T10:09:59.302+0000] {dag.py:3096} INFO - Sync 1 DAGs
[2024-05-09T10:09:59.373+0000] {logging_mixin.py:188} INFO - [2024-05-09T10:09:59.371+0000] {dag.py:3954} INFO - Setting next_dagrun for mysql_table_dump to None, run_after=None
[2024-05-09T10:09:59.441+0000] {processor.py:183} INFO - Processing /opt/airflow/dags/dump_load_dag.py took 0.867 seconds
[2024-05-09T10:10:29.774+0000] {processor.py:161} INFO - Started process (PID=234) to work on /opt/airflow/dags/dump_load_dag.py
[2024-05-09T10:10:29.777+0000] {processor.py:830} INFO - Processing file /opt/airflow/dags/dump_load_dag.py for tasks to queue
[2024-05-09T10:10:29.781+0000] {logging_mixin.py:188} INFO - [2024-05-09T10:10:29.779+0000] {dagbag.py:540} INFO - Filling up the DagBag from /opt/airflow/dags/dump_load_dag.py
[2024-05-09T10:10:29.845+0000] {processor.py:840} INFO - DAG(s) 'mysql_table_dump' retrieved from /opt/airflow/dags/dump_load_dag.py
[2024-05-09T10:10:29.891+0000] {logging_mixin.py:188} INFO - [2024-05-09T10:10:29.891+0000] {dag.py:3096} INFO - Sync 1 DAGs
[2024-05-09T10:10:29.925+0000] {logging_mixin.py:188} INFO - [2024-05-09T10:10:29.924+0000] {dag.py:3954} INFO - Setting next_dagrun for mysql_table_dump to None, run_after=None
[2024-05-09T10:10:29.946+0000] {processor.py:183} INFO - Processing /opt/airflow/dags/dump_load_dag.py took 0.183 seconds
