[2024-05-07T11:33:13.355+0000] {local_task_job_runner.py:120} INFO - ::group::Pre task execution logs
[2024-05-07T11:33:13.448+0000] {taskinstance.py:2073} INFO - Dependencies all met for dep_context=non-requeueable deps ti=<TaskInstance: mysql_table_dump.mysql_task scheduled__2024-03-14T00:00:00+00:00 [queued]>
[2024-05-07T11:33:13.472+0000] {taskinstance.py:2073} INFO - Dependencies all met for dep_context=requeueable deps ti=<TaskInstance: mysql_table_dump.mysql_task scheduled__2024-03-14T00:00:00+00:00 [queued]>
[2024-05-07T11:33:13.473+0000] {taskinstance.py:2303} INFO - Starting attempt 1 of 1
[2024-05-07T11:33:13.498+0000] {taskinstance.py:2327} INFO - Executing <Task(MySqlOperator): mysql_task> on 2024-03-14 00:00:00+00:00
[2024-05-07T11:33:13.507+0000] {warnings.py:110} WARNING - /home/***/.local/lib/python3.12/site-packages/***/task/task_runner/standard_task_runner.py:61: DeprecationWarning: This process (pid=147) is multi-threaded, use of fork() may lead to deadlocks in the child.
  pid = os.fork()

[2024-05-07T11:33:13.510+0000] {standard_task_runner.py:63} INFO - Started process 148 to run task
[2024-05-07T11:33:13.510+0000] {standard_task_runner.py:90} INFO - Running: ['***', 'tasks', 'run', 'mysql_table_dump', 'mysql_task', 'scheduled__2024-03-14T00:00:00+00:00', '--job-id', '5', '--raw', '--subdir', 'DAGS_FOLDER/dump_load_dag.py', '--cfg-path', '/tmp/tmp3vb2paeb']
[2024-05-07T11:33:13.514+0000] {standard_task_runner.py:91} INFO - Job 5: Subtask mysql_task
[2024-05-07T11:33:13.592+0000] {task_command.py:426} INFO - Running <TaskInstance: mysql_table_dump.mysql_task scheduled__2024-03-14T00:00:00+00:00 [running]> on host 6f911b2c0f37
[2024-05-07T11:33:13.749+0000] {taskinstance.py:2644} INFO - Exporting env vars: AIRFLOW_CTX_DAG_OWNER='***' AIRFLOW_CTX_DAG_ID='mysql_table_dump' AIRFLOW_CTX_TASK_ID='mysql_task' AIRFLOW_CTX_EXECUTION_DATE='2024-03-14T00:00:00+00:00' AIRFLOW_CTX_TRY_NUMBER='1' AIRFLOW_CTX_DAG_RUN_ID='scheduled__2024-03-14T00:00:00+00:00'
[2024-05-07T11:33:13.752+0000] {taskinstance.py:430} INFO - ::endgroup::
[2024-05-07T11:33:13.839+0000] {sql.py:276} INFO - Executing: 
    CREATE TABLE hello(
        name varchar(255)
    );
[2024-05-07T11:33:13.858+0000] {base.py:84} INFO - Using connection ID 'MysqlID' for task execution.
[2024-05-07T11:33:13.897+0000] {base.py:84} INFO - Using connection ID 'MysqlID' for task execution.
[2024-05-07T11:33:14.496+0000] {sql.py:457} INFO - Running statement: 
    CREATE TABLE hello(
        name varchar(255)
    );, parameters: None
[2024-05-07T11:33:14.611+0000] {sql.py:466} INFO - Rows affected: 0
[2024-05-07T11:33:14.614+0000] {warnings.py:110} WARNING - /home/***/.local/lib/python3.12/site-packages/***/providers/common/sql/hooks/sql.py:407: AirflowProviderDeprecationWarning: Call to deprecated method _make_common_data_structure. (The `_make_serializable` method is deprecated and support will be removed in a future version of the common.sql provider. Please update the DbApiHook's provider to a version based on common.sql >= 1.9.1.)
  result = self._make_common_data_structure(handler(cur))

[2024-05-07T11:33:14.617+0000] {taskinstance.py:441} INFO - ::group::Post task execution logs
[2024-05-07T11:33:14.632+0000] {taskinstance.py:1205} INFO - Marking task as SUCCESS. dag_id=mysql_table_dump, task_id=mysql_task, execution_date=20240314T000000, start_date=20240507T113313, end_date=20240507T113314
[2024-05-07T11:33:14.702+0000] {local_task_job_runner.py:240} INFO - Task exited with return code 0
[2024-05-07T11:33:44.654+0000] {taskinstance.py:3482} INFO - 0 downstream tasks scheduled from follow-on schedule check
[2024-05-07T11:33:44.690+0000] {local_task_job_runner.py:222} INFO - ::endgroup::
