[2024-05-18T03:20:02.529+0000] {local_task_job_runner.py:120} INFO - ::group::Pre task execution logs
[2024-05-18T03:20:02.566+0000] {taskinstance.py:2073} INFO - Dependencies all met for dep_context=non-requeueable deps ti=<TaskInstance: mysql_table_dump.mysql_table_dump_task4 scheduled__2024-03-14T00:00:00+00:00 [queued]>
[2024-05-18T03:20:02.576+0000] {taskinstance.py:2073} INFO - Dependencies all met for dep_context=requeueable deps ti=<TaskInstance: mysql_table_dump.mysql_table_dump_task4 scheduled__2024-03-14T00:00:00+00:00 [queued]>
[2024-05-18T03:20:02.577+0000] {taskinstance.py:2303} INFO - Starting attempt 1 of 1
[2024-05-18T03:20:02.591+0000] {taskinstance.py:2327} INFO - Executing <Task(BashOperator): mysql_table_dump_task4> on 2024-03-14 00:00:00+00:00
[2024-05-18T03:20:02.599+0000] {standard_task_runner.py:90} INFO - Running: ['***', 'tasks', 'run', 'mysql_table_dump', 'mysql_table_dump_task4', 'scheduled__2024-03-14T00:00:00+00:00', '--job-id', '9', '--raw', '--subdir', 'DAGS_FOLDER/dump_load_dag.py', '--cfg-path', '/tmp/tmpxlk1o7jq']
[2024-05-18T03:20:02.601+0000] {standard_task_runner.py:91} INFO - Job 9: Subtask mysql_table_dump_task4
[2024-05-18T03:20:02.602+0000] {logging_mixin.py:188} WARNING - /home/***/.local/lib/python3.12/site-packages/***/task/task_runner/standard_task_runner.py:61 DeprecationWarning: This process (pid=926) is multi-threaded, use of fork() may lead to deadlocks in the child.
[2024-05-18T03:20:02.603+0000] {standard_task_runner.py:63} INFO - Started process 927 to run task
[2024-05-18T03:20:02.659+0000] {task_command.py:426} INFO - Running <TaskInstance: mysql_table_dump.mysql_table_dump_task4 scheduled__2024-03-14T00:00:00+00:00 [running]> on host 5ada75338b80
[2024-05-18T03:20:02.759+0000] {taskinstance.py:2644} INFO - Exporting env vars: AIRFLOW_CTX_DAG_OWNER='***' AIRFLOW_CTX_DAG_ID='mysql_table_dump' AIRFLOW_CTX_TASK_ID='mysql_table_dump_task4' AIRFLOW_CTX_EXECUTION_DATE='2024-03-14T00:00:00+00:00' AIRFLOW_CTX_TRY_NUMBER='1' AIRFLOW_CTX_DAG_RUN_ID='scheduled__2024-03-14T00:00:00+00:00'
[2024-05-18T03:20:02.760+0000] {taskinstance.py:430} INFO - ::endgroup::
[2024-05-18T03:20:02.779+0000] {subprocess.py:63} INFO - Tmp dir root location: /tmp
[2024-05-18T03:20:02.780+0000] {subprocess.py:75} INFO - Running command: ['/usr/bin/bash', '-c', 'mysqldump -u root -proot -h host.docker.internal -P 3306 extenso_assignment products > /opt/***/dags/products.sql 2>/opt/***/dags/dump_error.log']
[2024-05-18T03:20:02.791+0000] {subprocess.py:86} INFO - Output:
[2024-05-18T03:20:02.901+0000] {subprocess.py:97} INFO - Command exited with return code 0
[2024-05-18T03:20:02.902+0000] {taskinstance.py:441} INFO - ::group::Post task execution logs
[2024-05-18T03:20:02.924+0000] {taskinstance.py:1205} INFO - Marking task as SUCCESS. dag_id=mysql_table_dump, task_id=mysql_table_dump_task4, execution_date=20240314T000000, start_date=20240518T032002, end_date=20240518T032002
[2024-05-18T03:20:02.978+0000] {local_task_job_runner.py:240} INFO - Task exited with return code 0
[2024-05-18T03:20:02.992+0000] {taskinstance.py:3482} INFO - 0 downstream tasks scheduled from follow-on schedule check
[2024-05-18T03:20:02.994+0000] {local_task_job_runner.py:222} INFO - ::endgroup::
[2024-05-18T10:11:23.869+0000] {local_task_job_runner.py:120} INFO - ::group::Pre task execution logs
[2024-05-18T10:11:23.930+0000] {taskinstance.py:2073} INFO - Dependencies all met for dep_context=non-requeueable deps ti=<TaskInstance: mysql_table_dump.mysql_table_dump_task4 scheduled__2024-03-14T00:00:00+00:00 [queued]>
[2024-05-18T10:11:23.941+0000] {taskinstance.py:2073} INFO - Dependencies all met for dep_context=requeueable deps ti=<TaskInstance: mysql_table_dump.mysql_table_dump_task4 scheduled__2024-03-14T00:00:00+00:00 [queued]>
[2024-05-18T10:11:23.941+0000] {taskinstance.py:2303} INFO - Starting attempt 1 of 1
[2024-05-18T10:11:23.957+0000] {taskinstance.py:2327} INFO - Executing <Task(BashOperator): mysql_table_dump_task4> on 2024-03-14 00:00:00+00:00
[2024-05-18T10:11:23.968+0000] {standard_task_runner.py:90} INFO - Running: ['***', 'tasks', 'run', 'mysql_table_dump', 'mysql_table_dump_task4', 'scheduled__2024-03-14T00:00:00+00:00', '--job-id', '50', '--raw', '--subdir', 'DAGS_FOLDER/dump_load_dag.py', '--cfg-path', '/tmp/tmpozzeaku6']
[2024-05-18T10:11:23.971+0000] {standard_task_runner.py:91} INFO - Job 50: Subtask mysql_table_dump_task4
[2024-05-18T10:11:23.972+0000] {logging_mixin.py:188} WARNING - /home/***/.local/lib/python3.12/site-packages/***/task/task_runner/standard_task_runner.py:61 DeprecationWarning: This process (pid=379) is multi-threaded, use of fork() may lead to deadlocks in the child.
[2024-05-18T10:11:23.974+0000] {standard_task_runner.py:63} INFO - Started process 380 to run task
[2024-05-18T10:11:24.030+0000] {task_command.py:426} INFO - Running <TaskInstance: mysql_table_dump.mysql_table_dump_task4 scheduled__2024-03-14T00:00:00+00:00 [running]> on host 84791bb03867
[2024-05-18T10:11:24.118+0000] {taskinstance.py:2644} INFO - Exporting env vars: AIRFLOW_CTX_DAG_OWNER='***' AIRFLOW_CTX_DAG_ID='mysql_table_dump' AIRFLOW_CTX_TASK_ID='mysql_table_dump_task4' AIRFLOW_CTX_EXECUTION_DATE='2024-03-14T00:00:00+00:00' AIRFLOW_CTX_TRY_NUMBER='1' AIRFLOW_CTX_DAG_RUN_ID='scheduled__2024-03-14T00:00:00+00:00'
[2024-05-18T10:11:24.120+0000] {taskinstance.py:430} INFO - ::endgroup::
[2024-05-18T10:11:24.140+0000] {subprocess.py:63} INFO - Tmp dir root location: /tmp
[2024-05-18T10:11:24.142+0000] {subprocess.py:75} INFO - Running command: ['/usr/bin/bash', '-c', 'mysqldump -u root -proot -h host.docker.internal -P 3306 extenso_assignment products > /opt/***/dags/products.sql 2>/opt/***/dags/dump_error.log']
[2024-05-18T10:11:24.150+0000] {subprocess.py:86} INFO - Output:
[2024-05-18T10:11:24.264+0000] {subprocess.py:97} INFO - Command exited with return code 0
[2024-05-18T10:11:24.266+0000] {taskinstance.py:441} INFO - ::group::Post task execution logs
[2024-05-18T10:11:24.301+0000] {taskinstance.py:1205} INFO - Marking task as SUCCESS. dag_id=mysql_table_dump, task_id=mysql_table_dump_task4, execution_date=20240314T000000, start_date=20240518T101123, end_date=20240518T101124
[2024-05-18T10:11:24.349+0000] {local_task_job_runner.py:240} INFO - Task exited with return code 0
[2024-05-18T10:11:24.360+0000] {logging_mixin.py:188} WARNING - /home/***/.local/lib/python3.12/site-packages/***/models/baseoperator.py:1296 AirflowProviderDeprecationWarning: Call to deprecated class MySqlOperator. (Please use `***.providers.common.sql.operators.sql.SQLExecuteQueryOperator`.Also, you can provide `hook_params={'schema': <database>}`.)
[2024-05-18T10:11:24.375+0000] {taskinstance.py:3482} INFO - 1 downstream tasks scheduled from follow-on schedule check
[2024-05-18T10:11:24.376+0000] {local_task_job_runner.py:222} INFO - ::endgroup::
[2024-05-18T10:19:20.132+0000] {local_task_job_runner.py:120} INFO - ::group::Pre task execution logs
[2024-05-18T10:19:20.168+0000] {taskinstance.py:2073} INFO - Dependencies all met for dep_context=non-requeueable deps ti=<TaskInstance: mysql_table_dump.mysql_table_dump_task4 scheduled__2024-03-14T00:00:00+00:00 [queued]>
[2024-05-18T10:19:20.177+0000] {taskinstance.py:2073} INFO - Dependencies all met for dep_context=requeueable deps ti=<TaskInstance: mysql_table_dump.mysql_table_dump_task4 scheduled__2024-03-14T00:00:00+00:00 [queued]>
[2024-05-18T10:19:20.178+0000] {taskinstance.py:2303} INFO - Starting attempt 1 of 1
[2024-05-18T10:19:20.207+0000] {taskinstance.py:2327} INFO - Executing <Task(BashOperator): mysql_table_dump_task4> on 2024-03-14 00:00:00+00:00
[2024-05-18T10:19:20.224+0000] {standard_task_runner.py:90} INFO - Running: ['***', 'tasks', 'run', 'mysql_table_dump', 'mysql_table_dump_task4', 'scheduled__2024-03-14T00:00:00+00:00', '--job-id', '56', '--raw', '--subdir', 'DAGS_FOLDER/dump_load_dag.py', '--cfg-path', '/tmp/tmpo4_1swcr']
[2024-05-18T10:19:20.229+0000] {standard_task_runner.py:91} INFO - Job 56: Subtask mysql_table_dump_task4
[2024-05-18T10:19:20.231+0000] {logging_mixin.py:188} WARNING - /home/***/.local/lib/python3.12/site-packages/***/task/task_runner/standard_task_runner.py:61 DeprecationWarning: This process (pid=599) is multi-threaded, use of fork() may lead to deadlocks in the child.
[2024-05-18T10:19:20.233+0000] {standard_task_runner.py:63} INFO - Started process 600 to run task
[2024-05-18T10:19:20.343+0000] {task_command.py:426} INFO - Running <TaskInstance: mysql_table_dump.mysql_table_dump_task4 scheduled__2024-03-14T00:00:00+00:00 [running]> on host 84791bb03867
[2024-05-18T10:19:20.433+0000] {taskinstance.py:2644} INFO - Exporting env vars: AIRFLOW_CTX_DAG_OWNER='***' AIRFLOW_CTX_DAG_ID='mysql_table_dump' AIRFLOW_CTX_TASK_ID='mysql_table_dump_task4' AIRFLOW_CTX_EXECUTION_DATE='2024-03-14T00:00:00+00:00' AIRFLOW_CTX_TRY_NUMBER='1' AIRFLOW_CTX_DAG_RUN_ID='scheduled__2024-03-14T00:00:00+00:00'
[2024-05-18T10:19:20.434+0000] {taskinstance.py:430} INFO - ::endgroup::
[2024-05-18T10:19:20.451+0000] {subprocess.py:63} INFO - Tmp dir root location: /tmp
[2024-05-18T10:19:20.453+0000] {subprocess.py:75} INFO - Running command: ['/usr/bin/bash', '-c', 'mysqldump -u root -proot -h host.docker.internal -P 3306 extenso_assignment products > /opt/***/dags/products.sql 2>/opt/***/dags/dump_error.log']
[2024-05-18T10:19:20.461+0000] {subprocess.py:86} INFO - Output:
[2024-05-18T10:19:20.563+0000] {subprocess.py:97} INFO - Command exited with return code 0
[2024-05-18T10:19:20.564+0000] {taskinstance.py:441} INFO - ::group::Post task execution logs
[2024-05-18T10:19:20.591+0000] {taskinstance.py:1205} INFO - Marking task as SUCCESS. dag_id=mysql_table_dump, task_id=mysql_table_dump_task4, execution_date=20240314T000000, start_date=20240518T101920, end_date=20240518T101920
[2024-05-18T10:19:20.654+0000] {local_task_job_runner.py:240} INFO - Task exited with return code 0
[2024-05-18T10:19:20.702+0000] {logging_mixin.py:188} WARNING - /home/***/.local/lib/python3.12/site-packages/***/models/baseoperator.py:1296 AirflowProviderDeprecationWarning: Call to deprecated class MySqlOperator. (Please use `***.providers.common.sql.operators.sql.SQLExecuteQueryOperator`.Also, you can provide `hook_params={'schema': <database>}`.)
[2024-05-18T10:19:20.750+0000] {taskinstance.py:3482} INFO - 1 downstream tasks scheduled from follow-on schedule check
[2024-05-18T10:19:20.759+0000] {local_task_job_runner.py:222} INFO - ::endgroup::
