[2024-05-18T03:20:00.243+0000] {local_task_job_runner.py:120} INFO - ::group::Pre task execution logs
[2024-05-18T03:20:00.430+0000] {taskinstance.py:2073} INFO - Dependencies all met for dep_context=non-requeueable deps ti=<TaskInstance: mysql_table_dump.mysql_table_dump_task3 scheduled__2024-03-14T00:00:00+00:00 [queued]>
[2024-05-18T03:20:00.467+0000] {taskinstance.py:2073} INFO - Dependencies all met for dep_context=requeueable deps ti=<TaskInstance: mysql_table_dump.mysql_table_dump_task3 scheduled__2024-03-14T00:00:00+00:00 [queued]>
[2024-05-18T03:20:00.468+0000] {taskinstance.py:2303} INFO - Starting attempt 1 of 1
[2024-05-18T03:20:00.495+0000] {taskinstance.py:2327} INFO - Executing <Task(BashOperator): mysql_table_dump_task3> on 2024-03-14 00:00:00+00:00
[2024-05-18T03:20:00.506+0000] {standard_task_runner.py:90} INFO - Running: ['***', 'tasks', 'run', 'mysql_table_dump', 'mysql_table_dump_task3', 'scheduled__2024-03-14T00:00:00+00:00', '--job-id', '8', '--raw', '--subdir', 'DAGS_FOLDER/dump_load_dag.py', '--cfg-path', '/tmp/tmpn1i1_ckf']
[2024-05-18T03:20:00.509+0000] {standard_task_runner.py:91} INFO - Job 8: Subtask mysql_table_dump_task3
[2024-05-18T03:20:00.510+0000] {logging_mixin.py:188} WARNING - /home/***/.local/lib/python3.12/site-packages/***/task/task_runner/standard_task_runner.py:61 DeprecationWarning: This process (pid=922) is multi-threaded, use of fork() may lead to deadlocks in the child.
[2024-05-18T03:20:00.512+0000] {standard_task_runner.py:63} INFO - Started process 923 to run task
[2024-05-18T03:20:00.681+0000] {task_command.py:426} INFO - Running <TaskInstance: mysql_table_dump.mysql_table_dump_task3 scheduled__2024-03-14T00:00:00+00:00 [running]> on host 5ada75338b80
[2024-05-18T03:20:00.890+0000] {taskinstance.py:2644} INFO - Exporting env vars: AIRFLOW_CTX_DAG_OWNER='***' AIRFLOW_CTX_DAG_ID='mysql_table_dump' AIRFLOW_CTX_TASK_ID='mysql_table_dump_task3' AIRFLOW_CTX_EXECUTION_DATE='2024-03-14T00:00:00+00:00' AIRFLOW_CTX_TRY_NUMBER='1' AIRFLOW_CTX_DAG_RUN_ID='scheduled__2024-03-14T00:00:00+00:00'
[2024-05-18T03:20:00.892+0000] {taskinstance.py:430} INFO - ::endgroup::
[2024-05-18T03:20:00.924+0000] {subprocess.py:63} INFO - Tmp dir root location: /tmp
[2024-05-18T03:20:00.927+0000] {subprocess.py:75} INFO - Running command: ['/usr/bin/bash', '-c', 'mysqldump -u root -proot -h host.docker.internal -P 3306 extenso_assignment rw_transaction_data > /opt/***/dags/rw_transaction_data.sql 2>/opt/***/dags/dump_error.log']
[2024-05-18T03:20:00.950+0000] {subprocess.py:86} INFO - Output:
[2024-05-18T03:20:01.657+0000] {subprocess.py:97} INFO - Command exited with return code 0
[2024-05-18T03:20:01.659+0000] {taskinstance.py:441} INFO - ::group::Post task execution logs
[2024-05-18T03:20:01.694+0000] {taskinstance.py:1205} INFO - Marking task as SUCCESS. dag_id=mysql_table_dump, task_id=mysql_table_dump_task3, execution_date=20240314T000000, start_date=20240518T032000, end_date=20240518T032001
[2024-05-18T03:20:01.751+0000] {local_task_job_runner.py:240} INFO - Task exited with return code 0
[2024-05-18T03:20:01.780+0000] {taskinstance.py:3482} INFO - 1 downstream tasks scheduled from follow-on schedule check
[2024-05-18T03:20:01.782+0000] {local_task_job_runner.py:222} INFO - ::endgroup::
[2024-05-18T10:11:21.851+0000] {local_task_job_runner.py:120} INFO - ::group::Pre task execution logs
[2024-05-18T10:11:21.901+0000] {taskinstance.py:2073} INFO - Dependencies all met for dep_context=non-requeueable deps ti=<TaskInstance: mysql_table_dump.mysql_table_dump_task3 scheduled__2024-03-14T00:00:00+00:00 [queued]>
[2024-05-18T10:11:21.915+0000] {taskinstance.py:2073} INFO - Dependencies all met for dep_context=requeueable deps ti=<TaskInstance: mysql_table_dump.mysql_table_dump_task3 scheduled__2024-03-14T00:00:00+00:00 [queued]>
[2024-05-18T10:11:21.916+0000] {taskinstance.py:2303} INFO - Starting attempt 1 of 1
[2024-05-18T10:11:21.938+0000] {taskinstance.py:2327} INFO - Executing <Task(BashOperator): mysql_table_dump_task3> on 2024-03-14 00:00:00+00:00
[2024-05-18T10:11:21.949+0000] {standard_task_runner.py:90} INFO - Running: ['***', 'tasks', 'run', 'mysql_table_dump', 'mysql_table_dump_task3', 'scheduled__2024-03-14T00:00:00+00:00', '--job-id', '49', '--raw', '--subdir', 'DAGS_FOLDER/dump_load_dag.py', '--cfg-path', '/tmp/tmpviab6u5e']
[2024-05-18T10:11:21.952+0000] {logging_mixin.py:188} WARNING - /home/***/.local/lib/python3.12/site-packages/***/task/task_runner/standard_task_runner.py:61 DeprecationWarning: This process (pid=375) is multi-threaded, use of fork() may lead to deadlocks in the child.
[2024-05-18T10:11:21.953+0000] {standard_task_runner.py:91} INFO - Job 49: Subtask mysql_table_dump_task3
[2024-05-18T10:11:21.953+0000] {standard_task_runner.py:63} INFO - Started process 376 to run task
[2024-05-18T10:11:22.041+0000] {task_command.py:426} INFO - Running <TaskInstance: mysql_table_dump.mysql_table_dump_task3 scheduled__2024-03-14T00:00:00+00:00 [running]> on host 84791bb03867
[2024-05-18T10:11:22.146+0000] {taskinstance.py:2644} INFO - Exporting env vars: AIRFLOW_CTX_DAG_OWNER='***' AIRFLOW_CTX_DAG_ID='mysql_table_dump' AIRFLOW_CTX_TASK_ID='mysql_table_dump_task3' AIRFLOW_CTX_EXECUTION_DATE='2024-03-14T00:00:00+00:00' AIRFLOW_CTX_TRY_NUMBER='1' AIRFLOW_CTX_DAG_RUN_ID='scheduled__2024-03-14T00:00:00+00:00'
[2024-05-18T10:11:22.147+0000] {taskinstance.py:430} INFO - ::endgroup::
[2024-05-18T10:11:22.165+0000] {subprocess.py:63} INFO - Tmp dir root location: /tmp
[2024-05-18T10:11:22.166+0000] {subprocess.py:75} INFO - Running command: ['/usr/bin/bash', '-c', 'mysqldump -u root -proot -h host.docker.internal -P 3306 extenso_assignment rw_transaction_data > /opt/***/dags/rw_transaction_data.sql 2>/opt/***/dags/dump_error.log']
[2024-05-18T10:11:22.175+0000] {subprocess.py:86} INFO - Output:
[2024-05-18T10:11:22.562+0000] {subprocess.py:97} INFO - Command exited with return code 0
[2024-05-18T10:11:22.563+0000] {taskinstance.py:441} INFO - ::group::Post task execution logs
[2024-05-18T10:11:22.582+0000] {taskinstance.py:1205} INFO - Marking task as SUCCESS. dag_id=mysql_table_dump, task_id=mysql_table_dump_task3, execution_date=20240314T000000, start_date=20240518T101121, end_date=20240518T101122
[2024-05-18T10:11:22.610+0000] {local_task_job_runner.py:240} INFO - Task exited with return code 0
[2024-05-18T10:11:22.621+0000] {logging_mixin.py:188} WARNING - /home/***/.local/lib/python3.12/site-packages/***/models/baseoperator.py:1296 AirflowProviderDeprecationWarning: Call to deprecated class MySqlOperator. (Please use `***.providers.common.sql.operators.sql.SQLExecuteQueryOperator`.Also, you can provide `hook_params={'schema': <database>}`.)
[2024-05-18T10:11:22.672+0000] {taskinstance.py:3482} INFO - 1 downstream tasks scheduled from follow-on schedule check
[2024-05-18T10:11:22.679+0000] {local_task_job_runner.py:222} INFO - ::endgroup::
[2024-05-18T10:19:17.954+0000] {local_task_job_runner.py:120} INFO - ::group::Pre task execution logs
[2024-05-18T10:19:17.995+0000] {taskinstance.py:2073} INFO - Dependencies all met for dep_context=non-requeueable deps ti=<TaskInstance: mysql_table_dump.mysql_table_dump_task3 scheduled__2024-03-14T00:00:00+00:00 [queued]>
[2024-05-18T10:19:18.006+0000] {taskinstance.py:2073} INFO - Dependencies all met for dep_context=requeueable deps ti=<TaskInstance: mysql_table_dump.mysql_table_dump_task3 scheduled__2024-03-14T00:00:00+00:00 [queued]>
[2024-05-18T10:19:18.007+0000] {taskinstance.py:2303} INFO - Starting attempt 1 of 1
[2024-05-18T10:19:18.025+0000] {taskinstance.py:2327} INFO - Executing <Task(BashOperator): mysql_table_dump_task3> on 2024-03-14 00:00:00+00:00
[2024-05-18T10:19:18.041+0000] {logging_mixin.py:188} WARNING - /home/***/.local/lib/python3.12/site-packages/***/task/task_runner/standard_task_runner.py:61 DeprecationWarning: This process (pid=595) is multi-threaded, use of fork() may lead to deadlocks in the child.
[2024-05-18T10:19:18.038+0000] {standard_task_runner.py:90} INFO - Running: ['***', 'tasks', 'run', 'mysql_table_dump', 'mysql_table_dump_task3', 'scheduled__2024-03-14T00:00:00+00:00', '--job-id', '55', '--raw', '--subdir', 'DAGS_FOLDER/dump_load_dag.py', '--cfg-path', '/tmp/tmp7xq5kk6m']
[2024-05-18T10:19:18.042+0000] {standard_task_runner.py:63} INFO - Started process 596 to run task
[2024-05-18T10:19:18.042+0000] {standard_task_runner.py:91} INFO - Job 55: Subtask mysql_table_dump_task3
[2024-05-18T10:19:18.096+0000] {task_command.py:426} INFO - Running <TaskInstance: mysql_table_dump.mysql_table_dump_task3 scheduled__2024-03-14T00:00:00+00:00 [running]> on host 84791bb03867
[2024-05-18T10:19:18.172+0000] {taskinstance.py:2644} INFO - Exporting env vars: AIRFLOW_CTX_DAG_OWNER='***' AIRFLOW_CTX_DAG_ID='mysql_table_dump' AIRFLOW_CTX_TASK_ID='mysql_table_dump_task3' AIRFLOW_CTX_EXECUTION_DATE='2024-03-14T00:00:00+00:00' AIRFLOW_CTX_TRY_NUMBER='1' AIRFLOW_CTX_DAG_RUN_ID='scheduled__2024-03-14T00:00:00+00:00'
[2024-05-18T10:19:18.173+0000] {taskinstance.py:430} INFO - ::endgroup::
[2024-05-18T10:19:18.191+0000] {subprocess.py:63} INFO - Tmp dir root location: /tmp
[2024-05-18T10:19:18.193+0000] {subprocess.py:75} INFO - Running command: ['/usr/bin/bash', '-c', 'mysqldump -u root -proot -h host.docker.internal -P 3306 extenso_assignment rw_transaction_data > /opt/***/dags/rw_transaction_data.sql 2>/opt/***/dags/dump_error.log']
[2024-05-18T10:19:18.200+0000] {subprocess.py:86} INFO - Output:
[2024-05-18T10:19:18.705+0000] {subprocess.py:97} INFO - Command exited with return code 0
[2024-05-18T10:19:18.707+0000] {taskinstance.py:441} INFO - ::group::Post task execution logs
[2024-05-18T10:19:18.780+0000] {taskinstance.py:1205} INFO - Marking task as SUCCESS. dag_id=mysql_table_dump, task_id=mysql_table_dump_task3, execution_date=20240314T000000, start_date=20240518T101917, end_date=20240518T101918
[2024-05-18T10:19:18.819+0000] {local_task_job_runner.py:240} INFO - Task exited with return code 0
[2024-05-18T10:19:18.830+0000] {logging_mixin.py:188} WARNING - /home/***/.local/lib/python3.12/site-packages/***/models/baseoperator.py:1296 AirflowProviderDeprecationWarning: Call to deprecated class MySqlOperator. (Please use `***.providers.common.sql.operators.sql.SQLExecuteQueryOperator`.Also, you can provide `hook_params={'schema': <database>}`.)
[2024-05-18T10:19:18.847+0000] {taskinstance.py:3482} INFO - 1 downstream tasks scheduled from follow-on schedule check
[2024-05-18T10:19:18.849+0000] {local_task_job_runner.py:222} INFO - ::endgroup::
