[2024-05-30T04:23:33.778+0000] {local_task_job_runner.py:120} INFO - ::group::Pre task execution logs
[2024-05-30T04:23:33.814+0000] {taskinstance.py:2076} INFO - Dependencies all met for dep_context=non-requeueable deps ti=<TaskInstance: extenso_assignment.output scheduled__2024-03-14T00:00:00+00:00 [queued]>
[2024-05-30T04:23:33.823+0000] {taskinstance.py:2076} INFO - Dependencies all met for dep_context=requeueable deps ti=<TaskInstance: extenso_assignment.output scheduled__2024-03-14T00:00:00+00:00 [queued]>
[2024-05-30T04:23:34.004+0000] {taskinstance.py:2306} INFO - Starting attempt 1 of 1
[2024-05-30T04:23:34.059+0000] {taskinstance.py:2330} INFO - Executing <Task(PythonOperator): output> on 2024-03-14 00:00:00+00:00
[2024-05-30T04:23:34.096+0000] {logging_mixin.py:188} WARNING - /home/***/.local/lib/python3.12/site-packages/***/task/task_runner/standard_task_runner.py:61 DeprecationWarning: This process (pid=244) is multi-threaded, use of fork() may lead to deadlocks in the child.
[2024-05-30T04:23:34.091+0000] {standard_task_runner.py:90} INFO - Running: ['***', 'tasks', 'run', 'extenso_assignment', 'output', 'scheduled__2024-03-14T00:00:00+00:00', '--job-id', '4', '--raw', '--subdir', 'DAGS_FOLDER/dump_load_dag.py', '--cfg-path', '/tmp/tmpens4ibss']
[2024-05-30T04:23:34.098+0000] {standard_task_runner.py:63} INFO - Started process 253 to run task
[2024-05-30T04:23:34.099+0000] {standard_task_runner.py:91} INFO - Job 4: Subtask output
[2024-05-30T04:23:34.201+0000] {task_command.py:426} INFO - Running <TaskInstance: extenso_assignment.output scheduled__2024-03-14T00:00:00+00:00 [running]> on host 51f9b92f6334
[2024-05-30T04:23:34.403+0000] {taskinstance.py:2648} INFO - Exporting env vars: AIRFLOW_CTX_DAG_OWNER='***' AIRFLOW_CTX_DAG_ID='extenso_assignment' AIRFLOW_CTX_TASK_ID='output' AIRFLOW_CTX_EXECUTION_DATE='2024-03-14T00:00:00+00:00' AIRFLOW_CTX_TRY_NUMBER='1' AIRFLOW_CTX_DAG_RUN_ID='scheduled__2024-03-14T00:00:00+00:00'
[2024-05-30T04:23:34.405+0000] {taskinstance.py:430} INFO - ::endgroup::
[2024-05-30T04:23:34.437+0000] {logging_mixin.py:188} INFO - File 'ABC_layout_1.csv' loaded successfully from '/opt/***/files'.
[2024-05-30T04:23:34.443+0000] {logging_mixin.py:188} INFO - File 'PQR_layout_2.csv' loaded successfully from '/opt/***/files'.
[2024-05-30T04:23:34.447+0000] {logging_mixin.py:188} INFO - File 'layout_3_voters.csv' loaded successfully from '/opt/***/files'.
[2024-05-30T04:23:34.452+0000] {logging_mixin.py:188} INFO - File 'KLM_layout_4.csv' loaded successfully from '/opt/***/files'.
[2024-05-30T04:23:34.458+0000] {logging_mixin.py:188} INFO - File 'layout_5_license_dropped.csv' loaded successfully from '/opt/***/files'.
[2024-05-30T04:23:34.479+0000] {logging_mixin.py:188} WARNING - /opt/***/dags/Load_DF.py:6 FutureWarning: DataFrame.applymap has been deprecated. Use DataFrame.map instead.
[2024-05-30T04:23:34.487+0000] {logging_mixin.py:188} WARNING - /opt/***/dags/Load_DF.py:6 FutureWarning: DataFrame.applymap has been deprecated. Use DataFrame.map instead.
[2024-05-30T04:23:34.491+0000] {logging_mixin.py:188} WARNING - /opt/***/dags/Load_DF.py:6 FutureWarning: DataFrame.applymap has been deprecated. Use DataFrame.map instead.
[2024-05-30T04:23:34.496+0000] {logging_mixin.py:188} WARNING - /opt/***/dags/Load_DF.py:6 FutureWarning: DataFrame.applymap has been deprecated. Use DataFrame.map instead.
[2024-05-30T04:23:34.498+0000] {logging_mixin.py:188} WARNING - /opt/***/dags/Load_DF.py:6 FutureWarning: DataFrame.applymap has been deprecated. Use DataFrame.map instead.
[2024-05-30T04:23:34.502+0000] {logging_mixin.py:188} WARNING - /opt/***/dags/Load_DF.py:6 FutureWarning: DataFrame.applymap has been deprecated. Use DataFrame.map instead.
[2024-05-30T04:23:34.506+0000] {logging_mixin.py:188} WARNING - /opt/***/dags/Load_DF.py:6 FutureWarning: DataFrame.applymap has been deprecated. Use DataFrame.map instead.
[2024-05-30T04:23:34.509+0000] {logging_mixin.py:188} WARNING - /opt/***/dags/Load_DF.py:6 FutureWarning: DataFrame.applymap has been deprecated. Use DataFrame.map instead.
[2024-05-30T04:23:34.513+0000] {logging_mixin.py:188} WARNING - /opt/***/dags/Load_DF.py:6 FutureWarning: DataFrame.applymap has been deprecated. Use DataFrame.map instead.
[2024-05-30T04:23:34.515+0000] {logging_mixin.py:188} WARNING - /opt/***/dags/Load_DF.py:6 FutureWarning: DataFrame.applymap has been deprecated. Use DataFrame.map instead.
[2024-05-30T04:23:34.860+0000] {python.py:237} INFO - Done. Returned value was: None
[2024-05-30T04:23:34.861+0000] {taskinstance.py:441} INFO - ::group::Post task execution logs
[2024-05-30T04:23:34.872+0000] {taskinstance.py:1206} INFO - Marking task as SUCCESS. dag_id=extenso_assignment, task_id=output, run_id=scheduled__2024-03-14T00:00:00+00:00, execution_date=20240314T000000, start_date=20240530T042333, end_date=20240530T042334
[2024-05-30T04:23:35.054+0000] {local_task_job_runner.py:240} INFO - Task exited with return code 0
[2024-05-30T04:23:35.064+0000] {local_task_job_runner.py:222} INFO - ::endgroup::
[2024-05-30T04:38:40.519+0000] {local_task_job_runner.py:120} INFO - ::group::Pre task execution logs
[2024-05-30T04:38:40.557+0000] {taskinstance.py:2076} INFO - Dependencies all met for dep_context=non-requeueable deps ti=<TaskInstance: extenso_assignment.output scheduled__2024-03-14T00:00:00+00:00 [queued]>
[2024-05-30T04:38:40.568+0000] {taskinstance.py:2076} INFO - Dependencies all met for dep_context=requeueable deps ti=<TaskInstance: extenso_assignment.output scheduled__2024-03-14T00:00:00+00:00 [queued]>
[2024-05-30T04:38:40.569+0000] {taskinstance.py:2306} INFO - Starting attempt 1 of 1
[2024-05-30T04:38:40.588+0000] {taskinstance.py:2330} INFO - Executing <Task(PythonOperator): output> on 2024-03-14 00:00:00+00:00
[2024-05-30T04:38:40.625+0000] {standard_task_runner.py:90} INFO - Running: ['***', 'tasks', 'run', 'extenso_assignment', 'output', 'scheduled__2024-03-14T00:00:00+00:00', '--job-id', '8', '--raw', '--subdir', 'DAGS_FOLDER/dump_load_dag.py', '--cfg-path', '/tmp/tmpnxqtbv9f']
[2024-05-30T04:38:40.637+0000] {standard_task_runner.py:91} INFO - Job 8: Subtask output
[2024-05-30T04:38:40.653+0000] {logging_mixin.py:188} WARNING - /home/***/.local/lib/python3.12/site-packages/***/task/task_runner/standard_task_runner.py:61 DeprecationWarning: This process (pid=233) is multi-threaded, use of fork() may lead to deadlocks in the child.
[2024-05-30T04:38:40.655+0000] {standard_task_runner.py:63} INFO - Started process 242 to run task
[2024-05-30T04:38:40.784+0000] {task_command.py:426} INFO - Running <TaskInstance: extenso_assignment.output scheduled__2024-03-14T00:00:00+00:00 [running]> on host 36f443bd28d4
[2024-05-30T04:38:41.344+0000] {taskinstance.py:2648} INFO - Exporting env vars: AIRFLOW_CTX_DAG_OWNER='***' AIRFLOW_CTX_DAG_ID='extenso_assignment' AIRFLOW_CTX_TASK_ID='output' AIRFLOW_CTX_EXECUTION_DATE='2024-03-14T00:00:00+00:00' AIRFLOW_CTX_TRY_NUMBER='1' AIRFLOW_CTX_DAG_RUN_ID='scheduled__2024-03-14T00:00:00+00:00'
[2024-05-30T04:38:41.349+0000] {taskinstance.py:430} INFO - ::endgroup::
[2024-05-30T04:38:41.418+0000] {logging_mixin.py:188} INFO - File 'ABC_layout_1.csv' loaded successfully from '/opt/***/files/input_files'.
[2024-05-30T04:38:41.426+0000] {logging_mixin.py:188} INFO - File 'PQR_layout_2.csv' loaded successfully from '/opt/***/files/input_files'.
[2024-05-30T04:38:41.434+0000] {logging_mixin.py:188} INFO - File 'layout_3_voters.csv' loaded successfully from '/opt/***/files/input_files'.
[2024-05-30T04:38:41.441+0000] {logging_mixin.py:188} INFO - File 'KLM_layout_4.csv' loaded successfully from '/opt/***/files/input_files'.
[2024-05-30T04:38:41.448+0000] {logging_mixin.py:188} INFO - File 'layout_5_license_dropped.csv' loaded successfully from '/opt/***/files/input_files'.
[2024-05-30T04:38:41.466+0000] {logging_mixin.py:188} WARNING - /opt/***/dags/Load_DF.py:6 FutureWarning: DataFrame.applymap has been deprecated. Use DataFrame.map instead.
[2024-05-30T04:38:41.473+0000] {logging_mixin.py:188} WARNING - /opt/***/dags/Load_DF.py:6 FutureWarning: DataFrame.applymap has been deprecated. Use DataFrame.map instead.
[2024-05-30T04:38:41.476+0000] {logging_mixin.py:188} WARNING - /opt/***/dags/Load_DF.py:6 FutureWarning: DataFrame.applymap has been deprecated. Use DataFrame.map instead.
[2024-05-30T04:38:41.480+0000] {logging_mixin.py:188} WARNING - /opt/***/dags/Load_DF.py:6 FutureWarning: DataFrame.applymap has been deprecated. Use DataFrame.map instead.
[2024-05-30T04:38:41.483+0000] {logging_mixin.py:188} WARNING - /opt/***/dags/Load_DF.py:6 FutureWarning: DataFrame.applymap has been deprecated. Use DataFrame.map instead.
[2024-05-30T04:38:41.488+0000] {logging_mixin.py:188} WARNING - /opt/***/dags/Load_DF.py:6 FutureWarning: DataFrame.applymap has been deprecated. Use DataFrame.map instead.
[2024-05-30T04:38:41.491+0000] {logging_mixin.py:188} WARNING - /opt/***/dags/Load_DF.py:6 FutureWarning: DataFrame.applymap has been deprecated. Use DataFrame.map instead.
[2024-05-30T04:38:41.493+0000] {logging_mixin.py:188} WARNING - /opt/***/dags/Load_DF.py:6 FutureWarning: DataFrame.applymap has been deprecated. Use DataFrame.map instead.
[2024-05-30T04:38:41.496+0000] {logging_mixin.py:188} WARNING - /opt/***/dags/Load_DF.py:6 FutureWarning: DataFrame.applymap has been deprecated. Use DataFrame.map instead.
[2024-05-30T04:38:41.500+0000] {logging_mixin.py:188} WARNING - /opt/***/dags/Load_DF.py:6 FutureWarning: DataFrame.applymap has been deprecated. Use DataFrame.map instead.
[2024-05-30T04:38:41.792+0000] {taskinstance.py:441} INFO - ::group::Post task execution logs
[2024-05-30T04:38:41.793+0000] {taskinstance.py:2905} ERROR - Task failed with exception
Traceback (most recent call last):
  File "/home/airflow/.local/lib/python3.12/site-packages/airflow/models/taskinstance.py", line 465, in _execute_task
    result = _execute_callable(context=context, **execute_callable_kwargs)
             ^^^^^^^^^^^^^^^^^^^^^^^^^^^^^^^^^^^^^^^^^^^^^^^^^^^^^^^^^^^^^
  File "/home/airflow/.local/lib/python3.12/site-packages/airflow/models/taskinstance.py", line 432, in _execute_callable
    return execute_callable(context=context, **execute_callable_kwargs)
           ^^^^^^^^^^^^^^^^^^^^^^^^^^^^^^^^^^^^^^^^^^^^^^^^^^^^^^^^^^^^
  File "/home/airflow/.local/lib/python3.12/site-packages/airflow/models/baseoperator.py", line 400, in wrapper
    return func(self, *args, **kwargs)
           ^^^^^^^^^^^^^^^^^^^^^^^^^^^
  File "/home/airflow/.local/lib/python3.12/site-packages/airflow/operators/python.py", line 235, in execute
    return_value = self.execute_callable()
                   ^^^^^^^^^^^^^^^^^^^^^^^
  File "/home/airflow/.local/lib/python3.12/site-packages/airflow/operators/python.py", line 252, in execute_callable
    return self.python_callable(*self.op_args, **self.op_kwargs)
           ^^^^^^^^^^^^^^^^^^^^^^^^^^^^^^^^^^^^^^^^^^^^^^^^^^^^^
  File "/opt/airflow/dags/preprocess_combination.py", line 76, in final_entity_matching
    return final_result.to_csv('/opt/airflow/files/output_files')
           ^^^^^^^^^^^^^^^^^^^^^^^^^^^^^^^^^^^^^^^^^^^^^^^^^^^^^^
  File "/home/airflow/.local/lib/python3.12/site-packages/pandas/util/_decorators.py", line 333, in wrapper
    return func(*args, **kwargs)
           ^^^^^^^^^^^^^^^^^^^^^
  File "/home/airflow/.local/lib/python3.12/site-packages/pandas/core/generic.py", line 3967, in to_csv
    return DataFrameRenderer(formatter).to_csv(
           ^^^^^^^^^^^^^^^^^^^^^^^^^^^^^^^^^^^^
  File "/home/airflow/.local/lib/python3.12/site-packages/pandas/io/formats/format.py", line 1014, in to_csv
    csv_formatter.save()
  File "/home/airflow/.local/lib/python3.12/site-packages/pandas/io/formats/csvs.py", line 251, in save
    with get_handle(
         ^^^^^^^^^^^
  File "/home/airflow/.local/lib/python3.12/site-packages/pandas/io/common.py", line 873, in get_handle
    handle = open(
             ^^^^^
IsADirectoryError: [Errno 21] Is a directory: '/opt/airflow/files/output_files'
[2024-05-30T04:38:41.887+0000] {taskinstance.py:1206} INFO - Marking task as FAILED. dag_id=extenso_assignment, task_id=output, run_id=scheduled__2024-03-14T00:00:00+00:00, execution_date=20240314T000000, start_date=20240530T043840, end_date=20240530T043841
[2024-05-30T04:38:41.910+0000] {standard_task_runner.py:110} ERROR - Failed to execute job 8 for task output ([Errno 21] Is a directory: '/opt/airflow/files/output_files'; 242)
[2024-05-30T04:38:41.924+0000] {local_task_job_runner.py:240} INFO - Task exited with return code 1
[2024-05-30T04:38:41.941+0000] {taskinstance.py:3498} INFO - 0 downstream tasks scheduled from follow-on schedule check
[2024-05-30T04:38:41.943+0000] {local_task_job_runner.py:222} INFO - ::endgroup::
[2024-05-30T04:40:45.640+0000] {local_task_job_runner.py:120} INFO - ::group::Pre task execution logs
[2024-05-30T04:40:45.672+0000] {taskinstance.py:2076} INFO - Dependencies all met for dep_context=non-requeueable deps ti=<TaskInstance: extenso_assignment.output scheduled__2024-03-14T00:00:00+00:00 [queued]>
[2024-05-30T04:40:45.680+0000] {taskinstance.py:2076} INFO - Dependencies all met for dep_context=requeueable deps ti=<TaskInstance: extenso_assignment.output scheduled__2024-03-14T00:00:00+00:00 [queued]>
[2024-05-30T04:40:45.681+0000] {taskinstance.py:2306} INFO - Starting attempt 1 of 1
[2024-05-30T04:40:45.693+0000] {taskinstance.py:2330} INFO - Executing <Task(PythonOperator): output> on 2024-03-14 00:00:00+00:00
[2024-05-30T04:40:45.715+0000] {standard_task_runner.py:90} INFO - Running: ['***', 'tasks', 'run', 'extenso_assignment', 'output', 'scheduled__2024-03-14T00:00:00+00:00', '--job-id', '10', '--raw', '--subdir', 'DAGS_FOLDER/dump_load_dag.py', '--cfg-path', '/tmp/tmpgpgi0beu']
[2024-05-30T04:40:45.719+0000] {standard_task_runner.py:91} INFO - Job 10: Subtask output
[2024-05-30T04:40:45.720+0000] {logging_mixin.py:188} WARNING - /home/***/.local/lib/python3.12/site-packages/***/task/task_runner/standard_task_runner.py:61 DeprecationWarning: This process (pid=332) is multi-threaded, use of fork() may lead to deadlocks in the child.
[2024-05-30T04:40:45.721+0000] {standard_task_runner.py:63} INFO - Started process 347 to run task
[2024-05-30T04:40:45.766+0000] {task_command.py:426} INFO - Running <TaskInstance: extenso_assignment.output scheduled__2024-03-14T00:00:00+00:00 [running]> on host 36f443bd28d4
[2024-05-30T04:40:45.845+0000] {taskinstance.py:2648} INFO - Exporting env vars: AIRFLOW_CTX_DAG_OWNER='***' AIRFLOW_CTX_DAG_ID='extenso_assignment' AIRFLOW_CTX_TASK_ID='output' AIRFLOW_CTX_EXECUTION_DATE='2024-03-14T00:00:00+00:00' AIRFLOW_CTX_TRY_NUMBER='1' AIRFLOW_CTX_DAG_RUN_ID='scheduled__2024-03-14T00:00:00+00:00'
[2024-05-30T04:40:45.847+0000] {taskinstance.py:430} INFO - ::endgroup::
[2024-05-30T04:40:45.870+0000] {logging_mixin.py:188} INFO - File 'ABC_layout_1.csv' loaded successfully from '/opt/***/files/input_files'.
[2024-05-30T04:40:45.873+0000] {logging_mixin.py:188} INFO - File 'PQR_layout_2.csv' loaded successfully from '/opt/***/files/input_files'.
[2024-05-30T04:40:45.877+0000] {logging_mixin.py:188} INFO - File 'layout_3_voters.csv' loaded successfully from '/opt/***/files/input_files'.
[2024-05-30T04:40:45.879+0000] {logging_mixin.py:188} INFO - File 'KLM_layout_4.csv' loaded successfully from '/opt/***/files/input_files'.
[2024-05-30T04:40:45.883+0000] {logging_mixin.py:188} INFO - File 'layout_5_license_dropped.csv' loaded successfully from '/opt/***/files/input_files'.
[2024-05-30T04:40:45.895+0000] {logging_mixin.py:188} WARNING - /opt/***/dags/Load_DF.py:6 FutureWarning: DataFrame.applymap has been deprecated. Use DataFrame.map instead.
[2024-05-30T04:40:45.899+0000] {logging_mixin.py:188} WARNING - /opt/***/dags/Load_DF.py:6 FutureWarning: DataFrame.applymap has been deprecated. Use DataFrame.map instead.
[2024-05-30T04:40:45.901+0000] {logging_mixin.py:188} WARNING - /opt/***/dags/Load_DF.py:6 FutureWarning: DataFrame.applymap has been deprecated. Use DataFrame.map instead.
[2024-05-30T04:40:45.904+0000] {logging_mixin.py:188} WARNING - /opt/***/dags/Load_DF.py:6 FutureWarning: DataFrame.applymap has been deprecated. Use DataFrame.map instead.
[2024-05-30T04:40:45.907+0000] {logging_mixin.py:188} WARNING - /opt/***/dags/Load_DF.py:6 FutureWarning: DataFrame.applymap has been deprecated. Use DataFrame.map instead.
[2024-05-30T04:40:45.915+0000] {logging_mixin.py:188} WARNING - /opt/***/dags/Load_DF.py:6 FutureWarning: DataFrame.applymap has been deprecated. Use DataFrame.map instead.
[2024-05-30T04:40:45.920+0000] {logging_mixin.py:188} WARNING - /opt/***/dags/Load_DF.py:6 FutureWarning: DataFrame.applymap has been deprecated. Use DataFrame.map instead.
[2024-05-30T04:40:45.925+0000] {logging_mixin.py:188} WARNING - /opt/***/dags/Load_DF.py:6 FutureWarning: DataFrame.applymap has been deprecated. Use DataFrame.map instead.
[2024-05-30T04:40:45.929+0000] {logging_mixin.py:188} WARNING - /opt/***/dags/Load_DF.py:6 FutureWarning: DataFrame.applymap has been deprecated. Use DataFrame.map instead.
[2024-05-30T04:40:45.934+0000] {logging_mixin.py:188} WARNING - /opt/***/dags/Load_DF.py:6 FutureWarning: DataFrame.applymap has been deprecated. Use DataFrame.map instead.
[2024-05-30T04:40:46.219+0000] {python.py:237} INFO - Done. Returned value was: None
[2024-05-30T04:40:46.220+0000] {taskinstance.py:441} INFO - ::group::Post task execution logs
[2024-05-30T04:40:46.231+0000] {taskinstance.py:1206} INFO - Marking task as SUCCESS. dag_id=extenso_assignment, task_id=output, run_id=scheduled__2024-03-14T00:00:00+00:00, execution_date=20240314T000000, start_date=20240530T044045, end_date=20240530T044046
[2024-05-30T04:40:46.257+0000] {local_task_job_runner.py:240} INFO - Task exited with return code 0
[2024-05-30T04:40:46.287+0000] {taskinstance.py:3498} INFO - 0 downstream tasks scheduled from follow-on schedule check
[2024-05-30T04:40:46.289+0000] {local_task_job_runner.py:222} INFO - ::endgroup::
[2024-05-30T08:03:58.787+0000] {local_task_job_runner.py:120} INFO - ::group::Pre task execution logs
[2024-05-30T08:03:58.826+0000] {taskinstance.py:2076} INFO - Dependencies all met for dep_context=non-requeueable deps ti=<TaskInstance: extenso_assignment.output scheduled__2024-03-14T00:00:00+00:00 [queued]>
[2024-05-30T08:03:58.837+0000] {taskinstance.py:2076} INFO - Dependencies all met for dep_context=requeueable deps ti=<TaskInstance: extenso_assignment.output scheduled__2024-03-14T00:00:00+00:00 [queued]>
[2024-05-30T08:03:58.838+0000] {taskinstance.py:2306} INFO - Starting attempt 1 of 1
[2024-05-30T08:03:58.855+0000] {taskinstance.py:2330} INFO - Executing <Task(PythonOperator): output> on 2024-03-14 00:00:00+00:00
[2024-05-30T08:03:58.902+0000] {logging_mixin.py:188} WARNING - /home/***/.local/lib/python3.12/site-packages/***/task/task_runner/standard_task_runner.py:61 DeprecationWarning: This process (pid=194) is multi-threaded, use of fork() may lead to deadlocks in the child.
[2024-05-30T08:03:58.903+0000] {standard_task_runner.py:63} INFO - Started process 206 to run task
[2024-05-30T08:03:58.902+0000] {standard_task_runner.py:90} INFO - Running: ['***', 'tasks', 'run', 'extenso_assignment', 'output', 'scheduled__2024-03-14T00:00:00+00:00', '--job-id', '6', '--raw', '--subdir', 'DAGS_FOLDER/dump_load_dag.py', '--cfg-path', '/tmp/tmpr_tl3j5w']
[2024-05-30T08:03:58.905+0000] {standard_task_runner.py:91} INFO - Job 6: Subtask output
[2024-05-30T08:03:58.973+0000] {task_command.py:426} INFO - Running <TaskInstance: extenso_assignment.output scheduled__2024-03-14T00:00:00+00:00 [running]> on host d78d325bbf3e
[2024-05-30T08:03:59.228+0000] {taskinstance.py:2648} INFO - Exporting env vars: AIRFLOW_CTX_DAG_OWNER='***' AIRFLOW_CTX_DAG_ID='extenso_assignment' AIRFLOW_CTX_TASK_ID='output' AIRFLOW_CTX_EXECUTION_DATE='2024-03-14T00:00:00+00:00' AIRFLOW_CTX_TRY_NUMBER='1' AIRFLOW_CTX_DAG_RUN_ID='scheduled__2024-03-14T00:00:00+00:00'
[2024-05-30T08:03:59.229+0000] {taskinstance.py:430} INFO - ::endgroup::
[2024-05-30T08:03:59.386+0000] {logging_mixin.py:188} WARNING - /opt/***/dags/Load_DF.py:6 FutureWarning: DataFrame.applymap has been deprecated. Use DataFrame.map instead.
[2024-05-30T08:03:59.390+0000] {logging_mixin.py:188} WARNING - /opt/***/dags/Load_DF.py:6 FutureWarning: DataFrame.applymap has been deprecated. Use DataFrame.map instead.
[2024-05-30T08:03:59.394+0000] {logging_mixin.py:188} WARNING - /opt/***/dags/Load_DF.py:6 FutureWarning: DataFrame.applymap has been deprecated. Use DataFrame.map instead.
[2024-05-30T08:03:59.398+0000] {logging_mixin.py:188} WARNING - /opt/***/dags/Load_DF.py:6 FutureWarning: DataFrame.applymap has been deprecated. Use DataFrame.map instead.
[2024-05-30T08:03:59.403+0000] {logging_mixin.py:188} WARNING - /opt/***/dags/Load_DF.py:6 FutureWarning: DataFrame.applymap has been deprecated. Use DataFrame.map instead.
[2024-05-30T08:03:59.407+0000] {logging_mixin.py:188} WARNING - /opt/***/dags/Load_DF.py:6 FutureWarning: DataFrame.applymap has been deprecated. Use DataFrame.map instead.
[2024-05-30T08:03:59.412+0000] {logging_mixin.py:188} WARNING - /opt/***/dags/Load_DF.py:6 FutureWarning: DataFrame.applymap has been deprecated. Use DataFrame.map instead.
[2024-05-30T08:03:59.416+0000] {logging_mixin.py:188} WARNING - /opt/***/dags/Load_DF.py:6 FutureWarning: DataFrame.applymap has been deprecated. Use DataFrame.map instead.
[2024-05-30T08:03:59.419+0000] {logging_mixin.py:188} WARNING - /opt/***/dags/Load_DF.py:6 FutureWarning: DataFrame.applymap has been deprecated. Use DataFrame.map instead.
[2024-05-30T08:03:59.422+0000] {logging_mixin.py:188} WARNING - /opt/***/dags/Load_DF.py:6 FutureWarning: DataFrame.applymap has been deprecated. Use DataFrame.map instead.
[2024-05-30T08:03:59.803+0000] {python.py:237} INFO - Done. Returned value was: None
[2024-05-30T08:03:59.805+0000] {taskinstance.py:441} INFO - ::group::Post task execution logs
[2024-05-30T08:03:59.860+0000] {taskinstance.py:1206} INFO - Marking task as SUCCESS. dag_id=extenso_assignment, task_id=output, run_id=scheduled__2024-03-14T00:00:00+00:00, execution_date=20240314T000000, start_date=20240530T080358, end_date=20240530T080359
[2024-05-30T08:03:59.933+0000] {local_task_job_runner.py:240} INFO - Task exited with return code 0
[2024-05-30T08:03:59.969+0000] {taskinstance.py:3498} INFO - 0 downstream tasks scheduled from follow-on schedule check
[2024-05-30T08:03:59.971+0000] {local_task_job_runner.py:222} INFO - ::endgroup::
[2024-05-30T08:13:02.986+0000] {local_task_job_runner.py:120} INFO - ::group::Pre task execution logs
[2024-05-30T08:13:03.015+0000] {taskinstance.py:2076} INFO - Dependencies all met for dep_context=non-requeueable deps ti=<TaskInstance: extenso_assignment.output scheduled__2024-03-14T00:00:00+00:00 [queued]>
[2024-05-30T08:13:03.024+0000] {taskinstance.py:2076} INFO - Dependencies all met for dep_context=requeueable deps ti=<TaskInstance: extenso_assignment.output scheduled__2024-03-14T00:00:00+00:00 [queued]>
[2024-05-30T08:13:03.025+0000] {taskinstance.py:2306} INFO - Starting attempt 1 of 1
[2024-05-30T08:13:03.039+0000] {taskinstance.py:2330} INFO - Executing <Task(PythonOperator): output> on 2024-03-14 00:00:00+00:00
[2024-05-30T08:13:03.055+0000] {standard_task_runner.py:90} INFO - Running: ['***', 'tasks', 'run', 'extenso_assignment', 'output', 'scheduled__2024-03-14T00:00:00+00:00', '--job-id', '10', '--raw', '--subdir', 'DAGS_FOLDER/dump_load_dag.py', '--cfg-path', '/tmp/tmpf2y45l7b']
[2024-05-30T08:13:03.057+0000] {standard_task_runner.py:91} INFO - Job 10: Subtask output
[2024-05-30T08:13:03.059+0000] {logging_mixin.py:188} WARNING - /home/***/.local/lib/python3.12/site-packages/***/task/task_runner/standard_task_runner.py:61 DeprecationWarning: This process (pid=224) is multi-threaded, use of fork() may lead to deadlocks in the child.
[2024-05-30T08:13:03.060+0000] {standard_task_runner.py:63} INFO - Started process 235 to run task
[2024-05-30T08:13:03.106+0000] {task_command.py:426} INFO - Running <TaskInstance: extenso_assignment.output scheduled__2024-03-14T00:00:00+00:00 [running]> on host d78d325bbf3e
[2024-05-30T08:13:03.282+0000] {taskinstance.py:2648} INFO - Exporting env vars: AIRFLOW_CTX_DAG_OWNER='***' AIRFLOW_CTX_DAG_ID='extenso_assignment' AIRFLOW_CTX_TASK_ID='output' AIRFLOW_CTX_EXECUTION_DATE='2024-03-14T00:00:00+00:00' AIRFLOW_CTX_TRY_NUMBER='1' AIRFLOW_CTX_DAG_RUN_ID='scheduled__2024-03-14T00:00:00+00:00'
[2024-05-30T08:13:03.284+0000] {taskinstance.py:430} INFO - ::endgroup::
[2024-05-30T08:13:03.336+0000] {logging_mixin.py:188} WARNING - /opt/***/dags/Load_DF.py:6 FutureWarning: DataFrame.applymap has been deprecated. Use DataFrame.map instead.
[2024-05-30T08:13:03.342+0000] {logging_mixin.py:188} WARNING - /opt/***/dags/Load_DF.py:6 FutureWarning: DataFrame.applymap has been deprecated. Use DataFrame.map instead.
[2024-05-30T08:13:03.346+0000] {logging_mixin.py:188} WARNING - /opt/***/dags/Load_DF.py:6 FutureWarning: DataFrame.applymap has been deprecated. Use DataFrame.map instead.
[2024-05-30T08:13:03.349+0000] {logging_mixin.py:188} WARNING - /opt/***/dags/Load_DF.py:6 FutureWarning: DataFrame.applymap has been deprecated. Use DataFrame.map instead.
[2024-05-30T08:13:03.353+0000] {logging_mixin.py:188} WARNING - /opt/***/dags/Load_DF.py:6 FutureWarning: DataFrame.applymap has been deprecated. Use DataFrame.map instead.
[2024-05-30T08:13:03.357+0000] {logging_mixin.py:188} WARNING - /opt/***/dags/Load_DF.py:6 FutureWarning: DataFrame.applymap has been deprecated. Use DataFrame.map instead.
[2024-05-30T08:13:03.361+0000] {logging_mixin.py:188} WARNING - /opt/***/dags/Load_DF.py:6 FutureWarning: DataFrame.applymap has been deprecated. Use DataFrame.map instead.
[2024-05-30T08:13:03.363+0000] {logging_mixin.py:188} WARNING - /opt/***/dags/Load_DF.py:6 FutureWarning: DataFrame.applymap has been deprecated. Use DataFrame.map instead.
[2024-05-30T08:13:03.365+0000] {logging_mixin.py:188} WARNING - /opt/***/dags/Load_DF.py:6 FutureWarning: DataFrame.applymap has been deprecated. Use DataFrame.map instead.
[2024-05-30T08:13:03.368+0000] {logging_mixin.py:188} WARNING - /opt/***/dags/Load_DF.py:6 FutureWarning: DataFrame.applymap has been deprecated. Use DataFrame.map instead.
[2024-05-30T08:13:03.704+0000] {python.py:237} INFO - Done. Returned value was: None
[2024-05-30T08:13:03.706+0000] {taskinstance.py:441} INFO - ::group::Post task execution logs
[2024-05-30T08:13:03.734+0000] {taskinstance.py:1206} INFO - Marking task as SUCCESS. dag_id=extenso_assignment, task_id=output, run_id=scheduled__2024-03-14T00:00:00+00:00, execution_date=20240314T000000, start_date=20240530T081303, end_date=20240530T081303
[2024-05-30T08:13:03.801+0000] {local_task_job_runner.py:240} INFO - Task exited with return code 0
[2024-05-30T08:13:03.846+0000] {taskinstance.py:3498} INFO - 0 downstream tasks scheduled from follow-on schedule check
[2024-05-30T08:13:03.852+0000] {local_task_job_runner.py:222} INFO - ::endgroup::
