[2024-05-18T03:19:58.391+0000] {local_task_job_runner.py:120} INFO - ::group::Pre task execution logs
[2024-05-18T03:19:58.436+0000] {taskinstance.py:2073} INFO - Dependencies all met for dep_context=non-requeueable deps ti=<TaskInstance: mysql_table_dump.mysql_table_dump_task2 scheduled__2024-03-14T00:00:00+00:00 [queued]>
[2024-05-18T03:19:58.447+0000] {taskinstance.py:2073} INFO - Dependencies all met for dep_context=requeueable deps ti=<TaskInstance: mysql_table_dump.mysql_table_dump_task2 scheduled__2024-03-14T00:00:00+00:00 [queued]>
[2024-05-18T03:19:58.447+0000] {taskinstance.py:2303} INFO - Starting attempt 1 of 1
[2024-05-18T03:19:58.463+0000] {taskinstance.py:2327} INFO - Executing <Task(BashOperator): mysql_table_dump_task2> on 2024-03-14 00:00:00+00:00
[2024-05-18T03:19:58.480+0000] {logging_mixin.py:188} WARNING - /home/***/.local/lib/python3.12/site-packages/***/task/task_runner/standard_task_runner.py:61 DeprecationWarning: This process (pid=918) is multi-threaded, use of fork() may lead to deadlocks in the child.
[2024-05-18T03:19:58.476+0000] {standard_task_runner.py:90} INFO - Running: ['***', 'tasks', 'run', 'mysql_table_dump', 'mysql_table_dump_task2', 'scheduled__2024-03-14T00:00:00+00:00', '--job-id', '7', '--raw', '--subdir', 'DAGS_FOLDER/dump_load_dag.py', '--cfg-path', '/tmp/tmp1xvga5hp']
[2024-05-18T03:19:58.482+0000] {standard_task_runner.py:63} INFO - Started process 919 to run task
[2024-05-18T03:19:58.482+0000] {standard_task_runner.py:91} INFO - Job 7: Subtask mysql_table_dump_task2
[2024-05-18T03:19:58.558+0000] {task_command.py:426} INFO - Running <TaskInstance: mysql_table_dump.mysql_table_dump_task2 scheduled__2024-03-14T00:00:00+00:00 [running]> on host 5ada75338b80
[2024-05-18T03:19:58.653+0000] {taskinstance.py:2644} INFO - Exporting env vars: AIRFLOW_CTX_DAG_OWNER='***' AIRFLOW_CTX_DAG_ID='mysql_table_dump' AIRFLOW_CTX_TASK_ID='mysql_table_dump_task2' AIRFLOW_CTX_EXECUTION_DATE='2024-03-14T00:00:00+00:00' AIRFLOW_CTX_TRY_NUMBER='1' AIRFLOW_CTX_DAG_RUN_ID='scheduled__2024-03-14T00:00:00+00:00'
[2024-05-18T03:19:58.654+0000] {taskinstance.py:430} INFO - ::endgroup::
[2024-05-18T03:19:58.676+0000] {subprocess.py:63} INFO - Tmp dir root location: /tmp
[2024-05-18T03:19:58.678+0000] {subprocess.py:75} INFO - Running command: ['/usr/bin/bash', '-c', 'mysqldump -u root -proot -h host.docker.internal -P 3306 extenso_assignment product_category_map > /opt/***/dags/product_category_map.sql 2>/opt/***/dags/dump_error.log']
[2024-05-18T03:19:58.688+0000] {subprocess.py:86} INFO - Output:
[2024-05-18T03:19:58.794+0000] {subprocess.py:97} INFO - Command exited with return code 0
[2024-05-18T03:19:58.796+0000] {taskinstance.py:441} INFO - ::group::Post task execution logs
[2024-05-18T03:19:58.822+0000] {taskinstance.py:1205} INFO - Marking task as SUCCESS. dag_id=mysql_table_dump, task_id=mysql_table_dump_task2, execution_date=20240314T000000, start_date=20240518T031958, end_date=20240518T031958
[2024-05-18T03:19:58.857+0000] {local_task_job_runner.py:240} INFO - Task exited with return code 0
[2024-05-18T03:19:58.883+0000] {taskinstance.py:3482} INFO - 1 downstream tasks scheduled from follow-on schedule check
[2024-05-18T03:19:58.885+0000] {local_task_job_runner.py:222} INFO - ::endgroup::
[2024-05-18T10:11:20.524+0000] {local_task_job_runner.py:120} INFO - ::group::Pre task execution logs
[2024-05-18T10:11:20.553+0000] {taskinstance.py:2073} INFO - Dependencies all met for dep_context=non-requeueable deps ti=<TaskInstance: mysql_table_dump.mysql_table_dump_task2 scheduled__2024-03-14T00:00:00+00:00 [queued]>
[2024-05-18T10:11:20.562+0000] {taskinstance.py:2073} INFO - Dependencies all met for dep_context=requeueable deps ti=<TaskInstance: mysql_table_dump.mysql_table_dump_task2 scheduled__2024-03-14T00:00:00+00:00 [queued]>
[2024-05-18T10:11:20.563+0000] {taskinstance.py:2303} INFO - Starting attempt 1 of 1
[2024-05-18T10:11:20.576+0000] {taskinstance.py:2327} INFO - Executing <Task(BashOperator): mysql_table_dump_task2> on 2024-03-14 00:00:00+00:00
[2024-05-18T10:11:20.592+0000] {logging_mixin.py:188} WARNING - /home/***/.local/lib/python3.12/site-packages/***/task/task_runner/standard_task_runner.py:61 DeprecationWarning: This process (pid=371) is multi-threaded, use of fork() may lead to deadlocks in the child.
[2024-05-18T10:11:20.582+0000] {standard_task_runner.py:90} INFO - Running: ['***', 'tasks', 'run', 'mysql_table_dump', 'mysql_table_dump_task2', 'scheduled__2024-03-14T00:00:00+00:00', '--job-id', '48', '--raw', '--subdir', 'DAGS_FOLDER/dump_load_dag.py', '--cfg-path', '/tmp/tmpfyf3er9n']
[2024-05-18T10:11:20.595+0000] {standard_task_runner.py:63} INFO - Started process 372 to run task
[2024-05-18T10:11:20.595+0000] {standard_task_runner.py:91} INFO - Job 48: Subtask mysql_table_dump_task2
[2024-05-18T10:11:20.677+0000] {task_command.py:426} INFO - Running <TaskInstance: mysql_table_dump.mysql_table_dump_task2 scheduled__2024-03-14T00:00:00+00:00 [running]> on host 84791bb03867
[2024-05-18T10:11:20.918+0000] {taskinstance.py:2644} INFO - Exporting env vars: AIRFLOW_CTX_DAG_OWNER='***' AIRFLOW_CTX_DAG_ID='mysql_table_dump' AIRFLOW_CTX_TASK_ID='mysql_table_dump_task2' AIRFLOW_CTX_EXECUTION_DATE='2024-03-14T00:00:00+00:00' AIRFLOW_CTX_TRY_NUMBER='1' AIRFLOW_CTX_DAG_RUN_ID='scheduled__2024-03-14T00:00:00+00:00'
[2024-05-18T10:11:20.921+0000] {taskinstance.py:430} INFO - ::endgroup::
[2024-05-18T10:11:20.967+0000] {subprocess.py:63} INFO - Tmp dir root location: /tmp
[2024-05-18T10:11:20.972+0000] {subprocess.py:75} INFO - Running command: ['/usr/bin/bash', '-c', 'mysqldump -u root -proot -h host.docker.internal -P 3306 extenso_assignment product_category_map > /opt/***/dags/product_category_map.sql 2>/opt/***/dags/dump_error.log']
[2024-05-18T10:11:20.985+0000] {subprocess.py:86} INFO - Output:
[2024-05-18T10:11:21.114+0000] {subprocess.py:97} INFO - Command exited with return code 0
[2024-05-18T10:11:21.115+0000] {taskinstance.py:441} INFO - ::group::Post task execution logs
[2024-05-18T10:11:21.148+0000] {taskinstance.py:1205} INFO - Marking task as SUCCESS. dag_id=mysql_table_dump, task_id=mysql_table_dump_task2, execution_date=20240314T000000, start_date=20240518T101120, end_date=20240518T101121
[2024-05-18T10:11:21.173+0000] {local_task_job_runner.py:240} INFO - Task exited with return code 0
[2024-05-18T10:11:21.186+0000] {logging_mixin.py:188} WARNING - /home/***/.local/lib/python3.12/site-packages/***/models/baseoperator.py:1296 AirflowProviderDeprecationWarning: Call to deprecated class MySqlOperator. (Please use `***.providers.common.sql.operators.sql.SQLExecuteQueryOperator`.Also, you can provide `hook_params={'schema': <database>}`.)
[2024-05-18T10:11:21.206+0000] {taskinstance.py:3482} INFO - 1 downstream tasks scheduled from follow-on schedule check
[2024-05-18T10:11:21.209+0000] {local_task_job_runner.py:222} INFO - ::endgroup::
[2024-05-18T10:19:16.532+0000] {local_task_job_runner.py:120} INFO - ::group::Pre task execution logs
[2024-05-18T10:19:16.576+0000] {taskinstance.py:2073} INFO - Dependencies all met for dep_context=non-requeueable deps ti=<TaskInstance: mysql_table_dump.mysql_table_dump_task2 scheduled__2024-03-14T00:00:00+00:00 [queued]>
[2024-05-18T10:19:16.588+0000] {taskinstance.py:2073} INFO - Dependencies all met for dep_context=requeueable deps ti=<TaskInstance: mysql_table_dump.mysql_table_dump_task2 scheduled__2024-03-14T00:00:00+00:00 [queued]>
[2024-05-18T10:19:16.588+0000] {taskinstance.py:2303} INFO - Starting attempt 1 of 1
[2024-05-18T10:19:16.603+0000] {taskinstance.py:2327} INFO - Executing <Task(BashOperator): mysql_table_dump_task2> on 2024-03-14 00:00:00+00:00
[2024-05-18T10:19:16.611+0000] {standard_task_runner.py:90} INFO - Running: ['***', 'tasks', 'run', 'mysql_table_dump', 'mysql_table_dump_task2', 'scheduled__2024-03-14T00:00:00+00:00', '--job-id', '54', '--raw', '--subdir', 'DAGS_FOLDER/dump_load_dag.py', '--cfg-path', '/tmp/tmpjbtyoc7_']
[2024-05-18T10:19:16.613+0000] {standard_task_runner.py:91} INFO - Job 54: Subtask mysql_table_dump_task2
[2024-05-18T10:19:16.614+0000] {logging_mixin.py:188} WARNING - /home/***/.local/lib/python3.12/site-packages/***/task/task_runner/standard_task_runner.py:61 DeprecationWarning: This process (pid=591) is multi-threaded, use of fork() may lead to deadlocks in the child.
[2024-05-18T10:19:16.615+0000] {standard_task_runner.py:63} INFO - Started process 592 to run task
[2024-05-18T10:19:16.671+0000] {task_command.py:426} INFO - Running <TaskInstance: mysql_table_dump.mysql_table_dump_task2 scheduled__2024-03-14T00:00:00+00:00 [running]> on host 84791bb03867
[2024-05-18T10:19:16.776+0000] {taskinstance.py:2644} INFO - Exporting env vars: AIRFLOW_CTX_DAG_OWNER='***' AIRFLOW_CTX_DAG_ID='mysql_table_dump' AIRFLOW_CTX_TASK_ID='mysql_table_dump_task2' AIRFLOW_CTX_EXECUTION_DATE='2024-03-14T00:00:00+00:00' AIRFLOW_CTX_TRY_NUMBER='1' AIRFLOW_CTX_DAG_RUN_ID='scheduled__2024-03-14T00:00:00+00:00'
[2024-05-18T10:19:16.778+0000] {taskinstance.py:430} INFO - ::endgroup::
[2024-05-18T10:19:16.817+0000] {subprocess.py:63} INFO - Tmp dir root location: /tmp
[2024-05-18T10:19:16.821+0000] {subprocess.py:75} INFO - Running command: ['/usr/bin/bash', '-c', 'mysqldump -u root -proot -h host.docker.internal -P 3306 extenso_assignment product_category_map > /opt/***/dags/product_category_map.sql 2>/opt/***/dags/dump_error.log']
[2024-05-18T10:19:16.868+0000] {subprocess.py:86} INFO - Output:
[2024-05-18T10:19:17.051+0000] {subprocess.py:97} INFO - Command exited with return code 0
[2024-05-18T10:19:17.052+0000] {taskinstance.py:441} INFO - ::group::Post task execution logs
[2024-05-18T10:19:17.089+0000] {taskinstance.py:1205} INFO - Marking task as SUCCESS. dag_id=mysql_table_dump, task_id=mysql_table_dump_task2, execution_date=20240314T000000, start_date=20240518T101916, end_date=20240518T101917
[2024-05-18T10:19:17.154+0000] {local_task_job_runner.py:240} INFO - Task exited with return code 0
[2024-05-18T10:19:17.171+0000] {logging_mixin.py:188} WARNING - /home/***/.local/lib/python3.12/site-packages/***/models/baseoperator.py:1296 AirflowProviderDeprecationWarning: Call to deprecated class MySqlOperator. (Please use `***.providers.common.sql.operators.sql.SQLExecuteQueryOperator`.Also, you can provide `hook_params={'schema': <database>}`.)
[2024-05-18T10:19:17.200+0000] {taskinstance.py:3482} INFO - 1 downstream tasks scheduled from follow-on schedule check
[2024-05-18T10:19:17.203+0000] {local_task_job_runner.py:222} INFO - ::endgroup::
