[2024-06-10T08:43:27.000+0000] {manager.py:470} INFO - Processing files using up to 2 processes at a time 
[2024-06-10T08:43:27.010+0000] {manager.py:471} INFO - Process each file at most once every 30 seconds
[2024-06-10T08:43:27.014+0000] {manager.py:472} INFO - Checking for new files in /opt/airflow/dags every 300 seconds
[2024-06-10T08:43:27.016+0000] {manager.py:737} INFO - Searching for files in /opt/airflow/dags
[2024-06-10T08:43:27.104+0000] {manager.py:740} INFO - There are 1 files in /opt/airflow/dags
[2024-06-10T08:43:27.933+0000] {manager.py:878} INFO - 
================================================================================
DAG File Processing Stats

File Path                                   PID  Runtime      # DAGs    # Errors  Last Runtime    Last Run
----------------------------------------  -----  ---------  --------  ----------  --------------  ----------
/opt/airflow/dags/Entity_matching_dag.py    171  0.47s             0           0
================================================================================
[2024-06-10T08:43:58.208+0000] {manager.py:878} INFO - 
================================================================================
DAG File Processing Stats

File Path                                 PID    Runtime      # DAGs    # Errors  Last Runtime    Last Run
----------------------------------------  -----  ---------  --------  ----------  --------------  -------------------
/opt/airflow/dags/Entity_matching_dag.py                           0           1  1.57s           2024-06-10T08:43:29
================================================================================
[2024-06-10T08:44:28.763+0000] {manager.py:878} INFO - 
================================================================================
DAG File Processing Stats

File Path                                 PID    Runtime      # DAGs    # Errors  Last Runtime    Last Run
----------------------------------------  -----  ---------  --------  ----------  --------------  -------------------
/opt/airflow/dags/Entity_matching_dag.py                           0           1  1.45s           2024-06-10T08:44:00
================================================================================
[2024-06-10T08:44:59.904+0000] {manager.py:878} INFO - 
================================================================================
DAG File Processing Stats

File Path                                 PID    Runtime      # DAGs    # Errors  Last Runtime    Last Run
----------------------------------------  -----  ---------  --------  ----------  --------------  -------------------
/opt/airflow/dags/Entity_matching_dag.py                           0           1  0.63s           2024-06-10T08:44:31
================================================================================
[2024-06-10T08:45:30.762+0000] {manager.py:878} INFO - 
================================================================================
DAG File Processing Stats

File Path                                 PID    Runtime      # DAGs    # Errors  Last Runtime    Last Run
----------------------------------------  -----  ---------  --------  ----------  --------------  -------------------
/opt/airflow/dags/Entity_matching_dag.py                           0           1  4.34s           2024-06-10T08:45:06
================================================================================
[2024-06-10T08:46:00.973+0000] {manager.py:878} INFO - 
================================================================================
DAG File Processing Stats

File Path                                 PID    Runtime      # DAGs    # Errors  Last Runtime    Last Run
----------------------------------------  -----  ---------  --------  ----------  --------------  -------------------
/opt/airflow/dags/Entity_matching_dag.py                           0           1  4.23s           2024-06-10T08:45:41
================================================================================
[2024-06-10T08:47:01.650+0000] {manager.py:878} INFO - 
================================================================================
DAG File Processing Stats

File Path                                 PID    Runtime      # DAGs    # Errors  Last Runtime    Last Run
----------------------------------------  -----  ---------  --------  ----------  --------------  -------------------
/opt/airflow/dags/Entity_matching_dag.py                           0           1  0.53s           2024-06-10T08:46:42
================================================================================
[2024-06-10T08:47:31.788+0000] {manager.py:878} INFO - 
================================================================================
DAG File Processing Stats

File Path                                   PID  Runtime      # DAGs    # Errors  Last Runtime    Last Run
----------------------------------------  -----  ---------  --------  ----------  --------------  -------------------
/opt/airflow/dags/Entity_matching_dag.py    249  18.58s            0           1  0.53s           2024-06-10T08:46:42
================================================================================
[2024-06-10T08:48:01.914+0000] {manager.py:878} INFO - 
================================================================================
DAG File Processing Stats

File Path                                   PID  Runtime      # DAGs    # Errors  Last Runtime    Last Run
----------------------------------------  -----  ---------  --------  ----------  --------------  -------------------
/opt/airflow/dags/Entity_matching_dag.py    249  48.71s            0           1  0.53s           2024-06-10T08:46:42
================================================================================
[2024-06-10T08:48:03.438+0000] {manager.py:1203} ERROR - Processor for /opt/airflow/dags/Entity_matching_dag.py with PID 249 started at 2024-06-10T08:47:13.206409+00:00 has timed out, killing it.
[2024-06-10T08:52:42.534+0000] {manager.py:470} INFO - Processing files using up to 2 processes at a time 
[2024-06-10T08:52:42.536+0000] {manager.py:471} INFO - Process each file at most once every 30 seconds
[2024-06-10T08:52:42.538+0000] {manager.py:472} INFO - Checking for new files in /opt/airflow/dags every 300 seconds
[2024-06-10T08:52:42.539+0000] {manager.py:737} INFO - Searching for files in /opt/airflow/dags
[2024-06-10T08:52:42.601+0000] {manager.py:740} INFO - There are 1 files in /opt/airflow/dags
[2024-06-10T08:52:42.907+0000] {manager.py:878} INFO - 
================================================================================
DAG File Processing Stats

File Path                                   PID  Runtime      # DAGs    # Errors  Last Runtime    Last Run
----------------------------------------  -----  ---------  --------  ----------  --------------  ----------
/opt/airflow/dags/Entity_matching_dag.py    166  0.12s             0           0
================================================================================
[2024-06-10T08:53:13.394+0000] {manager.py:878} INFO - 
================================================================================
DAG File Processing Stats

File Path                                 PID    Runtime      # DAGs    # Errors  Last Runtime    Last Run
----------------------------------------  -----  ---------  --------  ----------  --------------  -------------------
/opt/airflow/dags/Entity_matching_dag.py                           0           1  0.63s           2024-06-10T08:52:43
================================================================================
[2024-06-10T08:53:43.679+0000] {manager.py:878} INFO - 
================================================================================
DAG File Processing Stats

File Path                                 PID    Runtime      # DAGs    # Errors  Last Runtime    Last Run
----------------------------------------  -----  ---------  --------  ----------  --------------  -------------------
/opt/airflow/dags/Entity_matching_dag.py                           0           1  1.40s           2024-06-10T08:53:15
================================================================================
[2024-06-10T08:54:13.889+0000] {manager.py:878} INFO - 
================================================================================
DAG File Processing Stats

File Path                                 PID    Runtime      # DAGs    # Errors  Last Runtime    Last Run
----------------------------------------  -----  ---------  --------  ----------  --------------  -------------------
/opt/airflow/dags/Entity_matching_dag.py                           0           1  0.43s           2024-06-10T08:53:45
================================================================================
[2024-06-10T08:54:44.283+0000] {manager.py:878} INFO - 
================================================================================
DAG File Processing Stats

File Path                                 PID    Runtime      # DAGs    # Errors  Last Runtime    Last Run
----------------------------------------  -----  ---------  --------  ----------  --------------  -------------------
/opt/airflow/dags/Entity_matching_dag.py                           0           1  0.36s           2024-06-10T08:54:16
================================================================================
[2024-06-10T08:55:14.533+0000] {manager.py:878} INFO - 
================================================================================
DAG File Processing Stats

File Path                                 PID    Runtime      # DAGs    # Errors  Last Runtime    Last Run
----------------------------------------  -----  ---------  --------  ----------  --------------  -------------------
/opt/airflow/dags/Entity_matching_dag.py                           0           1  0.30s           2024-06-10T08:54:46
================================================================================
[2024-06-10T08:55:44.885+0000] {manager.py:878} INFO - 
================================================================================
DAG File Processing Stats

File Path                                 PID    Runtime      # DAGs    # Errors  Last Runtime    Last Run
----------------------------------------  -----  ---------  --------  ----------  --------------  -------------------
/opt/airflow/dags/Entity_matching_dag.py                           0           1  0.32s           2024-06-10T08:55:17
================================================================================
[2024-06-10T08:56:15.115+0000] {manager.py:878} INFO - 
================================================================================
DAG File Processing Stats

File Path                                 PID    Runtime      # DAGs    # Errors  Last Runtime    Last Run
----------------------------------------  -----  ---------  --------  ----------  --------------  -------------------
/opt/airflow/dags/Entity_matching_dag.py                           0           1  0.83s           2024-06-10T08:55:48
================================================================================
[2024-06-10T08:56:45.370+0000] {manager.py:878} INFO - 
================================================================================
DAG File Processing Stats

File Path                                 PID    Runtime      # DAGs    # Errors  Last Runtime    Last Run
----------------------------------------  -----  ---------  --------  ----------  --------------  -------------------
/opt/airflow/dags/Entity_matching_dag.py                           0           1  0.30s           2024-06-10T08:56:18
================================================================================
[2024-06-10T08:57:15.494+0000] {manager.py:878} INFO - 
================================================================================
DAG File Processing Stats

File Path                                 PID    Runtime      # DAGs    # Errors  Last Runtime    Last Run
----------------------------------------  -----  ---------  --------  ----------  --------------  -------------------
/opt/airflow/dags/Entity_matching_dag.py                           0           1  0.73s           2024-06-10T08:56:49
================================================================================
[2024-06-10T08:57:42.925+0000] {manager.py:737} INFO - Searching for files in /opt/airflow/dags
[2024-06-10T08:57:42.958+0000] {manager.py:740} INFO - There are 1 files in /opt/airflow/dags
[2024-06-10T08:57:46.014+0000] {manager.py:878} INFO - 
================================================================================
DAG File Processing Stats

File Path                                 PID    Runtime      # DAGs    # Errors  Last Runtime    Last Run
----------------------------------------  -----  ---------  --------  ----------  --------------  -------------------
/opt/airflow/dags/Entity_matching_dag.py                           0           1  0.34s           2024-06-10T08:57:19
================================================================================
[2024-06-10T08:58:16.210+0000] {manager.py:878} INFO - 
================================================================================
DAG File Processing Stats

File Path                                 PID    Runtime      # DAGs    # Errors  Last Runtime    Last Run
----------------------------------------  -----  ---------  --------  ----------  --------------  -------------------
/opt/airflow/dags/Entity_matching_dag.py                           0           1  0.34s           2024-06-10T08:57:50
================================================================================
[2024-06-10T08:58:46.672+0000] {manager.py:878} INFO - 
================================================================================
DAG File Processing Stats

File Path                                 PID    Runtime      # DAGs    # Errors  Last Runtime    Last Run
----------------------------------------  -----  ---------  --------  ----------  --------------  -------------------
/opt/airflow/dags/Entity_matching_dag.py                           0           1  0.29s           2024-06-10T08:58:20
================================================================================
[2024-06-10T08:59:17.115+0000] {manager.py:878} INFO - 
================================================================================
DAG File Processing Stats

File Path                                 PID    Runtime      # DAGs    # Errors  Last Runtime    Last Run
----------------------------------------  -----  ---------  --------  ----------  --------------  -------------------
/opt/airflow/dags/Entity_matching_dag.py                           0           1  0.32s           2024-06-10T08:58:51
================================================================================
[2024-06-10T08:59:47.572+0000] {manager.py:878} INFO - 
================================================================================
DAG File Processing Stats

File Path                                 PID    Runtime      # DAGs    # Errors  Last Runtime    Last Run
----------------------------------------  -----  ---------  --------  ----------  --------------  -------------------
/opt/airflow/dags/Entity_matching_dag.py                           0           1  0.37s           2024-06-10T08:59:21
================================================================================
[2024-06-10T09:00:18.114+0000] {manager.py:878} INFO - 
================================================================================
DAG File Processing Stats

File Path                                 PID    Runtime      # DAGs    # Errors  Last Runtime    Last Run
----------------------------------------  -----  ---------  --------  ----------  --------------  -------------------
/opt/airflow/dags/Entity_matching_dag.py                           0           1  0.33s           2024-06-10T08:59:52
================================================================================
[2024-06-10T09:00:48.258+0000] {manager.py:878} INFO - 
================================================================================
DAG File Processing Stats

File Path                                 PID    Runtime      # DAGs    # Errors  Last Runtime    Last Run
----------------------------------------  -----  ---------  --------  ----------  --------------  -------------------
/opt/airflow/dags/Entity_matching_dag.py                           0           1  0.61s           2024-06-10T09:00:23
================================================================================
[2024-06-10T09:01:18.430+0000] {manager.py:878} INFO - 
================================================================================
DAG File Processing Stats

File Path                                 PID    Runtime      # DAGs    # Errors  Last Runtime    Last Run
----------------------------------------  -----  ---------  --------  ----------  --------------  -------------------
/opt/airflow/dags/Entity_matching_dag.py                           0           1  0.30s           2024-06-10T09:00:53
================================================================================
[2024-06-10T09:01:48.894+0000] {manager.py:878} INFO - 
================================================================================
DAG File Processing Stats

File Path                                 PID    Runtime      # DAGs    # Errors  Last Runtime    Last Run
----------------------------------------  -----  ---------  --------  ----------  --------------  -------------------
/opt/airflow/dags/Entity_matching_dag.py                           0           1  0.29s           2024-06-10T09:01:24
================================================================================
[2024-06-10T09:02:19.101+0000] {manager.py:878} INFO - 
================================================================================
DAG File Processing Stats

File Path                                 PID    Runtime      # DAGs    # Errors  Last Runtime    Last Run
----------------------------------------  -----  ---------  --------  ----------  --------------  -------------------
/opt/airflow/dags/Entity_matching_dag.py                           0           1  0.63s           2024-06-10T09:01:54
================================================================================
[2024-06-10T09:02:43.572+0000] {manager.py:737} INFO - Searching for files in /opt/airflow/dags
[2024-06-10T09:02:43.618+0000] {manager.py:740} INFO - There are 1 files in /opt/airflow/dags
[2024-06-10T09:02:49.666+0000] {manager.py:878} INFO - 
================================================================================
DAG File Processing Stats

File Path                                 PID    Runtime      # DAGs    # Errors  Last Runtime    Last Run
----------------------------------------  -----  ---------  --------  ----------  --------------  -------------------
/opt/airflow/dags/Entity_matching_dag.py                           0           1  0.65s           2024-06-10T09:02:25
================================================================================
[2024-06-10T09:03:20.084+0000] {manager.py:878} INFO - 
================================================================================
DAG File Processing Stats

File Path                                 PID    Runtime      # DAGs    # Errors  Last Runtime    Last Run
----------------------------------------  -----  ---------  --------  ----------  --------------  -------------------
/opt/airflow/dags/Entity_matching_dag.py                           0           1  0.28s           2024-06-10T09:02:56
================================================================================
[2024-06-10T09:03:50.560+0000] {manager.py:878} INFO - 
================================================================================
DAG File Processing Stats

File Path                                 PID    Runtime      # DAGs    # Errors  Last Runtime    Last Run
----------------------------------------  -----  ---------  --------  ----------  --------------  -------------------
/opt/airflow/dags/Entity_matching_dag.py                           0           1  0.30s           2024-06-10T09:03:26
================================================================================
[2024-06-10T09:04:21.018+0000] {manager.py:878} INFO - 
================================================================================
DAG File Processing Stats

File Path                                 PID    Runtime      # DAGs    # Errors  Last Runtime    Last Run
----------------------------------------  -----  ---------  --------  ----------  --------------  -------------------
/opt/airflow/dags/Entity_matching_dag.py                           0           1  0.43s           2024-06-10T09:03:57
================================================================================
[2024-06-10T09:04:51.665+0000] {manager.py:878} INFO - 
================================================================================
DAG File Processing Stats

File Path                                 PID    Runtime      # DAGs    # Errors  Last Runtime    Last Run
----------------------------------------  -----  ---------  --------  ----------  --------------  -------------------
/opt/airflow/dags/Entity_matching_dag.py                           0           1  0.28s           2024-06-10T09:04:27
================================================================================
[2024-06-10T09:05:22.020+0000] {manager.py:878} INFO - 
================================================================================
DAG File Processing Stats

File Path                                 PID    Runtime      # DAGs    # Errors  Last Runtime    Last Run
----------------------------------------  -----  ---------  --------  ----------  --------------  -------------------
/opt/airflow/dags/Entity_matching_dag.py                           0           1  0.27s           2024-06-10T09:04:58
================================================================================
[2024-06-10T09:05:52.442+0000] {manager.py:878} INFO - 
================================================================================
DAG File Processing Stats

File Path                                 PID    Runtime      # DAGs    # Errors  Last Runtime    Last Run
----------------------------------------  -----  ---------  --------  ----------  --------------  -------------------
/opt/airflow/dags/Entity_matching_dag.py                           0           1  0.29s           2024-06-10T09:05:28
================================================================================
[2024-06-10T09:06:23.009+0000] {manager.py:878} INFO - 
================================================================================
DAG File Processing Stats

File Path                                 PID    Runtime      # DAGs    # Errors  Last Runtime    Last Run
----------------------------------------  -----  ---------  --------  ----------  --------------  -------------------
/opt/airflow/dags/Entity_matching_dag.py                           0           1  0.41s           2024-06-10T09:05:59
================================================================================
[2024-06-10T09:06:53.064+0000] {manager.py:878} INFO - 
================================================================================
DAG File Processing Stats

File Path                                 PID    Runtime      # DAGs    # Errors  Last Runtime    Last Run
----------------------------------------  -----  ---------  --------  ----------  --------------  -------------------
/opt/airflow/dags/Entity_matching_dag.py                           0           1  0.42s           2024-06-10T09:06:29
================================================================================
[2024-06-10T09:07:24.091+0000] {manager.py:878} INFO - 
================================================================================
DAG File Processing Stats

File Path                                 PID    Runtime      # DAGs    # Errors  Last Runtime    Last Run
----------------------------------------  -----  ---------  --------  ----------  --------------  -------------------
/opt/airflow/dags/Entity_matching_dag.py                           0           1  0.68s           2024-06-10T09:07:00
================================================================================
[2024-06-10T09:07:43.673+0000] {manager.py:737} INFO - Searching for files in /opt/airflow/dags
[2024-06-10T09:07:43.751+0000] {manager.py:740} INFO - There are 1 files in /opt/airflow/dags
[2024-06-10T09:07:54.362+0000] {manager.py:878} INFO - 
================================================================================
DAG File Processing Stats

File Path                                 PID    Runtime      # DAGs    # Errors  Last Runtime    Last Run
----------------------------------------  -----  ---------  --------  ----------  --------------  -------------------
/opt/airflow/dags/Entity_matching_dag.py                           0           1  0.42s           2024-06-10T09:07:31
================================================================================
[2024-06-10T09:08:24.479+0000] {manager.py:878} INFO - 
================================================================================
DAG File Processing Stats

File Path                                 PID    Runtime      # DAGs    # Errors  Last Runtime    Last Run
----------------------------------------  -----  ---------  --------  ----------  --------------  -------------------
/opt/airflow/dags/Entity_matching_dag.py                           0           1  0.41s           2024-06-10T09:08:02
================================================================================
[2024-06-10T09:08:54.685+0000] {manager.py:878} INFO - 
================================================================================
DAG File Processing Stats

File Path                                 PID    Runtime      # DAGs    # Errors  Last Runtime    Last Run
----------------------------------------  -----  ---------  --------  ----------  --------------  -------------------
/opt/airflow/dags/Entity_matching_dag.py                           0           1  0.39s           2024-06-10T09:08:32
================================================================================
[2024-06-10T09:09:24.696+0000] {manager.py:878} INFO - 
================================================================================
DAG File Processing Stats

File Path                                 PID    Runtime      # DAGs    # Errors  Last Runtime    Last Run
----------------------------------------  -----  ---------  --------  ----------  --------------  -------------------
/opt/airflow/dags/Entity_matching_dag.py                           0           1  0.44s           2024-06-10T09:09:03
================================================================================
[2024-06-10T09:09:54.901+0000] {manager.py:878} INFO - 
================================================================================
DAG File Processing Stats

File Path                                 PID    Runtime      # DAGs    # Errors  Last Runtime    Last Run
----------------------------------------  -----  ---------  --------  ----------  --------------  -------------------
/opt/airflow/dags/Entity_matching_dag.py                           0           1  0.48s           2024-06-10T09:09:34
================================================================================
[2024-06-10T09:10:24.929+0000] {manager.py:878} INFO - 
================================================================================
DAG File Processing Stats

File Path                                 PID    Runtime      # DAGs    # Errors  Last Runtime    Last Run
----------------------------------------  -----  ---------  --------  ----------  --------------  -------------------
/opt/airflow/dags/Entity_matching_dag.py                           0           1  0.35s           2024-06-10T09:10:04
================================================================================
[2024-06-10T09:10:34.768+0000] {manager.py:452} INFO - Exiting gracefully upon receiving signal 15
[2024-06-10T10:38:52.933+0000] {manager.py:470} INFO - Processing files using up to 2 processes at a time 
[2024-06-10T10:38:52.934+0000] {manager.py:471} INFO - Process each file at most once every 30 seconds
[2024-06-10T10:38:52.936+0000] {manager.py:472} INFO - Checking for new files in /opt/airflow/dags every 300 seconds
[2024-06-10T10:38:52.937+0000] {manager.py:737} INFO - Searching for files in /opt/airflow/dags
[2024-06-10T10:38:52.981+0000] {manager.py:740} INFO - There are 1 files in /opt/airflow/dags
[2024-06-10T10:38:53.154+0000] {manager.py:878} INFO - 
================================================================================
DAG File Processing Stats

File Path                                   PID  Runtime      # DAGs    # Errors  Last Runtime    Last Run
----------------------------------------  -----  ---------  --------  ----------  --------------  ----------
/opt/airflow/dags/Entity_matching_dag.py    165  0.07s             0           0
================================================================================
[2024-06-10T10:39:23.394+0000] {manager.py:878} INFO - 
================================================================================
DAG File Processing Stats

File Path                                 PID    Runtime      # DAGs    # Errors  Last Runtime    Last Run
----------------------------------------  -----  ---------  --------  ----------  --------------  -------------------
/opt/airflow/dags/Entity_matching_dag.py                           0           1  0.56s           2024-06-10T10:38:53
================================================================================
[2024-06-10T10:39:53.552+0000] {manager.py:878} INFO - 
================================================================================
DAG File Processing Stats

File Path                                 PID    Runtime      # DAGs    # Errors  Last Runtime    Last Run
----------------------------------------  -----  ---------  --------  ----------  --------------  -------------------
/opt/airflow/dags/Entity_matching_dag.py                           0           1  0.37s           2024-06-10T10:39:24
================================================================================
[2024-06-10T10:40:23.775+0000] {manager.py:878} INFO - 
================================================================================
DAG File Processing Stats

File Path                                 PID    Runtime      # DAGs    # Errors  Last Runtime    Last Run
----------------------------------------  -----  ---------  --------  ----------  --------------  -------------------
/opt/airflow/dags/Entity_matching_dag.py                           0           1  0.29s           2024-06-10T10:39:54
================================================================================
[2024-06-10T10:40:54.245+0000] {manager.py:878} INFO - 
================================================================================
DAG File Processing Stats

File Path                                 PID    Runtime      # DAGs    # Errors  Last Runtime    Last Run
----------------------------------------  -----  ---------  --------  ----------  --------------  -------------------
/opt/airflow/dags/Entity_matching_dag.py                           0           1  0.35s           2024-06-10T10:40:25
================================================================================
[2024-06-10T10:41:24.303+0000] {manager.py:878} INFO - 
================================================================================
DAG File Processing Stats

File Path                                 PID    Runtime      # DAGs    # Errors  Last Runtime    Last Run
----------------------------------------  -----  ---------  --------  ----------  --------------  -------------------
/opt/airflow/dags/Entity_matching_dag.py                           0           1  0.43s           2024-06-10T10:40:56
================================================================================
[2024-06-10T10:41:54.585+0000] {manager.py:878} INFO - 
================================================================================
DAG File Processing Stats

File Path                                 PID    Runtime      # DAGs    # Errors  Last Runtime    Last Run
----------------------------------------  -----  ---------  --------  ----------  --------------  -------------------
/opt/airflow/dags/Entity_matching_dag.py                           0           1  0.36s           2024-06-10T10:41:26
================================================================================
[2024-06-10T10:42:24.597+0000] {manager.py:878} INFO - 
================================================================================
DAG File Processing Stats

File Path                                 PID    Runtime      # DAGs    # Errors  Last Runtime    Last Run
----------------------------------------  -----  ---------  --------  ----------  --------------  -------------------
/opt/airflow/dags/Entity_matching_dag.py                           0           1  0.43s           2024-06-10T10:41:57
================================================================================
[2024-06-10T10:42:54.792+0000] {manager.py:878} INFO - 
================================================================================
DAG File Processing Stats

File Path                                 PID    Runtime      # DAGs    # Errors  Last Runtime    Last Run
----------------------------------------  -----  ---------  --------  ----------  --------------  -------------------
/opt/airflow/dags/Entity_matching_dag.py                           0           1  0.30s           2024-06-10T10:42:27
================================================================================
[2024-06-10T10:43:24.823+0000] {manager.py:878} INFO - 
================================================================================
DAG File Processing Stats

File Path                                 PID    Runtime      # DAGs    # Errors  Last Runtime    Last Run
----------------------------------------  -----  ---------  --------  ----------  --------------  -------------------
/opt/airflow/dags/Entity_matching_dag.py                           0           1  0.55s           2024-06-10T10:42:58
================================================================================
[2024-06-10T10:43:53.028+0000] {manager.py:737} INFO - Searching for files in /opt/airflow/dags
[2024-06-10T10:43:53.066+0000] {manager.py:740} INFO - There are 1 files in /opt/airflow/dags
[2024-06-10T10:43:55.117+0000] {manager.py:878} INFO - 
================================================================================
DAG File Processing Stats

File Path                                 PID    Runtime      # DAGs    # Errors  Last Runtime    Last Run
----------------------------------------  -----  ---------  --------  ----------  --------------  -------------------
/opt/airflow/dags/Entity_matching_dag.py                           0           1  0.28s           2024-06-10T10:43:29
================================================================================
[2024-06-10T10:44:24.847+0000] {manager.py:452} INFO - Exiting gracefully upon receiving signal 15
[2024-06-10T10:46:48.951+0000] {manager.py:470} INFO - Processing files using up to 2 processes at a time 
[2024-06-10T10:46:49.057+0000] {manager.py:471} INFO - Process each file at most once every 30 seconds
[2024-06-10T10:46:49.059+0000] {manager.py:472} INFO - Checking for new files in /opt/airflow/dags every 300 seconds
[2024-06-10T10:46:49.060+0000] {manager.py:737} INFO - Searching for files in /opt/airflow/dags
[2024-06-10T10:46:49.190+0000] {manager.py:740} INFO - There are 1 files in /opt/airflow/dags
[2024-06-10T10:46:49.576+0000] {manager.py:878} INFO - 
================================================================================
DAG File Processing Stats

File Path                                   PID  Runtime      # DAGs    # Errors  Last Runtime    Last Run
----------------------------------------  -----  ---------  --------  ----------  --------------  ----------
/opt/airflow/dags/Entity_matching_dag.py    170  0.23s             0           0
================================================================================
[2024-06-10T10:47:19.644+0000] {manager.py:878} INFO - 
================================================================================
DAG File Processing Stats

File Path                                 PID    Runtime      # DAGs    # Errors  Last Runtime    Last Run
----------------------------------------  -----  ---------  --------  ----------  --------------  -------------------
/opt/airflow/dags/Entity_matching_dag.py                           0           1  0.86s           2024-06-10T10:46:50
================================================================================
[2024-06-10T10:47:50.120+0000] {manager.py:878} INFO - 
================================================================================
DAG File Processing Stats

File Path                                 PID    Runtime      # DAGs    # Errors  Last Runtime    Last Run
----------------------------------------  -----  ---------  --------  ----------  --------------  -------------------
/opt/airflow/dags/Entity_matching_dag.py                           0           1  2.06s           2024-06-10T10:47:22
================================================================================
[2024-06-10T10:48:20.501+0000] {manager.py:878} INFO - 
================================================================================
DAG File Processing Stats

File Path                                 PID    Runtime      # DAGs    # Errors  Last Runtime    Last Run
----------------------------------------  -----  ---------  --------  ----------  --------------  -------------------
/opt/airflow/dags/Entity_matching_dag.py                           0           1  1.83s           2024-06-10T10:47:55
================================================================================
[2024-06-10T10:48:50.862+0000] {manager.py:878} INFO - 
================================================================================
DAG File Processing Stats

File Path                                 PID    Runtime      # DAGs    # Errors  Last Runtime    Last Run
----------------------------------------  -----  ---------  --------  ----------  --------------  -------------------
/opt/airflow/dags/Entity_matching_dag.py                           0           1  2.05s           2024-06-10T10:48:27
================================================================================
[2024-06-10T10:49:21.067+0000] {manager.py:878} INFO - 
================================================================================
DAG File Processing Stats

File Path                                 PID    Runtime      # DAGs    # Errors  Last Runtime    Last Run
----------------------------------------  -----  ---------  --------  ----------  --------------  -------------------
/opt/airflow/dags/Entity_matching_dag.py                           0           1  0.58s           2024-06-10T10:48:58
================================================================================
[2024-06-10T10:49:51.324+0000] {manager.py:878} INFO - 
================================================================================
DAG File Processing Stats

File Path                                 PID    Runtime      # DAGs    # Errors  Last Runtime    Last Run
----------------------------------------  -----  ---------  --------  ----------  --------------  -------------------
/opt/airflow/dags/Entity_matching_dag.py                           0           1  0.91s           2024-06-10T10:49:29
================================================================================
[2024-06-10T10:50:21.701+0000] {manager.py:878} INFO - 
================================================================================
DAG File Processing Stats

File Path                                 PID    Runtime      # DAGs    # Errors  Last Runtime    Last Run
----------------------------------------  -----  ---------  --------  ----------  --------------  -------------------
/opt/airflow/dags/Entity_matching_dag.py                           0           1  1.74s           2024-06-10T10:50:01
================================================================================
[2024-06-10T10:50:51.840+0000] {manager.py:878} INFO - 
================================================================================
DAG File Processing Stats

File Path                                   PID  Runtime      # DAGs    # Errors  Last Runtime    Last Run
----------------------------------------  -----  ---------  --------  ----------  --------------  -------------------
/opt/airflow/dags/Entity_matching_dag.py    297  19.86s            0           1  1.74s           2024-06-10T10:50:01
================================================================================
[2024-06-10T10:51:21.978+0000] {manager.py:878} INFO - 
================================================================================
DAG File Processing Stats

File Path                                   PID  Runtime      # DAGs    # Errors  Last Runtime    Last Run
----------------------------------------  -----  ---------  --------  ----------  --------------  -------------------
/opt/airflow/dags/Entity_matching_dag.py    297  49.99s            0           1  1.74s           2024-06-10T10:50:01
================================================================================
[2024-06-10T10:51:22.211+0000] {manager.py:1203} ERROR - Processor for /opt/airflow/dags/Entity_matching_dag.py with PID 297 started at 2024-06-10T10:50:31.983099+00:00 has timed out, killing it.
[2024-06-10T10:57:32.506+0000] {manager.py:470} INFO - Processing files using up to 2 processes at a time 
[2024-06-10T10:57:32.507+0000] {manager.py:471} INFO - Process each file at most once every 30 seconds
[2024-06-10T10:57:32.508+0000] {manager.py:472} INFO - Checking for new files in /opt/airflow/dags every 300 seconds
[2024-06-10T10:57:32.509+0000] {manager.py:737} INFO - Searching for files in /opt/airflow/dags
[2024-06-10T10:57:32.543+0000] {manager.py:740} INFO - There are 1 files in /opt/airflow/dags
[2024-06-10T10:57:35.067+0000] {manager.py:878} INFO - 
================================================================================
DAG File Processing Stats

File Path                                 PID    Runtime      # DAGs    # Errors  Last Runtime    Last Run
----------------------------------------  -----  ---------  --------  ----------  --------------  -------------------
/opt/airflow/dags/Entity_matching_dag.py                           0           1  0.46s           2024-06-10T10:57:33
================================================================================
[2024-06-10T10:57:39.629+0000] {manager.py:452} INFO - Exiting gracefully upon receiving signal 15
[2024-06-10T11:28:48.434+0000] {manager.py:470} INFO - Processing files using up to 2 processes at a time 
[2024-06-10T11:28:48.437+0000] {manager.py:471} INFO - Process each file at most once every 30 seconds
[2024-06-10T11:28:48.438+0000] {manager.py:472} INFO - Checking for new files in /opt/airflow/dags every 300 seconds
[2024-06-10T11:28:48.439+0000] {manager.py:737} INFO - Searching for files in /opt/airflow/dags
[2024-06-10T11:28:48.515+0000] {manager.py:740} INFO - There are 1 files in /opt/airflow/dags
[2024-06-10T11:28:48.951+0000] {manager.py:878} INFO - 
================================================================================
DAG File Processing Stats

File Path                                   PID  Runtime      # DAGs    # Errors  Last Runtime    Last Run
----------------------------------------  -----  ---------  --------  ----------  --------------  ----------
/opt/airflow/dags/Entity_matching_dag.py    171  0.23s             0           0
================================================================================
[2024-06-10T11:29:19.159+0000] {manager.py:878} INFO - 
================================================================================
DAG File Processing Stats

File Path                                 PID    Runtime      # DAGs    # Errors  Last Runtime    Last Run
----------------------------------------  -----  ---------  --------  ----------  --------------  -------------------
/opt/airflow/dags/Entity_matching_dag.py                           0           1  2.00s           2024-06-10T11:28:50
================================================================================
[2024-06-10T11:29:49.691+0000] {manager.py:878} INFO - 
================================================================================
DAG File Processing Stats

File Path                                 PID    Runtime      # DAGs    # Errors  Last Runtime    Last Run
----------------------------------------  -----  ---------  --------  ----------  --------------  -------------------
/opt/airflow/dags/Entity_matching_dag.py                           0           1  7.73s           2024-06-10T11:29:29
================================================================================
[2024-06-10T11:30:19.811+0000] {manager.py:878} INFO - 
================================================================================
DAG File Processing Stats

File Path                                 PID    Runtime      # DAGs    # Errors  Last Runtime    Last Run
----------------------------------------  -----  ---------  --------  ----------  --------------  -------------------
/opt/airflow/dags/Entity_matching_dag.py                           0           1  4.53s           2024-06-10T11:30:03
================================================================================
[2024-06-10T11:30:50.311+0000] {manager.py:878} INFO - 
================================================================================
DAG File Processing Stats

File Path                                 PID    Runtime      # DAGs    # Errors  Last Runtime    Last Run
----------------------------------------  -----  ---------  --------  ----------  --------------  -------------------
/opt/airflow/dags/Entity_matching_dag.py                           0           1  3.99s           2024-06-10T11:30:38
================================================================================
[2024-06-10T11:31:20.357+0000] {manager.py:878} INFO - 
================================================================================
DAG File Processing Stats

File Path                                 PID    Runtime      # DAGs    # Errors  Last Runtime    Last Run
----------------------------------------  -----  ---------  --------  ----------  --------------  -------------------
/opt/airflow/dags/Entity_matching_dag.py                           0           1  2.66s           2024-06-10T11:31:11
================================================================================
[2024-06-10T11:31:50.382+0000] {manager.py:878} INFO - 
================================================================================
DAG File Processing Stats

File Path                                 PID    Runtime      # DAGs    # Errors  Last Runtime    Last Run
----------------------------------------  -----  ---------  --------  ----------  --------------  -------------------
/opt/airflow/dags/Entity_matching_dag.py                           0           1  0.66s           2024-06-10T11:31:42
================================================================================
[2024-06-10T11:32:21.066+0000] {manager.py:878} INFO - 
================================================================================
DAG File Processing Stats

File Path                                 PID    Runtime      # DAGs    # Errors  Last Runtime    Last Run
----------------------------------------  -----  ---------  --------  ----------  --------------  -------------------
/opt/airflow/dags/Entity_matching_dag.py                           0           1  0.78s           2024-06-10T11:32:13
================================================================================
[2024-06-10T11:32:51.314+0000] {manager.py:878} INFO - 
================================================================================
DAG File Processing Stats

File Path                                 PID    Runtime      # DAGs    # Errors  Last Runtime    Last Run
----------------------------------------  -----  ---------  --------  ----------  --------------  -------------------
/opt/airflow/dags/Entity_matching_dag.py                           0           1  0.89s           2024-06-10T11:32:44
================================================================================
[2024-06-10T11:33:21.488+0000] {manager.py:878} INFO - 
================================================================================
DAG File Processing Stats

File Path                                   PID  Runtime      # DAGs    # Errors  Last Runtime    Last Run
----------------------------------------  -----  ---------  --------  ----------  --------------  -------------------
/opt/airflow/dags/Entity_matching_dag.py    352  7.05s             0           1  0.89s           2024-06-10T11:32:44
================================================================================
[2024-06-10T11:33:48.644+0000] {manager.py:737} INFO - Searching for files in /opt/airflow/dags
[2024-06-10T11:33:48.712+0000] {manager.py:740} INFO - There are 1 files in /opt/airflow/dags
[2024-06-10T11:33:51.794+0000] {manager.py:878} INFO - 
================================================================================
DAG File Processing Stats

File Path                                   PID  Runtime      # DAGs    # Errors  Last Runtime    Last Run
----------------------------------------  -----  ---------  --------  ----------  --------------  -------------------
/opt/airflow/dags/Entity_matching_dag.py    352  37.36s            0           1  0.89s           2024-06-10T11:32:44
================================================================================
[2024-06-10T11:34:04.852+0000] {manager.py:1203} ERROR - Processor for /opt/airflow/dags/Entity_matching_dag.py with PID 352 started at 2024-06-10T11:33:14.432833+00:00 has timed out, killing it.
[2024-06-10T11:50:26.674+0000] {manager.py:470} INFO - Processing files using up to 2 processes at a time 
[2024-06-10T11:50:26.678+0000] {manager.py:471} INFO - Process each file at most once every 30 seconds
[2024-06-10T11:50:26.679+0000] {manager.py:472} INFO - Checking for new files in /opt/airflow/dags every 300 seconds
[2024-06-10T11:50:26.681+0000] {manager.py:737} INFO - Searching for files in /opt/airflow/dags
[2024-06-10T11:50:26.783+0000] {manager.py:740} INFO - There are 1 files in /opt/airflow/dags
[2024-06-10T11:50:27.723+0000] {manager.py:878} INFO - 
================================================================================
DAG File Processing Stats

File Path                                   PID  Runtime      # DAGs    # Errors  Last Runtime    Last Run
----------------------------------------  -----  ---------  --------  ----------  --------------  ----------
/opt/airflow/dags/Entity_matching_dag.py    172  0.41s             0           0
================================================================================
[2024-06-10T11:50:57.931+0000] {manager.py:878} INFO - 
================================================================================
DAG File Processing Stats

File Path                                 PID    Runtime      # DAGs    # Errors  Last Runtime    Last Run
----------------------------------------  -----  ---------  --------  ----------  --------------  -------------------
/opt/airflow/dags/Entity_matching_dag.py                           0           1  2.06s           2024-06-10T11:50:29
================================================================================
[2024-06-10T11:51:28.217+0000] {manager.py:878} INFO - 
================================================================================
DAG File Processing Stats

File Path                                 PID    Runtime      # DAGs    # Errors  Last Runtime    Last Run
----------------------------------------  -----  ---------  --------  ----------  --------------  -------------------
/opt/airflow/dags/Entity_matching_dag.py                           0           1  1.77s           2024-06-10T11:51:01
================================================================================
[2024-06-10T11:51:58.464+0000] {manager.py:878} INFO - 
================================================================================
DAG File Processing Stats

File Path                                 PID    Runtime      # DAGs    # Errors  Last Runtime    Last Run
----------------------------------------  -----  ---------  --------  ----------  --------------  -------------------
/opt/airflow/dags/Entity_matching_dag.py                           0           1  1.19s           2024-06-10T11:51:32
================================================================================
[2024-06-10T11:52:28.574+0000] {manager.py:878} INFO - 
================================================================================
DAG File Processing Stats

File Path                                 PID    Runtime      # DAGs    # Errors  Last Runtime    Last Run
----------------------------------------  -----  ---------  --------  ----------  --------------  -------------------
/opt/airflow/dags/Entity_matching_dag.py                           0           1  7.80s           2024-06-10T11:52:11
================================================================================
[2024-06-10T11:52:59.612+0000] {manager.py:878} INFO - 
================================================================================
DAG File Processing Stats

File Path                                 PID    Runtime      # DAGs    # Errors  Last Runtime    Last Run
----------------------------------------  -----  ---------  --------  ----------  --------------  -------------------
/opt/airflow/dags/Entity_matching_dag.py                           0           1  8.46s           2024-06-10T11:52:50
================================================================================
[2024-06-10T11:53:29.934+0000] {manager.py:878} INFO - 
================================================================================
DAG File Processing Stats

File Path                                   PID  Runtime      # DAGs    # Errors  Last Runtime    Last Run
----------------------------------------  -----  ---------  --------  ----------  --------------  -------------------
/opt/airflow/dags/Entity_matching_dag.py    288  8.02s             0           1  8.46s           2024-06-10T11:52:50
================================================================================
[2024-06-10T11:53:35.051+0000] {manager.py:1128} WARNING - Skipping processing of missing file: /opt/airflow/dags/Entity_matching_dag.py
[2024-06-10T11:53:35.099+0000] {manager.py:990} WARNING - Stopping processor for /opt/airflow/dags/Entity_matching_dag.py
[2024-06-10T11:53:35.127+0000] {manager.py:452} INFO - Exiting gracefully upon receiving signal 15
[2024-06-10T11:53:41.809+0000] {manager.py:452} INFO - Exiting gracefully upon receiving signal 15
[2024-06-10T11:53:41.810+0000] {manager.py:452} INFO - Exiting gracefully upon receiving signal 15
[2024-06-10T12:03:01.533+0000] {manager.py:470} INFO - Processing files using up to 2 processes at a time 
[2024-06-10T12:03:01.540+0000] {manager.py:471} INFO - Process each file at most once every 30 seconds
[2024-06-10T12:03:01.546+0000] {manager.py:472} INFO - Checking for new files in /opt/airflow/dags every 300 seconds
[2024-06-10T12:03:01.551+0000] {manager.py:737} INFO - Searching for files in /opt/airflow/dags
[2024-06-10T12:03:01.645+0000] {manager.py:740} INFO - There are 1 files in /opt/airflow/dags
[2024-06-10T12:03:02.179+0000] {manager.py:878} INFO - 
================================================================================
DAG File Processing Stats

File Path                                PID  Runtime      # DAGs    # Errors  Last Runtime    Last Run
-------------------------------------  -----  ---------  --------  ----------  --------------  ----------
/opt/airflow/dags/Customer_Profile.py    206  0.15s             0           0
================================================================================
[2024-06-10T12:03:32.506+0000] {manager.py:878} INFO - 
================================================================================
DAG File Processing Stats

File Path                              PID    Runtime      # DAGs    # Errors  Last Runtime    Last Run
-------------------------------------  -----  ---------  --------  ----------  --------------  -------------------
/opt/airflow/dags/Customer_Profile.py                           0           1  2.35s           2024-06-10T12:03:04
================================================================================
[2024-06-10T12:04:06.128+0000] {manager.py:878} INFO - 
================================================================================
DAG File Processing Stats

File Path                              PID    Runtime      # DAGs    # Errors  Last Runtime    Last Run
-------------------------------------  -----  ---------  --------  ----------  --------------  -------------------
/opt/airflow/dags/Customer_Profile.py                           0           1  4.47s           2024-06-10T12:03:39
================================================================================
[2024-06-10T12:14:43.381+0000] {manager.py:470} INFO - Processing files using up to 2 processes at a time 
[2024-06-10T12:14:43.384+0000] {manager.py:471} INFO - Process each file at most once every 30 seconds
[2024-06-10T12:14:43.385+0000] {manager.py:472} INFO - Checking for new files in /opt/airflow/dags every 300 seconds
[2024-06-10T12:14:43.386+0000] {manager.py:737} INFO - Searching for files in /opt/airflow/dags
[2024-06-10T12:14:43.428+0000] {manager.py:740} INFO - There are 1 files in /opt/airflow/dags
[2024-06-10T12:14:43.524+0000] {manager.py:878} INFO - 
================================================================================
DAG File Processing Stats

File Path                                PID  Runtime      # DAGs    # Errors  Last Runtime    Last Run
-------------------------------------  -----  ---------  --------  ----------  --------------  ----------
/opt/airflow/dags/Customer_Profile.py    165  0.04s             0           0
================================================================================
[2024-06-10T12:15:13.788+0000] {manager.py:878} INFO - 
================================================================================
DAG File Processing Stats

File Path                              PID    Runtime      # DAGs    # Errors  Last Runtime    Last Run
-------------------------------------  -----  ---------  --------  ----------  --------------  -------------------
/opt/airflow/dags/Customer_Profile.py                           0           1  0.60s           2024-06-10T12:14:44
================================================================================
[2024-06-10T12:15:44.322+0000] {manager.py:878} INFO - 
================================================================================
DAG File Processing Stats

File Path                              PID    Runtime      # DAGs    # Errors  Last Runtime    Last Run
-------------------------------------  -----  ---------  --------  ----------  --------------  -------------------
/opt/airflow/dags/Customer_Profile.py                           0           1  1.93s           2024-06-10T12:15:16
================================================================================
[2024-06-10T12:16:14.908+0000] {manager.py:878} INFO - 
================================================================================
DAG File Processing Stats

File Path                              PID    Runtime      # DAGs    # Errors  Last Runtime    Last Run
-------------------------------------  -----  ---------  --------  ----------  --------------  -------------------
/opt/airflow/dags/Customer_Profile.py                           0           1  0.59s           2024-06-10T12:15:47
================================================================================
[2024-06-10T12:16:44.971+0000] {manager.py:878} INFO - 
================================================================================
DAG File Processing Stats

File Path                              PID    Runtime      # DAGs    # Errors  Last Runtime    Last Run
-------------------------------------  -----  ---------  --------  ----------  --------------  -------------------
/opt/airflow/dags/Customer_Profile.py                           0           1  0.45s           2024-06-10T12:16:18
================================================================================
[2024-06-10T12:17:15.870+0000] {manager.py:878} INFO - 
================================================================================
DAG File Processing Stats

File Path                              PID    Runtime      # DAGs    # Errors  Last Runtime    Last Run
-------------------------------------  -----  ---------  --------  ----------  --------------  -------------------
/opt/airflow/dags/Customer_Profile.py                           0           1  0.64s           2024-06-10T12:16:49
================================================================================
[2024-06-10T12:17:43.463+0000] {manager.py:452} INFO - Exiting gracefully upon receiving signal 15
[2024-06-11T03:12:19.617+0000] {manager.py:470} INFO - Processing files using up to 2 processes at a time 
[2024-06-11T03:12:19.619+0000] {manager.py:471} INFO - Process each file at most once every 30 seconds
[2024-06-11T03:12:19.620+0000] {manager.py:472} INFO - Checking for new files in /opt/airflow/dags every 300 seconds
[2024-06-11T03:12:19.621+0000] {manager.py:737} INFO - Searching for files in /opt/airflow/dags
[2024-06-11T03:12:19.666+0000] {manager.py:740} INFO - There are 1 files in /opt/airflow/dags
[2024-06-11T03:12:22.809+0000] {manager.py:878} INFO - 
================================================================================
DAG File Processing Stats

File Path                              PID    Runtime      # DAGs    # Errors  Last Runtime    Last Run
-------------------------------------  -----  ---------  --------  ----------  --------------  -------------------
/opt/airflow/dags/Customer_Profile.py                           0           1  0.39s           2024-06-11T03:12:20
================================================================================
[2024-06-11T03:12:53.485+0000] {manager.py:878} INFO - 
================================================================================
DAG File Processing Stats

File Path                              PID    Runtime      # DAGs    # Errors  Last Runtime    Last Run
-------------------------------------  -----  ---------  --------  ----------  --------------  -------------------
/opt/airflow/dags/Customer_Profile.py                           0           1  0.33s           2024-06-11T03:12:50
================================================================================
[2024-06-11T03:13:23.712+0000] {manager.py:878} INFO - 
================================================================================
DAG File Processing Stats

File Path                              PID    Runtime      # DAGs    # Errors  Last Runtime    Last Run
-------------------------------------  -----  ---------  --------  ----------  --------------  -------------------
/opt/airflow/dags/Customer_Profile.py                           0           1  0.74s           2024-06-11T03:13:21
================================================================================
[2024-06-11T03:13:53.998+0000] {manager.py:878} INFO - 
================================================================================
DAG File Processing Stats

File Path                              PID    Runtime      # DAGs    # Errors  Last Runtime    Last Run
-------------------------------------  -----  ---------  --------  ----------  --------------  -------------------
/opt/airflow/dags/Customer_Profile.py                           0           1  0.30s           2024-06-11T03:13:52
================================================================================
[2024-06-11T03:14:24.481+0000] {manager.py:878} INFO - 
================================================================================
DAG File Processing Stats

File Path                              PID    Runtime      # DAGs    # Errors  Last Runtime    Last Run
-------------------------------------  -----  ---------  --------  ----------  --------------  -------------------
/opt/airflow/dags/Customer_Profile.py                           0           1  0.32s           2024-06-11T03:14:22
================================================================================
[2024-06-11T03:14:54.977+0000] {manager.py:878} INFO - 
================================================================================
DAG File Processing Stats

File Path                              PID    Runtime      # DAGs    # Errors  Last Runtime    Last Run
-------------------------------------  -----  ---------  --------  ----------  --------------  -------------------
/opt/airflow/dags/Customer_Profile.py                           0           1  0.29s           2024-06-11T03:14:53
================================================================================
[2024-06-11T03:15:25.465+0000] {manager.py:878} INFO - 
================================================================================
DAG File Processing Stats

File Path                              PID    Runtime      # DAGs    # Errors  Last Runtime    Last Run
-------------------------------------  -----  ---------  --------  ----------  --------------  -------------------
/opt/airflow/dags/Customer_Profile.py                           0           1  0.28s           2024-06-11T03:15:23
================================================================================
[2024-06-11T03:15:55.951+0000] {manager.py:878} INFO - 
================================================================================
DAG File Processing Stats

File Path                              PID    Runtime      # DAGs    # Errors  Last Runtime    Last Run
-------------------------------------  -----  ---------  --------  ----------  --------------  -------------------
/opt/airflow/dags/Customer_Profile.py                           0           1  0.33s           2024-06-11T03:15:54
================================================================================
[2024-06-11T03:16:26.489+0000] {manager.py:878} INFO - 
================================================================================
DAG File Processing Stats

File Path                              PID    Runtime      # DAGs    # Errors  Last Runtime    Last Run
-------------------------------------  -----  ---------  --------  ----------  --------------  -------------------
/opt/airflow/dags/Customer_Profile.py                           0           1  0.29s           2024-06-11T03:16:24
================================================================================
[2024-06-11T03:16:56.980+0000] {manager.py:878} INFO - 
================================================================================
DAG File Processing Stats

File Path                              PID    Runtime      # DAGs    # Errors  Last Runtime    Last Run
-------------------------------------  -----  ---------  --------  ----------  --------------  -------------------
/opt/airflow/dags/Customer_Profile.py                           0           1  0.29s           2024-06-11T03:16:55
================================================================================
[2024-06-11T03:17:20.138+0000] {manager.py:737} INFO - Searching for files in /opt/airflow/dags
[2024-06-11T03:17:20.168+0000] {manager.py:740} INFO - There are 1 files in /opt/airflow/dags
[2024-06-11T03:17:27.560+0000] {manager.py:878} INFO - 
================================================================================
DAG File Processing Stats

File Path                              PID    Runtime      # DAGs    # Errors  Last Runtime    Last Run
-------------------------------------  -----  ---------  --------  ----------  --------------  -------------------
/opt/airflow/dags/Customer_Profile.py                           0           1  0.32s           2024-06-11T03:17:25
================================================================================
[2024-06-11T03:17:58.088+0000] {manager.py:878} INFO - 
================================================================================
DAG File Processing Stats

File Path                              PID    Runtime      # DAGs    # Errors  Last Runtime    Last Run
-------------------------------------  -----  ---------  --------  ----------  --------------  -------------------
/opt/airflow/dags/Customer_Profile.py                           0           1  0.29s           2024-06-11T03:17:56
================================================================================
[2024-06-11T03:18:28.609+0000] {manager.py:878} INFO - 
================================================================================
DAG File Processing Stats

File Path                              PID    Runtime      # DAGs    # Errors  Last Runtime    Last Run
-------------------------------------  -----  ---------  --------  ----------  --------------  -------------------
/opt/airflow/dags/Customer_Profile.py                           0           1  0.28s           2024-06-11T03:18:26
================================================================================
[2024-06-11T03:18:59.068+0000] {manager.py:878} INFO - 
================================================================================
DAG File Processing Stats

File Path                              PID    Runtime      # DAGs    # Errors  Last Runtime    Last Run
-------------------------------------  -----  ---------  --------  ----------  --------------  -------------------
/opt/airflow/dags/Customer_Profile.py                           0           1  0.35s           2024-06-11T03:18:57
================================================================================
[2024-06-11T03:19:29.631+0000] {manager.py:878} INFO - 
================================================================================
DAG File Processing Stats

File Path                              PID    Runtime      # DAGs    # Errors  Last Runtime    Last Run
-------------------------------------  -----  ---------  --------  ----------  --------------  -------------------
/opt/airflow/dags/Customer_Profile.py                           0           1  0.28s           2024-06-11T03:19:27
================================================================================
[2024-06-11T03:20:00.115+0000] {manager.py:878} INFO - 
================================================================================
DAG File Processing Stats

File Path                              PID    Runtime      # DAGs    # Errors  Last Runtime    Last Run
-------------------------------------  -----  ---------  --------  ----------  --------------  -------------------
/opt/airflow/dags/Customer_Profile.py                           0           1  0.27s           2024-06-11T03:19:58
================================================================================
[2024-06-11T03:20:30.553+0000] {manager.py:878} INFO - 
================================================================================
DAG File Processing Stats

File Path                              PID    Runtime      # DAGs    # Errors  Last Runtime    Last Run
-------------------------------------  -----  ---------  --------  ----------  --------------  -------------------
/opt/airflow/dags/Customer_Profile.py                           0           1  0.27s           2024-06-11T03:20:28
================================================================================
[2024-06-11T03:21:01.034+0000] {manager.py:878} INFO - 
================================================================================
DAG File Processing Stats

File Path                              PID    Runtime      # DAGs    # Errors  Last Runtime    Last Run
-------------------------------------  -----  ---------  --------  ----------  --------------  -------------------
/opt/airflow/dags/Customer_Profile.py                           0           1  0.29s           2024-06-11T03:20:59
================================================================================
[2024-06-11T03:21:31.528+0000] {manager.py:878} INFO - 
================================================================================
DAG File Processing Stats

File Path                              PID    Runtime      # DAGs    # Errors  Last Runtime    Last Run
-------------------------------------  -----  ---------  --------  ----------  --------------  -------------------
/opt/airflow/dags/Customer_Profile.py                           0           1  0.28s           2024-06-11T03:21:29
================================================================================
[2024-06-11T03:22:02.079+0000] {manager.py:878} INFO - 
================================================================================
DAG File Processing Stats

File Path                              PID    Runtime      # DAGs    # Errors  Last Runtime    Last Run
-------------------------------------  -----  ---------  --------  ----------  --------------  -------------------
/opt/airflow/dags/Customer_Profile.py                           0           1  0.27s           2024-06-11T03:22:00
================================================================================
[2024-06-11T03:22:20.183+0000] {manager.py:737} INFO - Searching for files in /opt/airflow/dags
[2024-06-11T03:22:20.225+0000] {manager.py:740} INFO - There are 1 files in /opt/airflow/dags
[2024-06-11T03:22:32.554+0000] {manager.py:878} INFO - 
================================================================================
DAG File Processing Stats

File Path                              PID    Runtime      # DAGs    # Errors  Last Runtime    Last Run
-------------------------------------  -----  ---------  --------  ----------  --------------  -------------------
/opt/airflow/dags/Customer_Profile.py                           0           1  0.28s           2024-06-11T03:22:30
================================================================================
[2024-06-11T03:23:03.012+0000] {manager.py:878} INFO - 
================================================================================
DAG File Processing Stats

File Path                              PID    Runtime      # DAGs    # Errors  Last Runtime    Last Run
-------------------------------------  -----  ---------  --------  ----------  --------------  -------------------
/opt/airflow/dags/Customer_Profile.py                           0           1  0.33s           2024-06-11T03:23:01
================================================================================
[2024-06-11T03:23:33.630+0000] {manager.py:878} INFO - 
================================================================================
DAG File Processing Stats

File Path                              PID    Runtime      # DAGs    # Errors  Last Runtime    Last Run
-------------------------------------  -----  ---------  --------  ----------  --------------  -------------------
/opt/airflow/dags/Customer_Profile.py                           0           1  0.27s           2024-06-11T03:23:31
================================================================================
[2024-06-11T03:23:43.371+0000] {manager.py:452} INFO - Exiting gracefully upon receiving signal 15
[2024-06-11T03:24:57.197+0000] {manager.py:470} INFO - Processing files using up to 2 processes at a time 
[2024-06-11T03:24:57.199+0000] {manager.py:471} INFO - Process each file at most once every 30 seconds
[2024-06-11T03:24:57.200+0000] {manager.py:472} INFO - Checking for new files in /opt/airflow/dags every 300 seconds
[2024-06-11T03:24:57.201+0000] {manager.py:737} INFO - Searching for files in /opt/airflow/dags
[2024-06-11T03:24:57.245+0000] {manager.py:740} INFO - There are 1 files in /opt/airflow/dags
[2024-06-11T03:24:57.547+0000] {manager.py:878} INFO - 
================================================================================
DAG File Processing Stats

File Path                                PID  Runtime      # DAGs    # Errors  Last Runtime    Last Run
-------------------------------------  -----  ---------  --------  ----------  --------------  ----------
/opt/airflow/dags/Customer_Profile.py    165  0.13s             0           0
================================================================================
[2024-06-11T03:25:27.746+0000] {manager.py:878} INFO - 
================================================================================
DAG File Processing Stats

File Path                              PID    Runtime      # DAGs    # Errors  Last Runtime    Last Run
-------------------------------------  -----  ---------  --------  ----------  --------------  -------------------
/opt/airflow/dags/Customer_Profile.py                           0           1  0.65s           2024-06-11T03:24:58
================================================================================
[2024-06-11T03:25:57.932+0000] {manager.py:878} INFO - 
================================================================================
DAG File Processing Stats

File Path                              PID    Runtime      # DAGs    # Errors  Last Runtime    Last Run
-------------------------------------  -----  ---------  --------  ----------  --------------  -------------------
/opt/airflow/dags/Customer_Profile.py                           0           1  0.59s           2024-06-11T03:25:28
================================================================================
[2024-06-11T03:26:28.230+0000] {manager.py:878} INFO - 
================================================================================
DAG File Processing Stats

File Path                              PID    Runtime      # DAGs    # Errors  Last Runtime    Last Run
-------------------------------------  -----  ---------  --------  ----------  --------------  -------------------
/opt/airflow/dags/Customer_Profile.py                           0           1  0.30s           2024-06-11T03:25:59
================================================================================
[2024-06-11T03:26:58.706+0000] {manager.py:878} INFO - 
================================================================================
DAG File Processing Stats

File Path                              PID    Runtime      # DAGs    # Errors  Last Runtime    Last Run
-------------------------------------  -----  ---------  --------  ----------  --------------  -------------------
/opt/airflow/dags/Customer_Profile.py                           0           1  0.30s           2024-06-11T03:26:29
================================================================================
[2024-06-11T03:27:29.113+0000] {manager.py:878} INFO - 
================================================================================
DAG File Processing Stats

File Path                              PID    Runtime      # DAGs    # Errors  Last Runtime    Last Run
-------------------------------------  -----  ---------  --------  ----------  --------------  -------------------
/opt/airflow/dags/Customer_Profile.py                           0           1  0.32s           2024-06-11T03:27:00
================================================================================
[2024-06-11T03:27:59.615+0000] {manager.py:878} INFO - 
================================================================================
DAG File Processing Stats

File Path                              PID    Runtime      # DAGs    # Errors  Last Runtime    Last Run
-------------------------------------  -----  ---------  --------  ----------  --------------  -------------------
/opt/airflow/dags/Customer_Profile.py                           0           1  0.47s           2024-06-11T03:27:30
================================================================================
[2024-06-11T03:28:30.251+0000] {manager.py:878} INFO - 
================================================================================
DAG File Processing Stats

File Path                              PID    Runtime      # DAGs    # Errors  Last Runtime    Last Run
-------------------------------------  -----  ---------  --------  ----------  --------------  -------------------
/opt/airflow/dags/Customer_Profile.py                           0           1  0.30s           2024-06-11T03:28:01
================================================================================
[2024-06-11T03:29:00.786+0000] {manager.py:878} INFO - 
================================================================================
DAG File Processing Stats

File Path                              PID    Runtime      # DAGs    # Errors  Last Runtime    Last Run
-------------------------------------  -----  ---------  --------  ----------  --------------  -------------------
/opt/airflow/dags/Customer_Profile.py                           0           1  0.28s           2024-06-11T03:28:31
================================================================================
[2024-06-11T03:29:08.631+0000] {manager.py:452} INFO - Exiting gracefully upon receiving signal 15
[2024-06-11T03:35:33.987+0000] {manager.py:470} INFO - Processing files using up to 2 processes at a time 
[2024-06-11T03:35:33.988+0000] {manager.py:471} INFO - Process each file at most once every 30 seconds
[2024-06-11T03:35:33.990+0000] {manager.py:472} INFO - Checking for new files in /opt/airflow/dags every 300 seconds
[2024-06-11T03:35:33.991+0000] {manager.py:737} INFO - Searching for files in /opt/airflow/dags
[2024-06-11T03:35:34.040+0000] {manager.py:740} INFO - There are 1 files in /opt/airflow/dags
[2024-06-11T03:35:34.177+0000] {manager.py:878} INFO - 
================================================================================
DAG File Processing Stats

File Path                                PID  Runtime      # DAGs    # Errors  Last Runtime    Last Run
-------------------------------------  -----  ---------  --------  ----------  --------------  ----------
/opt/airflow/dags/Customer_Profile.py    165  0.06s             0           0
================================================================================
[2024-06-11T03:36:04.347+0000] {manager.py:878} INFO - 
================================================================================
DAG File Processing Stats

File Path                              PID    Runtime      # DAGs    # Errors  Last Runtime    Last Run
-------------------------------------  -----  ---------  --------  ----------  --------------  -------------------
/opt/airflow/dags/Customer_Profile.py                           0           1  0.56s           2024-06-11T03:35:34
================================================================================
[2024-06-11T03:36:34.356+0000] {manager.py:878} INFO - 
================================================================================
DAG File Processing Stats

File Path                              PID    Runtime      # DAGs    # Errors  Last Runtime    Last Run
-------------------------------------  -----  ---------  --------  ----------  --------------  -------------------
/opt/airflow/dags/Customer_Profile.py                           0           1  1.05s           2024-06-11T03:36:06
================================================================================
[2024-06-11T03:37:04.577+0000] {manager.py:878} INFO - 
================================================================================
DAG File Processing Stats

File Path                              PID    Runtime      # DAGs    # Errors  Last Runtime    Last Run
-------------------------------------  -----  ---------  --------  ----------  --------------  -------------------
/opt/airflow/dags/Customer_Profile.py                           0           1  1.29s           2024-06-11T03:36:37
================================================================================
[2024-06-11T03:37:35.802+0000] {manager.py:878} INFO - 
================================================================================
DAG File Processing Stats

File Path                              PID    Runtime      # DAGs    # Errors  Last Runtime    Last Run
-------------------------------------  -----  ---------  --------  ----------  --------------  -------------------
/opt/airflow/dags/Customer_Profile.py                           0           1  0.75s           2024-06-11T03:37:08
================================================================================
[2024-06-11T03:38:05.983+0000] {manager.py:878} INFO - 
================================================================================
DAG File Processing Stats

File Path                              PID    Runtime      # DAGs    # Errors  Last Runtime    Last Run
-------------------------------------  -----  ---------  --------  ----------  --------------  -------------------
/opt/airflow/dags/Customer_Profile.py                           0           1  4.37s           2024-06-11T03:37:43
================================================================================
[2024-06-11T03:38:38.003+0000] {manager.py:878} INFO - 
================================================================================
DAG File Processing Stats

File Path                              PID    Runtime      # DAGs    # Errors  Last Runtime    Last Run
-------------------------------------  -----  ---------  --------  ----------  --------------  -------------------
/opt/airflow/dags/Customer_Profile.py                           0           1  3.13s           2024-06-11T03:38:17
================================================================================
[2024-06-11T03:38:40.207+0000] {manager.py:452} INFO - Exiting gracefully upon receiving signal 15
