[2024-05-27T08:18:01.192+0000] {processor.py:161} INFO - Started process (PID=179) to work on /opt/airflow/dags/bash_dag.py
[2024-05-27T08:18:01.196+0000] {processor.py:830} INFO - Processing file /opt/airflow/dags/bash_dag.py for tasks to queue
[2024-05-27T08:18:01.199+0000] {logging_mixin.py:188} INFO - [2024-05-27T08:18:01.198+0000] {dagbag.py:545} INFO - Filling up the DagBag from /opt/airflow/dags/bash_dag.py
[2024-05-27T08:18:01.224+0000] {processor.py:840} INFO - DAG(s) 'bash' retrieved from /opt/airflow/dags/bash_dag.py
[2024-05-27T08:18:01.258+0000] {logging_mixin.py:188} INFO - [2024-05-27T08:18:01.258+0000] {dag.py:3096} INFO - Sync 1 DAGs
[2024-05-27T08:18:01.282+0000] {logging_mixin.py:188} INFO - [2024-05-27T08:18:01.282+0000] {dag.py:3954} INFO - Setting next_dagrun for bash to 2024-03-14 00:00:00+00:00, run_after=2024-03-14 00:00:00+00:00
[2024-05-27T08:18:01.302+0000] {processor.py:183} INFO - Processing /opt/airflow/dags/bash_dag.py took 0.120 seconds
[2024-05-27T08:18:31.518+0000] {processor.py:161} INFO - Started process (PID=218) to work on /opt/airflow/dags/bash_dag.py
[2024-05-27T08:18:31.519+0000] {processor.py:830} INFO - Processing file /opt/airflow/dags/bash_dag.py for tasks to queue
[2024-05-27T08:18:31.522+0000] {logging_mixin.py:188} INFO - [2024-05-27T08:18:31.521+0000] {dagbag.py:545} INFO - Filling up the DagBag from /opt/airflow/dags/bash_dag.py
[2024-05-27T08:18:31.544+0000] {processor.py:840} INFO - DAG(s) 'bash' retrieved from /opt/airflow/dags/bash_dag.py
[2024-05-27T08:18:31.590+0000] {logging_mixin.py:188} INFO - [2024-05-27T08:18:31.589+0000] {dag.py:3096} INFO - Sync 1 DAGs
[2024-05-27T08:18:31.648+0000] {logging_mixin.py:188} INFO - [2024-05-27T08:18:31.647+0000] {dag.py:3954} INFO - Setting next_dagrun for bash to 2024-03-14 00:00:00+00:00, run_after=2024-03-14 00:00:00+00:00
[2024-05-27T08:18:31.683+0000] {processor.py:183} INFO - Processing /opt/airflow/dags/bash_dag.py took 0.174 seconds
[2024-05-27T08:19:02.411+0000] {processor.py:161} INFO - Started process (PID=260) to work on /opt/airflow/dags/bash_dag.py
[2024-05-27T08:19:02.411+0000] {processor.py:830} INFO - Processing file /opt/airflow/dags/bash_dag.py for tasks to queue
[2024-05-27T08:19:02.413+0000] {logging_mixin.py:188} INFO - [2024-05-27T08:19:02.413+0000] {dagbag.py:545} INFO - Filling up the DagBag from /opt/airflow/dags/bash_dag.py
[2024-05-27T08:19:02.428+0000] {processor.py:840} INFO - DAG(s) 'bash' retrieved from /opt/airflow/dags/bash_dag.py
[2024-05-27T08:19:02.450+0000] {logging_mixin.py:188} INFO - [2024-05-27T08:19:02.450+0000] {dag.py:3096} INFO - Sync 1 DAGs
[2024-05-27T08:19:02.473+0000] {logging_mixin.py:188} INFO - [2024-05-27T08:19:02.472+0000] {dag.py:3954} INFO - Setting next_dagrun for bash to 2024-03-14 00:00:00+00:00, run_after=2024-03-14 00:00:00+00:00
[2024-05-27T08:19:02.494+0000] {processor.py:183} INFO - Processing /opt/airflow/dags/bash_dag.py took 0.089 seconds
[2024-05-27T08:19:33.280+0000] {processor.py:161} INFO - Started process (PID=304) to work on /opt/airflow/dags/bash_dag.py
[2024-05-27T08:19:33.282+0000] {processor.py:830} INFO - Processing file /opt/airflow/dags/bash_dag.py for tasks to queue
[2024-05-27T08:19:33.288+0000] {logging_mixin.py:188} INFO - [2024-05-27T08:19:33.287+0000] {dagbag.py:545} INFO - Filling up the DagBag from /opt/airflow/dags/bash_dag.py
[2024-05-27T08:19:33.380+0000] {processor.py:840} INFO - DAG(s) 'bash' retrieved from /opt/airflow/dags/bash_dag.py
[2024-05-27T08:19:33.429+0000] {logging_mixin.py:188} INFO - [2024-05-27T08:19:33.428+0000] {dag.py:3096} INFO - Sync 1 DAGs
[2024-05-27T08:19:33.474+0000] {logging_mixin.py:188} INFO - [2024-05-27T08:19:33.473+0000] {dag.py:3954} INFO - Setting next_dagrun for bash to 2024-03-14 00:00:00+00:00, run_after=2024-03-14 00:00:00+00:00
[2024-05-27T08:19:33.510+0000] {processor.py:183} INFO - Processing /opt/airflow/dags/bash_dag.py took 0.240 seconds
[2024-05-27T08:20:04.222+0000] {processor.py:161} INFO - Started process (PID=348) to work on /opt/airflow/dags/bash_dag.py
[2024-05-27T08:20:04.223+0000] {processor.py:830} INFO - Processing file /opt/airflow/dags/bash_dag.py for tasks to queue
[2024-05-27T08:20:04.226+0000] {logging_mixin.py:188} INFO - [2024-05-27T08:20:04.226+0000] {dagbag.py:545} INFO - Filling up the DagBag from /opt/airflow/dags/bash_dag.py
[2024-05-27T08:20:04.245+0000] {processor.py:840} INFO - DAG(s) 'bash' retrieved from /opt/airflow/dags/bash_dag.py
[2024-05-27T08:20:04.481+0000] {logging_mixin.py:188} INFO - [2024-05-27T08:20:04.481+0000] {dag.py:3096} INFO - Sync 1 DAGs
[2024-05-27T08:20:04.510+0000] {logging_mixin.py:188} INFO - [2024-05-27T08:20:04.510+0000] {dag.py:3954} INFO - Setting next_dagrun for bash to 2024-03-14 00:00:00+00:00, run_after=2024-03-14 00:00:00+00:00
[2024-05-27T08:20:04.535+0000] {processor.py:183} INFO - Processing /opt/airflow/dags/bash_dag.py took 0.320 seconds
[2024-05-27T08:20:35.372+0000] {processor.py:161} INFO - Started process (PID=392) to work on /opt/airflow/dags/bash_dag.py
[2024-05-27T08:20:35.375+0000] {processor.py:830} INFO - Processing file /opt/airflow/dags/bash_dag.py for tasks to queue
[2024-05-27T08:20:35.385+0000] {logging_mixin.py:188} INFO - [2024-05-27T08:20:35.384+0000] {dagbag.py:545} INFO - Filling up the DagBag from /opt/airflow/dags/bash_dag.py
[2024-05-27T08:20:35.450+0000] {processor.py:840} INFO - DAG(s) 'bash' retrieved from /opt/airflow/dags/bash_dag.py
[2024-05-27T08:20:35.525+0000] {logging_mixin.py:188} INFO - [2024-05-27T08:20:35.525+0000] {dag.py:3096} INFO - Sync 1 DAGs
[2024-05-27T08:20:35.566+0000] {logging_mixin.py:188} INFO - [2024-05-27T08:20:35.565+0000] {dag.py:3954} INFO - Setting next_dagrun for bash to 2024-03-14 00:00:00+00:00, run_after=2024-03-14 00:00:00+00:00
[2024-05-27T08:20:35.596+0000] {processor.py:183} INFO - Processing /opt/airflow/dags/bash_dag.py took 0.239 seconds
[2024-05-27T08:21:05.641+0000] {processor.py:161} INFO - Started process (PID=433) to work on /opt/airflow/dags/bash_dag.py
[2024-05-27T08:21:05.642+0000] {processor.py:830} INFO - Processing file /opt/airflow/dags/bash_dag.py for tasks to queue
[2024-05-27T08:21:05.644+0000] {logging_mixin.py:188} INFO - [2024-05-27T08:21:05.644+0000] {dagbag.py:545} INFO - Filling up the DagBag from /opt/airflow/dags/bash_dag.py
[2024-05-27T08:21:05.659+0000] {processor.py:840} INFO - DAG(s) 'bash' retrieved from /opt/airflow/dags/bash_dag.py
[2024-05-27T08:21:05.680+0000] {logging_mixin.py:188} INFO - [2024-05-27T08:21:05.680+0000] {dag.py:3096} INFO - Sync 1 DAGs
[2024-05-27T08:21:05.701+0000] {logging_mixin.py:188} INFO - [2024-05-27T08:21:05.701+0000] {dag.py:3954} INFO - Setting next_dagrun for bash to 2024-03-14 00:00:00+00:00, run_after=2024-03-14 00:00:00+00:00
[2024-05-27T08:21:05.723+0000] {processor.py:183} INFO - Processing /opt/airflow/dags/bash_dag.py took 0.086 seconds
[2024-05-27T08:21:36.598+0000] {processor.py:161} INFO - Started process (PID=480) to work on /opt/airflow/dags/bash_dag.py
[2024-05-27T08:21:36.599+0000] {processor.py:830} INFO - Processing file /opt/airflow/dags/bash_dag.py for tasks to queue
[2024-05-27T08:21:36.602+0000] {logging_mixin.py:188} INFO - [2024-05-27T08:21:36.602+0000] {dagbag.py:545} INFO - Filling up the DagBag from /opt/airflow/dags/bash_dag.py
[2024-05-27T08:21:36.625+0000] {processor.py:840} INFO - DAG(s) 'bash' retrieved from /opt/airflow/dags/bash_dag.py
[2024-05-27T08:21:36.657+0000] {logging_mixin.py:188} INFO - [2024-05-27T08:21:36.657+0000] {dag.py:3096} INFO - Sync 1 DAGs
[2024-05-27T08:21:36.688+0000] {logging_mixin.py:188} INFO - [2024-05-27T08:21:36.688+0000] {dag.py:3954} INFO - Setting next_dagrun for bash to 2024-03-14 00:00:00+00:00, run_after=2024-03-14 00:00:00+00:00
[2024-05-27T08:21:36.712+0000] {processor.py:183} INFO - Processing /opt/airflow/dags/bash_dag.py took 0.122 seconds
[2024-05-27T08:22:07.487+0000] {processor.py:161} INFO - Started process (PID=524) to work on /opt/airflow/dags/bash_dag.py
[2024-05-27T08:22:07.489+0000] {processor.py:830} INFO - Processing file /opt/airflow/dags/bash_dag.py for tasks to queue
[2024-05-27T08:22:07.492+0000] {logging_mixin.py:188} INFO - [2024-05-27T08:22:07.491+0000] {dagbag.py:545} INFO - Filling up the DagBag from /opt/airflow/dags/bash_dag.py
[2024-05-27T08:22:07.515+0000] {processor.py:840} INFO - DAG(s) 'bash' retrieved from /opt/airflow/dags/bash_dag.py
[2024-05-27T08:22:07.548+0000] {logging_mixin.py:188} INFO - [2024-05-27T08:22:07.547+0000] {dag.py:3096} INFO - Sync 1 DAGs
[2024-05-27T08:22:07.573+0000] {logging_mixin.py:188} INFO - [2024-05-27T08:22:07.573+0000] {dag.py:3954} INFO - Setting next_dagrun for bash to 2024-03-14 00:00:00+00:00, run_after=2024-03-14 00:00:00+00:00
[2024-05-27T08:22:07.596+0000] {processor.py:183} INFO - Processing /opt/airflow/dags/bash_dag.py took 0.116 seconds
[2024-05-27T08:22:38.322+0000] {processor.py:161} INFO - Started process (PID=568) to work on /opt/airflow/dags/bash_dag.py
[2024-05-27T08:22:38.323+0000] {processor.py:830} INFO - Processing file /opt/airflow/dags/bash_dag.py for tasks to queue
[2024-05-27T08:22:38.324+0000] {logging_mixin.py:188} INFO - [2024-05-27T08:22:38.324+0000] {dagbag.py:545} INFO - Filling up the DagBag from /opt/airflow/dags/bash_dag.py
[2024-05-27T08:22:38.340+0000] {processor.py:840} INFO - DAG(s) 'bash' retrieved from /opt/airflow/dags/bash_dag.py
[2024-05-27T08:22:38.362+0000] {logging_mixin.py:188} INFO - [2024-05-27T08:22:38.362+0000] {dag.py:3096} INFO - Sync 1 DAGs
[2024-05-27T08:22:38.382+0000] {logging_mixin.py:188} INFO - [2024-05-27T08:22:38.382+0000] {dag.py:3954} INFO - Setting next_dagrun for bash to 2024-03-14 00:00:00+00:00, run_after=2024-03-14 00:00:00+00:00
[2024-05-27T08:22:38.406+0000] {processor.py:183} INFO - Processing /opt/airflow/dags/bash_dag.py took 0.089 seconds
[2024-05-27T08:23:09.207+0000] {processor.py:161} INFO - Started process (PID=612) to work on /opt/airflow/dags/bash_dag.py
[2024-05-27T08:23:09.209+0000] {processor.py:830} INFO - Processing file /opt/airflow/dags/bash_dag.py for tasks to queue
[2024-05-27T08:23:09.212+0000] {logging_mixin.py:188} INFO - [2024-05-27T08:23:09.211+0000] {dagbag.py:545} INFO - Filling up the DagBag from /opt/airflow/dags/bash_dag.py
[2024-05-27T08:23:09.229+0000] {processor.py:840} INFO - DAG(s) 'bash' retrieved from /opt/airflow/dags/bash_dag.py
[2024-05-27T08:23:09.256+0000] {logging_mixin.py:188} INFO - [2024-05-27T08:23:09.255+0000] {dag.py:3096} INFO - Sync 1 DAGs
[2024-05-27T08:23:09.280+0000] {logging_mixin.py:188} INFO - [2024-05-27T08:23:09.280+0000] {dag.py:3954} INFO - Setting next_dagrun for bash to 2024-03-14 00:00:00+00:00, run_after=2024-03-14 00:00:00+00:00
[2024-05-27T08:23:09.306+0000] {processor.py:183} INFO - Processing /opt/airflow/dags/bash_dag.py took 0.105 seconds
[2024-05-27T08:23:39.928+0000] {processor.py:161} INFO - Started process (PID=656) to work on /opt/airflow/dags/bash_dag.py
[2024-05-27T08:23:39.928+0000] {processor.py:830} INFO - Processing file /opt/airflow/dags/bash_dag.py for tasks to queue
[2024-05-27T08:23:39.930+0000] {logging_mixin.py:188} INFO - [2024-05-27T08:23:39.930+0000] {dagbag.py:545} INFO - Filling up the DagBag from /opt/airflow/dags/bash_dag.py
[2024-05-27T08:23:39.945+0000] {processor.py:840} INFO - DAG(s) 'bash' retrieved from /opt/airflow/dags/bash_dag.py
[2024-05-27T08:23:39.969+0000] {logging_mixin.py:188} INFO - [2024-05-27T08:23:39.969+0000] {dag.py:3096} INFO - Sync 1 DAGs
[2024-05-27T08:23:39.990+0000] {logging_mixin.py:188} INFO - [2024-05-27T08:23:39.990+0000] {dag.py:3954} INFO - Setting next_dagrun for bash to 2024-03-14 00:00:00+00:00, run_after=2024-03-14 00:00:00+00:00
[2024-05-27T08:23:40.014+0000] {processor.py:183} INFO - Processing /opt/airflow/dags/bash_dag.py took 0.092 seconds
[2024-05-27T08:24:10.699+0000] {processor.py:161} INFO - Started process (PID=700) to work on /opt/airflow/dags/bash_dag.py
[2024-05-27T08:24:10.702+0000] {processor.py:830} INFO - Processing file /opt/airflow/dags/bash_dag.py for tasks to queue
[2024-05-27T08:24:10.705+0000] {logging_mixin.py:188} INFO - [2024-05-27T08:24:10.705+0000] {dagbag.py:545} INFO - Filling up the DagBag from /opt/airflow/dags/bash_dag.py
[2024-05-27T08:24:10.740+0000] {processor.py:840} INFO - DAG(s) 'bash' retrieved from /opt/airflow/dags/bash_dag.py
[2024-05-27T08:24:10.779+0000] {logging_mixin.py:188} INFO - [2024-05-27T08:24:10.779+0000] {dag.py:3096} INFO - Sync 1 DAGs
[2024-05-27T08:24:10.818+0000] {logging_mixin.py:188} INFO - [2024-05-27T08:24:10.817+0000] {dag.py:3954} INFO - Setting next_dagrun for bash to 2024-03-14 00:00:00+00:00, run_after=2024-03-14 00:00:00+00:00
[2024-05-27T08:24:10.848+0000] {processor.py:183} INFO - Processing /opt/airflow/dags/bash_dag.py took 0.156 seconds
[2024-05-27T08:24:41.464+0000] {processor.py:161} INFO - Started process (PID=744) to work on /opt/airflow/dags/bash_dag.py
[2024-05-27T08:24:41.465+0000] {processor.py:830} INFO - Processing file /opt/airflow/dags/bash_dag.py for tasks to queue
[2024-05-27T08:24:41.467+0000] {logging_mixin.py:188} INFO - [2024-05-27T08:24:41.466+0000] {dagbag.py:545} INFO - Filling up the DagBag from /opt/airflow/dags/bash_dag.py
[2024-05-27T08:24:41.483+0000] {processor.py:840} INFO - DAG(s) 'bash' retrieved from /opt/airflow/dags/bash_dag.py
[2024-05-27T08:24:41.506+0000] {logging_mixin.py:188} INFO - [2024-05-27T08:24:41.505+0000] {dag.py:3096} INFO - Sync 1 DAGs
[2024-05-27T08:24:41.526+0000] {logging_mixin.py:188} INFO - [2024-05-27T08:24:41.526+0000] {dag.py:3954} INFO - Setting next_dagrun for bash to 2024-03-14 00:00:00+00:00, run_after=2024-03-14 00:00:00+00:00
[2024-05-27T08:24:41.553+0000] {processor.py:183} INFO - Processing /opt/airflow/dags/bash_dag.py took 0.094 seconds
[2024-05-27T08:25:12.377+0000] {processor.py:161} INFO - Started process (PID=788) to work on /opt/airflow/dags/bash_dag.py
[2024-05-27T08:25:12.378+0000] {processor.py:830} INFO - Processing file /opt/airflow/dags/bash_dag.py for tasks to queue
[2024-05-27T08:25:12.380+0000] {logging_mixin.py:188} INFO - [2024-05-27T08:25:12.379+0000] {dagbag.py:545} INFO - Filling up the DagBag from /opt/airflow/dags/bash_dag.py
[2024-05-27T08:25:12.396+0000] {processor.py:840} INFO - DAG(s) 'bash' retrieved from /opt/airflow/dags/bash_dag.py
[2024-05-27T08:25:12.418+0000] {logging_mixin.py:188} INFO - [2024-05-27T08:25:12.418+0000] {dag.py:3096} INFO - Sync 1 DAGs
[2024-05-27T08:25:12.439+0000] {logging_mixin.py:188} INFO - [2024-05-27T08:25:12.439+0000] {dag.py:3954} INFO - Setting next_dagrun for bash to 2024-03-14 00:00:00+00:00, run_after=2024-03-14 00:00:00+00:00
[2024-05-27T08:25:12.461+0000] {processor.py:183} INFO - Processing /opt/airflow/dags/bash_dag.py took 0.090 seconds
[2024-05-27T08:25:42.543+0000] {processor.py:161} INFO - Started process (PID=832) to work on /opt/airflow/dags/bash_dag.py
[2024-05-27T08:25:42.544+0000] {processor.py:830} INFO - Processing file /opt/airflow/dags/bash_dag.py for tasks to queue
[2024-05-27T08:25:42.546+0000] {logging_mixin.py:188} INFO - [2024-05-27T08:25:42.545+0000] {dagbag.py:545} INFO - Filling up the DagBag from /opt/airflow/dags/bash_dag.py
[2024-05-27T08:25:42.562+0000] {processor.py:840} INFO - DAG(s) 'bash' retrieved from /opt/airflow/dags/bash_dag.py
[2024-05-27T08:25:42.588+0000] {logging_mixin.py:188} INFO - [2024-05-27T08:25:42.587+0000] {dag.py:3096} INFO - Sync 1 DAGs
[2024-05-27T08:25:42.609+0000] {logging_mixin.py:188} INFO - [2024-05-27T08:25:42.609+0000] {dag.py:3954} INFO - Setting next_dagrun for bash to 2024-03-14 00:00:00+00:00, run_after=2024-03-14 00:00:00+00:00
[2024-05-27T08:25:42.632+0000] {processor.py:183} INFO - Processing /opt/airflow/dags/bash_dag.py took 0.095 seconds
[2024-05-27T08:26:13.361+0000] {processor.py:161} INFO - Started process (PID=876) to work on /opt/airflow/dags/bash_dag.py
[2024-05-27T08:26:13.362+0000] {processor.py:830} INFO - Processing file /opt/airflow/dags/bash_dag.py for tasks to queue
[2024-05-27T08:26:13.364+0000] {logging_mixin.py:188} INFO - [2024-05-27T08:26:13.364+0000] {dagbag.py:545} INFO - Filling up the DagBag from /opt/airflow/dags/bash_dag.py
[2024-05-27T08:26:13.379+0000] {processor.py:840} INFO - DAG(s) 'bash' retrieved from /opt/airflow/dags/bash_dag.py
[2024-05-27T08:26:13.402+0000] {logging_mixin.py:188} INFO - [2024-05-27T08:26:13.402+0000] {dag.py:3096} INFO - Sync 1 DAGs
[2024-05-27T08:26:13.423+0000] {logging_mixin.py:188} INFO - [2024-05-27T08:26:13.423+0000] {dag.py:3954} INFO - Setting next_dagrun for bash to 2024-03-14 00:00:00+00:00, run_after=2024-03-14 00:00:00+00:00
[2024-05-27T08:26:13.448+0000] {processor.py:183} INFO - Processing /opt/airflow/dags/bash_dag.py took 0.092 seconds
[2024-05-27T08:26:44.189+0000] {processor.py:161} INFO - Started process (PID=968) to work on /opt/airflow/dags/bash_dag.py
[2024-05-27T08:26:44.190+0000] {processor.py:830} INFO - Processing file /opt/airflow/dags/bash_dag.py for tasks to queue
[2024-05-27T08:26:44.191+0000] {logging_mixin.py:188} INFO - [2024-05-27T08:26:44.191+0000] {dagbag.py:545} INFO - Filling up the DagBag from /opt/airflow/dags/bash_dag.py
[2024-05-27T08:26:44.210+0000] {processor.py:840} INFO - DAG(s) 'bash' retrieved from /opt/airflow/dags/bash_dag.py
[2024-05-27T08:26:44.241+0000] {logging_mixin.py:188} INFO - [2024-05-27T08:26:44.240+0000] {dag.py:3096} INFO - Sync 1 DAGs
[2024-05-27T08:26:44.266+0000] {logging_mixin.py:188} INFO - [2024-05-27T08:26:44.266+0000] {dag.py:3954} INFO - Setting next_dagrun for bash to 2024-03-14 00:00:00+00:00, run_after=2024-03-14 00:00:00+00:00
[2024-05-27T08:26:44.295+0000] {processor.py:183} INFO - Processing /opt/airflow/dags/bash_dag.py took 0.114 seconds
[2024-05-27T08:27:14.917+0000] {processor.py:161} INFO - Started process (PID=1012) to work on /opt/airflow/dags/bash_dag.py
[2024-05-27T08:27:14.918+0000] {processor.py:830} INFO - Processing file /opt/airflow/dags/bash_dag.py for tasks to queue
[2024-05-27T08:27:14.920+0000] {logging_mixin.py:188} INFO - [2024-05-27T08:27:14.920+0000] {dagbag.py:545} INFO - Filling up the DagBag from /opt/airflow/dags/bash_dag.py
[2024-05-27T08:27:14.939+0000] {processor.py:840} INFO - DAG(s) 'bash' retrieved from /opt/airflow/dags/bash_dag.py
[2024-05-27T08:27:14.964+0000] {logging_mixin.py:188} INFO - [2024-05-27T08:27:14.963+0000] {dag.py:3096} INFO - Sync 1 DAGs
[2024-05-27T08:27:14.987+0000] {logging_mixin.py:188} INFO - [2024-05-27T08:27:14.987+0000] {dag.py:3954} INFO - Setting next_dagrun for bash to 2024-03-14 00:00:00+00:00, run_after=2024-03-14 00:00:00+00:00
[2024-05-27T08:27:15.010+0000] {processor.py:183} INFO - Processing /opt/airflow/dags/bash_dag.py took 0.098 seconds
[2024-05-27T08:27:45.704+0000] {processor.py:161} INFO - Started process (PID=1056) to work on /opt/airflow/dags/bash_dag.py
[2024-05-27T08:27:45.705+0000] {processor.py:830} INFO - Processing file /opt/airflow/dags/bash_dag.py for tasks to queue
[2024-05-27T08:27:45.706+0000] {logging_mixin.py:188} INFO - [2024-05-27T08:27:45.706+0000] {dagbag.py:545} INFO - Filling up the DagBag from /opt/airflow/dags/bash_dag.py
[2024-05-27T08:27:45.725+0000] {processor.py:840} INFO - DAG(s) 'bash' retrieved from /opt/airflow/dags/bash_dag.py
[2024-05-27T08:27:45.748+0000] {logging_mixin.py:188} INFO - [2024-05-27T08:27:45.748+0000] {dag.py:3096} INFO - Sync 1 DAGs
[2024-05-27T08:27:45.768+0000] {logging_mixin.py:188} INFO - [2024-05-27T08:27:45.768+0000] {dag.py:3954} INFO - Setting next_dagrun for bash to 2024-03-14 00:00:00+00:00, run_after=2024-03-14 00:00:00+00:00
[2024-05-27T08:27:45.792+0000] {processor.py:183} INFO - Processing /opt/airflow/dags/bash_dag.py took 0.093 seconds
[2024-05-27T08:28:16.366+0000] {processor.py:161} INFO - Started process (PID=1100) to work on /opt/airflow/dags/bash_dag.py
[2024-05-27T08:28:16.367+0000] {processor.py:830} INFO - Processing file /opt/airflow/dags/bash_dag.py for tasks to queue
[2024-05-27T08:28:16.369+0000] {logging_mixin.py:188} INFO - [2024-05-27T08:28:16.368+0000] {dagbag.py:545} INFO - Filling up the DagBag from /opt/airflow/dags/bash_dag.py
[2024-05-27T08:28:16.388+0000] {processor.py:840} INFO - DAG(s) 'bash' retrieved from /opt/airflow/dags/bash_dag.py
[2024-05-27T08:28:16.411+0000] {logging_mixin.py:188} INFO - [2024-05-27T08:28:16.411+0000] {dag.py:3096} INFO - Sync 1 DAGs
[2024-05-27T08:28:16.431+0000] {logging_mixin.py:188} INFO - [2024-05-27T08:28:16.431+0000] {dag.py:3954} INFO - Setting next_dagrun for bash to 2024-03-14 00:00:00+00:00, run_after=2024-03-14 00:00:00+00:00
[2024-05-27T08:28:16.454+0000] {processor.py:183} INFO - Processing /opt/airflow/dags/bash_dag.py took 0.094 seconds
[2024-05-27T10:39:31.293+0000] {processor.py:161} INFO - Started process (PID=1150) to work on /opt/airflow/dags/bash_dag.py
[2024-05-27T10:39:31.298+0000] {processor.py:830} INFO - Processing file /opt/airflow/dags/bash_dag.py for tasks to queue
[2024-05-27T10:39:31.301+0000] {logging_mixin.py:188} INFO - [2024-05-27T10:39:31.300+0000] {dagbag.py:545} INFO - Filling up the DagBag from /opt/airflow/dags/bash_dag.py
[2024-05-27T10:39:31.323+0000] {processor.py:840} INFO - DAG(s) 'bash' retrieved from /opt/airflow/dags/bash_dag.py
[2024-05-27T10:39:31.347+0000] {logging_mixin.py:188} INFO - [2024-05-27T10:39:31.347+0000] {dag.py:3096} INFO - Sync 1 DAGs
[2024-05-27T10:39:31.371+0000] {logging_mixin.py:188} INFO - [2024-05-27T10:39:31.371+0000] {dag.py:3954} INFO - Setting next_dagrun for bash to 2024-03-14 00:00:00+00:00, run_after=2024-03-14 00:00:00+00:00
[2024-05-27T10:39:31.390+0000] {processor.py:183} INFO - Processing /opt/airflow/dags/bash_dag.py took 0.104 seconds
