[2024-05-27T08:18:01.337+0000] {processor.py:161} INFO - Started process (PID=184) to work on /opt/airflow/dags/dump_load_dag.py
[2024-05-27T08:18:01.338+0000] {processor.py:830} INFO - Processing file /opt/airflow/dags/dump_load_dag.py for tasks to queue
[2024-05-27T08:18:01.341+0000] {logging_mixin.py:188} INFO - [2024-05-27T08:18:01.341+0000] {dagbag.py:545} INFO - Filling up the DagBag from /opt/airflow/dags/dump_load_dag.py
[2024-05-27T08:18:01.384+0000] {processor.py:840} INFO - DAG(s) 'mysql_table_dump' retrieved from /opt/airflow/dags/dump_load_dag.py
[2024-05-27T08:18:01.413+0000] {logging_mixin.py:188} INFO - [2024-05-27T08:18:01.413+0000] {dag.py:3096} INFO - Sync 1 DAGs
[2024-05-27T08:18:01.438+0000] {logging_mixin.py:188} INFO - [2024-05-27T08:18:01.438+0000] {dag.py:3954} INFO - Setting next_dagrun for mysql_table_dump to 2024-03-14 00:00:00+00:00, run_after=2024-03-14 00:00:00+00:00
[2024-05-27T08:18:01.459+0000] {processor.py:183} INFO - Processing /opt/airflow/dags/dump_load_dag.py took 0.127 seconds
[2024-05-27T08:18:31.525+0000] {processor.py:161} INFO - Started process (PID=221) to work on /opt/airflow/dags/dump_load_dag.py
[2024-05-27T08:18:31.527+0000] {processor.py:830} INFO - Processing file /opt/airflow/dags/dump_load_dag.py for tasks to queue
[2024-05-27T08:18:31.530+0000] {logging_mixin.py:188} INFO - [2024-05-27T08:18:31.529+0000] {dagbag.py:545} INFO - Filling up the DagBag from /opt/airflow/dags/dump_load_dag.py
[2024-05-27T08:18:31.588+0000] {processor.py:840} INFO - DAG(s) 'mysql_table_dump' retrieved from /opt/airflow/dags/dump_load_dag.py
[2024-05-27T08:18:31.650+0000] {logging_mixin.py:188} INFO - [2024-05-27T08:18:31.650+0000] {dag.py:3096} INFO - Sync 1 DAGs
[2024-05-27T08:18:31.691+0000] {logging_mixin.py:188} INFO - [2024-05-27T08:18:31.690+0000] {dag.py:3954} INFO - Setting next_dagrun for mysql_table_dump to 2024-03-14 00:00:00+00:00, run_after=2024-03-14 00:00:00+00:00
[2024-05-27T08:18:31.726+0000] {processor.py:183} INFO - Processing /opt/airflow/dags/dump_load_dag.py took 0.209 seconds
[2024-05-27T08:19:02.530+0000] {processor.py:161} INFO - Started process (PID=267) to work on /opt/airflow/dags/dump_load_dag.py
[2024-05-27T08:19:02.531+0000] {processor.py:830} INFO - Processing file /opt/airflow/dags/dump_load_dag.py for tasks to queue
[2024-05-27T08:19:02.533+0000] {logging_mixin.py:188} INFO - [2024-05-27T08:19:02.532+0000] {dagbag.py:545} INFO - Filling up the DagBag from /opt/airflow/dags/dump_load_dag.py
[2024-05-27T08:19:02.560+0000] {processor.py:840} INFO - DAG(s) 'mysql_table_dump' retrieved from /opt/airflow/dags/dump_load_dag.py
[2024-05-27T08:19:02.583+0000] {logging_mixin.py:188} INFO - [2024-05-27T08:19:02.583+0000] {dag.py:3096} INFO - Sync 1 DAGs
[2024-05-27T08:19:02.601+0000] {logging_mixin.py:188} INFO - [2024-05-27T08:19:02.600+0000] {dag.py:3954} INFO - Setting next_dagrun for mysql_table_dump to 2024-03-14 00:00:00+00:00, run_after=2024-03-14 00:00:00+00:00
[2024-05-27T08:19:02.622+0000] {processor.py:183} INFO - Processing /opt/airflow/dags/dump_load_dag.py took 0.097 seconds
[2024-05-27T08:19:33.553+0000] {processor.py:161} INFO - Started process (PID=311) to work on /opt/airflow/dags/dump_load_dag.py
[2024-05-27T08:19:33.554+0000] {processor.py:830} INFO - Processing file /opt/airflow/dags/dump_load_dag.py for tasks to queue
[2024-05-27T08:19:33.556+0000] {logging_mixin.py:188} INFO - [2024-05-27T08:19:33.556+0000] {dagbag.py:545} INFO - Filling up the DagBag from /opt/airflow/dags/dump_load_dag.py
[2024-05-27T08:19:33.589+0000] {processor.py:840} INFO - DAG(s) 'mysql_table_dump' retrieved from /opt/airflow/dags/dump_load_dag.py
[2024-05-27T08:19:33.610+0000] {logging_mixin.py:188} INFO - [2024-05-27T08:19:33.610+0000] {dag.py:3096} INFO - Sync 1 DAGs
[2024-05-27T08:19:33.629+0000] {logging_mixin.py:188} INFO - [2024-05-27T08:19:33.628+0000] {dag.py:3954} INFO - Setting next_dagrun for mysql_table_dump to 2024-03-14 00:00:00+00:00, run_after=2024-03-14 00:00:00+00:00
[2024-05-27T08:19:33.648+0000] {processor.py:183} INFO - Processing /opt/airflow/dags/dump_load_dag.py took 0.102 seconds
[2024-05-27T08:20:04.556+0000] {processor.py:161} INFO - Started process (PID=355) to work on /opt/airflow/dags/dump_load_dag.py
[2024-05-27T08:20:04.558+0000] {processor.py:830} INFO - Processing file /opt/airflow/dags/dump_load_dag.py for tasks to queue
[2024-05-27T08:20:04.560+0000] {logging_mixin.py:188} INFO - [2024-05-27T08:20:04.559+0000] {dagbag.py:545} INFO - Filling up the DagBag from /opt/airflow/dags/dump_load_dag.py
[2024-05-27T08:20:04.596+0000] {processor.py:840} INFO - DAG(s) 'mysql_table_dump' retrieved from /opt/airflow/dags/dump_load_dag.py
[2024-05-27T08:20:04.730+0000] {logging_mixin.py:188} INFO - [2024-05-27T08:20:04.729+0000] {dag.py:3096} INFO - Sync 1 DAGs
[2024-05-27T08:20:04.755+0000] {logging_mixin.py:188} INFO - [2024-05-27T08:20:04.755+0000] {dag.py:3954} INFO - Setting next_dagrun for mysql_table_dump to 2024-03-14 00:00:00+00:00, run_after=2024-03-14 00:00:00+00:00
[2024-05-27T08:20:04.781+0000] {processor.py:183} INFO - Processing /opt/airflow/dags/dump_load_dag.py took 0.232 seconds
[2024-05-27T08:20:35.646+0000] {processor.py:161} INFO - Started process (PID=399) to work on /opt/airflow/dags/dump_load_dag.py
[2024-05-27T08:20:35.650+0000] {processor.py:830} INFO - Processing file /opt/airflow/dags/dump_load_dag.py for tasks to queue
[2024-05-27T08:20:35.656+0000] {logging_mixin.py:188} INFO - [2024-05-27T08:20:35.655+0000] {dagbag.py:545} INFO - Filling up the DagBag from /opt/airflow/dags/dump_load_dag.py
[2024-05-27T08:20:35.716+0000] {processor.py:840} INFO - DAG(s) 'mysql_table_dump' retrieved from /opt/airflow/dags/dump_load_dag.py
[2024-05-27T08:20:35.753+0000] {logging_mixin.py:188} INFO - [2024-05-27T08:20:35.752+0000] {dag.py:3096} INFO - Sync 1 DAGs
[2024-05-27T08:20:35.777+0000] {logging_mixin.py:188} INFO - [2024-05-27T08:20:35.777+0000] {dag.py:3954} INFO - Setting next_dagrun for mysql_table_dump to 2024-03-14 00:00:00+00:00, run_after=2024-03-14 00:00:00+00:00
[2024-05-27T08:20:35.801+0000] {processor.py:183} INFO - Processing /opt/airflow/dags/dump_load_dag.py took 0.165 seconds
[2024-05-27T08:21:05.905+0000] {processor.py:161} INFO - Started process (PID=443) to work on /opt/airflow/dags/dump_load_dag.py
[2024-05-27T08:21:05.905+0000] {processor.py:830} INFO - Processing file /opt/airflow/dags/dump_load_dag.py for tasks to queue
[2024-05-27T08:21:05.907+0000] {logging_mixin.py:188} INFO - [2024-05-27T08:21:05.907+0000] {dagbag.py:545} INFO - Filling up the DagBag from /opt/airflow/dags/dump_load_dag.py
[2024-05-27T08:21:05.933+0000] {processor.py:840} INFO - DAG(s) 'mysql_table_dump' retrieved from /opt/airflow/dags/dump_load_dag.py
[2024-05-27T08:21:05.956+0000] {logging_mixin.py:188} INFO - [2024-05-27T08:21:05.956+0000] {dag.py:3096} INFO - Sync 1 DAGs
[2024-05-27T08:21:05.974+0000] {logging_mixin.py:188} INFO - [2024-05-27T08:21:05.973+0000] {dag.py:3954} INFO - Setting next_dagrun for mysql_table_dump to 2024-03-14 00:00:00+00:00, run_after=2024-03-14 00:00:00+00:00
[2024-05-27T08:21:05.996+0000] {processor.py:183} INFO - Processing /opt/airflow/dags/dump_load_dag.py took 0.097 seconds
[2024-05-27T08:21:36.759+0000] {processor.py:161} INFO - Started process (PID=487) to work on /opt/airflow/dags/dump_load_dag.py
[2024-05-27T08:21:36.760+0000] {processor.py:830} INFO - Processing file /opt/airflow/dags/dump_load_dag.py for tasks to queue
[2024-05-27T08:21:36.763+0000] {logging_mixin.py:188} INFO - [2024-05-27T08:21:36.762+0000] {dagbag.py:545} INFO - Filling up the DagBag from /opt/airflow/dags/dump_load_dag.py
[2024-05-27T08:21:36.796+0000] {processor.py:840} INFO - DAG(s) 'mysql_table_dump' retrieved from /opt/airflow/dags/dump_load_dag.py
[2024-05-27T08:21:36.822+0000] {logging_mixin.py:188} INFO - [2024-05-27T08:21:36.822+0000] {dag.py:3096} INFO - Sync 1 DAGs
[2024-05-27T08:21:36.841+0000] {logging_mixin.py:188} INFO - [2024-05-27T08:21:36.841+0000] {dag.py:3954} INFO - Setting next_dagrun for mysql_table_dump to 2024-03-14 00:00:00+00:00, run_after=2024-03-14 00:00:00+00:00
[2024-05-27T08:21:36.862+0000] {processor.py:183} INFO - Processing /opt/airflow/dags/dump_load_dag.py took 0.109 seconds
[2024-05-27T08:22:07.631+0000] {processor.py:161} INFO - Started process (PID=531) to work on /opt/airflow/dags/dump_load_dag.py
[2024-05-27T08:22:07.632+0000] {processor.py:830} INFO - Processing file /opt/airflow/dags/dump_load_dag.py for tasks to queue
[2024-05-27T08:22:07.634+0000] {logging_mixin.py:188} INFO - [2024-05-27T08:22:07.634+0000] {dagbag.py:545} INFO - Filling up the DagBag from /opt/airflow/dags/dump_load_dag.py
[2024-05-27T08:22:07.662+0000] {processor.py:840} INFO - DAG(s) 'mysql_table_dump' retrieved from /opt/airflow/dags/dump_load_dag.py
[2024-05-27T08:22:07.687+0000] {logging_mixin.py:188} INFO - [2024-05-27T08:22:07.686+0000] {dag.py:3096} INFO - Sync 1 DAGs
[2024-05-27T08:22:07.707+0000] {logging_mixin.py:188} INFO - [2024-05-27T08:22:07.707+0000] {dag.py:3954} INFO - Setting next_dagrun for mysql_table_dump to 2024-03-14 00:00:00+00:00, run_after=2024-03-14 00:00:00+00:00
[2024-05-27T08:22:07.730+0000] {processor.py:183} INFO - Processing /opt/airflow/dags/dump_load_dag.py took 0.104 seconds
[2024-05-27T08:22:38.442+0000] {processor.py:161} INFO - Started process (PID=575) to work on /opt/airflow/dags/dump_load_dag.py
[2024-05-27T08:22:38.443+0000] {processor.py:830} INFO - Processing file /opt/airflow/dags/dump_load_dag.py for tasks to queue
[2024-05-27T08:22:38.445+0000] {logging_mixin.py:188} INFO - [2024-05-27T08:22:38.445+0000] {dagbag.py:545} INFO - Filling up the DagBag from /opt/airflow/dags/dump_load_dag.py
[2024-05-27T08:22:38.470+0000] {processor.py:840} INFO - DAG(s) 'mysql_table_dump' retrieved from /opt/airflow/dags/dump_load_dag.py
[2024-05-27T08:22:38.494+0000] {logging_mixin.py:188} INFO - [2024-05-27T08:22:38.494+0000] {dag.py:3096} INFO - Sync 1 DAGs
[2024-05-27T08:22:38.513+0000] {logging_mixin.py:188} INFO - [2024-05-27T08:22:38.512+0000] {dag.py:3954} INFO - Setting next_dagrun for mysql_table_dump to 2024-03-14 00:00:00+00:00, run_after=2024-03-14 00:00:00+00:00
[2024-05-27T08:22:38.535+0000] {processor.py:183} INFO - Processing /opt/airflow/dags/dump_load_dag.py took 0.098 seconds
[2024-05-27T08:23:09.342+0000] {processor.py:161} INFO - Started process (PID=619) to work on /opt/airflow/dags/dump_load_dag.py
[2024-05-27T08:23:09.344+0000] {processor.py:830} INFO - Processing file /opt/airflow/dags/dump_load_dag.py for tasks to queue
[2024-05-27T08:23:09.345+0000] {logging_mixin.py:188} INFO - [2024-05-27T08:23:09.345+0000] {dagbag.py:545} INFO - Filling up the DagBag from /opt/airflow/dags/dump_load_dag.py
[2024-05-27T08:23:09.374+0000] {processor.py:840} INFO - DAG(s) 'mysql_table_dump' retrieved from /opt/airflow/dags/dump_load_dag.py
[2024-05-27T08:23:09.399+0000] {logging_mixin.py:188} INFO - [2024-05-27T08:23:09.399+0000] {dag.py:3096} INFO - Sync 1 DAGs
[2024-05-27T08:23:09.419+0000] {logging_mixin.py:188} INFO - [2024-05-27T08:23:09.419+0000] {dag.py:3954} INFO - Setting next_dagrun for mysql_table_dump to 2024-03-14 00:00:00+00:00, run_after=2024-03-14 00:00:00+00:00
[2024-05-27T08:23:09.442+0000] {processor.py:183} INFO - Processing /opt/airflow/dags/dump_load_dag.py took 0.105 seconds
[2024-05-27T08:23:40.049+0000] {processor.py:161} INFO - Started process (PID=663) to work on /opt/airflow/dags/dump_load_dag.py
[2024-05-27T08:23:40.050+0000] {processor.py:830} INFO - Processing file /opt/airflow/dags/dump_load_dag.py for tasks to queue
[2024-05-27T08:23:40.052+0000] {logging_mixin.py:188} INFO - [2024-05-27T08:23:40.052+0000] {dagbag.py:545} INFO - Filling up the DagBag from /opt/airflow/dags/dump_load_dag.py
[2024-05-27T08:23:40.078+0000] {processor.py:840} INFO - DAG(s) 'mysql_table_dump' retrieved from /opt/airflow/dags/dump_load_dag.py
[2024-05-27T08:23:40.100+0000] {logging_mixin.py:188} INFO - [2024-05-27T08:23:40.100+0000] {dag.py:3096} INFO - Sync 1 DAGs
[2024-05-27T08:23:40.118+0000] {logging_mixin.py:188} INFO - [2024-05-27T08:23:40.118+0000] {dag.py:3954} INFO - Setting next_dagrun for mysql_table_dump to 2024-03-14 00:00:00+00:00, run_after=2024-03-14 00:00:00+00:00
[2024-05-27T08:23:40.141+0000] {processor.py:183} INFO - Processing /opt/airflow/dags/dump_load_dag.py took 0.096 seconds
[2024-05-27T08:24:10.892+0000] {processor.py:161} INFO - Started process (PID=707) to work on /opt/airflow/dags/dump_load_dag.py
[2024-05-27T08:24:10.893+0000] {processor.py:830} INFO - Processing file /opt/airflow/dags/dump_load_dag.py for tasks to queue
[2024-05-27T08:24:10.895+0000] {logging_mixin.py:188} INFO - [2024-05-27T08:24:10.895+0000] {dagbag.py:545} INFO - Filling up the DagBag from /opt/airflow/dags/dump_load_dag.py
[2024-05-27T08:24:10.925+0000] {processor.py:840} INFO - DAG(s) 'mysql_table_dump' retrieved from /opt/airflow/dags/dump_load_dag.py
[2024-05-27T08:24:10.953+0000] {logging_mixin.py:188} INFO - [2024-05-27T08:24:10.952+0000] {dag.py:3096} INFO - Sync 1 DAGs
[2024-05-27T08:24:10.978+0000] {logging_mixin.py:188} INFO - [2024-05-27T08:24:10.977+0000] {dag.py:3954} INFO - Setting next_dagrun for mysql_table_dump to 2024-03-14 00:00:00+00:00, run_after=2024-03-14 00:00:00+00:00
[2024-05-27T08:24:11.000+0000] {processor.py:183} INFO - Processing /opt/airflow/dags/dump_load_dag.py took 0.114 seconds
[2024-05-27T08:24:41.592+0000] {processor.py:161} INFO - Started process (PID=751) to work on /opt/airflow/dags/dump_load_dag.py
[2024-05-27T08:24:41.593+0000] {processor.py:830} INFO - Processing file /opt/airflow/dags/dump_load_dag.py for tasks to queue
[2024-05-27T08:24:41.595+0000] {logging_mixin.py:188} INFO - [2024-05-27T08:24:41.595+0000] {dagbag.py:545} INFO - Filling up the DagBag from /opt/airflow/dags/dump_load_dag.py
[2024-05-27T08:24:41.623+0000] {processor.py:840} INFO - DAG(s) 'mysql_table_dump' retrieved from /opt/airflow/dags/dump_load_dag.py
[2024-05-27T08:24:41.647+0000] {logging_mixin.py:188} INFO - [2024-05-27T08:24:41.647+0000] {dag.py:3096} INFO - Sync 1 DAGs
[2024-05-27T08:24:41.668+0000] {logging_mixin.py:188} INFO - [2024-05-27T08:24:41.668+0000] {dag.py:3954} INFO - Setting next_dagrun for mysql_table_dump to 2024-03-14 00:00:00+00:00, run_after=2024-03-14 00:00:00+00:00
[2024-05-27T08:24:41.691+0000] {processor.py:183} INFO - Processing /opt/airflow/dags/dump_load_dag.py took 0.104 seconds
[2024-05-27T08:25:12.505+0000] {processor.py:161} INFO - Started process (PID=795) to work on /opt/airflow/dags/dump_load_dag.py
[2024-05-27T08:25:12.506+0000] {processor.py:830} INFO - Processing file /opt/airflow/dags/dump_load_dag.py for tasks to queue
[2024-05-27T08:25:12.509+0000] {logging_mixin.py:188} INFO - [2024-05-27T08:25:12.508+0000] {dagbag.py:545} INFO - Filling up the DagBag from /opt/airflow/dags/dump_load_dag.py
[2024-05-27T08:25:12.543+0000] {processor.py:840} INFO - DAG(s) 'mysql_table_dump' retrieved from /opt/airflow/dags/dump_load_dag.py
[2024-05-27T08:25:12.567+0000] {logging_mixin.py:188} INFO - [2024-05-27T08:25:12.566+0000] {dag.py:3096} INFO - Sync 1 DAGs
[2024-05-27T08:25:12.587+0000] {logging_mixin.py:188} INFO - [2024-05-27T08:25:12.586+0000] {dag.py:3954} INFO - Setting next_dagrun for mysql_table_dump to 2024-03-14 00:00:00+00:00, run_after=2024-03-14 00:00:00+00:00
[2024-05-27T08:25:12.611+0000] {processor.py:183} INFO - Processing /opt/airflow/dags/dump_load_dag.py took 0.112 seconds
[2024-05-27T08:25:42.666+0000] {processor.py:161} INFO - Started process (PID=839) to work on /opt/airflow/dags/dump_load_dag.py
[2024-05-27T08:25:42.667+0000] {processor.py:830} INFO - Processing file /opt/airflow/dags/dump_load_dag.py for tasks to queue
[2024-05-27T08:25:42.669+0000] {logging_mixin.py:188} INFO - [2024-05-27T08:25:42.669+0000] {dagbag.py:545} INFO - Filling up the DagBag from /opt/airflow/dags/dump_load_dag.py
[2024-05-27T08:25:42.695+0000] {processor.py:840} INFO - DAG(s) 'mysql_table_dump' retrieved from /opt/airflow/dags/dump_load_dag.py
[2024-05-27T08:25:42.719+0000] {logging_mixin.py:188} INFO - [2024-05-27T08:25:42.718+0000] {dag.py:3096} INFO - Sync 1 DAGs
[2024-05-27T08:25:42.738+0000] {logging_mixin.py:188} INFO - [2024-05-27T08:25:42.737+0000] {dag.py:3954} INFO - Setting next_dagrun for mysql_table_dump to 2024-03-14 00:00:00+00:00, run_after=2024-03-14 00:00:00+00:00
[2024-05-27T08:25:42.759+0000] {processor.py:183} INFO - Processing /opt/airflow/dags/dump_load_dag.py took 0.098 seconds
[2024-05-27T08:26:13.485+0000] {processor.py:161} INFO - Started process (PID=883) to work on /opt/airflow/dags/dump_load_dag.py
[2024-05-27T08:26:13.486+0000] {processor.py:830} INFO - Processing file /opt/airflow/dags/dump_load_dag.py for tasks to queue
[2024-05-27T08:26:13.488+0000] {logging_mixin.py:188} INFO - [2024-05-27T08:26:13.487+0000] {dagbag.py:545} INFO - Filling up the DagBag from /opt/airflow/dags/dump_load_dag.py
[2024-05-27T08:26:13.514+0000] {processor.py:840} INFO - DAG(s) 'mysql_table_dump' retrieved from /opt/airflow/dags/dump_load_dag.py
[2024-05-27T08:26:13.540+0000] {logging_mixin.py:188} INFO - [2024-05-27T08:26:13.540+0000] {dag.py:3096} INFO - Sync 1 DAGs
[2024-05-27T08:26:13.562+0000] {logging_mixin.py:188} INFO - [2024-05-27T08:26:13.562+0000] {dag.py:3954} INFO - Setting next_dagrun for mysql_table_dump to 2024-03-14 00:00:00+00:00, run_after=2024-03-14 00:00:00+00:00
[2024-05-27T08:26:13.589+0000] {processor.py:183} INFO - Processing /opt/airflow/dags/dump_load_dag.py took 0.109 seconds
[2024-05-27T08:26:44.330+0000] {processor.py:161} INFO - Started process (PID=975) to work on /opt/airflow/dags/dump_load_dag.py
[2024-05-27T08:26:44.331+0000] {processor.py:830} INFO - Processing file /opt/airflow/dags/dump_load_dag.py for tasks to queue
[2024-05-27T08:26:44.333+0000] {logging_mixin.py:188} INFO - [2024-05-27T08:26:44.333+0000] {dagbag.py:545} INFO - Filling up the DagBag from /opt/airflow/dags/dump_load_dag.py
[2024-05-27T08:26:44.362+0000] {processor.py:840} INFO - DAG(s) 'mysql_table_dump' retrieved from /opt/airflow/dags/dump_load_dag.py
[2024-05-27T08:26:44.385+0000] {logging_mixin.py:188} INFO - [2024-05-27T08:26:44.384+0000] {dag.py:3096} INFO - Sync 1 DAGs
[2024-05-27T08:26:44.405+0000] {logging_mixin.py:188} INFO - [2024-05-27T08:26:44.405+0000] {dag.py:3954} INFO - Setting next_dagrun for mysql_table_dump to 2024-03-14 00:00:00+00:00, run_after=2024-03-14 00:00:00+00:00
[2024-05-27T08:26:44.427+0000] {processor.py:183} INFO - Processing /opt/airflow/dags/dump_load_dag.py took 0.102 seconds
[2024-05-27T08:27:15.041+0000] {processor.py:161} INFO - Started process (PID=1019) to work on /opt/airflow/dags/dump_load_dag.py
[2024-05-27T08:27:15.042+0000] {processor.py:830} INFO - Processing file /opt/airflow/dags/dump_load_dag.py for tasks to queue
[2024-05-27T08:27:15.043+0000] {logging_mixin.py:188} INFO - [2024-05-27T08:27:15.043+0000] {dagbag.py:545} INFO - Filling up the DagBag from /opt/airflow/dags/dump_load_dag.py
[2024-05-27T08:27:15.068+0000] {processor.py:840} INFO - DAG(s) 'mysql_table_dump' retrieved from /opt/airflow/dags/dump_load_dag.py
[2024-05-27T08:27:15.091+0000] {logging_mixin.py:188} INFO - [2024-05-27T08:27:15.091+0000] {dag.py:3096} INFO - Sync 1 DAGs
[2024-05-27T08:27:15.109+0000] {logging_mixin.py:188} INFO - [2024-05-27T08:27:15.108+0000] {dag.py:3954} INFO - Setting next_dagrun for mysql_table_dump to 2024-03-14 00:00:00+00:00, run_after=2024-03-14 00:00:00+00:00
[2024-05-27T08:27:15.132+0000] {processor.py:183} INFO - Processing /opt/airflow/dags/dump_load_dag.py took 0.096 seconds
[2024-05-27T08:27:45.828+0000] {processor.py:161} INFO - Started process (PID=1063) to work on /opt/airflow/dags/dump_load_dag.py
[2024-05-27T08:27:45.829+0000] {processor.py:830} INFO - Processing file /opt/airflow/dags/dump_load_dag.py for tasks to queue
[2024-05-27T08:27:45.831+0000] {logging_mixin.py:188} INFO - [2024-05-27T08:27:45.831+0000] {dagbag.py:545} INFO - Filling up the DagBag from /opt/airflow/dags/dump_load_dag.py
[2024-05-27T08:27:45.859+0000] {processor.py:840} INFO - DAG(s) 'mysql_table_dump' retrieved from /opt/airflow/dags/dump_load_dag.py
[2024-05-27T08:27:45.883+0000] {logging_mixin.py:188} INFO - [2024-05-27T08:27:45.883+0000] {dag.py:3096} INFO - Sync 1 DAGs
[2024-05-27T08:27:45.903+0000] {logging_mixin.py:188} INFO - [2024-05-27T08:27:45.903+0000] {dag.py:3954} INFO - Setting next_dagrun for mysql_table_dump to 2024-03-14 00:00:00+00:00, run_after=2024-03-14 00:00:00+00:00
[2024-05-27T08:27:45.927+0000] {processor.py:183} INFO - Processing /opt/airflow/dags/dump_load_dag.py took 0.103 seconds
[2024-05-27T08:28:16.495+0000] {processor.py:161} INFO - Started process (PID=1107) to work on /opt/airflow/dags/dump_load_dag.py
[2024-05-27T08:28:16.496+0000] {processor.py:830} INFO - Processing file /opt/airflow/dags/dump_load_dag.py for tasks to queue
[2024-05-27T08:28:16.498+0000] {logging_mixin.py:188} INFO - [2024-05-27T08:28:16.498+0000] {dagbag.py:545} INFO - Filling up the DagBag from /opt/airflow/dags/dump_load_dag.py
[2024-05-27T08:28:16.532+0000] {processor.py:840} INFO - DAG(s) 'mysql_table_dump' retrieved from /opt/airflow/dags/dump_load_dag.py
[2024-05-27T08:28:16.558+0000] {logging_mixin.py:188} INFO - [2024-05-27T08:28:16.557+0000] {dag.py:3096} INFO - Sync 1 DAGs
[2024-05-27T08:28:16.579+0000] {logging_mixin.py:188} INFO - [2024-05-27T08:28:16.578+0000] {dag.py:3954} INFO - Setting next_dagrun for mysql_table_dump to 2024-03-14 00:00:00+00:00, run_after=2024-03-14 00:00:00+00:00
[2024-05-27T08:28:16.603+0000] {processor.py:183} INFO - Processing /opt/airflow/dags/dump_load_dag.py took 0.114 seconds
[2024-05-27T10:39:31.425+0000] {processor.py:161} INFO - Started process (PID=1155) to work on /opt/airflow/dags/dump_load_dag.py
[2024-05-27T10:39:31.426+0000] {processor.py:830} INFO - Processing file /opt/airflow/dags/dump_load_dag.py for tasks to queue
[2024-05-27T10:39:31.428+0000] {logging_mixin.py:188} INFO - [2024-05-27T10:39:31.428+0000] {dagbag.py:545} INFO - Filling up the DagBag from /opt/airflow/dags/dump_load_dag.py
[2024-05-27T10:39:31.458+0000] {processor.py:840} INFO - DAG(s) 'mysql_table_dump' retrieved from /opt/airflow/dags/dump_load_dag.py
[2024-05-27T10:39:31.487+0000] {logging_mixin.py:188} INFO - [2024-05-27T10:39:31.487+0000] {dag.py:3096} INFO - Sync 1 DAGs
[2024-05-27T10:39:31.508+0000] {logging_mixin.py:188} INFO - [2024-05-27T10:39:31.508+0000] {dag.py:3954} INFO - Setting next_dagrun for mysql_table_dump to 2024-03-14 00:00:00+00:00, run_after=2024-03-14 00:00:00+00:00
[2024-05-27T10:39:31.530+0000] {processor.py:183} INFO - Processing /opt/airflow/dags/dump_load_dag.py took 0.113 seconds
