[2024-05-27T08:18:01.495+0000] {processor.py:161} INFO - Started process (PID=189) to work on /opt/airflow/dags/email_dag.py
[2024-05-27T08:18:01.496+0000] {processor.py:830} INFO - Processing file /opt/airflow/dags/email_dag.py for tasks to queue
[2024-05-27T08:18:01.498+0000] {logging_mixin.py:188} INFO - [2024-05-27T08:18:01.498+0000] {dagbag.py:545} INFO - Filling up the DagBag from /opt/airflow/dags/email_dag.py
[2024-05-27T08:18:01.528+0000] {processor.py:840} INFO - DAG(s) 'emaildag' retrieved from /opt/airflow/dags/email_dag.py
[2024-05-27T08:18:01.558+0000] {logging_mixin.py:188} INFO - [2024-05-27T08:18:01.558+0000] {dag.py:3096} INFO - Sync 1 DAGs
[2024-05-27T08:18:01.583+0000] {logging_mixin.py:188} INFO - [2024-05-27T08:18:01.582+0000] {dag.py:3954} INFO - Setting next_dagrun for emaildag to 2024-05-26 01:15:00+00:00, run_after=2024-05-27 01:15:00+00:00
[2024-05-27T08:18:01.606+0000] {processor.py:183} INFO - Processing /opt/airflow/dags/email_dag.py took 0.117 seconds
[2024-05-27T08:18:31.734+0000] {processor.py:161} INFO - Started process (PID=226) to work on /opt/airflow/dags/email_dag.py
[2024-05-27T08:18:31.735+0000] {processor.py:830} INFO - Processing file /opt/airflow/dags/email_dag.py for tasks to queue
[2024-05-27T08:18:31.738+0000] {logging_mixin.py:188} INFO - [2024-05-27T08:18:31.737+0000] {dagbag.py:545} INFO - Filling up the DagBag from /opt/airflow/dags/email_dag.py
[2024-05-27T08:18:31.775+0000] {processor.py:840} INFO - DAG(s) 'emaildag' retrieved from /opt/airflow/dags/email_dag.py
[2024-05-27T08:18:31.808+0000] {logging_mixin.py:188} INFO - [2024-05-27T08:18:31.808+0000] {dag.py:3096} INFO - Sync 1 DAGs
[2024-05-27T08:18:31.839+0000] {logging_mixin.py:188} INFO - [2024-05-27T08:18:31.839+0000] {dag.py:3954} INFO - Setting next_dagrun for emaildag to 2024-05-26 01:15:00+00:00, run_after=2024-05-27 01:15:00+00:00
[2024-05-27T08:18:31.868+0000] {processor.py:183} INFO - Processing /opt/airflow/dags/email_dag.py took 0.142 seconds
[2024-05-27T08:19:02.662+0000] {processor.py:161} INFO - Started process (PID=272) to work on /opt/airflow/dags/email_dag.py
[2024-05-27T08:19:02.663+0000] {processor.py:830} INFO - Processing file /opt/airflow/dags/email_dag.py for tasks to queue
[2024-05-27T08:19:02.665+0000] {logging_mixin.py:188} INFO - [2024-05-27T08:19:02.664+0000] {dagbag.py:545} INFO - Filling up the DagBag from /opt/airflow/dags/email_dag.py
[2024-05-27T08:19:02.685+0000] {processor.py:840} INFO - DAG(s) 'emaildag' retrieved from /opt/airflow/dags/email_dag.py
[2024-05-27T08:19:02.708+0000] {logging_mixin.py:188} INFO - [2024-05-27T08:19:02.708+0000] {dag.py:3096} INFO - Sync 1 DAGs
[2024-05-27T08:19:02.728+0000] {logging_mixin.py:188} INFO - [2024-05-27T08:19:02.728+0000] {dag.py:3954} INFO - Setting next_dagrun for emaildag to 2024-05-26 01:15:00+00:00, run_after=2024-05-27 01:15:00+00:00
[2024-05-27T08:19:02.750+0000] {processor.py:183} INFO - Processing /opt/airflow/dags/email_dag.py took 0.093 seconds
[2024-05-27T08:19:33.680+0000] {processor.py:161} INFO - Started process (PID=316) to work on /opt/airflow/dags/email_dag.py
[2024-05-27T08:19:33.681+0000] {processor.py:830} INFO - Processing file /opt/airflow/dags/email_dag.py for tasks to queue
[2024-05-27T08:19:33.683+0000] {logging_mixin.py:188} INFO - [2024-05-27T08:19:33.682+0000] {dagbag.py:545} INFO - Filling up the DagBag from /opt/airflow/dags/email_dag.py
[2024-05-27T08:19:33.703+0000] {processor.py:840} INFO - DAG(s) 'emaildag' retrieved from /opt/airflow/dags/email_dag.py
[2024-05-27T08:19:33.726+0000] {logging_mixin.py:188} INFO - [2024-05-27T08:19:33.725+0000] {dag.py:3096} INFO - Sync 1 DAGs
[2024-05-27T08:19:33.744+0000] {logging_mixin.py:188} INFO - [2024-05-27T08:19:33.743+0000] {dag.py:3954} INFO - Setting next_dagrun for emaildag to 2024-05-26 01:15:00+00:00, run_after=2024-05-27 01:15:00+00:00
[2024-05-27T08:19:33.764+0000] {processor.py:183} INFO - Processing /opt/airflow/dags/email_dag.py took 0.089 seconds
[2024-05-27T08:20:04.579+0000] {processor.py:161} INFO - Started process (PID=358) to work on /opt/airflow/dags/email_dag.py
[2024-05-27T08:20:04.580+0000] {processor.py:830} INFO - Processing file /opt/airflow/dags/email_dag.py for tasks to queue
[2024-05-27T08:20:04.583+0000] {logging_mixin.py:188} INFO - [2024-05-27T08:20:04.583+0000] {dagbag.py:545} INFO - Filling up the DagBag from /opt/airflow/dags/email_dag.py
[2024-05-27T08:20:04.616+0000] {processor.py:840} INFO - DAG(s) 'emaildag' retrieved from /opt/airflow/dags/email_dag.py
[2024-05-27T08:20:04.731+0000] {logging_mixin.py:188} INFO - [2024-05-27T08:20:04.730+0000] {dag.py:3096} INFO - Sync 1 DAGs
[2024-05-27T08:20:04.753+0000] {logging_mixin.py:188} INFO - [2024-05-27T08:20:04.753+0000] {dag.py:3954} INFO - Setting next_dagrun for emaildag to 2024-05-26 01:15:00+00:00, run_after=2024-05-27 01:15:00+00:00
[2024-05-27T08:20:04.779+0000] {processor.py:183} INFO - Processing /opt/airflow/dags/email_dag.py took 0.208 seconds
[2024-05-27T08:20:35.840+0000] {processor.py:161} INFO - Started process (PID=404) to work on /opt/airflow/dags/email_dag.py
[2024-05-27T08:20:35.841+0000] {processor.py:830} INFO - Processing file /opt/airflow/dags/email_dag.py for tasks to queue
[2024-05-27T08:20:35.844+0000] {logging_mixin.py:188} INFO - [2024-05-27T08:20:35.843+0000] {dagbag.py:545} INFO - Filling up the DagBag from /opt/airflow/dags/email_dag.py
[2024-05-27T08:20:35.869+0000] {processor.py:840} INFO - DAG(s) 'emaildag' retrieved from /opt/airflow/dags/email_dag.py
[2024-05-27T08:20:35.894+0000] {logging_mixin.py:188} INFO - [2024-05-27T08:20:35.894+0000] {dag.py:3096} INFO - Sync 1 DAGs
[2024-05-27T08:20:35.917+0000] {logging_mixin.py:188} INFO - [2024-05-27T08:20:35.917+0000] {dag.py:3954} INFO - Setting next_dagrun for emaildag to 2024-05-26 01:15:00+00:00, run_after=2024-05-27 01:15:00+00:00
[2024-05-27T08:20:35.945+0000] {processor.py:183} INFO - Processing /opt/airflow/dags/email_dag.py took 0.113 seconds
[2024-05-27T08:21:06.033+0000] {processor.py:161} INFO - Started process (PID=448) to work on /opt/airflow/dags/email_dag.py
[2024-05-27T08:21:06.034+0000] {processor.py:830} INFO - Processing file /opt/airflow/dags/email_dag.py for tasks to queue
[2024-05-27T08:21:06.036+0000] {logging_mixin.py:188} INFO - [2024-05-27T08:21:06.035+0000] {dagbag.py:545} INFO - Filling up the DagBag from /opt/airflow/dags/email_dag.py
[2024-05-27T08:21:06.055+0000] {processor.py:840} INFO - DAG(s) 'emaildag' retrieved from /opt/airflow/dags/email_dag.py
[2024-05-27T08:21:06.077+0000] {logging_mixin.py:188} INFO - [2024-05-27T08:21:06.077+0000] {dag.py:3096} INFO - Sync 1 DAGs
[2024-05-27T08:21:06.097+0000] {logging_mixin.py:188} INFO - [2024-05-27T08:21:06.097+0000] {dag.py:3954} INFO - Setting next_dagrun for emaildag to 2024-05-26 01:15:00+00:00, run_after=2024-05-27 01:15:00+00:00
[2024-05-27T08:21:06.117+0000] {processor.py:183} INFO - Processing /opt/airflow/dags/email_dag.py took 0.090 seconds
[2024-05-27T08:21:36.913+0000] {processor.py:161} INFO - Started process (PID=492) to work on /opt/airflow/dags/email_dag.py
[2024-05-27T08:21:36.914+0000] {processor.py:830} INFO - Processing file /opt/airflow/dags/email_dag.py for tasks to queue
[2024-05-27T08:21:36.917+0000] {logging_mixin.py:188} INFO - [2024-05-27T08:21:36.917+0000] {dagbag.py:545} INFO - Filling up the DagBag from /opt/airflow/dags/email_dag.py
[2024-05-27T08:21:36.949+0000] {processor.py:840} INFO - DAG(s) 'emaildag' retrieved from /opt/airflow/dags/email_dag.py
[2024-05-27T08:21:36.977+0000] {logging_mixin.py:188} INFO - [2024-05-27T08:21:36.977+0000] {dag.py:3096} INFO - Sync 1 DAGs
[2024-05-27T08:21:37.013+0000] {logging_mixin.py:188} INFO - [2024-05-27T08:21:37.013+0000] {dag.py:3954} INFO - Setting next_dagrun for emaildag to 2024-05-26 01:15:00+00:00, run_after=2024-05-27 01:15:00+00:00
[2024-05-27T08:21:37.047+0000] {processor.py:183} INFO - Processing /opt/airflow/dags/email_dag.py took 0.140 seconds
[2024-05-27T08:22:07.765+0000] {processor.py:161} INFO - Started process (PID=536) to work on /opt/airflow/dags/email_dag.py
[2024-05-27T08:22:07.766+0000] {processor.py:830} INFO - Processing file /opt/airflow/dags/email_dag.py for tasks to queue
[2024-05-27T08:22:07.769+0000] {logging_mixin.py:188} INFO - [2024-05-27T08:22:07.769+0000] {dagbag.py:545} INFO - Filling up the DagBag from /opt/airflow/dags/email_dag.py
[2024-05-27T08:22:07.793+0000] {processor.py:840} INFO - DAG(s) 'emaildag' retrieved from /opt/airflow/dags/email_dag.py
[2024-05-27T08:22:07.818+0000] {logging_mixin.py:188} INFO - [2024-05-27T08:22:07.818+0000] {dag.py:3096} INFO - Sync 1 DAGs
[2024-05-27T08:22:07.840+0000] {logging_mixin.py:188} INFO - [2024-05-27T08:22:07.840+0000] {dag.py:3954} INFO - Setting next_dagrun for emaildag to 2024-05-26 01:15:00+00:00, run_after=2024-05-27 01:15:00+00:00
[2024-05-27T08:22:07.862+0000] {processor.py:183} INFO - Processing /opt/airflow/dags/email_dag.py took 0.102 seconds
[2024-05-27T08:22:38.575+0000] {processor.py:161} INFO - Started process (PID=580) to work on /opt/airflow/dags/email_dag.py
[2024-05-27T08:22:38.576+0000] {processor.py:830} INFO - Processing file /opt/airflow/dags/email_dag.py for tasks to queue
[2024-05-27T08:22:38.578+0000] {logging_mixin.py:188} INFO - [2024-05-27T08:22:38.578+0000] {dagbag.py:545} INFO - Filling up the DagBag from /opt/airflow/dags/email_dag.py
[2024-05-27T08:22:38.599+0000] {processor.py:840} INFO - DAG(s) 'emaildag' retrieved from /opt/airflow/dags/email_dag.py
[2024-05-27T08:22:38.622+0000] {logging_mixin.py:188} INFO - [2024-05-27T08:22:38.622+0000] {dag.py:3096} INFO - Sync 1 DAGs
[2024-05-27T08:22:38.642+0000] {logging_mixin.py:188} INFO - [2024-05-27T08:22:38.642+0000] {dag.py:3954} INFO - Setting next_dagrun for emaildag to 2024-05-26 01:15:00+00:00, run_after=2024-05-27 01:15:00+00:00
[2024-05-27T08:22:38.666+0000] {processor.py:183} INFO - Processing /opt/airflow/dags/email_dag.py took 0.095 seconds
[2024-05-27T08:23:09.499+0000] {processor.py:161} INFO - Started process (PID=624) to work on /opt/airflow/dags/email_dag.py
[2024-05-27T08:23:09.500+0000] {processor.py:830} INFO - Processing file /opt/airflow/dags/email_dag.py for tasks to queue
[2024-05-27T08:23:09.503+0000] {logging_mixin.py:188} INFO - [2024-05-27T08:23:09.502+0000] {dagbag.py:545} INFO - Filling up the DagBag from /opt/airflow/dags/email_dag.py
[2024-05-27T08:23:09.539+0000] {processor.py:840} INFO - DAG(s) 'emaildag' retrieved from /opt/airflow/dags/email_dag.py
[2024-05-27T08:23:09.576+0000] {logging_mixin.py:188} INFO - [2024-05-27T08:23:09.576+0000] {dag.py:3096} INFO - Sync 1 DAGs
[2024-05-27T08:23:09.608+0000] {logging_mixin.py:188} INFO - [2024-05-27T08:23:09.608+0000] {dag.py:3954} INFO - Setting next_dagrun for emaildag to 2024-05-26 01:15:00+00:00, run_after=2024-05-27 01:15:00+00:00
[2024-05-27T08:23:09.638+0000] {processor.py:183} INFO - Processing /opt/airflow/dags/email_dag.py took 0.148 seconds
[2024-05-27T08:23:40.177+0000] {processor.py:161} INFO - Started process (PID=668) to work on /opt/airflow/dags/email_dag.py
[2024-05-27T08:23:40.178+0000] {processor.py:830} INFO - Processing file /opt/airflow/dags/email_dag.py for tasks to queue
[2024-05-27T08:23:40.180+0000] {logging_mixin.py:188} INFO - [2024-05-27T08:23:40.179+0000] {dagbag.py:545} INFO - Filling up the DagBag from /opt/airflow/dags/email_dag.py
[2024-05-27T08:23:40.202+0000] {processor.py:840} INFO - DAG(s) 'emaildag' retrieved from /opt/airflow/dags/email_dag.py
[2024-05-27T08:23:40.226+0000] {logging_mixin.py:188} INFO - [2024-05-27T08:23:40.226+0000] {dag.py:3096} INFO - Sync 1 DAGs
[2024-05-27T08:23:40.245+0000] {logging_mixin.py:188} INFO - [2024-05-27T08:23:40.244+0000] {dag.py:3954} INFO - Setting next_dagrun for emaildag to 2024-05-26 01:15:00+00:00, run_after=2024-05-27 01:15:00+00:00
[2024-05-27T08:23:40.268+0000] {processor.py:183} INFO - Processing /opt/airflow/dags/email_dag.py took 0.096 seconds
[2024-05-27T08:24:11.038+0000] {processor.py:161} INFO - Started process (PID=712) to work on /opt/airflow/dags/email_dag.py
[2024-05-27T08:24:11.039+0000] {processor.py:830} INFO - Processing file /opt/airflow/dags/email_dag.py for tasks to queue
[2024-05-27T08:24:11.041+0000] {logging_mixin.py:188} INFO - [2024-05-27T08:24:11.040+0000] {dagbag.py:545} INFO - Filling up the DagBag from /opt/airflow/dags/email_dag.py
[2024-05-27T08:24:11.076+0000] {processor.py:840} INFO - DAG(s) 'emaildag' retrieved from /opt/airflow/dags/email_dag.py
[2024-05-27T08:24:11.118+0000] {logging_mixin.py:188} INFO - [2024-05-27T08:24:11.117+0000] {dag.py:3096} INFO - Sync 1 DAGs
[2024-05-27T08:24:11.146+0000] {logging_mixin.py:188} INFO - [2024-05-27T08:24:11.145+0000] {dag.py:3954} INFO - Setting next_dagrun for emaildag to 2024-05-26 01:15:00+00:00, run_after=2024-05-27 01:15:00+00:00
[2024-05-27T08:24:11.174+0000] {processor.py:183} INFO - Processing /opt/airflow/dags/email_dag.py took 0.142 seconds
[2024-05-27T08:24:41.724+0000] {processor.py:161} INFO - Started process (PID=756) to work on /opt/airflow/dags/email_dag.py
[2024-05-27T08:24:41.725+0000] {processor.py:830} INFO - Processing file /opt/airflow/dags/email_dag.py for tasks to queue
[2024-05-27T08:24:41.727+0000] {logging_mixin.py:188} INFO - [2024-05-27T08:24:41.726+0000] {dagbag.py:545} INFO - Filling up the DagBag from /opt/airflow/dags/email_dag.py
[2024-05-27T08:24:41.749+0000] {processor.py:840} INFO - DAG(s) 'emaildag' retrieved from /opt/airflow/dags/email_dag.py
[2024-05-27T08:24:41.772+0000] {logging_mixin.py:188} INFO - [2024-05-27T08:24:41.772+0000] {dag.py:3096} INFO - Sync 1 DAGs
[2024-05-27T08:24:41.792+0000] {logging_mixin.py:188} INFO - [2024-05-27T08:24:41.792+0000] {dag.py:3954} INFO - Setting next_dagrun for emaildag to 2024-05-26 01:15:00+00:00, run_after=2024-05-27 01:15:00+00:00
[2024-05-27T08:24:41.815+0000] {processor.py:183} INFO - Processing /opt/airflow/dags/email_dag.py took 0.096 seconds
[2024-05-27T08:25:12.511+0000] {processor.py:161} INFO - Started process (PID=798) to work on /opt/airflow/dags/email_dag.py
[2024-05-27T08:25:12.513+0000] {processor.py:830} INFO - Processing file /opt/airflow/dags/email_dag.py for tasks to queue
[2024-05-27T08:25:12.516+0000] {logging_mixin.py:188} INFO - [2024-05-27T08:25:12.515+0000] {dagbag.py:545} INFO - Filling up the DagBag from /opt/airflow/dags/email_dag.py
[2024-05-27T08:25:12.542+0000] {processor.py:840} INFO - DAG(s) 'emaildag' retrieved from /opt/airflow/dags/email_dag.py
[2024-05-27T08:25:12.567+0000] {logging_mixin.py:188} INFO - [2024-05-27T08:25:12.566+0000] {dag.py:3096} INFO - Sync 1 DAGs
[2024-05-27T08:25:12.588+0000] {logging_mixin.py:188} INFO - [2024-05-27T08:25:12.588+0000] {dag.py:3954} INFO - Setting next_dagrun for emaildag to 2024-05-26 01:15:00+00:00, run_after=2024-05-27 01:15:00+00:00
[2024-05-27T08:25:12.612+0000] {processor.py:183} INFO - Processing /opt/airflow/dags/email_dag.py took 0.108 seconds
[2024-05-27T08:25:42.799+0000] {processor.py:161} INFO - Started process (PID=844) to work on /opt/airflow/dags/email_dag.py
[2024-05-27T08:25:42.800+0000] {processor.py:830} INFO - Processing file /opt/airflow/dags/email_dag.py for tasks to queue
[2024-05-27T08:25:42.802+0000] {logging_mixin.py:188} INFO - [2024-05-27T08:25:42.802+0000] {dagbag.py:545} INFO - Filling up the DagBag from /opt/airflow/dags/email_dag.py
[2024-05-27T08:25:42.824+0000] {processor.py:840} INFO - DAG(s) 'emaildag' retrieved from /opt/airflow/dags/email_dag.py
[2024-05-27T08:25:42.848+0000] {logging_mixin.py:188} INFO - [2024-05-27T08:25:42.848+0000] {dag.py:3096} INFO - Sync 1 DAGs
[2024-05-27T08:25:42.869+0000] {logging_mixin.py:188} INFO - [2024-05-27T08:25:42.869+0000] {dag.py:3954} INFO - Setting next_dagrun for emaildag to 2024-05-26 01:15:00+00:00, run_after=2024-05-27 01:15:00+00:00
[2024-05-27T08:25:42.891+0000] {processor.py:183} INFO - Processing /opt/airflow/dags/email_dag.py took 0.097 seconds
[2024-05-27T08:26:13.631+0000] {processor.py:161} INFO - Started process (PID=888) to work on /opt/airflow/dags/email_dag.py
[2024-05-27T08:26:13.633+0000] {processor.py:830} INFO - Processing file /opt/airflow/dags/email_dag.py for tasks to queue
[2024-05-27T08:26:13.635+0000] {logging_mixin.py:188} INFO - [2024-05-27T08:26:13.634+0000] {dagbag.py:545} INFO - Filling up the DagBag from /opt/airflow/dags/email_dag.py
[2024-05-27T08:26:13.662+0000] {processor.py:840} INFO - DAG(s) 'emaildag' retrieved from /opt/airflow/dags/email_dag.py
[2024-05-27T08:26:13.693+0000] {logging_mixin.py:188} INFO - [2024-05-27T08:26:13.693+0000] {dag.py:3096} INFO - Sync 1 DAGs
[2024-05-27T08:26:13.723+0000] {logging_mixin.py:188} INFO - [2024-05-27T08:26:13.723+0000] {dag.py:3954} INFO - Setting next_dagrun for emaildag to 2024-05-26 01:15:00+00:00, run_after=2024-05-27 01:15:00+00:00
[2024-05-27T08:26:13.750+0000] {processor.py:183} INFO - Processing /opt/airflow/dags/email_dag.py took 0.124 seconds
[2024-05-27T08:26:44.462+0000] {processor.py:161} INFO - Started process (PID=980) to work on /opt/airflow/dags/email_dag.py
[2024-05-27T08:26:44.463+0000] {processor.py:830} INFO - Processing file /opt/airflow/dags/email_dag.py for tasks to queue
[2024-05-27T08:26:44.465+0000] {logging_mixin.py:188} INFO - [2024-05-27T08:26:44.464+0000] {dagbag.py:545} INFO - Filling up the DagBag from /opt/airflow/dags/email_dag.py
[2024-05-27T08:26:44.488+0000] {processor.py:840} INFO - DAG(s) 'emaildag' retrieved from /opt/airflow/dags/email_dag.py
[2024-05-27T08:26:44.513+0000] {logging_mixin.py:188} INFO - [2024-05-27T08:26:44.512+0000] {dag.py:3096} INFO - Sync 1 DAGs
[2024-05-27T08:26:44.532+0000] {logging_mixin.py:188} INFO - [2024-05-27T08:26:44.532+0000] {dag.py:3954} INFO - Setting next_dagrun for emaildag to 2024-05-26 01:15:00+00:00, run_after=2024-05-27 01:15:00+00:00
[2024-05-27T08:26:44.555+0000] {processor.py:183} INFO - Processing /opt/airflow/dags/email_dag.py took 0.098 seconds
[2024-05-27T08:27:15.171+0000] {processor.py:161} INFO - Started process (PID=1024) to work on /opt/airflow/dags/email_dag.py
[2024-05-27T08:27:15.172+0000] {processor.py:830} INFO - Processing file /opt/airflow/dags/email_dag.py for tasks to queue
[2024-05-27T08:27:15.174+0000] {logging_mixin.py:188} INFO - [2024-05-27T08:27:15.173+0000] {dagbag.py:545} INFO - Filling up the DagBag from /opt/airflow/dags/email_dag.py
[2024-05-27T08:27:15.195+0000] {processor.py:840} INFO - DAG(s) 'emaildag' retrieved from /opt/airflow/dags/email_dag.py
[2024-05-27T08:27:15.218+0000] {logging_mixin.py:188} INFO - [2024-05-27T08:27:15.218+0000] {dag.py:3096} INFO - Sync 1 DAGs
[2024-05-27T08:27:15.238+0000] {logging_mixin.py:188} INFO - [2024-05-27T08:27:15.238+0000] {dag.py:3954} INFO - Setting next_dagrun for emaildag to 2024-05-26 01:15:00+00:00, run_after=2024-05-27 01:15:00+00:00
[2024-05-27T08:27:15.261+0000] {processor.py:183} INFO - Processing /opt/airflow/dags/email_dag.py took 0.095 seconds
[2024-05-27T08:27:45.835+0000] {processor.py:161} INFO - Started process (PID=1066) to work on /opt/airflow/dags/email_dag.py
[2024-05-27T08:27:45.836+0000] {processor.py:830} INFO - Processing file /opt/airflow/dags/email_dag.py for tasks to queue
[2024-05-27T08:27:45.837+0000] {logging_mixin.py:188} INFO - [2024-05-27T08:27:45.837+0000] {dagbag.py:545} INFO - Filling up the DagBag from /opt/airflow/dags/email_dag.py
[2024-05-27T08:27:45.859+0000] {processor.py:840} INFO - DAG(s) 'emaildag' retrieved from /opt/airflow/dags/email_dag.py
[2024-05-27T08:27:45.884+0000] {logging_mixin.py:188} INFO - [2024-05-27T08:27:45.883+0000] {dag.py:3096} INFO - Sync 1 DAGs
[2024-05-27T08:27:45.904+0000] {logging_mixin.py:188} INFO - [2024-05-27T08:27:45.904+0000] {dag.py:3954} INFO - Setting next_dagrun for emaildag to 2024-05-26 01:15:00+00:00, run_after=2024-05-27 01:15:00+00:00
[2024-05-27T08:27:45.927+0000] {processor.py:183} INFO - Processing /opt/airflow/dags/email_dag.py took 0.099 seconds
[2024-05-27T08:28:16.502+0000] {processor.py:161} INFO - Started process (PID=1110) to work on /opt/airflow/dags/email_dag.py
[2024-05-27T08:28:16.503+0000] {processor.py:830} INFO - Processing file /opt/airflow/dags/email_dag.py for tasks to queue
[2024-05-27T08:28:16.505+0000] {logging_mixin.py:188} INFO - [2024-05-27T08:28:16.505+0000] {dagbag.py:545} INFO - Filling up the DagBag from /opt/airflow/dags/email_dag.py
[2024-05-27T08:28:16.533+0000] {processor.py:840} INFO - DAG(s) 'emaildag' retrieved from /opt/airflow/dags/email_dag.py
[2024-05-27T08:28:16.558+0000] {logging_mixin.py:188} INFO - [2024-05-27T08:28:16.558+0000] {dag.py:3096} INFO - Sync 1 DAGs
[2024-05-27T08:28:16.580+0000] {logging_mixin.py:188} INFO - [2024-05-27T08:28:16.580+0000] {dag.py:3954} INFO - Setting next_dagrun for emaildag to 2024-05-26 01:15:00+00:00, run_after=2024-05-27 01:15:00+00:00
[2024-05-27T08:28:16.605+0000] {processor.py:183} INFO - Processing /opt/airflow/dags/email_dag.py took 0.108 seconds
[2024-05-27T10:39:31.630+0000] {processor.py:161} INFO - Started process (PID=1167) to work on /opt/airflow/dags/email_dag.py
[2024-05-27T10:39:31.636+0000] {processor.py:830} INFO - Processing file /opt/airflow/dags/email_dag.py for tasks to queue
[2024-05-27T10:39:31.638+0000] {logging_mixin.py:188} INFO - [2024-05-27T10:39:31.637+0000] {dagbag.py:545} INFO - Filling up the DagBag from /opt/airflow/dags/email_dag.py
[2024-05-27T10:39:31.695+0000] {processor.py:840} INFO - DAG(s) 'emaildag' retrieved from /opt/airflow/dags/email_dag.py
[2024-05-27T10:39:31.743+0000] {logging_mixin.py:188} INFO - [2024-05-27T10:39:31.743+0000] {dag.py:3096} INFO - Sync 1 DAGs
[2024-05-27T10:39:31.767+0000] {logging_mixin.py:188} INFO - [2024-05-27T10:39:31.767+0000] {dag.py:3954} INFO - Setting next_dagrun for emaildag to 2024-05-26 01:15:00+00:00, run_after=2024-05-27 01:15:00+00:00
[2024-05-27T10:39:31.787+0000] {processor.py:183} INFO - Processing /opt/airflow/dags/email_dag.py took 0.165 seconds
