[2024-05-27T08:18:00.811+0000] {processor.py:161} INFO - Started process (PID=168) to work on /opt/airflow/dags/hdfs_dag.py
[2024-05-27T08:18:00.812+0000] {processor.py:830} INFO - Processing file /opt/airflow/dags/hdfs_dag.py for tasks to queue
[2024-05-27T08:18:00.816+0000] {logging_mixin.py:188} INFO - [2024-05-27T08:18:00.815+0000] {dagbag.py:545} INFO - Filling up the DagBag from /opt/airflow/dags/hdfs_dag.py
[2024-05-27T08:18:00.856+0000] {processor.py:840} INFO - DAG(s) 'hdfs_dag' retrieved from /opt/airflow/dags/hdfs_dag.py
[2024-05-27T08:18:00.912+0000] {logging_mixin.py:188} INFO - [2024-05-27T08:18:00.912+0000] {dag.py:3096} INFO - Sync 1 DAGs
[2024-05-27T08:18:00.944+0000] {logging_mixin.py:188} INFO - [2024-05-27T08:18:00.943+0000] {dag.py:3954} INFO - Setting next_dagrun for hdfs_dag to 2024-03-14 00:00:00+00:00, run_after=2024-03-14 00:00:00+00:00
[2024-05-27T08:18:00.968+0000] {processor.py:183} INFO - Processing /opt/airflow/dags/hdfs_dag.py took 0.164 seconds
[2024-05-27T08:18:31.163+0000] {processor.py:161} INFO - Started process (PID=208) to work on /opt/airflow/dags/hdfs_dag.py
[2024-05-27T08:18:31.164+0000] {processor.py:830} INFO - Processing file /opt/airflow/dags/hdfs_dag.py for tasks to queue
[2024-05-27T08:18:31.167+0000] {logging_mixin.py:188} INFO - [2024-05-27T08:18:31.166+0000] {dagbag.py:545} INFO - Filling up the DagBag from /opt/airflow/dags/hdfs_dag.py
[2024-05-27T08:18:31.204+0000] {processor.py:840} INFO - DAG(s) 'hdfs_dag' retrieved from /opt/airflow/dags/hdfs_dag.py
[2024-05-27T08:18:31.238+0000] {logging_mixin.py:188} INFO - [2024-05-27T08:18:31.237+0000] {dag.py:3096} INFO - Sync 1 DAGs
[2024-05-27T08:18:31.264+0000] {logging_mixin.py:188} INFO - [2024-05-27T08:18:31.264+0000] {dag.py:3954} INFO - Setting next_dagrun for hdfs_dag to 2024-03-14 00:00:00+00:00, run_after=2024-03-14 00:00:00+00:00
[2024-05-27T08:18:31.289+0000] {processor.py:183} INFO - Processing /opt/airflow/dags/hdfs_dag.py took 0.134 seconds
[2024-05-27T08:19:01.374+0000] {processor.py:161} INFO - Started process (PID=252) to work on /opt/airflow/dags/hdfs_dag.py
[2024-05-27T08:19:01.375+0000] {processor.py:830} INFO - Processing file /opt/airflow/dags/hdfs_dag.py for tasks to queue
[2024-05-27T08:19:01.376+0000] {logging_mixin.py:188} INFO - [2024-05-27T08:19:01.376+0000] {dagbag.py:545} INFO - Filling up the DagBag from /opt/airflow/dags/hdfs_dag.py
[2024-05-27T08:19:01.395+0000] {processor.py:840} INFO - DAG(s) 'hdfs_dag' retrieved from /opt/airflow/dags/hdfs_dag.py
[2024-05-27T08:19:01.417+0000] {logging_mixin.py:188} INFO - [2024-05-27T08:19:01.417+0000] {dag.py:3096} INFO - Sync 1 DAGs
[2024-05-27T08:19:01.436+0000] {logging_mixin.py:188} INFO - [2024-05-27T08:19:01.436+0000] {dag.py:3954} INFO - Setting next_dagrun for hdfs_dag to 2024-03-14 00:00:00+00:00, run_after=2024-03-14 00:00:00+00:00
[2024-05-27T08:19:01.458+0000] {processor.py:183} INFO - Processing /opt/airflow/dags/hdfs_dag.py took 0.089 seconds
[2024-05-27T08:19:32.169+0000] {processor.py:161} INFO - Started process (PID=296) to work on /opt/airflow/dags/hdfs_dag.py
[2024-05-27T08:19:32.173+0000] {processor.py:830} INFO - Processing file /opt/airflow/dags/hdfs_dag.py for tasks to queue
[2024-05-27T08:19:32.181+0000] {logging_mixin.py:188} INFO - [2024-05-27T08:19:32.181+0000] {dagbag.py:545} INFO - Filling up the DagBag from /opt/airflow/dags/hdfs_dag.py
[2024-05-27T08:19:32.222+0000] {processor.py:840} INFO - DAG(s) 'hdfs_dag' retrieved from /opt/airflow/dags/hdfs_dag.py
[2024-05-27T08:19:32.257+0000] {logging_mixin.py:188} INFO - [2024-05-27T08:19:32.256+0000] {dag.py:3096} INFO - Sync 1 DAGs
[2024-05-27T08:19:32.300+0000] {logging_mixin.py:188} INFO - [2024-05-27T08:19:32.300+0000] {dag.py:3954} INFO - Setting next_dagrun for hdfs_dag to 2024-03-14 00:00:00+00:00, run_after=2024-03-14 00:00:00+00:00
[2024-05-27T08:19:32.324+0000] {processor.py:183} INFO - Processing /opt/airflow/dags/hdfs_dag.py took 0.166 seconds
[2024-05-27T08:20:03.149+0000] {processor.py:161} INFO - Started process (PID=340) to work on /opt/airflow/dags/hdfs_dag.py
[2024-05-27T08:20:03.150+0000] {processor.py:830} INFO - Processing file /opt/airflow/dags/hdfs_dag.py for tasks to queue
[2024-05-27T08:20:03.155+0000] {logging_mixin.py:188} INFO - [2024-05-27T08:20:03.154+0000] {dagbag.py:545} INFO - Filling up the DagBag from /opt/airflow/dags/hdfs_dag.py
[2024-05-27T08:20:03.185+0000] {processor.py:840} INFO - DAG(s) 'hdfs_dag' retrieved from /opt/airflow/dags/hdfs_dag.py
[2024-05-27T08:20:03.354+0000] {logging_mixin.py:188} INFO - [2024-05-27T08:20:03.354+0000] {dag.py:3096} INFO - Sync 1 DAGs
[2024-05-27T08:20:03.381+0000] {logging_mixin.py:188} INFO - [2024-05-27T08:20:03.381+0000] {dag.py:3954} INFO - Setting next_dagrun for hdfs_dag to 2024-03-14 00:00:00+00:00, run_after=2024-03-14 00:00:00+00:00
[2024-05-27T08:20:03.417+0000] {processor.py:183} INFO - Processing /opt/airflow/dags/hdfs_dag.py took 0.279 seconds
[2024-05-27T08:20:34.224+0000] {processor.py:161} INFO - Started process (PID=384) to work on /opt/airflow/dags/hdfs_dag.py
[2024-05-27T08:20:34.225+0000] {processor.py:830} INFO - Processing file /opt/airflow/dags/hdfs_dag.py for tasks to queue
[2024-05-27T08:20:34.226+0000] {logging_mixin.py:188} INFO - [2024-05-27T08:20:34.226+0000] {dagbag.py:545} INFO - Filling up the DagBag from /opt/airflow/dags/hdfs_dag.py
[2024-05-27T08:20:34.247+0000] {processor.py:840} INFO - DAG(s) 'hdfs_dag' retrieved from /opt/airflow/dags/hdfs_dag.py
[2024-05-27T08:20:34.268+0000] {logging_mixin.py:188} INFO - [2024-05-27T08:20:34.267+0000] {dag.py:3096} INFO - Sync 1 DAGs
[2024-05-27T08:20:34.288+0000] {logging_mixin.py:188} INFO - [2024-05-27T08:20:34.288+0000] {dag.py:3954} INFO - Setting next_dagrun for hdfs_dag to 2024-03-14 00:00:00+00:00, run_after=2024-03-14 00:00:00+00:00
[2024-05-27T08:20:34.311+0000] {processor.py:183} INFO - Processing /opt/airflow/dags/hdfs_dag.py took 0.092 seconds
[2024-05-27T08:21:04.492+0000] {processor.py:161} INFO - Started process (PID=428) to work on /opt/airflow/dags/hdfs_dag.py
[2024-05-27T08:21:04.493+0000] {processor.py:830} INFO - Processing file /opt/airflow/dags/hdfs_dag.py for tasks to queue
[2024-05-27T08:21:04.494+0000] {logging_mixin.py:188} INFO - [2024-05-27T08:21:04.494+0000] {dagbag.py:545} INFO - Filling up the DagBag from /opt/airflow/dags/hdfs_dag.py
[2024-05-27T08:21:04.518+0000] {processor.py:840} INFO - DAG(s) 'hdfs_dag' retrieved from /opt/airflow/dags/hdfs_dag.py
[2024-05-27T08:21:04.540+0000] {logging_mixin.py:188} INFO - [2024-05-27T08:21:04.540+0000] {dag.py:3096} INFO - Sync 1 DAGs
[2024-05-27T08:21:04.561+0000] {logging_mixin.py:188} INFO - [2024-05-27T08:21:04.561+0000] {dag.py:3954} INFO - Setting next_dagrun for hdfs_dag to 2024-03-14 00:00:00+00:00, run_after=2024-03-14 00:00:00+00:00
[2024-05-27T08:21:04.588+0000] {processor.py:183} INFO - Processing /opt/airflow/dags/hdfs_dag.py took 0.102 seconds
[2024-05-27T08:21:35.500+0000] {processor.py:161} INFO - Started process (PID=472) to work on /opt/airflow/dags/hdfs_dag.py
[2024-05-27T08:21:35.501+0000] {processor.py:830} INFO - Processing file /opt/airflow/dags/hdfs_dag.py for tasks to queue
[2024-05-27T08:21:35.504+0000] {logging_mixin.py:188} INFO - [2024-05-27T08:21:35.503+0000] {dagbag.py:545} INFO - Filling up the DagBag from /opt/airflow/dags/hdfs_dag.py
[2024-05-27T08:21:35.529+0000] {processor.py:840} INFO - DAG(s) 'hdfs_dag' retrieved from /opt/airflow/dags/hdfs_dag.py
[2024-05-27T08:21:35.559+0000] {logging_mixin.py:188} INFO - [2024-05-27T08:21:35.559+0000] {dag.py:3096} INFO - Sync 1 DAGs
[2024-05-27T08:21:35.585+0000] {logging_mixin.py:188} INFO - [2024-05-27T08:21:35.585+0000] {dag.py:3954} INFO - Setting next_dagrun for hdfs_dag to 2024-03-14 00:00:00+00:00, run_after=2024-03-14 00:00:00+00:00
[2024-05-27T08:21:35.611+0000] {processor.py:183} INFO - Processing /opt/airflow/dags/hdfs_dag.py took 0.119 seconds
[2024-05-27T08:22:06.449+0000] {processor.py:161} INFO - Started process (PID=516) to work on /opt/airflow/dags/hdfs_dag.py
[2024-05-27T08:22:06.450+0000] {processor.py:830} INFO - Processing file /opt/airflow/dags/hdfs_dag.py for tasks to queue
[2024-05-27T08:22:06.451+0000] {logging_mixin.py:188} INFO - [2024-05-27T08:22:06.451+0000] {dagbag.py:545} INFO - Filling up the DagBag from /opt/airflow/dags/hdfs_dag.py
[2024-05-27T08:22:06.470+0000] {processor.py:840} INFO - DAG(s) 'hdfs_dag' retrieved from /opt/airflow/dags/hdfs_dag.py
[2024-05-27T08:22:06.491+0000] {logging_mixin.py:188} INFO - [2024-05-27T08:22:06.491+0000] {dag.py:3096} INFO - Sync 1 DAGs
[2024-05-27T08:22:06.509+0000] {logging_mixin.py:188} INFO - [2024-05-27T08:22:06.509+0000] {dag.py:3954} INFO - Setting next_dagrun for hdfs_dag to 2024-03-14 00:00:00+00:00, run_after=2024-03-14 00:00:00+00:00
[2024-05-27T08:22:06.531+0000] {processor.py:183} INFO - Processing /opt/airflow/dags/hdfs_dag.py took 0.087 seconds
[2024-05-27T08:22:37.286+0000] {processor.py:161} INFO - Started process (PID=560) to work on /opt/airflow/dags/hdfs_dag.py
[2024-05-27T08:22:37.287+0000] {processor.py:830} INFO - Processing file /opt/airflow/dags/hdfs_dag.py for tasks to queue
[2024-05-27T08:22:37.289+0000] {logging_mixin.py:188} INFO - [2024-05-27T08:22:37.288+0000] {dagbag.py:545} INFO - Filling up the DagBag from /opt/airflow/dags/hdfs_dag.py
[2024-05-27T08:22:37.310+0000] {processor.py:840} INFO - DAG(s) 'hdfs_dag' retrieved from /opt/airflow/dags/hdfs_dag.py
[2024-05-27T08:22:37.333+0000] {logging_mixin.py:188} INFO - [2024-05-27T08:22:37.333+0000] {dag.py:3096} INFO - Sync 1 DAGs
[2024-05-27T08:22:37.356+0000] {logging_mixin.py:188} INFO - [2024-05-27T08:22:37.356+0000] {dag.py:3954} INFO - Setting next_dagrun for hdfs_dag to 2024-03-14 00:00:00+00:00, run_after=2024-03-14 00:00:00+00:00
[2024-05-27T08:22:37.384+0000] {processor.py:183} INFO - Processing /opt/airflow/dags/hdfs_dag.py took 0.102 seconds
[2024-05-27T08:23:08.178+0000] {processor.py:161} INFO - Started process (PID=604) to work on /opt/airflow/dags/hdfs_dag.py
[2024-05-27T08:23:08.179+0000] {processor.py:830} INFO - Processing file /opt/airflow/dags/hdfs_dag.py for tasks to queue
[2024-05-27T08:23:08.181+0000] {logging_mixin.py:188} INFO - [2024-05-27T08:23:08.181+0000] {dagbag.py:545} INFO - Filling up the DagBag from /opt/airflow/dags/hdfs_dag.py
[2024-05-27T08:23:08.203+0000] {processor.py:840} INFO - DAG(s) 'hdfs_dag' retrieved from /opt/airflow/dags/hdfs_dag.py
[2024-05-27T08:23:08.231+0000] {logging_mixin.py:188} INFO - [2024-05-27T08:23:08.230+0000] {dag.py:3096} INFO - Sync 1 DAGs
[2024-05-27T08:23:08.253+0000] {logging_mixin.py:188} INFO - [2024-05-27T08:23:08.252+0000] {dag.py:3954} INFO - Setting next_dagrun for hdfs_dag to 2024-03-14 00:00:00+00:00, run_after=2024-03-14 00:00:00+00:00
[2024-05-27T08:23:08.277+0000] {processor.py:183} INFO - Processing /opt/airflow/dags/hdfs_dag.py took 0.104 seconds
[2024-05-27T08:23:38.880+0000] {processor.py:161} INFO - Started process (PID=648) to work on /opt/airflow/dags/hdfs_dag.py
[2024-05-27T08:23:38.881+0000] {processor.py:830} INFO - Processing file /opt/airflow/dags/hdfs_dag.py for tasks to queue
[2024-05-27T08:23:38.883+0000] {logging_mixin.py:188} INFO - [2024-05-27T08:23:38.883+0000] {dagbag.py:545} INFO - Filling up the DagBag from /opt/airflow/dags/hdfs_dag.py
[2024-05-27T08:23:38.901+0000] {processor.py:840} INFO - DAG(s) 'hdfs_dag' retrieved from /opt/airflow/dags/hdfs_dag.py
[2024-05-27T08:23:38.921+0000] {logging_mixin.py:188} INFO - [2024-05-27T08:23:38.921+0000] {dag.py:3096} INFO - Sync 1 DAGs
[2024-05-27T08:23:38.939+0000] {logging_mixin.py:188} INFO - [2024-05-27T08:23:38.938+0000] {dag.py:3954} INFO - Setting next_dagrun for hdfs_dag to 2024-03-14 00:00:00+00:00, run_after=2024-03-14 00:00:00+00:00
[2024-05-27T08:23:38.960+0000] {processor.py:183} INFO - Processing /opt/airflow/dags/hdfs_dag.py took 0.084 seconds
[2024-05-27T08:24:09.648+0000] {processor.py:161} INFO - Started process (PID=692) to work on /opt/airflow/dags/hdfs_dag.py
[2024-05-27T08:24:09.649+0000] {processor.py:830} INFO - Processing file /opt/airflow/dags/hdfs_dag.py for tasks to queue
[2024-05-27T08:24:09.651+0000] {logging_mixin.py:188} INFO - [2024-05-27T08:24:09.651+0000] {dagbag.py:545} INFO - Filling up the DagBag from /opt/airflow/dags/hdfs_dag.py
[2024-05-27T08:24:09.670+0000] {processor.py:840} INFO - DAG(s) 'hdfs_dag' retrieved from /opt/airflow/dags/hdfs_dag.py
[2024-05-27T08:24:09.691+0000] {logging_mixin.py:188} INFO - [2024-05-27T08:24:09.691+0000] {dag.py:3096} INFO - Sync 1 DAGs
[2024-05-27T08:24:09.709+0000] {logging_mixin.py:188} INFO - [2024-05-27T08:24:09.709+0000] {dag.py:3954} INFO - Setting next_dagrun for hdfs_dag to 2024-03-14 00:00:00+00:00, run_after=2024-03-14 00:00:00+00:00
[2024-05-27T08:24:09.731+0000] {processor.py:183} INFO - Processing /opt/airflow/dags/hdfs_dag.py took 0.087 seconds
[2024-05-27T08:24:40.445+0000] {processor.py:161} INFO - Started process (PID=736) to work on /opt/airflow/dags/hdfs_dag.py
[2024-05-27T08:24:40.446+0000] {processor.py:830} INFO - Processing file /opt/airflow/dags/hdfs_dag.py for tasks to queue
[2024-05-27T08:24:40.448+0000] {logging_mixin.py:188} INFO - [2024-05-27T08:24:40.448+0000] {dagbag.py:545} INFO - Filling up the DagBag from /opt/airflow/dags/hdfs_dag.py
[2024-05-27T08:24:40.476+0000] {processor.py:840} INFO - DAG(s) 'hdfs_dag' retrieved from /opt/airflow/dags/hdfs_dag.py
[2024-05-27T08:24:40.503+0000] {logging_mixin.py:188} INFO - [2024-05-27T08:24:40.502+0000] {dag.py:3096} INFO - Sync 1 DAGs
[2024-05-27T08:24:40.526+0000] {logging_mixin.py:188} INFO - [2024-05-27T08:24:40.526+0000] {dag.py:3954} INFO - Setting next_dagrun for hdfs_dag to 2024-03-14 00:00:00+00:00, run_after=2024-03-14 00:00:00+00:00
[2024-05-27T08:24:40.552+0000] {processor.py:183} INFO - Processing /opt/airflow/dags/hdfs_dag.py took 0.113 seconds
[2024-05-27T08:25:11.329+0000] {processor.py:161} INFO - Started process (PID=780) to work on /opt/airflow/dags/hdfs_dag.py
[2024-05-27T08:25:11.330+0000] {processor.py:830} INFO - Processing file /opt/airflow/dags/hdfs_dag.py for tasks to queue
[2024-05-27T08:25:11.331+0000] {logging_mixin.py:188} INFO - [2024-05-27T08:25:11.331+0000] {dagbag.py:545} INFO - Filling up the DagBag from /opt/airflow/dags/hdfs_dag.py
[2024-05-27T08:25:11.350+0000] {processor.py:840} INFO - DAG(s) 'hdfs_dag' retrieved from /opt/airflow/dags/hdfs_dag.py
[2024-05-27T08:25:11.372+0000] {logging_mixin.py:188} INFO - [2024-05-27T08:25:11.372+0000] {dag.py:3096} INFO - Sync 1 DAGs
[2024-05-27T08:25:11.391+0000] {logging_mixin.py:188} INFO - [2024-05-27T08:25:11.390+0000] {dag.py:3954} INFO - Setting next_dagrun for hdfs_dag to 2024-03-14 00:00:00+00:00, run_after=2024-03-14 00:00:00+00:00
[2024-05-27T08:25:11.412+0000] {processor.py:183} INFO - Processing /opt/airflow/dags/hdfs_dag.py took 0.088 seconds
[2024-05-27T08:25:41.510+0000] {processor.py:161} INFO - Started process (PID=824) to work on /opt/airflow/dags/hdfs_dag.py
[2024-05-27T08:25:41.511+0000] {processor.py:830} INFO - Processing file /opt/airflow/dags/hdfs_dag.py for tasks to queue
[2024-05-27T08:25:41.512+0000] {logging_mixin.py:188} INFO - [2024-05-27T08:25:41.512+0000] {dagbag.py:545} INFO - Filling up the DagBag from /opt/airflow/dags/hdfs_dag.py
[2024-05-27T08:25:41.535+0000] {processor.py:840} INFO - DAG(s) 'hdfs_dag' retrieved from /opt/airflow/dags/hdfs_dag.py
[2024-05-27T08:25:41.557+0000] {logging_mixin.py:188} INFO - [2024-05-27T08:25:41.557+0000] {dag.py:3096} INFO - Sync 1 DAGs
[2024-05-27T08:25:41.575+0000] {logging_mixin.py:188} INFO - [2024-05-27T08:25:41.575+0000] {dag.py:3954} INFO - Setting next_dagrun for hdfs_dag to 2024-03-14 00:00:00+00:00, run_after=2024-03-14 00:00:00+00:00
[2024-05-27T08:25:41.599+0000] {processor.py:183} INFO - Processing /opt/airflow/dags/hdfs_dag.py took 0.094 seconds
[2024-05-27T08:26:12.335+0000] {processor.py:161} INFO - Started process (PID=868) to work on /opt/airflow/dags/hdfs_dag.py
[2024-05-27T08:26:12.336+0000] {processor.py:830} INFO - Processing file /opt/airflow/dags/hdfs_dag.py for tasks to queue
[2024-05-27T08:26:12.338+0000] {logging_mixin.py:188} INFO - [2024-05-27T08:26:12.338+0000] {dagbag.py:545} INFO - Filling up the DagBag from /opt/airflow/dags/hdfs_dag.py
[2024-05-27T08:26:12.374+0000] {processor.py:840} INFO - DAG(s) 'hdfs_dag' retrieved from /opt/airflow/dags/hdfs_dag.py
[2024-05-27T08:26:12.456+0000] {logging_mixin.py:188} INFO - [2024-05-27T08:26:12.455+0000] {dag.py:3096} INFO - Sync 1 DAGs
[2024-05-27T08:26:12.509+0000] {logging_mixin.py:188} INFO - [2024-05-27T08:26:12.509+0000] {dag.py:3954} INFO - Setting next_dagrun for hdfs_dag to 2024-03-14 00:00:00+00:00, run_after=2024-03-14 00:00:00+00:00
[2024-05-27T08:26:12.556+0000] {processor.py:183} INFO - Processing /opt/airflow/dags/hdfs_dag.py took 0.226 seconds
[2024-05-27T08:26:43.082+0000] {processor.py:161} INFO - Started process (PID=960) to work on /opt/airflow/dags/hdfs_dag.py
[2024-05-27T08:26:43.083+0000] {processor.py:830} INFO - Processing file /opt/airflow/dags/hdfs_dag.py for tasks to queue
[2024-05-27T08:26:43.086+0000] {logging_mixin.py:188} INFO - [2024-05-27T08:26:43.085+0000] {dagbag.py:545} INFO - Filling up the DagBag from /opt/airflow/dags/hdfs_dag.py
[2024-05-27T08:26:43.112+0000] {processor.py:840} INFO - DAG(s) 'hdfs_dag' retrieved from /opt/airflow/dags/hdfs_dag.py
[2024-05-27T08:26:43.139+0000] {logging_mixin.py:188} INFO - [2024-05-27T08:26:43.139+0000] {dag.py:3096} INFO - Sync 1 DAGs
[2024-05-27T08:26:43.161+0000] {logging_mixin.py:188} INFO - [2024-05-27T08:26:43.161+0000] {dag.py:3954} INFO - Setting next_dagrun for hdfs_dag to 2024-03-14 00:00:00+00:00, run_after=2024-03-14 00:00:00+00:00
[2024-05-27T08:26:43.185+0000] {processor.py:183} INFO - Processing /opt/airflow/dags/hdfs_dag.py took 0.108 seconds
[2024-05-27T08:27:13.870+0000] {processor.py:161} INFO - Started process (PID=1004) to work on /opt/airflow/dags/hdfs_dag.py
[2024-05-27T08:27:13.871+0000] {processor.py:830} INFO - Processing file /opt/airflow/dags/hdfs_dag.py for tasks to queue
[2024-05-27T08:27:13.872+0000] {logging_mixin.py:188} INFO - [2024-05-27T08:27:13.872+0000] {dagbag.py:545} INFO - Filling up the DagBag from /opt/airflow/dags/hdfs_dag.py
[2024-05-27T08:27:13.891+0000] {processor.py:840} INFO - DAG(s) 'hdfs_dag' retrieved from /opt/airflow/dags/hdfs_dag.py
[2024-05-27T08:27:13.913+0000] {logging_mixin.py:188} INFO - [2024-05-27T08:27:13.913+0000] {dag.py:3096} INFO - Sync 1 DAGs
[2024-05-27T08:27:13.933+0000] {logging_mixin.py:188} INFO - [2024-05-27T08:27:13.933+0000] {dag.py:3954} INFO - Setting next_dagrun for hdfs_dag to 2024-03-14 00:00:00+00:00, run_after=2024-03-14 00:00:00+00:00
[2024-05-27T08:27:13.956+0000] {processor.py:183} INFO - Processing /opt/airflow/dags/hdfs_dag.py took 0.091 seconds
[2024-05-27T08:27:44.679+0000] {processor.py:161} INFO - Started process (PID=1048) to work on /opt/airflow/dags/hdfs_dag.py
[2024-05-27T08:27:44.680+0000] {processor.py:830} INFO - Processing file /opt/airflow/dags/hdfs_dag.py for tasks to queue
[2024-05-27T08:27:44.682+0000] {logging_mixin.py:188} INFO - [2024-05-27T08:27:44.681+0000] {dagbag.py:545} INFO - Filling up the DagBag from /opt/airflow/dags/hdfs_dag.py
[2024-05-27T08:27:44.706+0000] {processor.py:840} INFO - DAG(s) 'hdfs_dag' retrieved from /opt/airflow/dags/hdfs_dag.py
[2024-05-27T08:27:44.728+0000] {logging_mixin.py:188} INFO - [2024-05-27T08:27:44.727+0000] {dag.py:3096} INFO - Sync 1 DAGs
[2024-05-27T08:27:44.745+0000] {logging_mixin.py:188} INFO - [2024-05-27T08:27:44.745+0000] {dag.py:3954} INFO - Setting next_dagrun for hdfs_dag to 2024-03-14 00:00:00+00:00, run_after=2024-03-14 00:00:00+00:00
[2024-05-27T08:27:44.767+0000] {processor.py:183} INFO - Processing /opt/airflow/dags/hdfs_dag.py took 0.093 seconds
[2024-05-27T08:28:15.334+0000] {processor.py:161} INFO - Started process (PID=1092) to work on /opt/airflow/dags/hdfs_dag.py
[2024-05-27T08:28:15.335+0000] {processor.py:830} INFO - Processing file /opt/airflow/dags/hdfs_dag.py for tasks to queue
[2024-05-27T08:28:15.337+0000] {logging_mixin.py:188} INFO - [2024-05-27T08:28:15.336+0000] {dagbag.py:545} INFO - Filling up the DagBag from /opt/airflow/dags/hdfs_dag.py
[2024-05-27T08:28:15.357+0000] {processor.py:840} INFO - DAG(s) 'hdfs_dag' retrieved from /opt/airflow/dags/hdfs_dag.py
[2024-05-27T08:28:15.380+0000] {logging_mixin.py:188} INFO - [2024-05-27T08:28:15.380+0000] {dag.py:3096} INFO - Sync 1 DAGs
[2024-05-27T08:28:15.398+0000] {logging_mixin.py:188} INFO - [2024-05-27T08:28:15.398+0000] {dag.py:3954} INFO - Setting next_dagrun for hdfs_dag to 2024-03-14 00:00:00+00:00, run_after=2024-03-14 00:00:00+00:00
[2024-05-27T08:28:15.420+0000] {processor.py:183} INFO - Processing /opt/airflow/dags/hdfs_dag.py took 0.092 seconds
[2024-05-27T10:39:30.967+0000] {processor.py:161} INFO - Started process (PID=1139) to work on /opt/airflow/dags/hdfs_dag.py
[2024-05-27T10:39:30.968+0000] {processor.py:830} INFO - Processing file /opt/airflow/dags/hdfs_dag.py for tasks to queue
[2024-05-27T10:39:30.970+0000] {logging_mixin.py:188} INFO - [2024-05-27T10:39:30.970+0000] {dagbag.py:545} INFO - Filling up the DagBag from /opt/airflow/dags/hdfs_dag.py
[2024-05-27T10:39:31.007+0000] {processor.py:840} INFO - DAG(s) 'hdfs_dag' retrieved from /opt/airflow/dags/hdfs_dag.py
[2024-05-27T10:39:31.045+0000] {logging_mixin.py:188} INFO - [2024-05-27T10:39:31.045+0000] {dag.py:3096} INFO - Sync 1 DAGs
[2024-05-27T10:39:31.075+0000] {logging_mixin.py:188} INFO - [2024-05-27T10:39:31.074+0000] {dag.py:3954} INFO - Setting next_dagrun for hdfs_dag to 2024-03-14 00:00:00+00:00, run_after=2024-03-14 00:00:00+00:00
[2024-05-27T10:39:31.111+0000] {processor.py:183} INFO - Processing /opt/airflow/dags/hdfs_dag.py took 0.149 seconds
