[2024-05-27T08:18:01.005+0000] {processor.py:161} INFO - Started process (PID=174) to work on /opt/airflow/dags/hello_world_dag.py
[2024-05-27T08:18:01.006+0000] {processor.py:830} INFO - Processing file /opt/airflow/dags/hello_world_dag.py for tasks to queue
[2024-05-27T08:18:01.008+0000] {logging_mixin.py:188} INFO - [2024-05-27T08:18:01.008+0000] {dagbag.py:545} INFO - Filling up the DagBag from /opt/airflow/dags/hello_world_dag.py
[2024-05-27T08:18:01.030+0000] {processor.py:840} INFO - DAG(s) 'hello_world_dag' retrieved from /opt/airflow/dags/hello_world_dag.py
[2024-05-27T08:18:01.070+0000] {logging_mixin.py:188} INFO - [2024-05-27T08:18:01.070+0000] {dag.py:3096} INFO - Sync 1 DAGs
[2024-05-27T08:18:01.108+0000] {logging_mixin.py:188} INFO - [2024-05-27T08:18:01.108+0000] {dag.py:3954} INFO - Setting next_dagrun for hello_world_dag to None, run_after=None
[2024-05-27T08:18:01.142+0000] {processor.py:183} INFO - Processing /opt/airflow/dags/hello_world_dag.py took 0.143 seconds
[2024-05-27T08:18:31.332+0000] {processor.py:161} INFO - Started process (PID=213) to work on /opt/airflow/dags/hello_world_dag.py
[2024-05-27T08:18:31.333+0000] {processor.py:830} INFO - Processing file /opt/airflow/dags/hello_world_dag.py for tasks to queue
[2024-05-27T08:18:31.335+0000] {logging_mixin.py:188} INFO - [2024-05-27T08:18:31.335+0000] {dagbag.py:545} INFO - Filling up the DagBag from /opt/airflow/dags/hello_world_dag.py
[2024-05-27T08:18:31.360+0000] {processor.py:840} INFO - DAG(s) 'hello_world_dag' retrieved from /opt/airflow/dags/hello_world_dag.py
[2024-05-27T08:18:31.394+0000] {logging_mixin.py:188} INFO - [2024-05-27T08:18:31.393+0000] {dag.py:3096} INFO - Sync 1 DAGs
[2024-05-27T08:18:31.438+0000] {logging_mixin.py:188} INFO - [2024-05-27T08:18:31.438+0000] {dag.py:3954} INFO - Setting next_dagrun for hello_world_dag to None, run_after=None
[2024-05-27T08:18:31.468+0000] {processor.py:183} INFO - Processing /opt/airflow/dags/hello_world_dag.py took 0.143 seconds
[2024-05-27T08:19:02.405+0000] {processor.py:161} INFO - Started process (PID=257) to work on /opt/airflow/dags/hello_world_dag.py
[2024-05-27T08:19:02.406+0000] {processor.py:830} INFO - Processing file /opt/airflow/dags/hello_world_dag.py for tasks to queue
[2024-05-27T08:19:02.408+0000] {logging_mixin.py:188} INFO - [2024-05-27T08:19:02.408+0000] {dagbag.py:545} INFO - Filling up the DagBag from /opt/airflow/dags/hello_world_dag.py
[2024-05-27T08:19:02.428+0000] {processor.py:840} INFO - DAG(s) 'hello_world_dag' retrieved from /opt/airflow/dags/hello_world_dag.py
[2024-05-27T08:19:02.451+0000] {logging_mixin.py:188} INFO - [2024-05-27T08:19:02.451+0000] {dag.py:3096} INFO - Sync 1 DAGs
[2024-05-27T08:19:02.473+0000] {logging_mixin.py:188} INFO - [2024-05-27T08:19:02.472+0000] {dag.py:3954} INFO - Setting next_dagrun for hello_world_dag to None, run_after=None
[2024-05-27T08:19:02.494+0000] {processor.py:183} INFO - Processing /opt/airflow/dags/hello_world_dag.py took 0.094 seconds
[2024-05-27T08:19:33.266+0000] {processor.py:161} INFO - Started process (PID=301) to work on /opt/airflow/dags/hello_world_dag.py
[2024-05-27T08:19:33.268+0000] {processor.py:830} INFO - Processing file /opt/airflow/dags/hello_world_dag.py for tasks to queue
[2024-05-27T08:19:33.273+0000] {logging_mixin.py:188} INFO - [2024-05-27T08:19:33.272+0000] {dagbag.py:545} INFO - Filling up the DagBag from /opt/airflow/dags/hello_world_dag.py
[2024-05-27T08:19:33.368+0000] {processor.py:840} INFO - DAG(s) 'hello_world_dag' retrieved from /opt/airflow/dags/hello_world_dag.py
[2024-05-27T08:19:33.424+0000] {logging_mixin.py:188} INFO - [2024-05-27T08:19:33.423+0000] {dag.py:3096} INFO - Sync 1 DAGs
[2024-05-27T08:19:33.470+0000] {logging_mixin.py:188} INFO - [2024-05-27T08:19:33.469+0000] {dag.py:3954} INFO - Setting next_dagrun for hello_world_dag to None, run_after=None
[2024-05-27T08:19:33.510+0000] {processor.py:183} INFO - Processing /opt/airflow/dags/hello_world_dag.py took 0.253 seconds
[2024-05-27T08:20:04.214+0000] {processor.py:161} INFO - Started process (PID=345) to work on /opt/airflow/dags/hello_world_dag.py
[2024-05-27T08:20:04.216+0000] {processor.py:830} INFO - Processing file /opt/airflow/dags/hello_world_dag.py for tasks to queue
[2024-05-27T08:20:04.219+0000] {logging_mixin.py:188} INFO - [2024-05-27T08:20:04.219+0000] {dagbag.py:545} INFO - Filling up the DagBag from /opt/airflow/dags/hello_world_dag.py
[2024-05-27T08:20:04.240+0000] {processor.py:840} INFO - DAG(s) 'hello_world_dag' retrieved from /opt/airflow/dags/hello_world_dag.py
[2024-05-27T08:20:04.447+0000] {logging_mixin.py:188} INFO - [2024-05-27T08:20:04.445+0000] {dag.py:3096} INFO - Sync 1 DAGs
[2024-05-27T08:20:04.488+0000] {logging_mixin.py:188} INFO - [2024-05-27T08:20:04.488+0000] {dag.py:3954} INFO - Setting next_dagrun for hello_world_dag to None, run_after=None
[2024-05-27T08:20:04.518+0000] {processor.py:183} INFO - Processing /opt/airflow/dags/hello_world_dag.py took 0.311 seconds
[2024-05-27T08:20:35.358+0000] {processor.py:161} INFO - Started process (PID=389) to work on /opt/airflow/dags/hello_world_dag.py
[2024-05-27T08:20:35.361+0000] {processor.py:830} INFO - Processing file /opt/airflow/dags/hello_world_dag.py for tasks to queue
[2024-05-27T08:20:35.367+0000] {logging_mixin.py:188} INFO - [2024-05-27T08:20:35.366+0000] {dagbag.py:545} INFO - Filling up the DagBag from /opt/airflow/dags/hello_world_dag.py
[2024-05-27T08:20:35.458+0000] {processor.py:840} INFO - DAG(s) 'hello_world_dag' retrieved from /opt/airflow/dags/hello_world_dag.py
[2024-05-27T08:20:35.531+0000] {logging_mixin.py:188} INFO - [2024-05-27T08:20:35.530+0000] {dag.py:3096} INFO - Sync 1 DAGs
[2024-05-27T08:20:35.571+0000] {logging_mixin.py:188} INFO - [2024-05-27T08:20:35.571+0000] {dag.py:3954} INFO - Setting next_dagrun for hello_world_dag to None, run_after=None
[2024-05-27T08:20:35.602+0000] {processor.py:183} INFO - Processing /opt/airflow/dags/hello_world_dag.py took 0.262 seconds
[2024-05-27T08:21:05.763+0000] {processor.py:161} INFO - Started process (PID=438) to work on /opt/airflow/dags/hello_world_dag.py
[2024-05-27T08:21:05.765+0000] {processor.py:830} INFO - Processing file /opt/airflow/dags/hello_world_dag.py for tasks to queue
[2024-05-27T08:21:05.767+0000] {logging_mixin.py:188} INFO - [2024-05-27T08:21:05.767+0000] {dagbag.py:545} INFO - Filling up the DagBag from /opt/airflow/dags/hello_world_dag.py
[2024-05-27T08:21:05.789+0000] {processor.py:840} INFO - DAG(s) 'hello_world_dag' retrieved from /opt/airflow/dags/hello_world_dag.py
[2024-05-27T08:21:05.817+0000] {logging_mixin.py:188} INFO - [2024-05-27T08:21:05.817+0000] {dag.py:3096} INFO - Sync 1 DAGs
[2024-05-27T08:21:05.838+0000] {logging_mixin.py:188} INFO - [2024-05-27T08:21:05.838+0000] {dag.py:3954} INFO - Setting next_dagrun for hello_world_dag to None, run_after=None
[2024-05-27T08:21:05.862+0000] {processor.py:183} INFO - Processing /opt/airflow/dags/hello_world_dag.py took 0.103 seconds
[2024-05-27T08:21:36.589+0000] {processor.py:161} INFO - Started process (PID=477) to work on /opt/airflow/dags/hello_world_dag.py
[2024-05-27T08:21:36.591+0000] {processor.py:830} INFO - Processing file /opt/airflow/dags/hello_world_dag.py for tasks to queue
[2024-05-27T08:21:36.594+0000] {logging_mixin.py:188} INFO - [2024-05-27T08:21:36.593+0000] {dagbag.py:545} INFO - Filling up the DagBag from /opt/airflow/dags/hello_world_dag.py
[2024-05-27T08:21:36.622+0000] {processor.py:840} INFO - DAG(s) 'hello_world_dag' retrieved from /opt/airflow/dags/hello_world_dag.py
[2024-05-27T08:21:36.657+0000] {logging_mixin.py:188} INFO - [2024-05-27T08:21:36.657+0000] {dag.py:3096} INFO - Sync 1 DAGs
[2024-05-27T08:21:36.686+0000] {logging_mixin.py:188} INFO - [2024-05-27T08:21:36.686+0000] {dag.py:3954} INFO - Setting next_dagrun for hello_world_dag to None, run_after=None
[2024-05-27T08:21:36.711+0000] {processor.py:183} INFO - Processing /opt/airflow/dags/hello_world_dag.py took 0.127 seconds
[2024-05-27T08:22:07.483+0000] {processor.py:161} INFO - Started process (PID=521) to work on /opt/airflow/dags/hello_world_dag.py
[2024-05-27T08:22:07.485+0000] {processor.py:830} INFO - Processing file /opt/airflow/dags/hello_world_dag.py for tasks to queue
[2024-05-27T08:22:07.487+0000] {logging_mixin.py:188} INFO - [2024-05-27T08:22:07.486+0000] {dagbag.py:545} INFO - Filling up the DagBag from /opt/airflow/dags/hello_world_dag.py
[2024-05-27T08:22:07.517+0000] {processor.py:840} INFO - DAG(s) 'hello_world_dag' retrieved from /opt/airflow/dags/hello_world_dag.py
[2024-05-27T08:22:07.548+0000] {logging_mixin.py:188} INFO - [2024-05-27T08:22:07.548+0000] {dag.py:3096} INFO - Sync 1 DAGs
[2024-05-27T08:22:07.575+0000] {logging_mixin.py:188} INFO - [2024-05-27T08:22:07.575+0000] {dag.py:3954} INFO - Setting next_dagrun for hello_world_dag to None, run_after=None
[2024-05-27T08:22:07.598+0000] {processor.py:183} INFO - Processing /opt/airflow/dags/hello_world_dag.py took 0.123 seconds
[2024-05-27T08:22:38.317+0000] {processor.py:161} INFO - Started process (PID=565) to work on /opt/airflow/dags/hello_world_dag.py
[2024-05-27T08:22:38.318+0000] {processor.py:830} INFO - Processing file /opt/airflow/dags/hello_world_dag.py for tasks to queue
[2024-05-27T08:22:38.320+0000] {logging_mixin.py:188} INFO - [2024-05-27T08:22:38.320+0000] {dagbag.py:545} INFO - Filling up the DagBag from /opt/airflow/dags/hello_world_dag.py
[2024-05-27T08:22:38.338+0000] {processor.py:840} INFO - DAG(s) 'hello_world_dag' retrieved from /opt/airflow/dags/hello_world_dag.py
[2024-05-27T08:22:38.362+0000] {logging_mixin.py:188} INFO - [2024-05-27T08:22:38.361+0000] {dag.py:3096} INFO - Sync 1 DAGs
[2024-05-27T08:22:38.382+0000] {logging_mixin.py:188} INFO - [2024-05-27T08:22:38.382+0000] {dag.py:3954} INFO - Setting next_dagrun for hello_world_dag to None, run_after=None
[2024-05-27T08:22:38.407+0000] {processor.py:183} INFO - Processing /opt/airflow/dags/hello_world_dag.py took 0.095 seconds
[2024-05-27T08:23:09.202+0000] {processor.py:161} INFO - Started process (PID=609) to work on /opt/airflow/dags/hello_world_dag.py
[2024-05-27T08:23:09.203+0000] {processor.py:830} INFO - Processing file /opt/airflow/dags/hello_world_dag.py for tasks to queue
[2024-05-27T08:23:09.205+0000] {logging_mixin.py:188} INFO - [2024-05-27T08:23:09.205+0000] {dagbag.py:545} INFO - Filling up the DagBag from /opt/airflow/dags/hello_world_dag.py
[2024-05-27T08:23:09.228+0000] {processor.py:840} INFO - DAG(s) 'hello_world_dag' retrieved from /opt/airflow/dags/hello_world_dag.py
[2024-05-27T08:23:09.256+0000] {logging_mixin.py:188} INFO - [2024-05-27T08:23:09.255+0000] {dag.py:3096} INFO - Sync 1 DAGs
[2024-05-27T08:23:09.280+0000] {logging_mixin.py:188} INFO - [2024-05-27T08:23:09.279+0000] {dag.py:3954} INFO - Setting next_dagrun for hello_world_dag to None, run_after=None
[2024-05-27T08:23:09.305+0000] {processor.py:183} INFO - Processing /opt/airflow/dags/hello_world_dag.py took 0.109 seconds
[2024-05-27T08:23:39.923+0000] {processor.py:161} INFO - Started process (PID=653) to work on /opt/airflow/dags/hello_world_dag.py
[2024-05-27T08:23:39.924+0000] {processor.py:830} INFO - Processing file /opt/airflow/dags/hello_world_dag.py for tasks to queue
[2024-05-27T08:23:39.927+0000] {logging_mixin.py:188} INFO - [2024-05-27T08:23:39.926+0000] {dagbag.py:545} INFO - Filling up the DagBag from /opt/airflow/dags/hello_world_dag.py
[2024-05-27T08:23:39.945+0000] {processor.py:840} INFO - DAG(s) 'hello_world_dag' retrieved from /opt/airflow/dags/hello_world_dag.py
[2024-05-27T08:23:39.969+0000] {logging_mixin.py:188} INFO - [2024-05-27T08:23:39.969+0000] {dag.py:3096} INFO - Sync 1 DAGs
[2024-05-27T08:23:39.990+0000] {logging_mixin.py:188} INFO - [2024-05-27T08:23:39.990+0000] {dag.py:3954} INFO - Setting next_dagrun for hello_world_dag to None, run_after=None
[2024-05-27T08:23:40.015+0000] {processor.py:183} INFO - Processing /opt/airflow/dags/hello_world_dag.py took 0.097 seconds
[2024-05-27T08:24:10.690+0000] {processor.py:161} INFO - Started process (PID=697) to work on /opt/airflow/dags/hello_world_dag.py
[2024-05-27T08:24:10.691+0000] {processor.py:830} INFO - Processing file /opt/airflow/dags/hello_world_dag.py for tasks to queue
[2024-05-27T08:24:10.694+0000] {logging_mixin.py:188} INFO - [2024-05-27T08:24:10.694+0000] {dagbag.py:545} INFO - Filling up the DagBag from /opt/airflow/dags/hello_world_dag.py
[2024-05-27T08:24:10.735+0000] {processor.py:840} INFO - DAG(s) 'hello_world_dag' retrieved from /opt/airflow/dags/hello_world_dag.py
[2024-05-27T08:24:10.786+0000] {logging_mixin.py:188} INFO - [2024-05-27T08:24:10.784+0000] {dag.py:3096} INFO - Sync 1 DAGs
[2024-05-27T08:24:10.817+0000] {logging_mixin.py:188} INFO - [2024-05-27T08:24:10.817+0000] {dag.py:3954} INFO - Setting next_dagrun for hello_world_dag to None, run_after=None
[2024-05-27T08:24:10.847+0000] {processor.py:183} INFO - Processing /opt/airflow/dags/hello_world_dag.py took 0.166 seconds
[2024-05-27T08:24:41.460+0000] {processor.py:161} INFO - Started process (PID=741) to work on /opt/airflow/dags/hello_world_dag.py
[2024-05-27T08:24:41.461+0000] {processor.py:830} INFO - Processing file /opt/airflow/dags/hello_world_dag.py for tasks to queue
[2024-05-27T08:24:41.463+0000] {logging_mixin.py:188} INFO - [2024-05-27T08:24:41.462+0000] {dagbag.py:545} INFO - Filling up the DagBag from /opt/airflow/dags/hello_world_dag.py
[2024-05-27T08:24:41.482+0000] {processor.py:840} INFO - DAG(s) 'hello_world_dag' retrieved from /opt/airflow/dags/hello_world_dag.py
[2024-05-27T08:24:41.506+0000] {logging_mixin.py:188} INFO - [2024-05-27T08:24:41.505+0000] {dag.py:3096} INFO - Sync 1 DAGs
[2024-05-27T08:24:41.527+0000] {logging_mixin.py:188} INFO - [2024-05-27T08:24:41.527+0000] {dag.py:3954} INFO - Setting next_dagrun for hello_world_dag to None, run_after=None
[2024-05-27T08:24:41.553+0000] {processor.py:183} INFO - Processing /opt/airflow/dags/hello_world_dag.py took 0.098 seconds
[2024-05-27T08:25:12.370+0000] {processor.py:161} INFO - Started process (PID=785) to work on /opt/airflow/dags/hello_world_dag.py
[2024-05-27T08:25:12.371+0000] {processor.py:830} INFO - Processing file /opt/airflow/dags/hello_world_dag.py for tasks to queue
[2024-05-27T08:25:12.373+0000] {logging_mixin.py:188} INFO - [2024-05-27T08:25:12.373+0000] {dagbag.py:545} INFO - Filling up the DagBag from /opt/airflow/dags/hello_world_dag.py
[2024-05-27T08:25:12.394+0000] {processor.py:840} INFO - DAG(s) 'hello_world_dag' retrieved from /opt/airflow/dags/hello_world_dag.py
[2024-05-27T08:25:12.418+0000] {logging_mixin.py:188} INFO - [2024-05-27T08:25:12.418+0000] {dag.py:3096} INFO - Sync 1 DAGs
[2024-05-27T08:25:12.439+0000] {logging_mixin.py:188} INFO - [2024-05-27T08:25:12.439+0000] {dag.py:3954} INFO - Setting next_dagrun for hello_world_dag to None, run_after=None
[2024-05-27T08:25:12.461+0000] {processor.py:183} INFO - Processing /opt/airflow/dags/hello_world_dag.py took 0.099 seconds
[2024-05-27T08:25:42.538+0000] {processor.py:161} INFO - Started process (PID=829) to work on /opt/airflow/dags/hello_world_dag.py
[2024-05-27T08:25:42.539+0000] {processor.py:830} INFO - Processing file /opt/airflow/dags/hello_world_dag.py for tasks to queue
[2024-05-27T08:25:42.541+0000] {logging_mixin.py:188} INFO - [2024-05-27T08:25:42.540+0000] {dagbag.py:545} INFO - Filling up the DagBag from /opt/airflow/dags/hello_world_dag.py
[2024-05-27T08:25:42.562+0000] {processor.py:840} INFO - DAG(s) 'hello_world_dag' retrieved from /opt/airflow/dags/hello_world_dag.py
[2024-05-27T08:25:42.588+0000] {logging_mixin.py:188} INFO - [2024-05-27T08:25:42.587+0000] {dag.py:3096} INFO - Sync 1 DAGs
[2024-05-27T08:25:42.609+0000] {logging_mixin.py:188} INFO - [2024-05-27T08:25:42.609+0000] {dag.py:3954} INFO - Setting next_dagrun for hello_world_dag to None, run_after=None
[2024-05-27T08:25:42.633+0000] {processor.py:183} INFO - Processing /opt/airflow/dags/hello_world_dag.py took 0.102 seconds
[2024-05-27T08:26:13.356+0000] {processor.py:161} INFO - Started process (PID=873) to work on /opt/airflow/dags/hello_world_dag.py
[2024-05-27T08:26:13.357+0000] {processor.py:830} INFO - Processing file /opt/airflow/dags/hello_world_dag.py for tasks to queue
[2024-05-27T08:26:13.359+0000] {logging_mixin.py:188} INFO - [2024-05-27T08:26:13.358+0000] {dagbag.py:545} INFO - Filling up the DagBag from /opt/airflow/dags/hello_world_dag.py
[2024-05-27T08:26:13.378+0000] {processor.py:840} INFO - DAG(s) 'hello_world_dag' retrieved from /opt/airflow/dags/hello_world_dag.py
[2024-05-27T08:26:13.402+0000] {logging_mixin.py:188} INFO - [2024-05-27T08:26:13.402+0000] {dag.py:3096} INFO - Sync 1 DAGs
[2024-05-27T08:26:13.423+0000] {logging_mixin.py:188} INFO - [2024-05-27T08:26:13.423+0000] {dag.py:3954} INFO - Setting next_dagrun for hello_world_dag to None, run_after=None
[2024-05-27T08:26:13.450+0000] {processor.py:183} INFO - Processing /opt/airflow/dags/hello_world_dag.py took 0.100 seconds
[2024-05-27T08:26:44.181+0000] {processor.py:161} INFO - Started process (PID=965) to work on /opt/airflow/dags/hello_world_dag.py
[2024-05-27T08:26:44.182+0000] {processor.py:830} INFO - Processing file /opt/airflow/dags/hello_world_dag.py for tasks to queue
[2024-05-27T08:26:44.184+0000] {logging_mixin.py:188} INFO - [2024-05-27T08:26:44.184+0000] {dagbag.py:545} INFO - Filling up the DagBag from /opt/airflow/dags/hello_world_dag.py
[2024-05-27T08:26:44.209+0000] {processor.py:840} INFO - DAG(s) 'hello_world_dag' retrieved from /opt/airflow/dags/hello_world_dag.py
[2024-05-27T08:26:44.242+0000] {logging_mixin.py:188} INFO - [2024-05-27T08:26:44.241+0000] {dag.py:3096} INFO - Sync 1 DAGs
[2024-05-27T08:26:44.266+0000] {logging_mixin.py:188} INFO - [2024-05-27T08:26:44.266+0000] {dag.py:3954} INFO - Setting next_dagrun for hello_world_dag to None, run_after=None
[2024-05-27T08:26:44.294+0000] {processor.py:183} INFO - Processing /opt/airflow/dags/hello_world_dag.py took 0.118 seconds
[2024-05-27T08:27:14.912+0000] {processor.py:161} INFO - Started process (PID=1009) to work on /opt/airflow/dags/hello_world_dag.py
[2024-05-27T08:27:14.912+0000] {processor.py:830} INFO - Processing file /opt/airflow/dags/hello_world_dag.py for tasks to queue
[2024-05-27T08:27:14.914+0000] {logging_mixin.py:188} INFO - [2024-05-27T08:27:14.914+0000] {dagbag.py:545} INFO - Filling up the DagBag from /opt/airflow/dags/hello_world_dag.py
[2024-05-27T08:27:14.935+0000] {processor.py:840} INFO - DAG(s) 'hello_world_dag' retrieved from /opt/airflow/dags/hello_world_dag.py
[2024-05-27T08:27:14.960+0000] {logging_mixin.py:188} INFO - [2024-05-27T08:27:14.960+0000] {dag.py:3096} INFO - Sync 1 DAGs
[2024-05-27T08:27:14.984+0000] {logging_mixin.py:188} INFO - [2024-05-27T08:27:14.984+0000] {dag.py:3954} INFO - Setting next_dagrun for hello_world_dag to None, run_after=None
[2024-05-27T08:27:15.009+0000] {processor.py:183} INFO - Processing /opt/airflow/dags/hello_world_dag.py took 0.102 seconds
[2024-05-27T08:27:45.699+0000] {processor.py:161} INFO - Started process (PID=1053) to work on /opt/airflow/dags/hello_world_dag.py
[2024-05-27T08:27:45.700+0000] {processor.py:830} INFO - Processing file /opt/airflow/dags/hello_world_dag.py for tasks to queue
[2024-05-27T08:27:45.702+0000] {logging_mixin.py:188} INFO - [2024-05-27T08:27:45.702+0000] {dagbag.py:545} INFO - Filling up the DagBag from /opt/airflow/dags/hello_world_dag.py
[2024-05-27T08:27:45.723+0000] {processor.py:840} INFO - DAG(s) 'hello_world_dag' retrieved from /opt/airflow/dags/hello_world_dag.py
[2024-05-27T08:27:45.748+0000] {logging_mixin.py:188} INFO - [2024-05-27T08:27:45.748+0000] {dag.py:3096} INFO - Sync 1 DAGs
[2024-05-27T08:27:45.768+0000] {logging_mixin.py:188} INFO - [2024-05-27T08:27:45.768+0000] {dag.py:3954} INFO - Setting next_dagrun for hello_world_dag to None, run_after=None
[2024-05-27T08:27:45.793+0000] {processor.py:183} INFO - Processing /opt/airflow/dags/hello_world_dag.py took 0.098 seconds
[2024-05-27T08:28:16.361+0000] {processor.py:161} INFO - Started process (PID=1097) to work on /opt/airflow/dags/hello_world_dag.py
[2024-05-27T08:28:16.362+0000] {processor.py:830} INFO - Processing file /opt/airflow/dags/hello_world_dag.py for tasks to queue
[2024-05-27T08:28:16.364+0000] {logging_mixin.py:188} INFO - [2024-05-27T08:28:16.364+0000] {dagbag.py:545} INFO - Filling up the DagBag from /opt/airflow/dags/hello_world_dag.py
[2024-05-27T08:28:16.388+0000] {processor.py:840} INFO - DAG(s) 'hello_world_dag' retrieved from /opt/airflow/dags/hello_world_dag.py
[2024-05-27T08:28:16.411+0000] {logging_mixin.py:188} INFO - [2024-05-27T08:28:16.411+0000] {dag.py:3096} INFO - Sync 1 DAGs
[2024-05-27T08:28:16.431+0000] {logging_mixin.py:188} INFO - [2024-05-27T08:28:16.431+0000] {dag.py:3954} INFO - Setting next_dagrun for hello_world_dag to None, run_after=None
[2024-05-27T08:28:16.454+0000] {processor.py:183} INFO - Processing /opt/airflow/dags/hello_world_dag.py took 0.099 seconds
[2024-05-27T10:39:31.140+0000] {processor.py:161} INFO - Started process (PID=1145) to work on /opt/airflow/dags/hello_world_dag.py
[2024-05-27T10:39:31.141+0000] {processor.py:830} INFO - Processing file /opt/airflow/dags/hello_world_dag.py for tasks to queue
[2024-05-27T10:39:31.143+0000] {logging_mixin.py:188} INFO - [2024-05-27T10:39:31.143+0000] {dagbag.py:545} INFO - Filling up the DagBag from /opt/airflow/dags/hello_world_dag.py
[2024-05-27T10:39:31.163+0000] {processor.py:840} INFO - DAG(s) 'hello_world_dag' retrieved from /opt/airflow/dags/hello_world_dag.py
[2024-05-27T10:39:31.189+0000] {logging_mixin.py:188} INFO - [2024-05-27T10:39:31.189+0000] {dag.py:3096} INFO - Sync 1 DAGs
[2024-05-27T10:39:31.221+0000] {logging_mixin.py:188} INFO - [2024-05-27T10:39:31.221+0000] {dag.py:3954} INFO - Setting next_dagrun for hello_world_dag to None, run_after=None
[2024-05-27T10:39:31.242+0000] {processor.py:183} INFO - Processing /opt/airflow/dags/hello_world_dag.py took 0.107 seconds
