[2024-05-08T04:50:21.283+0000] {processor.py:161} INFO - Started process (PID=168) to work on /opt/airflow/dags/bash_dag.py
[2024-05-08T04:50:21.285+0000] {processor.py:830} INFO - Processing file /opt/airflow/dags/bash_dag.py for tasks to queue
[2024-05-08T04:50:21.289+0000] {logging_mixin.py:188} INFO - [2024-05-08T04:50:21.288+0000] {dagbag.py:540} INFO - Filling up the DagBag from /opt/airflow/dags/bash_dag.py
[2024-05-08T04:50:21.372+0000] {processor.py:840} INFO - DAG(s) 'bash' retrieved from /opt/airflow/dags/bash_dag.py
[2024-05-08T04:50:21.963+0000] {logging_mixin.py:188} INFO - [2024-05-08T04:50:21.963+0000] {dag.py:3096} INFO - Sync 1 DAGs
[2024-05-08T04:50:22.005+0000] {logging_mixin.py:188} INFO - [2024-05-08T04:50:22.004+0000] {dag.py:3954} INFO - Setting next_dagrun for bash to 2024-03-14 00:00:00+00:00, run_after=2024-03-14 00:00:00+00:00
[2024-05-08T04:50:22.034+0000] {processor.py:183} INFO - Processing /opt/airflow/dags/bash_dag.py took 0.765 seconds
[2024-05-08T04:50:53.924+0000] {processor.py:161} INFO - Started process (PID=196) to work on /opt/airflow/dags/bash_dag.py
[2024-05-08T04:50:53.937+0000] {processor.py:830} INFO - Processing file /opt/airflow/dags/bash_dag.py for tasks to queue
[2024-05-08T04:50:53.966+0000] {logging_mixin.py:188} INFO - [2024-05-08T04:50:53.962+0000] {dagbag.py:540} INFO - Filling up the DagBag from /opt/airflow/dags/bash_dag.py
[2024-05-08T04:50:54.784+0000] {processor.py:840} INFO - DAG(s) 'bash' retrieved from /opt/airflow/dags/bash_dag.py
[2024-05-08T04:50:55.947+0000] {logging_mixin.py:188} INFO - [2024-05-08T04:50:55.944+0000] {dag.py:3096} INFO - Sync 1 DAGs
[2024-05-08T04:50:56.236+0000] {logging_mixin.py:188} INFO - [2024-05-08T04:50:56.236+0000] {dag.py:3954} INFO - Setting next_dagrun for bash to 2024-03-14 00:00:00+00:00, run_after=2024-03-14 00:00:00+00:00
[2024-05-08T04:50:56.412+0000] {processor.py:183} INFO - Processing /opt/airflow/dags/bash_dag.py took 2.714 seconds
[2024-05-08T04:51:27.010+0000] {processor.py:161} INFO - Started process (PID=227) to work on /opt/airflow/dags/bash_dag.py
[2024-05-08T04:51:27.011+0000] {processor.py:830} INFO - Processing file /opt/airflow/dags/bash_dag.py for tasks to queue
[2024-05-08T04:51:27.013+0000] {logging_mixin.py:188} INFO - [2024-05-08T04:51:27.013+0000] {dagbag.py:540} INFO - Filling up the DagBag from /opt/airflow/dags/bash_dag.py
[2024-05-08T04:51:27.064+0000] {processor.py:840} INFO - DAG(s) 'bash' retrieved from /opt/airflow/dags/bash_dag.py
[2024-05-08T04:51:27.104+0000] {logging_mixin.py:188} INFO - [2024-05-08T04:51:27.104+0000] {dag.py:3096} INFO - Sync 1 DAGs
[2024-05-08T04:51:27.210+0000] {logging_mixin.py:188} INFO - [2024-05-08T04:51:27.210+0000] {dag.py:3954} INFO - Setting next_dagrun for bash to 2024-03-14 00:00:00+00:00, run_after=2024-03-14 00:00:00+00:00
[2024-05-08T04:51:27.269+0000] {processor.py:183} INFO - Processing /opt/airflow/dags/bash_dag.py took 0.272 seconds
[2024-05-08T04:51:57.719+0000] {processor.py:161} INFO - Started process (PID=252) to work on /opt/airflow/dags/bash_dag.py
[2024-05-08T04:51:57.723+0000] {processor.py:830} INFO - Processing file /opt/airflow/dags/bash_dag.py for tasks to queue
[2024-05-08T04:51:57.727+0000] {logging_mixin.py:188} INFO - [2024-05-08T04:51:57.726+0000] {dagbag.py:540} INFO - Filling up the DagBag from /opt/airflow/dags/bash_dag.py
[2024-05-08T04:51:57.808+0000] {processor.py:840} INFO - DAG(s) 'bash' retrieved from /opt/airflow/dags/bash_dag.py
[2024-05-08T04:51:57.866+0000] {logging_mixin.py:188} INFO - [2024-05-08T04:51:57.865+0000] {dag.py:3096} INFO - Sync 1 DAGs
[2024-05-08T04:51:57.920+0000] {logging_mixin.py:188} INFO - [2024-05-08T04:51:57.920+0000] {dag.py:3954} INFO - Setting next_dagrun for bash to 2024-03-14 00:00:00+00:00, run_after=2024-03-14 00:00:00+00:00
[2024-05-08T04:51:57.960+0000] {processor.py:183} INFO - Processing /opt/airflow/dags/bash_dag.py took 0.270 seconds
[2024-05-08T04:52:28.417+0000] {processor.py:161} INFO - Started process (PID=283) to work on /opt/airflow/dags/bash_dag.py
[2024-05-08T04:52:28.419+0000] {processor.py:830} INFO - Processing file /opt/airflow/dags/bash_dag.py for tasks to queue
[2024-05-08T04:52:28.421+0000] {logging_mixin.py:188} INFO - [2024-05-08T04:52:28.420+0000] {dagbag.py:540} INFO - Filling up the DagBag from /opt/airflow/dags/bash_dag.py
[2024-05-08T04:52:28.455+0000] {processor.py:840} INFO - DAG(s) 'bash' retrieved from /opt/airflow/dags/bash_dag.py
[2024-05-08T04:52:28.495+0000] {logging_mixin.py:188} INFO - [2024-05-08T04:52:28.495+0000] {dag.py:3096} INFO - Sync 1 DAGs
[2024-05-08T04:52:28.535+0000] {logging_mixin.py:188} INFO - [2024-05-08T04:52:28.535+0000] {dag.py:3954} INFO - Setting next_dagrun for bash to 2024-03-14 00:00:00+00:00, run_after=2024-03-14 00:00:00+00:00
[2024-05-08T04:52:28.565+0000] {processor.py:183} INFO - Processing /opt/airflow/dags/bash_dag.py took 0.158 seconds
[2024-05-08T04:52:59.315+0000] {processor.py:161} INFO - Started process (PID=309) to work on /opt/airflow/dags/bash_dag.py
[2024-05-08T04:52:59.316+0000] {processor.py:830} INFO - Processing file /opt/airflow/dags/bash_dag.py for tasks to queue
[2024-05-08T04:52:59.319+0000] {logging_mixin.py:188} INFO - [2024-05-08T04:52:59.318+0000] {dagbag.py:540} INFO - Filling up the DagBag from /opt/airflow/dags/bash_dag.py
[2024-05-08T04:52:59.355+0000] {processor.py:840} INFO - DAG(s) 'bash' retrieved from /opt/airflow/dags/bash_dag.py
[2024-05-08T04:52:59.402+0000] {logging_mixin.py:188} INFO - [2024-05-08T04:52:59.401+0000] {dag.py:3096} INFO - Sync 1 DAGs
[2024-05-08T04:52:59.443+0000] {logging_mixin.py:188} INFO - [2024-05-08T04:52:59.442+0000] {dag.py:3954} INFO - Setting next_dagrun for bash to 2024-03-14 00:00:00+00:00, run_after=2024-03-14 00:00:00+00:00
[2024-05-08T04:52:59.475+0000] {processor.py:183} INFO - Processing /opt/airflow/dags/bash_dag.py took 0.171 seconds
[2024-05-08T04:53:29.582+0000] {processor.py:161} INFO - Started process (PID=346) to work on /opt/airflow/dags/bash_dag.py
[2024-05-08T04:53:29.584+0000] {processor.py:830} INFO - Processing file /opt/airflow/dags/bash_dag.py for tasks to queue
[2024-05-08T04:53:29.586+0000] {logging_mixin.py:188} INFO - [2024-05-08T04:53:29.585+0000] {dagbag.py:540} INFO - Filling up the DagBag from /opt/airflow/dags/bash_dag.py
[2024-05-08T04:53:29.618+0000] {processor.py:840} INFO - DAG(s) 'bash' retrieved from /opt/airflow/dags/bash_dag.py
[2024-05-08T04:53:29.730+0000] {logging_mixin.py:188} INFO - [2024-05-08T04:53:29.730+0000] {dag.py:3096} INFO - Sync 1 DAGs
[2024-05-08T04:53:29.841+0000] {logging_mixin.py:188} INFO - [2024-05-08T04:53:29.840+0000] {dag.py:3954} INFO - Setting next_dagrun for bash to 2024-03-14 00:00:00+00:00, run_after=2024-03-14 00:00:00+00:00
[2024-05-08T04:53:29.902+0000] {processor.py:183} INFO - Processing /opt/airflow/dags/bash_dag.py took 0.333 seconds
[2024-05-08T04:54:00.012+0000] {processor.py:161} INFO - Started process (PID=372) to work on /opt/airflow/dags/bash_dag.py
[2024-05-08T04:54:00.014+0000] {processor.py:830} INFO - Processing file /opt/airflow/dags/bash_dag.py for tasks to queue
[2024-05-08T04:54:00.015+0000] {logging_mixin.py:188} INFO - [2024-05-08T04:54:00.015+0000] {dagbag.py:540} INFO - Filling up the DagBag from /opt/airflow/dags/bash_dag.py
[2024-05-08T04:54:00.051+0000] {processor.py:840} INFO - DAG(s) 'bash' retrieved from /opt/airflow/dags/bash_dag.py
[2024-05-08T04:54:00.090+0000] {logging_mixin.py:188} INFO - [2024-05-08T04:54:00.090+0000] {dag.py:3096} INFO - Sync 1 DAGs
[2024-05-08T04:54:00.126+0000] {logging_mixin.py:188} INFO - [2024-05-08T04:54:00.126+0000] {dag.py:3954} INFO - Setting next_dagrun for bash to 2024-03-14 00:00:00+00:00, run_after=2024-03-14 00:00:00+00:00
[2024-05-08T04:54:00.155+0000] {processor.py:183} INFO - Processing /opt/airflow/dags/bash_dag.py took 0.156 seconds
[2024-05-08T04:54:30.542+0000] {processor.py:161} INFO - Started process (PID=398) to work on /opt/airflow/dags/bash_dag.py
[2024-05-08T04:54:30.544+0000] {processor.py:830} INFO - Processing file /opt/airflow/dags/bash_dag.py for tasks to queue
[2024-05-08T04:54:30.547+0000] {logging_mixin.py:188} INFO - [2024-05-08T04:54:30.546+0000] {dagbag.py:540} INFO - Filling up the DagBag from /opt/airflow/dags/bash_dag.py
[2024-05-08T04:54:30.603+0000] {processor.py:840} INFO - DAG(s) 'bash' retrieved from /opt/airflow/dags/bash_dag.py
[2024-05-08T04:54:30.662+0000] {logging_mixin.py:188} INFO - [2024-05-08T04:54:30.661+0000] {dag.py:3096} INFO - Sync 1 DAGs
[2024-05-08T04:54:30.698+0000] {logging_mixin.py:188} INFO - [2024-05-08T04:54:30.698+0000] {dag.py:3954} INFO - Setting next_dagrun for bash to 2024-03-14 00:00:00+00:00, run_after=2024-03-14 00:00:00+00:00
[2024-05-08T04:54:30.731+0000] {processor.py:183} INFO - Processing /opt/airflow/dags/bash_dag.py took 0.205 seconds
[2024-05-08T04:55:01.432+0000] {processor.py:161} INFO - Started process (PID=425) to work on /opt/airflow/dags/bash_dag.py
[2024-05-08T04:55:01.433+0000] {processor.py:830} INFO - Processing file /opt/airflow/dags/bash_dag.py for tasks to queue
[2024-05-08T04:55:01.436+0000] {logging_mixin.py:188} INFO - [2024-05-08T04:55:01.435+0000] {dagbag.py:540} INFO - Filling up the DagBag from /opt/airflow/dags/bash_dag.py
[2024-05-08T04:55:01.467+0000] {processor.py:840} INFO - DAG(s) 'bash' retrieved from /opt/airflow/dags/bash_dag.py
[2024-05-08T04:55:01.505+0000] {logging_mixin.py:188} INFO - [2024-05-08T04:55:01.504+0000] {dag.py:3096} INFO - Sync 1 DAGs
[2024-05-08T04:55:01.539+0000] {logging_mixin.py:188} INFO - [2024-05-08T04:55:01.539+0000] {dag.py:3954} INFO - Setting next_dagrun for bash to 2024-03-14 00:00:00+00:00, run_after=2024-03-14 00:00:00+00:00
[2024-05-08T04:55:01.569+0000] {processor.py:183} INFO - Processing /opt/airflow/dags/bash_dag.py took 0.147 seconds
[2024-05-08T04:55:32.374+0000] {processor.py:161} INFO - Started process (PID=451) to work on /opt/airflow/dags/bash_dag.py
[2024-05-08T04:55:32.382+0000] {processor.py:830} INFO - Processing file /opt/airflow/dags/bash_dag.py for tasks to queue
[2024-05-08T04:55:32.391+0000] {logging_mixin.py:188} INFO - [2024-05-08T04:55:32.390+0000] {dagbag.py:540} INFO - Filling up the DagBag from /opt/airflow/dags/bash_dag.py
[2024-05-08T04:55:32.575+0000] {processor.py:840} INFO - DAG(s) 'bash' retrieved from /opt/airflow/dags/bash_dag.py
[2024-05-08T04:55:32.756+0000] {logging_mixin.py:188} INFO - [2024-05-08T04:55:32.750+0000] {dag.py:3096} INFO - Sync 1 DAGs
[2024-05-08T04:55:32.885+0000] {logging_mixin.py:188} INFO - [2024-05-08T04:55:32.883+0000] {dag.py:3954} INFO - Setting next_dagrun for bash to 2024-03-14 00:00:00+00:00, run_after=2024-03-14 00:00:00+00:00
[2024-05-08T04:55:32.956+0000] {processor.py:183} INFO - Processing /opt/airflow/dags/bash_dag.py took 0.640 seconds
[2024-05-08T04:56:03.089+0000] {processor.py:161} INFO - Started process (PID=476) to work on /opt/airflow/dags/bash_dag.py
[2024-05-08T04:56:03.091+0000] {processor.py:830} INFO - Processing file /opt/airflow/dags/bash_dag.py for tasks to queue
[2024-05-08T04:56:03.093+0000] {logging_mixin.py:188} INFO - [2024-05-08T04:56:03.092+0000] {dagbag.py:540} INFO - Filling up the DagBag from /opt/airflow/dags/bash_dag.py
[2024-05-08T04:56:03.148+0000] {processor.py:840} INFO - DAG(s) 'bash' retrieved from /opt/airflow/dags/bash_dag.py
[2024-05-08T04:56:03.204+0000] {logging_mixin.py:188} INFO - [2024-05-08T04:56:03.203+0000] {dag.py:3096} INFO - Sync 1 DAGs
[2024-05-08T04:56:03.266+0000] {logging_mixin.py:188} INFO - [2024-05-08T04:56:03.265+0000] {dag.py:3954} INFO - Setting next_dagrun for bash to 2024-03-14 00:00:00+00:00, run_after=2024-03-14 00:00:00+00:00
[2024-05-08T04:56:03.304+0000] {processor.py:183} INFO - Processing /opt/airflow/dags/bash_dag.py took 0.232 seconds
[2024-05-08T04:56:33.450+0000] {processor.py:161} INFO - Started process (PID=502) to work on /opt/airflow/dags/bash_dag.py
[2024-05-08T04:56:33.451+0000] {processor.py:830} INFO - Processing file /opt/airflow/dags/bash_dag.py for tasks to queue
[2024-05-08T04:56:33.453+0000] {logging_mixin.py:188} INFO - [2024-05-08T04:56:33.453+0000] {dagbag.py:540} INFO - Filling up the DagBag from /opt/airflow/dags/bash_dag.py
[2024-05-08T04:56:33.504+0000] {processor.py:840} INFO - DAG(s) 'bash' retrieved from /opt/airflow/dags/bash_dag.py
[2024-05-08T04:56:33.544+0000] {logging_mixin.py:188} INFO - [2024-05-08T04:56:33.544+0000] {dag.py:3096} INFO - Sync 1 DAGs
[2024-05-08T04:56:33.578+0000] {logging_mixin.py:188} INFO - [2024-05-08T04:56:33.578+0000] {dag.py:3954} INFO - Setting next_dagrun for bash to 2024-03-14 00:00:00+00:00, run_after=2024-03-14 00:00:00+00:00
[2024-05-08T04:56:33.608+0000] {processor.py:183} INFO - Processing /opt/airflow/dags/bash_dag.py took 0.181 seconds
[2024-05-08T04:57:04.325+0000] {processor.py:161} INFO - Started process (PID=528) to work on /opt/airflow/dags/bash_dag.py
[2024-05-08T04:57:04.328+0000] {processor.py:830} INFO - Processing file /opt/airflow/dags/bash_dag.py for tasks to queue
[2024-05-08T04:57:04.331+0000] {logging_mixin.py:188} INFO - [2024-05-08T04:57:04.330+0000] {dagbag.py:540} INFO - Filling up the DagBag from /opt/airflow/dags/bash_dag.py
[2024-05-08T04:57:04.371+0000] {processor.py:840} INFO - DAG(s) 'bash' retrieved from /opt/airflow/dags/bash_dag.py
[2024-05-08T04:57:04.413+0000] {logging_mixin.py:188} INFO - [2024-05-08T04:57:04.412+0000] {dag.py:3096} INFO - Sync 1 DAGs
[2024-05-08T04:57:04.449+0000] {logging_mixin.py:188} INFO - [2024-05-08T04:57:04.449+0000] {dag.py:3954} INFO - Setting next_dagrun for bash to 2024-03-14 00:00:00+00:00, run_after=2024-03-14 00:00:00+00:00
[2024-05-08T04:57:04.485+0000] {processor.py:183} INFO - Processing /opt/airflow/dags/bash_dag.py took 0.170 seconds
[2024-05-08T04:57:35.074+0000] {processor.py:161} INFO - Started process (PID=559) to work on /opt/airflow/dags/bash_dag.py
[2024-05-08T04:57:35.075+0000] {processor.py:830} INFO - Processing file /opt/airflow/dags/bash_dag.py for tasks to queue
[2024-05-08T04:57:35.077+0000] {logging_mixin.py:188} INFO - [2024-05-08T04:57:35.076+0000] {dagbag.py:540} INFO - Filling up the DagBag from /opt/airflow/dags/bash_dag.py
[2024-05-08T04:57:35.113+0000] {processor.py:840} INFO - DAG(s) 'bash' retrieved from /opt/airflow/dags/bash_dag.py
[2024-05-08T04:57:35.155+0000] {logging_mixin.py:188} INFO - [2024-05-08T04:57:35.155+0000] {dag.py:3096} INFO - Sync 1 DAGs
[2024-05-08T04:57:35.193+0000] {logging_mixin.py:188} INFO - [2024-05-08T04:57:35.192+0000] {dag.py:3954} INFO - Setting next_dagrun for bash to 2024-03-14 00:00:00+00:00, run_after=2024-03-14 00:00:00+00:00
[2024-05-08T04:57:35.224+0000] {processor.py:183} INFO - Processing /opt/airflow/dags/bash_dag.py took 0.167 seconds
[2024-05-08T04:58:05.394+0000] {processor.py:161} INFO - Started process (PID=585) to work on /opt/airflow/dags/bash_dag.py
[2024-05-08T04:58:05.395+0000] {processor.py:830} INFO - Processing file /opt/airflow/dags/bash_dag.py for tasks to queue
[2024-05-08T04:58:05.398+0000] {logging_mixin.py:188} INFO - [2024-05-08T04:58:05.397+0000] {dagbag.py:540} INFO - Filling up the DagBag from /opt/airflow/dags/bash_dag.py
[2024-05-08T04:58:05.436+0000] {processor.py:840} INFO - DAG(s) 'bash' retrieved from /opt/airflow/dags/bash_dag.py
[2024-05-08T04:58:05.478+0000] {logging_mixin.py:188} INFO - [2024-05-08T04:58:05.478+0000] {dag.py:3096} INFO - Sync 1 DAGs
[2024-05-08T04:58:05.514+0000] {logging_mixin.py:188} INFO - [2024-05-08T04:58:05.514+0000] {dag.py:3954} INFO - Setting next_dagrun for bash to 2024-03-14 00:00:00+00:00, run_after=2024-03-14 00:00:00+00:00
[2024-05-08T04:58:05.546+0000] {processor.py:183} INFO - Processing /opt/airflow/dags/bash_dag.py took 0.163 seconds
[2024-05-08T04:58:36.162+0000] {processor.py:161} INFO - Started process (PID=611) to work on /opt/airflow/dags/bash_dag.py
[2024-05-08T04:58:36.164+0000] {processor.py:830} INFO - Processing file /opt/airflow/dags/bash_dag.py for tasks to queue
[2024-05-08T04:58:36.167+0000] {logging_mixin.py:188} INFO - [2024-05-08T04:58:36.166+0000] {dagbag.py:540} INFO - Filling up the DagBag from /opt/airflow/dags/bash_dag.py
[2024-05-08T04:58:36.208+0000] {processor.py:840} INFO - DAG(s) 'bash' retrieved from /opt/airflow/dags/bash_dag.py
[2024-05-08T04:58:36.269+0000] {logging_mixin.py:188} INFO - [2024-05-08T04:58:36.269+0000] {dag.py:3096} INFO - Sync 1 DAGs
[2024-05-08T04:58:36.328+0000] {logging_mixin.py:188} INFO - [2024-05-08T04:58:36.327+0000] {dag.py:3954} INFO - Setting next_dagrun for bash to 2024-03-14 00:00:00+00:00, run_after=2024-03-14 00:00:00+00:00
[2024-05-08T04:58:36.373+0000] {processor.py:183} INFO - Processing /opt/airflow/dags/bash_dag.py took 0.222 seconds
[2024-05-08T04:59:06.852+0000] {processor.py:161} INFO - Started process (PID=637) to work on /opt/airflow/dags/bash_dag.py
[2024-05-08T04:59:06.853+0000] {processor.py:830} INFO - Processing file /opt/airflow/dags/bash_dag.py for tasks to queue
[2024-05-08T04:59:06.861+0000] {logging_mixin.py:188} INFO - [2024-05-08T04:59:06.860+0000] {dagbag.py:540} INFO - Filling up the DagBag from /opt/airflow/dags/bash_dag.py
[2024-05-08T04:59:06.905+0000] {processor.py:840} INFO - DAG(s) 'bash' retrieved from /opt/airflow/dags/bash_dag.py
[2024-05-08T04:59:06.947+0000] {logging_mixin.py:188} INFO - [2024-05-08T04:59:06.946+0000] {dag.py:3096} INFO - Sync 1 DAGs
[2024-05-08T04:59:06.986+0000] {logging_mixin.py:188} INFO - [2024-05-08T04:59:06.986+0000] {dag.py:3954} INFO - Setting next_dagrun for bash to 2024-03-14 00:00:00+00:00, run_after=2024-03-14 00:00:00+00:00
[2024-05-08T04:59:07.017+0000] {processor.py:183} INFO - Processing /opt/airflow/dags/bash_dag.py took 0.176 seconds
[2024-05-08T04:59:37.559+0000] {processor.py:161} INFO - Started process (PID=662) to work on /opt/airflow/dags/bash_dag.py
[2024-05-08T04:59:37.561+0000] {processor.py:830} INFO - Processing file /opt/airflow/dags/bash_dag.py for tasks to queue
[2024-05-08T04:59:37.563+0000] {logging_mixin.py:188} INFO - [2024-05-08T04:59:37.562+0000] {dagbag.py:540} INFO - Filling up the DagBag from /opt/airflow/dags/bash_dag.py
[2024-05-08T04:59:37.610+0000] {processor.py:840} INFO - DAG(s) 'bash' retrieved from /opt/airflow/dags/bash_dag.py
[2024-05-08T04:59:37.655+0000] {logging_mixin.py:188} INFO - [2024-05-08T04:59:37.655+0000] {dag.py:3096} INFO - Sync 1 DAGs
[2024-05-08T04:59:37.697+0000] {logging_mixin.py:188} INFO - [2024-05-08T04:59:37.697+0000] {dag.py:3954} INFO - Setting next_dagrun for bash to 2024-03-14 00:00:00+00:00, run_after=2024-03-14 00:00:00+00:00
[2024-05-08T04:59:37.731+0000] {processor.py:183} INFO - Processing /opt/airflow/dags/bash_dag.py took 0.190 seconds
[2024-05-08T05:00:08.646+0000] {processor.py:161} INFO - Started process (PID=688) to work on /opt/airflow/dags/bash_dag.py
[2024-05-08T05:00:08.654+0000] {processor.py:830} INFO - Processing file /opt/airflow/dags/bash_dag.py for tasks to queue
[2024-05-08T05:00:08.656+0000] {logging_mixin.py:188} INFO - [2024-05-08T05:00:08.655+0000] {dagbag.py:540} INFO - Filling up the DagBag from /opt/airflow/dags/bash_dag.py
[2024-05-08T05:00:08.699+0000] {processor.py:840} INFO - DAG(s) 'bash' retrieved from /opt/airflow/dags/bash_dag.py
[2024-05-08T05:00:08.752+0000] {logging_mixin.py:188} INFO - [2024-05-08T05:00:08.751+0000] {dag.py:3096} INFO - Sync 1 DAGs
[2024-05-08T05:00:08.800+0000] {logging_mixin.py:188} INFO - [2024-05-08T05:00:08.799+0000] {dag.py:3954} INFO - Setting next_dagrun for bash to 2024-03-14 00:00:00+00:00, run_after=2024-03-14 00:00:00+00:00
[2024-05-08T05:00:08.833+0000] {processor.py:183} INFO - Processing /opt/airflow/dags/bash_dag.py took 0.202 seconds
[2024-05-08T05:00:39.868+0000] {processor.py:161} INFO - Started process (PID=714) to work on /opt/airflow/dags/bash_dag.py
[2024-05-08T05:00:39.872+0000] {processor.py:830} INFO - Processing file /opt/airflow/dags/bash_dag.py for tasks to queue
[2024-05-08T05:00:39.891+0000] {logging_mixin.py:188} INFO - [2024-05-08T05:00:39.891+0000] {dagbag.py:540} INFO - Filling up the DagBag from /opt/airflow/dags/bash_dag.py
[2024-05-08T05:00:39.968+0000] {processor.py:840} INFO - DAG(s) 'bash' retrieved from /opt/airflow/dags/bash_dag.py
[2024-05-08T05:00:40.012+0000] {logging_mixin.py:188} INFO - [2024-05-08T05:00:40.012+0000] {dag.py:3096} INFO - Sync 1 DAGs
[2024-05-08T05:00:40.067+0000] {logging_mixin.py:188} INFO - [2024-05-08T05:00:40.066+0000] {dag.py:3954} INFO - Setting next_dagrun for bash to 2024-03-14 00:00:00+00:00, run_after=2024-03-14 00:00:00+00:00
[2024-05-08T05:00:40.108+0000] {processor.py:183} INFO - Processing /opt/airflow/dags/bash_dag.py took 0.278 seconds
[2024-05-08T05:01:10.725+0000] {processor.py:161} INFO - Started process (PID=740) to work on /opt/airflow/dags/bash_dag.py
[2024-05-08T05:01:10.727+0000] {processor.py:830} INFO - Processing file /opt/airflow/dags/bash_dag.py for tasks to queue
[2024-05-08T05:01:10.730+0000] {logging_mixin.py:188} INFO - [2024-05-08T05:01:10.729+0000] {dagbag.py:540} INFO - Filling up the DagBag from /opt/airflow/dags/bash_dag.py
[2024-05-08T05:01:10.768+0000] {processor.py:840} INFO - DAG(s) 'bash' retrieved from /opt/airflow/dags/bash_dag.py
[2024-05-08T05:01:10.810+0000] {logging_mixin.py:188} INFO - [2024-05-08T05:01:10.809+0000] {dag.py:3096} INFO - Sync 1 DAGs
[2024-05-08T05:01:10.853+0000] {logging_mixin.py:188} INFO - [2024-05-08T05:01:10.852+0000] {dag.py:3954} INFO - Setting next_dagrun for bash to 2024-03-14 00:00:00+00:00, run_after=2024-03-14 00:00:00+00:00
[2024-05-08T05:01:10.888+0000] {processor.py:183} INFO - Processing /opt/airflow/dags/bash_dag.py took 0.182 seconds
[2024-05-08T05:01:41.404+0000] {processor.py:161} INFO - Started process (PID=766) to work on /opt/airflow/dags/bash_dag.py
[2024-05-08T05:01:41.406+0000] {processor.py:830} INFO - Processing file /opt/airflow/dags/bash_dag.py for tasks to queue
[2024-05-08T05:01:41.409+0000] {logging_mixin.py:188} INFO - [2024-05-08T05:01:41.408+0000] {dagbag.py:540} INFO - Filling up the DagBag from /opt/airflow/dags/bash_dag.py
[2024-05-08T05:01:41.456+0000] {processor.py:840} INFO - DAG(s) 'bash' retrieved from /opt/airflow/dags/bash_dag.py
[2024-05-08T05:01:41.511+0000] {logging_mixin.py:188} INFO - [2024-05-08T05:01:41.510+0000] {dag.py:3096} INFO - Sync 1 DAGs
[2024-05-08T05:01:41.563+0000] {logging_mixin.py:188} INFO - [2024-05-08T05:01:41.562+0000] {dag.py:3954} INFO - Setting next_dagrun for bash to 2024-03-14 00:00:00+00:00, run_after=2024-03-14 00:00:00+00:00
[2024-05-08T05:01:41.609+0000] {processor.py:183} INFO - Processing /opt/airflow/dags/bash_dag.py took 0.222 seconds
[2024-05-08T05:02:12.080+0000] {processor.py:161} INFO - Started process (PID=792) to work on /opt/airflow/dags/bash_dag.py
[2024-05-08T05:02:12.082+0000] {processor.py:830} INFO - Processing file /opt/airflow/dags/bash_dag.py for tasks to queue
[2024-05-08T05:02:12.085+0000] {logging_mixin.py:188} INFO - [2024-05-08T05:02:12.084+0000] {dagbag.py:540} INFO - Filling up the DagBag from /opt/airflow/dags/bash_dag.py
[2024-05-08T05:02:12.131+0000] {processor.py:840} INFO - DAG(s) 'bash' retrieved from /opt/airflow/dags/bash_dag.py
[2024-05-08T05:02:12.192+0000] {logging_mixin.py:188} INFO - [2024-05-08T05:02:12.192+0000] {dag.py:3096} INFO - Sync 1 DAGs
[2024-05-08T05:02:12.245+0000] {logging_mixin.py:188} INFO - [2024-05-08T05:02:12.245+0000] {dag.py:3954} INFO - Setting next_dagrun for bash to 2024-03-14 00:00:00+00:00, run_after=2024-03-14 00:00:00+00:00
[2024-05-08T05:02:12.297+0000] {processor.py:183} INFO - Processing /opt/airflow/dags/bash_dag.py took 0.244 seconds
[2024-05-08T05:02:42.918+0000] {processor.py:161} INFO - Started process (PID=818) to work on /opt/airflow/dags/bash_dag.py
[2024-05-08T05:02:42.919+0000] {processor.py:830} INFO - Processing file /opt/airflow/dags/bash_dag.py for tasks to queue
[2024-05-08T05:02:42.921+0000] {logging_mixin.py:188} INFO - [2024-05-08T05:02:42.920+0000] {dagbag.py:540} INFO - Filling up the DagBag from /opt/airflow/dags/bash_dag.py
[2024-05-08T05:02:42.959+0000] {processor.py:840} INFO - DAG(s) 'bash' retrieved from /opt/airflow/dags/bash_dag.py
[2024-05-08T05:02:43.005+0000] {logging_mixin.py:188} INFO - [2024-05-08T05:02:43.004+0000] {dag.py:3096} INFO - Sync 1 DAGs
[2024-05-08T05:02:43.048+0000] {logging_mixin.py:188} INFO - [2024-05-08T05:02:43.047+0000] {dag.py:3954} INFO - Setting next_dagrun for bash to 2024-03-14 00:00:00+00:00, run_after=2024-03-14 00:00:00+00:00
[2024-05-08T05:02:43.087+0000] {processor.py:183} INFO - Processing /opt/airflow/dags/bash_dag.py took 0.188 seconds
[2024-05-08T05:03:14.218+0000] {processor.py:161} INFO - Started process (PID=844) to work on /opt/airflow/dags/bash_dag.py
[2024-05-08T05:03:14.223+0000] {processor.py:830} INFO - Processing file /opt/airflow/dags/bash_dag.py for tasks to queue
[2024-05-08T05:03:14.237+0000] {logging_mixin.py:188} INFO - [2024-05-08T05:03:14.232+0000] {dagbag.py:540} INFO - Filling up the DagBag from /opt/airflow/dags/bash_dag.py
[2024-05-08T05:03:14.472+0000] {processor.py:840} INFO - DAG(s) 'bash' retrieved from /opt/airflow/dags/bash_dag.py
[2024-05-08T05:03:14.714+0000] {logging_mixin.py:188} INFO - [2024-05-08T05:03:14.713+0000] {dag.py:3096} INFO - Sync 1 DAGs
[2024-05-08T05:03:14.821+0000] {logging_mixin.py:188} INFO - [2024-05-08T05:03:14.820+0000] {dag.py:3954} INFO - Setting next_dagrun for bash to 2024-03-14 00:00:00+00:00, run_after=2024-03-14 00:00:00+00:00
[2024-05-08T05:03:14.891+0000] {processor.py:183} INFO - Processing /opt/airflow/dags/bash_dag.py took 0.899 seconds
