[2024-05-08T04:50:22.094+0000] {processor.py:161} INFO - Started process (PID=175) to work on /opt/airflow/dags/email_dag.py
[2024-05-08T04:50:22.095+0000] {processor.py:830} INFO - Processing file /opt/airflow/dags/email_dag.py for tasks to queue
[2024-05-08T04:50:22.097+0000] {logging_mixin.py:188} INFO - [2024-05-08T04:50:22.096+0000] {dagbag.py:540} INFO - Filling up the DagBag from /opt/airflow/dags/email_dag.py
[2024-05-08T04:50:22.174+0000] {processor.py:840} INFO - DAG(s) 'emaildag' retrieved from /opt/airflow/dags/email_dag.py
[2024-05-08T04:50:22.384+0000] {logging_mixin.py:188} INFO - [2024-05-08T04:50:22.383+0000] {dag.py:3096} INFO - Sync 1 DAGs
[2024-05-08T04:50:22.433+0000] {logging_mixin.py:188} INFO - [2024-05-08T04:50:22.432+0000] {dag.py:3954} INFO - Setting next_dagrun for emaildag to 2024-05-07 01:30:00+00:00, run_after=2024-05-08 01:30:00+00:00
[2024-05-08T04:50:22.478+0000] {processor.py:183} INFO - Processing /opt/airflow/dags/email_dag.py took 0.393 seconds
[2024-05-08T04:50:54.458+0000] {processor.py:161} INFO - Started process (PID=199) to work on /opt/airflow/dags/email_dag.py
[2024-05-08T04:50:54.491+0000] {processor.py:830} INFO - Processing file /opt/airflow/dags/email_dag.py for tasks to queue
[2024-05-08T04:50:54.524+0000] {logging_mixin.py:188} INFO - [2024-05-08T04:50:54.515+0000] {dagbag.py:540} INFO - Filling up the DagBag from /opt/airflow/dags/email_dag.py
[2024-05-08T04:50:55.420+0000] {processor.py:840} INFO - DAG(s) 'emaildag' retrieved from /opt/airflow/dags/email_dag.py
[2024-05-08T04:50:56.198+0000] {logging_mixin.py:188} INFO - [2024-05-08T04:50:56.198+0000] {dag.py:3096} INFO - Sync 1 DAGs
[2024-05-08T04:50:56.442+0000] {logging_mixin.py:188} INFO - [2024-05-08T04:50:56.441+0000] {dag.py:3954} INFO - Setting next_dagrun for emaildag to 2024-05-07 01:30:00+00:00, run_after=2024-05-08 01:30:00+00:00
[2024-05-08T04:50:56.551+0000] {processor.py:183} INFO - Processing /opt/airflow/dags/email_dag.py took 2.295 seconds
[2024-05-08T04:51:27.027+0000] {processor.py:161} INFO - Started process (PID=230) to work on /opt/airflow/dags/email_dag.py
[2024-05-08T04:51:27.028+0000] {processor.py:830} INFO - Processing file /opt/airflow/dags/email_dag.py for tasks to queue
[2024-05-08T04:51:27.029+0000] {logging_mixin.py:188} INFO - [2024-05-08T04:51:27.029+0000] {dagbag.py:540} INFO - Filling up the DagBag from /opt/airflow/dags/email_dag.py
[2024-05-08T04:51:27.088+0000] {processor.py:840} INFO - DAG(s) 'emaildag' retrieved from /opt/airflow/dags/email_dag.py
[2024-05-08T04:51:27.197+0000] {logging_mixin.py:188} INFO - [2024-05-08T04:51:27.197+0000] {dag.py:3096} INFO - Sync 1 DAGs
[2024-05-08T04:51:27.284+0000] {logging_mixin.py:188} INFO - [2024-05-08T04:51:27.284+0000] {dag.py:3954} INFO - Setting next_dagrun for emaildag to 2024-05-07 01:30:00+00:00, run_after=2024-05-08 01:30:00+00:00
[2024-05-08T04:51:27.327+0000] {processor.py:183} INFO - Processing /opt/airflow/dags/email_dag.py took 0.313 seconds
[2024-05-08T04:51:57.739+0000] {processor.py:161} INFO - Started process (PID=255) to work on /opt/airflow/dags/email_dag.py
[2024-05-08T04:51:57.743+0000] {processor.py:830} INFO - Processing file /opt/airflow/dags/email_dag.py for tasks to queue
[2024-05-08T04:51:57.747+0000] {logging_mixin.py:188} INFO - [2024-05-08T04:51:57.745+0000] {dagbag.py:540} INFO - Filling up the DagBag from /opt/airflow/dags/email_dag.py
[2024-05-08T04:51:57.840+0000] {processor.py:840} INFO - DAG(s) 'emaildag' retrieved from /opt/airflow/dags/email_dag.py
[2024-05-08T04:51:57.893+0000] {logging_mixin.py:188} INFO - [2024-05-08T04:51:57.893+0000] {dag.py:3096} INFO - Sync 1 DAGs
[2024-05-08T04:51:57.940+0000] {logging_mixin.py:188} INFO - [2024-05-08T04:51:57.939+0000] {dag.py:3954} INFO - Setting next_dagrun for emaildag to 2024-05-07 01:30:00+00:00, run_after=2024-05-08 01:30:00+00:00
[2024-05-08T04:51:57.982+0000] {processor.py:183} INFO - Processing /opt/airflow/dags/email_dag.py took 0.269 seconds
[2024-05-08T04:52:28.430+0000] {processor.py:161} INFO - Started process (PID=286) to work on /opt/airflow/dags/email_dag.py
[2024-05-08T04:52:28.431+0000] {processor.py:830} INFO - Processing file /opt/airflow/dags/email_dag.py for tasks to queue
[2024-05-08T04:52:28.433+0000] {logging_mixin.py:188} INFO - [2024-05-08T04:52:28.433+0000] {dagbag.py:540} INFO - Filling up the DagBag from /opt/airflow/dags/email_dag.py
[2024-05-08T04:52:28.477+0000] {processor.py:840} INFO - DAG(s) 'emaildag' retrieved from /opt/airflow/dags/email_dag.py
[2024-05-08T04:52:28.518+0000] {logging_mixin.py:188} INFO - [2024-05-08T04:52:28.518+0000] {dag.py:3096} INFO - Sync 1 DAGs
[2024-05-08T04:52:28.557+0000] {logging_mixin.py:188} INFO - [2024-05-08T04:52:28.556+0000] {dag.py:3954} INFO - Setting next_dagrun for emaildag to 2024-05-07 01:30:00+00:00, run_after=2024-05-08 01:30:00+00:00
[2024-05-08T04:52:28.594+0000] {processor.py:183} INFO - Processing /opt/airflow/dags/email_dag.py took 0.173 seconds
[2024-05-08T04:52:59.332+0000] {processor.py:161} INFO - Started process (PID=312) to work on /opt/airflow/dags/email_dag.py
[2024-05-08T04:52:59.333+0000] {processor.py:830} INFO - Processing file /opt/airflow/dags/email_dag.py for tasks to queue
[2024-05-08T04:52:59.336+0000] {logging_mixin.py:188} INFO - [2024-05-08T04:52:59.335+0000] {dagbag.py:540} INFO - Filling up the DagBag from /opt/airflow/dags/email_dag.py
[2024-05-08T04:52:59.388+0000] {processor.py:840} INFO - DAG(s) 'emaildag' retrieved from /opt/airflow/dags/email_dag.py
[2024-05-08T04:52:59.431+0000] {logging_mixin.py:188} INFO - [2024-05-08T04:52:59.430+0000] {dag.py:3096} INFO - Sync 1 DAGs
[2024-05-08T04:52:59.471+0000] {logging_mixin.py:188} INFO - [2024-05-08T04:52:59.471+0000] {dag.py:3954} INFO - Setting next_dagrun for emaildag to 2024-05-07 01:30:00+00:00, run_after=2024-05-08 01:30:00+00:00
[2024-05-08T04:52:59.508+0000] {processor.py:183} INFO - Processing /opt/airflow/dags/email_dag.py took 0.193 seconds
[2024-05-08T04:53:29.592+0000] {processor.py:161} INFO - Started process (PID=349) to work on /opt/airflow/dags/email_dag.py
[2024-05-08T04:53:29.594+0000] {processor.py:830} INFO - Processing file /opt/airflow/dags/email_dag.py for tasks to queue
[2024-05-08T04:53:29.596+0000] {logging_mixin.py:188} INFO - [2024-05-08T04:53:29.595+0000] {dagbag.py:540} INFO - Filling up the DagBag from /opt/airflow/dags/email_dag.py
[2024-05-08T04:53:29.677+0000] {processor.py:840} INFO - DAG(s) 'emaildag' retrieved from /opt/airflow/dags/email_dag.py
[2024-05-08T04:53:29.827+0000] {logging_mixin.py:188} INFO - [2024-05-08T04:53:29.826+0000] {dag.py:3096} INFO - Sync 1 DAGs
[2024-05-08T04:53:29.911+0000] {logging_mixin.py:188} INFO - [2024-05-08T04:53:29.911+0000] {dag.py:3954} INFO - Setting next_dagrun for emaildag to 2024-05-07 01:30:00+00:00, run_after=2024-05-08 01:30:00+00:00
[2024-05-08T04:53:29.967+0000] {processor.py:183} INFO - Processing /opt/airflow/dags/email_dag.py took 0.385 seconds
[2024-05-08T04:54:00.224+0000] {processor.py:161} INFO - Started process (PID=377) to work on /opt/airflow/dags/email_dag.py
[2024-05-08T04:54:00.225+0000] {processor.py:830} INFO - Processing file /opt/airflow/dags/email_dag.py for tasks to queue
[2024-05-08T04:54:00.227+0000] {logging_mixin.py:188} INFO - [2024-05-08T04:54:00.226+0000] {dagbag.py:540} INFO - Filling up the DagBag from /opt/airflow/dags/email_dag.py
[2024-05-08T04:54:00.274+0000] {processor.py:840} INFO - DAG(s) 'emaildag' retrieved from /opt/airflow/dags/email_dag.py
[2024-05-08T04:54:00.311+0000] {logging_mixin.py:188} INFO - [2024-05-08T04:54:00.311+0000] {dag.py:3096} INFO - Sync 1 DAGs
[2024-05-08T04:54:00.346+0000] {logging_mixin.py:188} INFO - [2024-05-08T04:54:00.346+0000] {dag.py:3954} INFO - Setting next_dagrun for emaildag to 2024-05-07 01:30:00+00:00, run_after=2024-05-08 01:30:00+00:00
[2024-05-08T04:54:00.374+0000] {processor.py:183} INFO - Processing /opt/airflow/dags/email_dag.py took 0.161 seconds
[2024-05-08T04:54:30.567+0000] {processor.py:161} INFO - Started process (PID=401) to work on /opt/airflow/dags/email_dag.py
[2024-05-08T04:54:30.569+0000] {processor.py:830} INFO - Processing file /opt/airflow/dags/email_dag.py for tasks to queue
[2024-05-08T04:54:30.571+0000] {logging_mixin.py:188} INFO - [2024-05-08T04:54:30.570+0000] {dagbag.py:540} INFO - Filling up the DagBag from /opt/airflow/dags/email_dag.py
[2024-05-08T04:54:30.635+0000] {processor.py:840} INFO - DAG(s) 'emaildag' retrieved from /opt/airflow/dags/email_dag.py
[2024-05-08T04:54:30.685+0000] {logging_mixin.py:188} INFO - [2024-05-08T04:54:30.684+0000] {dag.py:3096} INFO - Sync 1 DAGs
[2024-05-08T04:54:30.733+0000] {logging_mixin.py:188} INFO - [2024-05-08T04:54:30.732+0000] {dag.py:3954} INFO - Setting next_dagrun for emaildag to 2024-05-07 01:30:00+00:00, run_after=2024-05-08 01:30:00+00:00
[2024-05-08T04:54:30.766+0000] {processor.py:183} INFO - Processing /opt/airflow/dags/email_dag.py took 0.217 seconds
[2024-05-08T04:55:01.447+0000] {processor.py:161} INFO - Started process (PID=428) to work on /opt/airflow/dags/email_dag.py
[2024-05-08T04:55:01.448+0000] {processor.py:830} INFO - Processing file /opt/airflow/dags/email_dag.py for tasks to queue
[2024-05-08T04:55:01.450+0000] {logging_mixin.py:188} INFO - [2024-05-08T04:55:01.450+0000] {dagbag.py:540} INFO - Filling up the DagBag from /opt/airflow/dags/email_dag.py
[2024-05-08T04:55:01.496+0000] {processor.py:840} INFO - DAG(s) 'emaildag' retrieved from /opt/airflow/dags/email_dag.py
[2024-05-08T04:55:01.534+0000] {logging_mixin.py:188} INFO - [2024-05-08T04:55:01.533+0000] {dag.py:3096} INFO - Sync 1 DAGs
[2024-05-08T04:55:01.576+0000] {logging_mixin.py:188} INFO - [2024-05-08T04:55:01.576+0000] {dag.py:3954} INFO - Setting next_dagrun for emaildag to 2024-05-07 01:30:00+00:00, run_after=2024-05-08 01:30:00+00:00
[2024-05-08T04:55:01.610+0000] {processor.py:183} INFO - Processing /opt/airflow/dags/email_dag.py took 0.176 seconds
[2024-05-08T04:55:32.402+0000] {processor.py:161} INFO - Started process (PID=454) to work on /opt/airflow/dags/email_dag.py
[2024-05-08T04:55:32.407+0000] {processor.py:830} INFO - Processing file /opt/airflow/dags/email_dag.py for tasks to queue
[2024-05-08T04:55:32.411+0000] {logging_mixin.py:188} INFO - [2024-05-08T04:55:32.410+0000] {dagbag.py:540} INFO - Filling up the DagBag from /opt/airflow/dags/email_dag.py
[2024-05-08T04:55:32.629+0000] {processor.py:840} INFO - DAG(s) 'emaildag' retrieved from /opt/airflow/dags/email_dag.py
[2024-05-08T04:55:32.797+0000] {logging_mixin.py:188} INFO - [2024-05-08T04:55:32.796+0000] {dag.py:3096} INFO - Sync 1 DAGs
[2024-05-08T04:55:32.904+0000] {logging_mixin.py:188} INFO - [2024-05-08T04:55:32.903+0000] {dag.py:3954} INFO - Setting next_dagrun for emaildag to 2024-05-07 01:30:00+00:00, run_after=2024-05-08 01:30:00+00:00
[2024-05-08T04:55:32.997+0000] {processor.py:183} INFO - Processing /opt/airflow/dags/email_dag.py took 0.624 seconds
[2024-05-08T04:56:03.262+0000] {processor.py:161} INFO - Started process (PID=479) to work on /opt/airflow/dags/email_dag.py
[2024-05-08T04:56:03.264+0000] {processor.py:830} INFO - Processing file /opt/airflow/dags/email_dag.py for tasks to queue
[2024-05-08T04:56:03.267+0000] {logging_mixin.py:188} INFO - [2024-05-08T04:56:03.266+0000] {dagbag.py:540} INFO - Filling up the DagBag from /opt/airflow/dags/email_dag.py
[2024-05-08T04:56:03.324+0000] {processor.py:840} INFO - DAG(s) 'emaildag' retrieved from /opt/airflow/dags/email_dag.py
[2024-05-08T04:56:03.364+0000] {logging_mixin.py:188} INFO - [2024-05-08T04:56:03.364+0000] {dag.py:3096} INFO - Sync 1 DAGs
[2024-05-08T04:56:03.409+0000] {logging_mixin.py:188} INFO - [2024-05-08T04:56:03.409+0000] {dag.py:3954} INFO - Setting next_dagrun for emaildag to 2024-05-07 01:30:00+00:00, run_after=2024-05-08 01:30:00+00:00
[2024-05-08T04:56:03.474+0000] {processor.py:183} INFO - Processing /opt/airflow/dags/email_dag.py took 0.224 seconds
[2024-05-08T04:56:33.670+0000] {processor.py:161} INFO - Started process (PID=507) to work on /opt/airflow/dags/email_dag.py
[2024-05-08T04:56:33.671+0000] {processor.py:830} INFO - Processing file /opt/airflow/dags/email_dag.py for tasks to queue
[2024-05-08T04:56:33.673+0000] {logging_mixin.py:188} INFO - [2024-05-08T04:56:33.672+0000] {dagbag.py:540} INFO - Filling up the DagBag from /opt/airflow/dags/email_dag.py
[2024-05-08T04:56:33.717+0000] {processor.py:840} INFO - DAG(s) 'emaildag' retrieved from /opt/airflow/dags/email_dag.py
[2024-05-08T04:56:33.758+0000] {logging_mixin.py:188} INFO - [2024-05-08T04:56:33.758+0000] {dag.py:3096} INFO - Sync 1 DAGs
[2024-05-08T04:56:33.792+0000] {logging_mixin.py:188} INFO - [2024-05-08T04:56:33.791+0000] {dag.py:3954} INFO - Setting next_dagrun for emaildag to 2024-05-07 01:30:00+00:00, run_after=2024-05-08 01:30:00+00:00
[2024-05-08T04:56:33.821+0000] {processor.py:183} INFO - Processing /opt/airflow/dags/email_dag.py took 0.162 seconds
[2024-05-08T04:57:04.349+0000] {processor.py:161} INFO - Started process (PID=531) to work on /opt/airflow/dags/email_dag.py
[2024-05-08T04:57:04.350+0000] {processor.py:830} INFO - Processing file /opt/airflow/dags/email_dag.py for tasks to queue
[2024-05-08T04:57:04.352+0000] {logging_mixin.py:188} INFO - [2024-05-08T04:57:04.351+0000] {dagbag.py:540} INFO - Filling up the DagBag from /opt/airflow/dags/email_dag.py
[2024-05-08T04:57:04.403+0000] {processor.py:840} INFO - DAG(s) 'emaildag' retrieved from /opt/airflow/dags/email_dag.py
[2024-05-08T04:57:04.444+0000] {logging_mixin.py:188} INFO - [2024-05-08T04:57:04.444+0000] {dag.py:3096} INFO - Sync 1 DAGs
[2024-05-08T04:57:04.487+0000] {logging_mixin.py:188} INFO - [2024-05-08T04:57:04.486+0000] {dag.py:3954} INFO - Setting next_dagrun for emaildag to 2024-05-07 01:30:00+00:00, run_after=2024-05-08 01:30:00+00:00
[2024-05-08T04:57:04.530+0000] {processor.py:183} INFO - Processing /opt/airflow/dags/email_dag.py took 0.194 seconds
[2024-05-08T04:57:35.081+0000] {processor.py:161} INFO - Started process (PID=562) to work on /opt/airflow/dags/email_dag.py
[2024-05-08T04:57:35.082+0000] {processor.py:830} INFO - Processing file /opt/airflow/dags/email_dag.py for tasks to queue
[2024-05-08T04:57:35.084+0000] {logging_mixin.py:188} INFO - [2024-05-08T04:57:35.084+0000] {dagbag.py:540} INFO - Filling up the DagBag from /opt/airflow/dags/email_dag.py
[2024-05-08T04:57:35.136+0000] {processor.py:840} INFO - DAG(s) 'emaildag' retrieved from /opt/airflow/dags/email_dag.py
[2024-05-08T04:57:35.182+0000] {logging_mixin.py:188} INFO - [2024-05-08T04:57:35.182+0000] {dag.py:3096} INFO - Sync 1 DAGs
[2024-05-08T04:57:35.222+0000] {logging_mixin.py:188} INFO - [2024-05-08T04:57:35.221+0000] {dag.py:3954} INFO - Setting next_dagrun for emaildag to 2024-05-07 01:30:00+00:00, run_after=2024-05-08 01:30:00+00:00
[2024-05-08T04:57:35.261+0000] {processor.py:183} INFO - Processing /opt/airflow/dags/email_dag.py took 0.191 seconds
[2024-05-08T04:58:05.409+0000] {processor.py:161} INFO - Started process (PID=588) to work on /opt/airflow/dags/email_dag.py
[2024-05-08T04:58:05.410+0000] {processor.py:830} INFO - Processing file /opt/airflow/dags/email_dag.py for tasks to queue
[2024-05-08T04:58:05.412+0000] {logging_mixin.py:188} INFO - [2024-05-08T04:58:05.411+0000] {dagbag.py:540} INFO - Filling up the DagBag from /opt/airflow/dags/email_dag.py
[2024-05-08T04:58:05.459+0000] {processor.py:840} INFO - DAG(s) 'emaildag' retrieved from /opt/airflow/dags/email_dag.py
[2024-05-08T04:58:05.508+0000] {logging_mixin.py:188} INFO - [2024-05-08T04:58:05.508+0000] {dag.py:3096} INFO - Sync 1 DAGs
[2024-05-08T04:58:05.555+0000] {logging_mixin.py:188} INFO - [2024-05-08T04:58:05.555+0000] {dag.py:3954} INFO - Setting next_dagrun for emaildag to 2024-05-07 01:30:00+00:00, run_after=2024-05-08 01:30:00+00:00
[2024-05-08T04:58:05.590+0000] {processor.py:183} INFO - Processing /opt/airflow/dags/email_dag.py took 0.195 seconds
[2024-05-08T04:58:36.177+0000] {processor.py:161} INFO - Started process (PID=614) to work on /opt/airflow/dags/email_dag.py
[2024-05-08T04:58:36.178+0000] {processor.py:830} INFO - Processing file /opt/airflow/dags/email_dag.py for tasks to queue
[2024-05-08T04:58:36.180+0000] {logging_mixin.py:188} INFO - [2024-05-08T04:58:36.180+0000] {dagbag.py:540} INFO - Filling up the DagBag from /opt/airflow/dags/email_dag.py
[2024-05-08T04:58:36.244+0000] {processor.py:840} INFO - DAG(s) 'emaildag' retrieved from /opt/airflow/dags/email_dag.py
[2024-05-08T04:58:36.307+0000] {logging_mixin.py:188} INFO - [2024-05-08T04:58:36.306+0000] {dag.py:3096} INFO - Sync 1 DAGs
[2024-05-08T04:58:36.367+0000] {logging_mixin.py:188} INFO - [2024-05-08T04:58:36.366+0000] {dag.py:3954} INFO - Setting next_dagrun for emaildag to 2024-05-07 01:30:00+00:00, run_after=2024-05-08 01:30:00+00:00
[2024-05-08T04:58:36.409+0000] {processor.py:183} INFO - Processing /opt/airflow/dags/email_dag.py took 0.247 seconds
[2024-05-08T04:59:06.868+0000] {processor.py:161} INFO - Started process (PID=640) to work on /opt/airflow/dags/email_dag.py
[2024-05-08T04:59:06.870+0000] {processor.py:830} INFO - Processing file /opt/airflow/dags/email_dag.py for tasks to queue
[2024-05-08T04:59:06.872+0000] {logging_mixin.py:188} INFO - [2024-05-08T04:59:06.871+0000] {dagbag.py:540} INFO - Filling up the DagBag from /opt/airflow/dags/email_dag.py
[2024-05-08T04:59:06.921+0000] {processor.py:840} INFO - DAG(s) 'emaildag' retrieved from /opt/airflow/dags/email_dag.py
[2024-05-08T04:59:06.960+0000] {logging_mixin.py:188} INFO - [2024-05-08T04:59:06.960+0000] {dag.py:3096} INFO - Sync 1 DAGs
[2024-05-08T04:59:06.996+0000] {logging_mixin.py:188} INFO - [2024-05-08T04:59:06.995+0000] {dag.py:3954} INFO - Setting next_dagrun for emaildag to 2024-05-07 01:30:00+00:00, run_after=2024-05-08 01:30:00+00:00
[2024-05-08T04:59:07.026+0000] {processor.py:183} INFO - Processing /opt/airflow/dags/email_dag.py took 0.173 seconds
[2024-05-08T04:59:37.572+0000] {processor.py:161} INFO - Started process (PID=665) to work on /opt/airflow/dags/email_dag.py
[2024-05-08T04:59:37.574+0000] {processor.py:830} INFO - Processing file /opt/airflow/dags/email_dag.py for tasks to queue
[2024-05-08T04:59:37.576+0000] {logging_mixin.py:188} INFO - [2024-05-08T04:59:37.575+0000] {dagbag.py:540} INFO - Filling up the DagBag from /opt/airflow/dags/email_dag.py
[2024-05-08T04:59:37.629+0000] {processor.py:840} INFO - DAG(s) 'emaildag' retrieved from /opt/airflow/dags/email_dag.py
[2024-05-08T04:59:37.672+0000] {logging_mixin.py:188} INFO - [2024-05-08T04:59:37.672+0000] {dag.py:3096} INFO - Sync 1 DAGs
[2024-05-08T04:59:37.716+0000] {logging_mixin.py:188} INFO - [2024-05-08T04:59:37.716+0000] {dag.py:3954} INFO - Setting next_dagrun for emaildag to 2024-05-07 01:30:00+00:00, run_after=2024-05-08 01:30:00+00:00
[2024-05-08T04:59:37.749+0000] {processor.py:183} INFO - Processing /opt/airflow/dags/email_dag.py took 0.196 seconds
[2024-05-08T05:00:08.703+0000] {processor.py:161} INFO - Started process (PID=691) to work on /opt/airflow/dags/email_dag.py
[2024-05-08T05:00:08.705+0000] {processor.py:830} INFO - Processing file /opt/airflow/dags/email_dag.py for tasks to queue
[2024-05-08T05:00:08.708+0000] {logging_mixin.py:188} INFO - [2024-05-08T05:00:08.706+0000] {dagbag.py:540} INFO - Filling up the DagBag from /opt/airflow/dags/email_dag.py
[2024-05-08T05:00:08.767+0000] {processor.py:840} INFO - DAG(s) 'emaildag' retrieved from /opt/airflow/dags/email_dag.py
[2024-05-08T05:00:08.817+0000] {logging_mixin.py:188} INFO - [2024-05-08T05:00:08.817+0000] {dag.py:3096} INFO - Sync 1 DAGs
[2024-05-08T05:00:08.865+0000] {logging_mixin.py:188} INFO - [2024-05-08T05:00:08.865+0000] {dag.py:3954} INFO - Setting next_dagrun for emaildag to 2024-05-07 01:30:00+00:00, run_after=2024-05-08 01:30:00+00:00
[2024-05-08T05:00:08.905+0000] {processor.py:183} INFO - Processing /opt/airflow/dags/email_dag.py took 0.219 seconds
[2024-05-08T05:00:39.900+0000] {processor.py:161} INFO - Started process (PID=717) to work on /opt/airflow/dags/email_dag.py
[2024-05-08T05:00:39.914+0000] {processor.py:830} INFO - Processing file /opt/airflow/dags/email_dag.py for tasks to queue
[2024-05-08T05:00:39.925+0000] {logging_mixin.py:188} INFO - [2024-05-08T05:00:39.924+0000] {dagbag.py:540} INFO - Filling up the DagBag from /opt/airflow/dags/email_dag.py
[2024-05-08T05:00:40.001+0000] {processor.py:840} INFO - DAG(s) 'emaildag' retrieved from /opt/airflow/dags/email_dag.py
[2024-05-08T05:00:40.056+0000] {logging_mixin.py:188} INFO - [2024-05-08T05:00:40.056+0000] {dag.py:3096} INFO - Sync 1 DAGs
[2024-05-08T05:00:40.119+0000] {logging_mixin.py:188} INFO - [2024-05-08T05:00:40.118+0000] {dag.py:3954} INFO - Setting next_dagrun for emaildag to 2024-05-07 01:30:00+00:00, run_after=2024-05-08 01:30:00+00:00
[2024-05-08T05:00:40.161+0000] {processor.py:183} INFO - Processing /opt/airflow/dags/email_dag.py took 0.281 seconds
[2024-05-08T05:01:10.736+0000] {processor.py:161} INFO - Started process (PID=743) to work on /opt/airflow/dags/email_dag.py
[2024-05-08T05:01:10.737+0000] {processor.py:830} INFO - Processing file /opt/airflow/dags/email_dag.py for tasks to queue
[2024-05-08T05:01:10.742+0000] {logging_mixin.py:188} INFO - [2024-05-08T05:01:10.741+0000] {dagbag.py:540} INFO - Filling up the DagBag from /opt/airflow/dags/email_dag.py
[2024-05-08T05:01:10.792+0000] {processor.py:840} INFO - DAG(s) 'emaildag' retrieved from /opt/airflow/dags/email_dag.py
[2024-05-08T05:01:10.836+0000] {logging_mixin.py:188} INFO - [2024-05-08T05:01:10.835+0000] {dag.py:3096} INFO - Sync 1 DAGs
[2024-05-08T05:01:10.882+0000] {logging_mixin.py:188} INFO - [2024-05-08T05:01:10.882+0000] {dag.py:3954} INFO - Setting next_dagrun for emaildag to 2024-05-07 01:30:00+00:00, run_after=2024-05-08 01:30:00+00:00
[2024-05-08T05:01:10.922+0000] {processor.py:183} INFO - Processing /opt/airflow/dags/email_dag.py took 0.203 seconds
[2024-05-08T05:01:41.431+0000] {processor.py:161} INFO - Started process (PID=769) to work on /opt/airflow/dags/email_dag.py
[2024-05-08T05:01:41.432+0000] {processor.py:830} INFO - Processing file /opt/airflow/dags/email_dag.py for tasks to queue
[2024-05-08T05:01:41.434+0000] {logging_mixin.py:188} INFO - [2024-05-08T05:01:41.433+0000] {dagbag.py:540} INFO - Filling up the DagBag from /opt/airflow/dags/email_dag.py
[2024-05-08T05:01:41.499+0000] {processor.py:840} INFO - DAG(s) 'emaildag' retrieved from /opt/airflow/dags/email_dag.py
[2024-05-08T05:01:41.544+0000] {logging_mixin.py:188} INFO - [2024-05-08T05:01:41.543+0000] {dag.py:3096} INFO - Sync 1 DAGs
[2024-05-08T05:01:41.591+0000] {logging_mixin.py:188} INFO - [2024-05-08T05:01:41.591+0000] {dag.py:3954} INFO - Setting next_dagrun for emaildag to 2024-05-07 01:30:00+00:00, run_after=2024-05-08 01:30:00+00:00
[2024-05-08T05:01:41.628+0000] {processor.py:183} INFO - Processing /opt/airflow/dags/email_dag.py took 0.215 seconds
[2024-05-08T05:02:12.085+0000] {processor.py:161} INFO - Started process (PID=795) to work on /opt/airflow/dags/email_dag.py
[2024-05-08T05:02:12.087+0000] {processor.py:830} INFO - Processing file /opt/airflow/dags/email_dag.py for tasks to queue
[2024-05-08T05:02:12.089+0000] {logging_mixin.py:188} INFO - [2024-05-08T05:02:12.088+0000] {dagbag.py:540} INFO - Filling up the DagBag from /opt/airflow/dags/email_dag.py
[2024-05-08T05:02:12.146+0000] {processor.py:840} INFO - DAG(s) 'emaildag' retrieved from /opt/airflow/dags/email_dag.py
[2024-05-08T05:02:12.206+0000] {logging_mixin.py:188} INFO - [2024-05-08T05:02:12.205+0000] {dag.py:3096} INFO - Sync 1 DAGs
[2024-05-08T05:02:12.260+0000] {logging_mixin.py:188} INFO - [2024-05-08T05:02:12.260+0000] {dag.py:3954} INFO - Setting next_dagrun for emaildag to 2024-05-07 01:30:00+00:00, run_after=2024-05-08 01:30:00+00:00
[2024-05-08T05:02:12.333+0000] {processor.py:183} INFO - Processing /opt/airflow/dags/email_dag.py took 0.266 seconds
[2024-05-08T05:02:42.926+0000] {processor.py:161} INFO - Started process (PID=821) to work on /opt/airflow/dags/email_dag.py
[2024-05-08T05:02:42.928+0000] {processor.py:830} INFO - Processing file /opt/airflow/dags/email_dag.py for tasks to queue
[2024-05-08T05:02:42.931+0000] {logging_mixin.py:188} INFO - [2024-05-08T05:02:42.930+0000] {dagbag.py:540} INFO - Filling up the DagBag from /opt/airflow/dags/email_dag.py
[2024-05-08T05:02:42.984+0000] {processor.py:840} INFO - DAG(s) 'emaildag' retrieved from /opt/airflow/dags/email_dag.py
[2024-05-08T05:02:43.026+0000] {logging_mixin.py:188} INFO - [2024-05-08T05:02:43.025+0000] {dag.py:3096} INFO - Sync 1 DAGs
[2024-05-08T05:02:43.067+0000] {logging_mixin.py:188} INFO - [2024-05-08T05:02:43.066+0000] {dag.py:3954} INFO - Setting next_dagrun for emaildag to 2024-05-07 01:30:00+00:00, run_after=2024-05-08 01:30:00+00:00
[2024-05-08T05:02:43.101+0000] {processor.py:183} INFO - Processing /opt/airflow/dags/email_dag.py took 0.189 seconds
[2024-05-08T05:03:14.217+0000] {processor.py:161} INFO - Started process (PID=846) to work on /opt/airflow/dags/email_dag.py
[2024-05-08T05:03:14.227+0000] {processor.py:830} INFO - Processing file /opt/airflow/dags/email_dag.py for tasks to queue
[2024-05-08T05:03:14.243+0000] {logging_mixin.py:188} INFO - [2024-05-08T05:03:14.235+0000] {dagbag.py:540} INFO - Filling up the DagBag from /opt/airflow/dags/email_dag.py
[2024-05-08T05:03:14.518+0000] {processor.py:840} INFO - DAG(s) 'emaildag' retrieved from /opt/airflow/dags/email_dag.py
[2024-05-08T05:03:14.714+0000] {logging_mixin.py:188} INFO - [2024-05-08T05:03:14.713+0000] {dag.py:3096} INFO - Sync 1 DAGs
[2024-05-08T05:03:14.825+0000] {logging_mixin.py:188} INFO - [2024-05-08T05:03:14.824+0000] {dag.py:3954} INFO - Setting next_dagrun for emaildag to 2024-05-07 01:30:00+00:00, run_after=2024-05-08 01:30:00+00:00
[2024-05-08T05:03:14.886+0000] {processor.py:183} INFO - Processing /opt/airflow/dags/email_dag.py took 0.913 seconds
