[2024-05-18T13:43:06.897+0000] {local_task_job_runner.py:120} INFO - ::group::Pre task execution logs
[2024-05-18T13:43:06.925+0000] {taskinstance.py:2073} INFO - Dependencies all met for dep_context=non-requeueable deps ti=<TaskInstance: extenso_assignment.final_df scheduled__2024-03-14T00:00:00+00:00 [queued]>
[2024-05-18T13:43:06.933+0000] {taskinstance.py:2073} INFO - Dependencies all met for dep_context=requeueable deps ti=<TaskInstance: extenso_assignment.final_df scheduled__2024-03-14T00:00:00+00:00 [queued]>
[2024-05-18T13:43:06.934+0000] {taskinstance.py:2303} INFO - Starting attempt 1 of 1
[2024-05-18T13:43:06.959+0000] {taskinstance.py:2327} INFO - Executing <Task(PythonOperator): final_df> on 2024-03-14 00:00:00+00:00
[2024-05-18T13:43:06.985+0000] {logging_mixin.py:188} WARNING - /home/***/.local/lib/python3.12/site-packages/***/task/task_runner/standard_task_runner.py:61 DeprecationWarning: This process (pid=1203) is multi-threaded, use of fork() may lead to deadlocks in the child.
[2024-05-18T13:43:06.973+0000] {standard_task_runner.py:90} INFO - Running: ['***', 'tasks', 'run', 'extenso_assignment', 'final_df', 'scheduled__2024-03-14T00:00:00+00:00', '--job-id', '64', '--raw', '--subdir', 'DAGS_FOLDER/dump_load_dag.py', '--cfg-path', '/tmp/tmpgawx6_0p']
[2024-05-18T13:43:06.987+0000] {standard_task_runner.py:63} INFO - Started process 1205 to run task
[2024-05-18T13:43:06.987+0000] {standard_task_runner.py:91} INFO - Job 64: Subtask final_df
[2024-05-18T13:43:07.068+0000] {task_command.py:426} INFO - Running <TaskInstance: extenso_assignment.final_df scheduled__2024-03-14T00:00:00+00:00 [running]> on host bf3113c643bb
[2024-05-18T13:43:07.181+0000] {taskinstance.py:2644} INFO - Exporting env vars: AIRFLOW_CTX_DAG_OWNER='***' AIRFLOW_CTX_DAG_ID='extenso_assignment' AIRFLOW_CTX_TASK_ID='final_df' AIRFLOW_CTX_EXECUTION_DATE='2024-03-14T00:00:00+00:00' AIRFLOW_CTX_TRY_NUMBER='1' AIRFLOW_CTX_DAG_RUN_ID='scheduled__2024-03-14T00:00:00+00:00'
[2024-05-18T13:43:07.182+0000] {taskinstance.py:430} INFO - ::endgroup::
[2024-05-18T13:43:07.274+0000] {python.py:237} INFO - Done. Returned value was: None
[2024-05-18T13:43:07.275+0000] {taskinstance.py:441} INFO - ::group::Post task execution logs
[2024-05-18T13:43:07.285+0000] {taskinstance.py:1205} INFO - Marking task as SUCCESS. dag_id=extenso_assignment, task_id=final_df, execution_date=20240314T000000, start_date=20240518T134306, end_date=20240518T134307
[2024-05-18T13:43:07.337+0000] {local_task_job_runner.py:240} INFO - Task exited with return code 0
[2024-05-18T13:43:07.382+0000] {taskinstance.py:3482} INFO - 0 downstream tasks scheduled from follow-on schedule check
[2024-05-18T13:43:07.387+0000] {local_task_job_runner.py:222} INFO - ::endgroup::
[2024-05-25T05:57:06.628+0000] {local_task_job_runner.py:120} INFO - ::group::Pre task execution logs
[2024-05-25T05:57:06.673+0000] {taskinstance.py:2073} INFO - Dependencies all met for dep_context=non-requeueable deps ti=<TaskInstance: extenso_assignment.final_df scheduled__2024-03-14T00:00:00+00:00 [queued]>
[2024-05-25T05:57:06.700+0000] {taskinstance.py:2073} INFO - Dependencies all met for dep_context=requeueable deps ti=<TaskInstance: extenso_assignment.final_df scheduled__2024-03-14T00:00:00+00:00 [queued]>
[2024-05-25T05:57:06.701+0000] {taskinstance.py:2303} INFO - Starting attempt 1 of 1
[2024-05-25T05:57:06.745+0000] {taskinstance.py:2327} INFO - Executing <Task(PythonOperator): final_df> on 2024-03-14 00:00:00+00:00
[2024-05-25T05:57:06.769+0000] {standard_task_runner.py:90} INFO - Running: ['***', 'tasks', 'run', 'extenso_assignment', 'final_df', 'scheduled__2024-03-14T00:00:00+00:00', '--job-id', '80', '--raw', '--subdir', 'DAGS_FOLDER/dump_load_dag.py', '--cfg-path', '/tmp/tmppuzo132s']
[2024-05-25T05:57:06.783+0000] {standard_task_runner.py:91} INFO - Job 80: Subtask final_df
[2024-05-25T05:57:06.786+0000] {logging_mixin.py:188} WARNING - /home/***/.local/lib/python3.12/site-packages/***/task/task_runner/standard_task_runner.py:61 DeprecationWarning: This process (pid=191) is multi-threaded, use of fork() may lead to deadlocks in the child.
[2024-05-25T05:57:06.788+0000] {standard_task_runner.py:63} INFO - Started process 193 to run task
[2024-05-25T05:57:06.873+0000] {task_command.py:426} INFO - Running <TaskInstance: extenso_assignment.final_df scheduled__2024-03-14T00:00:00+00:00 [running]> on host ac70a22c4bcc
[2024-05-25T05:57:06.994+0000] {taskinstance.py:2644} INFO - Exporting env vars: AIRFLOW_CTX_DAG_OWNER='***' AIRFLOW_CTX_DAG_ID='extenso_assignment' AIRFLOW_CTX_TASK_ID='final_df' AIRFLOW_CTX_EXECUTION_DATE='2024-03-14T00:00:00+00:00' AIRFLOW_CTX_TRY_NUMBER='1' AIRFLOW_CTX_DAG_RUN_ID='scheduled__2024-03-14T00:00:00+00:00'
[2024-05-25T05:57:06.996+0000] {taskinstance.py:430} INFO - ::endgroup::
[2024-05-25T05:57:07.098+0000] {python.py:237} INFO - Done. Returned value was: None
[2024-05-25T05:57:07.099+0000] {taskinstance.py:441} INFO - ::group::Post task execution logs
[2024-05-25T05:57:07.109+0000] {taskinstance.py:1205} INFO - Marking task as SUCCESS. dag_id=extenso_assignment, task_id=final_df, execution_date=20240314T000000, start_date=20240525T055706, end_date=20240525T055707
[2024-05-25T05:57:07.163+0000] {local_task_job_runner.py:240} INFO - Task exited with return code 0
[2024-05-25T05:57:07.181+0000] {taskinstance.py:3482} INFO - 0 downstream tasks scheduled from follow-on schedule check
[2024-05-25T05:57:07.193+0000] {local_task_job_runner.py:222} INFO - ::endgroup::
[2024-05-25T06:00:17.954+0000] {local_task_job_runner.py:120} INFO - ::group::Pre task execution logs
[2024-05-25T06:00:17.990+0000] {taskinstance.py:2073} INFO - Dependencies all met for dep_context=non-requeueable deps ti=<TaskInstance: extenso_assignment.final_df scheduled__2024-03-14T00:00:00+00:00 [queued]>
[2024-05-25T06:00:17.999+0000] {taskinstance.py:2073} INFO - Dependencies all met for dep_context=requeueable deps ti=<TaskInstance: extenso_assignment.final_df scheduled__2024-03-14T00:00:00+00:00 [queued]>
[2024-05-25T06:00:18.000+0000] {taskinstance.py:2303} INFO - Starting attempt 1 of 1
[2024-05-25T06:00:18.014+0000] {taskinstance.py:2327} INFO - Executing <Task(PythonOperator): final_df> on 2024-03-14 00:00:00+00:00
[2024-05-25T06:00:18.029+0000] {standard_task_runner.py:90} INFO - Running: ['***', 'tasks', 'run', 'extenso_assignment', 'final_df', 'scheduled__2024-03-14T00:00:00+00:00', '--job-id', '82', '--raw', '--subdir', 'DAGS_FOLDER/dump_load_dag.py', '--cfg-path', '/tmp/tmp6i4v6_n3']
[2024-05-25T06:00:18.032+0000] {standard_task_runner.py:91} INFO - Job 82: Subtask final_df
[2024-05-25T06:00:18.032+0000] {logging_mixin.py:188} WARNING - /home/***/.local/lib/python3.12/site-packages/***/task/task_runner/standard_task_runner.py:61 DeprecationWarning: This process (pid=342) is multi-threaded, use of fork() may lead to deadlocks in the child.
[2024-05-25T06:00:18.034+0000] {standard_task_runner.py:63} INFO - Started process 344 to run task
[2024-05-25T06:00:18.090+0000] {task_command.py:426} INFO - Running <TaskInstance: extenso_assignment.final_df scheduled__2024-03-14T00:00:00+00:00 [running]> on host ac70a22c4bcc
[2024-05-25T06:00:18.247+0000] {taskinstance.py:2644} INFO - Exporting env vars: AIRFLOW_CTX_DAG_OWNER='***' AIRFLOW_CTX_DAG_ID='extenso_assignment' AIRFLOW_CTX_TASK_ID='final_df' AIRFLOW_CTX_EXECUTION_DATE='2024-03-14T00:00:00+00:00' AIRFLOW_CTX_TRY_NUMBER='1' AIRFLOW_CTX_DAG_RUN_ID='scheduled__2024-03-14T00:00:00+00:00'
[2024-05-25T06:00:18.252+0000] {taskinstance.py:430} INFO - ::endgroup::
[2024-05-25T06:00:18.374+0000] {python.py:237} INFO - Done. Returned value was: None
[2024-05-25T06:00:18.375+0000] {taskinstance.py:441} INFO - ::group::Post task execution logs
[2024-05-25T06:00:18.386+0000] {taskinstance.py:1205} INFO - Marking task as SUCCESS. dag_id=extenso_assignment, task_id=final_df, execution_date=20240314T000000, start_date=20240525T060017, end_date=20240525T060018
[2024-05-25T06:00:18.410+0000] {local_task_job_runner.py:240} INFO - Task exited with return code 0
[2024-05-25T06:00:18.431+0000] {taskinstance.py:3482} INFO - 0 downstream tasks scheduled from follow-on schedule check
[2024-05-25T06:00:18.433+0000] {local_task_job_runner.py:222} INFO - ::endgroup::
[2024-05-25T06:24:07.344+0000] {local_task_job_runner.py:120} INFO - ::group::Pre task execution logs
[2024-05-25T06:24:07.486+0000] {taskinstance.py:2073} INFO - Dependencies all met for dep_context=non-requeueable deps ti=<TaskInstance: extenso_assignment.final_df scheduled__2024-03-14T00:00:00+00:00 [queued]>
[2024-05-25T06:24:07.511+0000] {taskinstance.py:2073} INFO - Dependencies all met for dep_context=requeueable deps ti=<TaskInstance: extenso_assignment.final_df scheduled__2024-03-14T00:00:00+00:00 [queued]>
[2024-05-25T06:24:07.512+0000] {taskinstance.py:2303} INFO - Starting attempt 1 of 1
[2024-05-25T06:24:07.535+0000] {taskinstance.py:2327} INFO - Executing <Task(PythonOperator): final_df> on 2024-03-14 00:00:00+00:00
[2024-05-25T06:24:07.553+0000] {standard_task_runner.py:90} INFO - Running: ['***', 'tasks', 'run', 'extenso_assignment', 'final_df', 'scheduled__2024-03-14T00:00:00+00:00', '--job-id', '86', '--raw', '--subdir', 'DAGS_FOLDER/dump_load_dag.py', '--cfg-path', '/tmp/tmpird87feg']
[2024-05-25T06:24:07.559+0000] {standard_task_runner.py:91} INFO - Job 86: Subtask final_df
[2024-05-25T06:24:07.561+0000] {logging_mixin.py:188} WARNING - /home/***/.local/lib/python3.12/site-packages/***/task/task_runner/standard_task_runner.py:61 DeprecationWarning: This process (pid=216) is multi-threaded, use of fork() may lead to deadlocks in the child.
[2024-05-25T06:24:07.563+0000] {standard_task_runner.py:63} INFO - Started process 218 to run task
[2024-05-25T06:24:07.653+0000] {task_command.py:426} INFO - Running <TaskInstance: extenso_assignment.final_df scheduled__2024-03-14T00:00:00+00:00 [running]> on host ac70a22c4bcc
[2024-05-25T06:24:07.809+0000] {taskinstance.py:2644} INFO - Exporting env vars: AIRFLOW_CTX_DAG_OWNER='***' AIRFLOW_CTX_DAG_ID='extenso_assignment' AIRFLOW_CTX_TASK_ID='final_df' AIRFLOW_CTX_EXECUTION_DATE='2024-03-14T00:00:00+00:00' AIRFLOW_CTX_TRY_NUMBER='1' AIRFLOW_CTX_DAG_RUN_ID='scheduled__2024-03-14T00:00:00+00:00'
[2024-05-25T06:24:07.812+0000] {taskinstance.py:430} INFO - ::endgroup::
[2024-05-25T06:24:08.064+0000] {python.py:237} INFO - Done. Returned value was: None
[2024-05-25T06:24:08.066+0000] {taskinstance.py:441} INFO - ::group::Post task execution logs
[2024-05-25T06:24:08.082+0000] {taskinstance.py:1205} INFO - Marking task as SUCCESS. dag_id=extenso_assignment, task_id=final_df, execution_date=20240314T000000, start_date=20240525T062407, end_date=20240525T062408
[2024-05-25T06:24:08.141+0000] {local_task_job_runner.py:240} INFO - Task exited with return code 0
[2024-05-25T06:24:08.179+0000] {taskinstance.py:3482} INFO - 0 downstream tasks scheduled from follow-on schedule check
[2024-05-25T06:24:08.183+0000] {local_task_job_runner.py:222} INFO - ::endgroup::
[2024-05-25T06:42:06.152+0000] {local_task_job_runner.py:120} INFO - ::group::Pre task execution logs
[2024-05-25T06:42:06.189+0000] {taskinstance.py:2073} INFO - Dependencies all met for dep_context=non-requeueable deps ti=<TaskInstance: extenso_assignment.final_df scheduled__2024-03-14T00:00:00+00:00 [queued]>
[2024-05-25T06:42:06.200+0000] {taskinstance.py:2073} INFO - Dependencies all met for dep_context=requeueable deps ti=<TaskInstance: extenso_assignment.final_df scheduled__2024-03-14T00:00:00+00:00 [queued]>
[2024-05-25T06:42:06.200+0000] {taskinstance.py:2303} INFO - Starting attempt 1 of 1
[2024-05-25T06:42:06.217+0000] {taskinstance.py:2327} INFO - Executing <Task(PythonOperator): final_df> on 2024-03-14 00:00:00+00:00
[2024-05-25T06:42:06.229+0000] {standard_task_runner.py:90} INFO - Running: ['***', 'tasks', 'run', 'extenso_assignment', 'final_df', 'scheduled__2024-03-14T00:00:00+00:00', '--job-id', '90', '--raw', '--subdir', 'DAGS_FOLDER/dump_load_dag.py', '--cfg-path', '/tmp/tmp_42znxrc']
[2024-05-25T06:42:06.233+0000] {standard_task_runner.py:91} INFO - Job 90: Subtask final_df
[2024-05-25T06:42:06.234+0000] {logging_mixin.py:188} WARNING - /home/***/.local/lib/python3.12/site-packages/***/task/task_runner/standard_task_runner.py:61 DeprecationWarning: This process (pid=216) is multi-threaded, use of fork() may lead to deadlocks in the child.
[2024-05-25T06:42:06.235+0000] {standard_task_runner.py:63} INFO - Started process 218 to run task
[2024-05-25T06:42:06.298+0000] {task_command.py:426} INFO - Running <TaskInstance: extenso_assignment.final_df scheduled__2024-03-14T00:00:00+00:00 [running]> on host ac70a22c4bcc
[2024-05-25T06:42:06.408+0000] {taskinstance.py:2644} INFO - Exporting env vars: AIRFLOW_CTX_DAG_OWNER='***' AIRFLOW_CTX_DAG_ID='extenso_assignment' AIRFLOW_CTX_TASK_ID='final_df' AIRFLOW_CTX_EXECUTION_DATE='2024-03-14T00:00:00+00:00' AIRFLOW_CTX_TRY_NUMBER='1' AIRFLOW_CTX_DAG_RUN_ID='scheduled__2024-03-14T00:00:00+00:00'
[2024-05-25T06:42:06.411+0000] {taskinstance.py:430} INFO - ::endgroup::
[2024-05-25T06:42:06.545+0000] {python.py:237} INFO - Done. Returned value was: None
[2024-05-25T06:42:06.547+0000] {taskinstance.py:441} INFO - ::group::Post task execution logs
[2024-05-25T06:42:06.561+0000] {taskinstance.py:1205} INFO - Marking task as SUCCESS. dag_id=extenso_assignment, task_id=final_df, execution_date=20240314T000000, start_date=20240525T064206, end_date=20240525T064206
[2024-05-25T06:42:06.611+0000] {local_task_job_runner.py:240} INFO - Task exited with return code 0
[2024-05-25T06:42:06.665+0000] {taskinstance.py:3482} INFO - 0 downstream tasks scheduled from follow-on schedule check
[2024-05-25T06:42:06.670+0000] {local_task_job_runner.py:222} INFO - ::endgroup::
[2024-05-25T06:46:00.227+0000] {local_task_job_runner.py:120} INFO - ::group::Pre task execution logs
[2024-05-25T06:46:00.642+0000] {taskinstance.py:2073} INFO - Dependencies all met for dep_context=non-requeueable deps ti=<TaskInstance: extenso_assignment.final_df scheduled__2024-03-14T00:00:00+00:00 [queued]>
[2024-05-25T06:46:00.682+0000] {taskinstance.py:2073} INFO - Dependencies all met for dep_context=requeueable deps ti=<TaskInstance: extenso_assignment.final_df scheduled__2024-03-14T00:00:00+00:00 [queued]>
[2024-05-25T06:46:00.683+0000] {taskinstance.py:2303} INFO - Starting attempt 1 of 1
[2024-05-25T06:46:00.743+0000] {taskinstance.py:2327} INFO - Executing <Task(PythonOperator): final_df> on 2024-03-14 00:00:00+00:00
[2024-05-25T06:46:00.810+0000] {logging_mixin.py:188} WARNING - /home/***/.local/lib/python3.12/site-packages/***/task/task_runner/standard_task_runner.py:61 DeprecationWarning: This process (pid=397) is multi-threaded, use of fork() may lead to deadlocks in the child.
[2024-05-25T06:46:00.800+0000] {standard_task_runner.py:90} INFO - Running: ['***', 'tasks', 'run', 'extenso_assignment', 'final_df', 'scheduled__2024-03-14T00:00:00+00:00', '--job-id', '92', '--raw', '--subdir', 'DAGS_FOLDER/dump_load_dag.py', '--cfg-path', '/tmp/tmpj3bu7a69']
[2024-05-25T06:46:00.814+0000] {standard_task_runner.py:63} INFO - Started process 399 to run task
[2024-05-25T06:46:00.817+0000] {standard_task_runner.py:91} INFO - Job 92: Subtask final_df
[2024-05-25T06:46:01.240+0000] {task_command.py:426} INFO - Running <TaskInstance: extenso_assignment.final_df scheduled__2024-03-14T00:00:00+00:00 [running]> on host ac70a22c4bcc
[2024-05-25T06:46:01.733+0000] {taskinstance.py:2644} INFO - Exporting env vars: AIRFLOW_CTX_DAG_OWNER='***' AIRFLOW_CTX_DAG_ID='extenso_assignment' AIRFLOW_CTX_TASK_ID='final_df' AIRFLOW_CTX_EXECUTION_DATE='2024-03-14T00:00:00+00:00' AIRFLOW_CTX_TRY_NUMBER='1' AIRFLOW_CTX_DAG_RUN_ID='scheduled__2024-03-14T00:00:00+00:00'
[2024-05-25T06:46:01.741+0000] {taskinstance.py:430} INFO - ::endgroup::
[2024-05-25T06:46:02.208+0000] {python.py:237} INFO - Done. Returned value was: None
[2024-05-25T06:46:02.212+0000] {taskinstance.py:441} INFO - ::group::Post task execution logs
[2024-05-25T06:46:02.260+0000] {taskinstance.py:1205} INFO - Marking task as SUCCESS. dag_id=extenso_assignment, task_id=final_df, execution_date=20240314T000000, start_date=20240525T064600, end_date=20240525T064602
[2024-05-25T06:46:02.343+0000] {local_task_job_runner.py:240} INFO - Task exited with return code 0
[2024-05-25T06:46:02.403+0000] {taskinstance.py:3482} INFO - 0 downstream tasks scheduled from follow-on schedule check
[2024-05-25T06:46:02.569+0000] {local_task_job_runner.py:222} INFO - ::endgroup::
[2024-05-25T06:50:44.989+0000] {local_task_job_runner.py:120} INFO - ::group::Pre task execution logs
[2024-05-25T06:50:45.033+0000] {taskinstance.py:2073} INFO - Dependencies all met for dep_context=non-requeueable deps ti=<TaskInstance: extenso_assignment.final_df scheduled__2024-03-14T00:00:00+00:00 [queued]>
[2024-05-25T06:50:45.045+0000] {taskinstance.py:2073} INFO - Dependencies all met for dep_context=requeueable deps ti=<TaskInstance: extenso_assignment.final_df scheduled__2024-03-14T00:00:00+00:00 [queued]>
[2024-05-25T06:50:45.045+0000] {taskinstance.py:2303} INFO - Starting attempt 1 of 1
[2024-05-25T06:50:45.065+0000] {taskinstance.py:2327} INFO - Executing <Task(PythonOperator): final_df> on 2024-03-14 00:00:00+00:00
[2024-05-25T06:50:45.080+0000] {standard_task_runner.py:90} INFO - Running: ['***', 'tasks', 'run', 'extenso_assignment', 'final_df', 'scheduled__2024-03-14T00:00:00+00:00', '--job-id', '96', '--raw', '--subdir', 'DAGS_FOLDER/dump_load_dag.py', '--cfg-path', '/tmp/tmpi6fg_x8c']
[2024-05-25T06:50:45.089+0000] {logging_mixin.py:188} WARNING - /home/***/.local/lib/python3.12/site-packages/***/task/task_runner/standard_task_runner.py:61 DeprecationWarning: This process (pid=270) is multi-threaded, use of fork() may lead to deadlocks in the child.
[2024-05-25T06:50:45.090+0000] {standard_task_runner.py:91} INFO - Job 96: Subtask final_df
[2024-05-25T06:50:45.090+0000] {standard_task_runner.py:63} INFO - Started process 272 to run task
[2024-05-25T06:50:45.224+0000] {task_command.py:426} INFO - Running <TaskInstance: extenso_assignment.final_df scheduled__2024-03-14T00:00:00+00:00 [running]> on host 4e7358bfc2cd
[2024-05-25T06:50:45.416+0000] {taskinstance.py:2644} INFO - Exporting env vars: AIRFLOW_CTX_DAG_OWNER='***' AIRFLOW_CTX_DAG_ID='extenso_assignment' AIRFLOW_CTX_TASK_ID='final_df' AIRFLOW_CTX_EXECUTION_DATE='2024-03-14T00:00:00+00:00' AIRFLOW_CTX_TRY_NUMBER='1' AIRFLOW_CTX_DAG_RUN_ID='scheduled__2024-03-14T00:00:00+00:00'
[2024-05-25T06:50:45.422+0000] {taskinstance.py:430} INFO - ::endgroup::
[2024-05-25T06:50:45.629+0000] {python.py:237} INFO - Done. Returned value was: None
[2024-05-25T06:50:45.631+0000] {taskinstance.py:441} INFO - ::group::Post task execution logs
[2024-05-25T06:50:45.648+0000] {taskinstance.py:1205} INFO - Marking task as SUCCESS. dag_id=extenso_assignment, task_id=final_df, execution_date=20240314T000000, start_date=20240525T065045, end_date=20240525T065045
[2024-05-25T06:50:45.715+0000] {local_task_job_runner.py:240} INFO - Task exited with return code 0
[2024-05-25T06:50:45.749+0000] {taskinstance.py:3482} INFO - 0 downstream tasks scheduled from follow-on schedule check
[2024-05-25T06:50:45.756+0000] {local_task_job_runner.py:222} INFO - ::endgroup::
