[2024-05-25T05:37:25.636+0000] {processor.py:161} INFO - Started process (PID=177) to work on /opt/airflow/dags/dump_load_dag.py
[2024-05-25T05:37:25.637+0000] {processor.py:830} INFO - Processing file /opt/airflow/dags/dump_load_dag.py for tasks to queue
[2024-05-25T05:37:25.639+0000] {logging_mixin.py:188} INFO - [2024-05-25T05:37:25.638+0000] {dagbag.py:540} INFO - Filling up the DagBag from /opt/airflow/dags/dump_load_dag.py
[2024-05-25T05:37:26.419+0000] {processor.py:840} INFO - DAG(s) 'extenso_assignment' retrieved from /opt/airflow/dags/dump_load_dag.py
[2024-05-25T05:37:26.650+0000] {logging_mixin.py:188} INFO - [2024-05-25T05:37:26.649+0000] {dag.py:3096} INFO - Sync 1 DAGs
[2024-05-25T05:37:26.677+0000] {logging_mixin.py:188} INFO - [2024-05-25T05:37:26.677+0000] {dag.py:3954} INFO - Setting next_dagrun for extenso_assignment to None, run_after=None
[2024-05-25T05:37:26.714+0000] {processor.py:183} INFO - Processing /opt/airflow/dags/dump_load_dag.py took 1.089 seconds
[2024-05-25T05:37:56.872+0000] {processor.py:161} INFO - Started process (PID=201) to work on /opt/airflow/dags/dump_load_dag.py
[2024-05-25T05:37:56.873+0000] {processor.py:830} INFO - Processing file /opt/airflow/dags/dump_load_dag.py for tasks to queue
[2024-05-25T05:37:56.874+0000] {logging_mixin.py:188} INFO - [2024-05-25T05:37:56.874+0000] {dagbag.py:540} INFO - Filling up the DagBag from /opt/airflow/dags/dump_load_dag.py
[2024-05-25T05:37:57.618+0000] {processor.py:840} INFO - DAG(s) 'extenso_assignment' retrieved from /opt/airflow/dags/dump_load_dag.py
[2024-05-25T05:37:57.658+0000] {logging_mixin.py:188} INFO - [2024-05-25T05:37:57.657+0000] {dag.py:3096} INFO - Sync 1 DAGs
[2024-05-25T05:37:57.768+0000] {logging_mixin.py:188} INFO - [2024-05-25T05:37:57.768+0000] {dag.py:3954} INFO - Setting next_dagrun for extenso_assignment to None, run_after=None
[2024-05-25T05:37:57.830+0000] {processor.py:183} INFO - Processing /opt/airflow/dags/dump_load_dag.py took 0.969 seconds
[2024-05-25T05:38:28.849+0000] {processor.py:161} INFO - Started process (PID=229) to work on /opt/airflow/dags/dump_load_dag.py
[2024-05-25T05:38:28.858+0000] {processor.py:830} INFO - Processing file /opt/airflow/dags/dump_load_dag.py for tasks to queue
[2024-05-25T05:38:28.861+0000] {logging_mixin.py:188} INFO - [2024-05-25T05:38:28.860+0000] {dagbag.py:540} INFO - Filling up the DagBag from /opt/airflow/dags/dump_load_dag.py
[2024-05-25T05:38:29.950+0000] {processor.py:840} INFO - DAG(s) 'extenso_assignment' retrieved from /opt/airflow/dags/dump_load_dag.py
[2024-05-25T05:38:29.973+0000] {logging_mixin.py:188} INFO - [2024-05-25T05:38:29.973+0000] {dag.py:3096} INFO - Sync 1 DAGs
[2024-05-25T05:38:30.052+0000] {logging_mixin.py:188} INFO - [2024-05-25T05:38:30.052+0000] {dag.py:3954} INFO - Setting next_dagrun for extenso_assignment to None, run_after=None
[2024-05-25T05:38:30.124+0000] {processor.py:183} INFO - Processing /opt/airflow/dags/dump_load_dag.py took 1.319 seconds
[2024-05-25T10:40:22.907+0000] {processor.py:161} INFO - Started process (PID=187) to work on /opt/airflow/dags/dump_load_dag.py
[2024-05-25T10:40:22.909+0000] {processor.py:830} INFO - Processing file /opt/airflow/dags/dump_load_dag.py for tasks to queue
[2024-05-25T10:40:22.910+0000] {logging_mixin.py:188} INFO - [2024-05-25T10:40:22.910+0000] {dagbag.py:540} INFO - Filling up the DagBag from /opt/airflow/dags/dump_load_dag.py
[2024-05-25T10:40:24.248+0000] {processor.py:840} INFO - DAG(s) 'extenso_assignment' retrieved from /opt/airflow/dags/dump_load_dag.py
[2024-05-25T10:40:24.737+0000] {logging_mixin.py:188} INFO - [2024-05-25T10:40:24.736+0000] {dag.py:3096} INFO - Sync 1 DAGs
[2024-05-25T10:40:24.780+0000] {logging_mixin.py:188} INFO - [2024-05-25T10:40:24.780+0000] {dag.py:3954} INFO - Setting next_dagrun for extenso_assignment to None, run_after=None
[2024-05-25T10:40:24.817+0000] {processor.py:183} INFO - Processing /opt/airflow/dags/dump_load_dag.py took 1.920 seconds
