[2024-05-18T03:19:54.477+0000] {local_task_job_runner.py:120} INFO - ::group::Pre task execution logs
[2024-05-18T03:19:54.821+0000] {taskinstance.py:2073} INFO - Dependencies all met for dep_context=non-requeueable deps ti=<TaskInstance: mysql_table_dump.mysql_table_dump_task1 scheduled__2024-03-14T00:00:00+00:00 [queued]>
[2024-05-18T03:19:54.858+0000] {taskinstance.py:2073} INFO - Dependencies all met for dep_context=requeueable deps ti=<TaskInstance: mysql_table_dump.mysql_table_dump_task1 scheduled__2024-03-14T00:00:00+00:00 [queued]>
[2024-05-18T03:19:54.858+0000] {taskinstance.py:2303} INFO - Starting attempt 1 of 1
[2024-05-18T03:19:55.019+0000] {taskinstance.py:2327} INFO - Executing <Task(BashOperator): mysql_table_dump_task1> on 2024-03-14 00:00:00+00:00
[2024-05-18T03:19:55.084+0000] {standard_task_runner.py:90} INFO - Running: ['***', 'tasks', 'run', 'mysql_table_dump', 'mysql_table_dump_task1', 'scheduled__2024-03-14T00:00:00+00:00', '--job-id', '6', '--raw', '--subdir', 'DAGS_FOLDER/dump_load_dag.py', '--cfg-path', '/tmp/tmp0moqapsj']
[2024-05-18T03:19:55.141+0000] {standard_task_runner.py:91} INFO - Job 6: Subtask mysql_table_dump_task1
[2024-05-18T03:19:55.163+0000] {logging_mixin.py:188} WARNING - /home/***/.local/lib/python3.12/site-packages/***/task/task_runner/standard_task_runner.py:61 DeprecationWarning: This process (pid=914) is multi-threaded, use of fork() may lead to deadlocks in the child.
[2024-05-18T03:19:55.168+0000] {standard_task_runner.py:63} INFO - Started process 915 to run task
[2024-05-18T03:19:55.493+0000] {task_command.py:426} INFO - Running <TaskInstance: mysql_table_dump.mysql_table_dump_task1 scheduled__2024-03-14T00:00:00+00:00 [running]> on host 5ada75338b80
[2024-05-18T03:19:55.791+0000] {taskinstance.py:2644} INFO - Exporting env vars: AIRFLOW_CTX_DAG_OWNER='***' AIRFLOW_CTX_DAG_ID='mysql_table_dump' AIRFLOW_CTX_TASK_ID='mysql_table_dump_task1' AIRFLOW_CTX_EXECUTION_DATE='2024-03-14T00:00:00+00:00' AIRFLOW_CTX_TRY_NUMBER='1' AIRFLOW_CTX_DAG_RUN_ID='scheduled__2024-03-14T00:00:00+00:00'
[2024-05-18T03:19:55.794+0000] {taskinstance.py:430} INFO - ::endgroup::
[2024-05-18T03:19:55.883+0000] {subprocess.py:63} INFO - Tmp dir root location: /tmp
[2024-05-18T03:19:55.893+0000] {subprocess.py:75} INFO - Running command: ['/usr/bin/bash', '-c', 'mysqldump -u root -proot -h host.docker.internal -P 3306 extenso_assignment product_category > /opt/***/dags/product_category.sql 2>/opt/***/dags/dump_error.log']
[2024-05-18T03:19:55.917+0000] {subprocess.py:86} INFO - Output:
[2024-05-18T03:19:56.744+0000] {subprocess.py:97} INFO - Command exited with return code 0
[2024-05-18T03:19:56.748+0000] {taskinstance.py:441} INFO - ::group::Post task execution logs
[2024-05-18T03:19:56.812+0000] {taskinstance.py:1205} INFO - Marking task as SUCCESS. dag_id=mysql_table_dump, task_id=mysql_table_dump_task1, execution_date=20240314T000000, start_date=20240518T031954, end_date=20240518T031956
[2024-05-18T03:19:56.849+0000] {local_task_job_runner.py:240} INFO - Task exited with return code 0
[2024-05-18T03:19:56.897+0000] {taskinstance.py:3482} INFO - 1 downstream tasks scheduled from follow-on schedule check
[2024-05-18T03:19:56.899+0000] {local_task_job_runner.py:222} INFO - ::endgroup::
[2024-05-18T10:11:18.675+0000] {local_task_job_runner.py:120} INFO - ::group::Pre task execution logs
[2024-05-18T10:11:18.801+0000] {taskinstance.py:2073} INFO - Dependencies all met for dep_context=non-requeueable deps ti=<TaskInstance: mysql_table_dump.mysql_table_dump_task1 scheduled__2024-03-14T00:00:00+00:00 [queued]>
[2024-05-18T10:11:18.816+0000] {taskinstance.py:2073} INFO - Dependencies all met for dep_context=requeueable deps ti=<TaskInstance: mysql_table_dump.mysql_table_dump_task1 scheduled__2024-03-14T00:00:00+00:00 [queued]>
[2024-05-18T10:11:18.817+0000] {taskinstance.py:2303} INFO - Starting attempt 1 of 1
[2024-05-18T10:11:18.838+0000] {taskinstance.py:2327} INFO - Executing <Task(BashOperator): mysql_table_dump_task1> on 2024-03-14 00:00:00+00:00
[2024-05-18T10:11:18.849+0000] {standard_task_runner.py:90} INFO - Running: ['***', 'tasks', 'run', 'mysql_table_dump', 'mysql_table_dump_task1', 'scheduled__2024-03-14T00:00:00+00:00', '--job-id', '47', '--raw', '--subdir', 'DAGS_FOLDER/dump_load_dag.py', '--cfg-path', '/tmp/tmpshvrxvue']
[2024-05-18T10:11:18.851+0000] {standard_task_runner.py:91} INFO - Job 47: Subtask mysql_table_dump_task1
[2024-05-18T10:11:18.852+0000] {logging_mixin.py:188} WARNING - /home/***/.local/lib/python3.12/site-packages/***/task/task_runner/standard_task_runner.py:61 DeprecationWarning: This process (pid=367) is multi-threaded, use of fork() may lead to deadlocks in the child.
[2024-05-18T10:11:18.853+0000] {standard_task_runner.py:63} INFO - Started process 368 to run task
[2024-05-18T10:11:18.918+0000] {task_command.py:426} INFO - Running <TaskInstance: mysql_table_dump.mysql_table_dump_task1 scheduled__2024-03-14T00:00:00+00:00 [running]> on host 84791bb03867
[2024-05-18T10:11:19.079+0000] {taskinstance.py:2644} INFO - Exporting env vars: AIRFLOW_CTX_DAG_OWNER='***' AIRFLOW_CTX_DAG_ID='mysql_table_dump' AIRFLOW_CTX_TASK_ID='mysql_table_dump_task1' AIRFLOW_CTX_EXECUTION_DATE='2024-03-14T00:00:00+00:00' AIRFLOW_CTX_TRY_NUMBER='1' AIRFLOW_CTX_DAG_RUN_ID='scheduled__2024-03-14T00:00:00+00:00'
[2024-05-18T10:11:19.080+0000] {taskinstance.py:430} INFO - ::endgroup::
[2024-05-18T10:11:19.189+0000] {subprocess.py:63} INFO - Tmp dir root location: /tmp
[2024-05-18T10:11:19.194+0000] {subprocess.py:75} INFO - Running command: ['/usr/bin/bash', '-c', 'mysqldump -u root -proot -h host.docker.internal -P 3306 extenso_assignment product_category > /opt/***/dags/product_category.sql 2>/opt/***/dags/dump_error.log']
[2024-05-18T10:11:19.248+0000] {subprocess.py:86} INFO - Output:
[2024-05-18T10:11:19.804+0000] {subprocess.py:97} INFO - Command exited with return code 0
[2024-05-18T10:11:19.811+0000] {taskinstance.py:441} INFO - ::group::Post task execution logs
[2024-05-18T10:11:19.887+0000] {taskinstance.py:1205} INFO - Marking task as SUCCESS. dag_id=mysql_table_dump, task_id=mysql_table_dump_task1, execution_date=20240314T000000, start_date=20240518T101118, end_date=20240518T101119
[2024-05-18T10:11:19.960+0000] {local_task_job_runner.py:240} INFO - Task exited with return code 0
[2024-05-18T10:11:19.974+0000] {logging_mixin.py:188} WARNING - /home/***/.local/lib/python3.12/site-packages/***/models/baseoperator.py:1296 AirflowProviderDeprecationWarning: Call to deprecated class MySqlOperator. (Please use `***.providers.common.sql.operators.sql.SQLExecuteQueryOperator`.Also, you can provide `hook_params={'schema': <database>}`.)
[2024-05-18T10:11:20.017+0000] {taskinstance.py:3482} INFO - 1 downstream tasks scheduled from follow-on schedule check
[2024-05-18T10:11:20.019+0000] {local_task_job_runner.py:222} INFO - ::endgroup::
[2024-05-18T10:19:14.161+0000] {local_task_job_runner.py:120} INFO - ::group::Pre task execution logs
[2024-05-18T10:19:14.318+0000] {taskinstance.py:2073} INFO - Dependencies all met for dep_context=non-requeueable deps ti=<TaskInstance: mysql_table_dump.mysql_table_dump_task1 scheduled__2024-03-14T00:00:00+00:00 [queued]>
[2024-05-18T10:19:14.330+0000] {taskinstance.py:2073} INFO - Dependencies all met for dep_context=requeueable deps ti=<TaskInstance: mysql_table_dump.mysql_table_dump_task1 scheduled__2024-03-14T00:00:00+00:00 [queued]>
[2024-05-18T10:19:14.332+0000] {taskinstance.py:2303} INFO - Starting attempt 1 of 1
[2024-05-18T10:19:14.362+0000] {taskinstance.py:2327} INFO - Executing <Task(BashOperator): mysql_table_dump_task1> on 2024-03-14 00:00:00+00:00
[2024-05-18T10:19:14.399+0000] {standard_task_runner.py:90} INFO - Running: ['***', 'tasks', 'run', 'mysql_table_dump', 'mysql_table_dump_task1', 'scheduled__2024-03-14T00:00:00+00:00', '--job-id', '52', '--raw', '--subdir', 'DAGS_FOLDER/dump_load_dag.py', '--cfg-path', '/tmp/tmpa0qt5ah5']
[2024-05-18T10:19:14.405+0000] {standard_task_runner.py:91} INFO - Job 52: Subtask mysql_table_dump_task1
[2024-05-18T10:19:14.406+0000] {logging_mixin.py:188} WARNING - /home/***/.local/lib/python3.12/site-packages/***/task/task_runner/standard_task_runner.py:61 DeprecationWarning: This process (pid=586) is multi-threaded, use of fork() may lead to deadlocks in the child.
[2024-05-18T10:19:14.408+0000] {standard_task_runner.py:63} INFO - Started process 587 to run task
[2024-05-18T10:19:14.687+0000] {task_command.py:426} INFO - Running <TaskInstance: mysql_table_dump.mysql_table_dump_task1 scheduled__2024-03-14T00:00:00+00:00 [running]> on host 84791bb03867
[2024-05-18T10:19:15.038+0000] {taskinstance.py:2644} INFO - Exporting env vars: AIRFLOW_CTX_DAG_OWNER='***' AIRFLOW_CTX_DAG_ID='mysql_table_dump' AIRFLOW_CTX_TASK_ID='mysql_table_dump_task1' AIRFLOW_CTX_EXECUTION_DATE='2024-03-14T00:00:00+00:00' AIRFLOW_CTX_TRY_NUMBER='1' AIRFLOW_CTX_DAG_RUN_ID='scheduled__2024-03-14T00:00:00+00:00'
[2024-05-18T10:19:15.041+0000] {taskinstance.py:430} INFO - ::endgroup::
[2024-05-18T10:19:15.091+0000] {subprocess.py:63} INFO - Tmp dir root location: /tmp
[2024-05-18T10:19:15.098+0000] {subprocess.py:75} INFO - Running command: ['/usr/bin/bash', '-c', 'mysqldump -u root -proot -h host.docker.internal -P 3306 extenso_assignment product_category > /opt/***/dags/product_category.sql 2>/opt/***/dags/dump_error.log']
[2024-05-18T10:19:15.114+0000] {subprocess.py:86} INFO - Output:
[2024-05-18T10:19:15.739+0000] {subprocess.py:97} INFO - Command exited with return code 0
[2024-05-18T10:19:15.744+0000] {taskinstance.py:441} INFO - ::group::Post task execution logs
[2024-05-18T10:19:15.790+0000] {taskinstance.py:1205} INFO - Marking task as SUCCESS. dag_id=mysql_table_dump, task_id=mysql_table_dump_task1, execution_date=20240314T000000, start_date=20240518T101914, end_date=20240518T101915
[2024-05-18T10:19:15.872+0000] {local_task_job_runner.py:240} INFO - Task exited with return code 0
[2024-05-18T10:19:15.883+0000] {logging_mixin.py:188} WARNING - /home/***/.local/lib/python3.12/site-packages/***/models/baseoperator.py:1296 AirflowProviderDeprecationWarning: Call to deprecated class MySqlOperator. (Please use `***.providers.common.sql.operators.sql.SQLExecuteQueryOperator`.Also, you can provide `hook_params={'schema': <database>}`.)
[2024-05-18T10:19:15.906+0000] {taskinstance.py:3482} INFO - 1 downstream tasks scheduled from follow-on schedule check
[2024-05-18T10:19:15.908+0000] {local_task_job_runner.py:222} INFO - ::endgroup::
