[2024-05-30T03:31:11.246+0000] {processor.py:161} INFO - Started process (PID=185) to work on /opt/airflow/dags/bash_dag.py
[2024-05-30T03:31:11.248+0000] {processor.py:830} INFO - Processing file /opt/airflow/dags/bash_dag.py for tasks to queue
[2024-05-30T03:31:11.250+0000] {logging_mixin.py:188} INFO - [2024-05-30T03:31:11.250+0000] {dagbag.py:545} INFO - Filling up the DagBag from /opt/airflow/dags/bash_dag.py
[2024-05-30T03:31:11.272+0000] {processor.py:840} INFO - DAG(s) 'bash' retrieved from /opt/airflow/dags/bash_dag.py
[2024-05-30T03:31:11.305+0000] {logging_mixin.py:188} INFO - [2024-05-30T03:31:11.305+0000] {dag.py:3096} INFO - Sync 1 DAGs
[2024-05-30T03:31:11.337+0000] {logging_mixin.py:188} INFO - [2024-05-30T03:31:11.337+0000] {dag.py:3954} INFO - Setting next_dagrun for bash to 2024-03-14 00:00:00+00:00, run_after=2024-03-14 00:00:00+00:00
[2024-05-30T03:31:11.366+0000] {processor.py:183} INFO - Processing /opt/airflow/dags/bash_dag.py took 0.130 seconds
[2024-05-30T03:31:41.432+0000] {processor.py:161} INFO - Started process (PID=225) to work on /opt/airflow/dags/bash_dag.py
[2024-05-30T03:31:41.433+0000] {processor.py:830} INFO - Processing file /opt/airflow/dags/bash_dag.py for tasks to queue
[2024-05-30T03:31:41.435+0000] {logging_mixin.py:188} INFO - [2024-05-30T03:31:41.434+0000] {dagbag.py:545} INFO - Filling up the DagBag from /opt/airflow/dags/bash_dag.py
[2024-05-30T03:31:41.449+0000] {processor.py:840} INFO - DAG(s) 'bash' retrieved from /opt/airflow/dags/bash_dag.py
[2024-05-30T03:31:41.470+0000] {logging_mixin.py:188} INFO - [2024-05-30T03:31:41.469+0000] {dag.py:3096} INFO - Sync 1 DAGs
[2024-05-30T03:31:41.488+0000] {logging_mixin.py:188} INFO - [2024-05-30T03:31:41.488+0000] {dag.py:3954} INFO - Setting next_dagrun for bash to 2024-03-14 00:00:00+00:00, run_after=2024-03-14 00:00:00+00:00
[2024-05-30T03:31:41.510+0000] {processor.py:183} INFO - Processing /opt/airflow/dags/bash_dag.py took 0.083 seconds
[2024-05-30T03:32:12.166+0000] {processor.py:161} INFO - Started process (PID=269) to work on /opt/airflow/dags/bash_dag.py
[2024-05-30T03:32:12.166+0000] {processor.py:830} INFO - Processing file /opt/airflow/dags/bash_dag.py for tasks to queue
[2024-05-30T03:32:12.168+0000] {logging_mixin.py:188} INFO - [2024-05-30T03:32:12.168+0000] {dagbag.py:545} INFO - Filling up the DagBag from /opt/airflow/dags/bash_dag.py
[2024-05-30T03:32:12.181+0000] {processor.py:840} INFO - DAG(s) 'bash' retrieved from /opt/airflow/dags/bash_dag.py
[2024-05-30T03:32:12.201+0000] {logging_mixin.py:188} INFO - [2024-05-30T03:32:12.201+0000] {dag.py:3096} INFO - Sync 1 DAGs
[2024-05-30T03:32:12.219+0000] {logging_mixin.py:188} INFO - [2024-05-30T03:32:12.219+0000] {dag.py:3954} INFO - Setting next_dagrun for bash to 2024-03-14 00:00:00+00:00, run_after=2024-03-14 00:00:00+00:00
[2024-05-30T03:32:12.240+0000] {processor.py:183} INFO - Processing /opt/airflow/dags/bash_dag.py took 0.080 seconds
[2024-05-30T03:32:42.879+0000] {processor.py:161} INFO - Started process (PID=313) to work on /opt/airflow/dags/bash_dag.py
[2024-05-30T03:32:42.881+0000] {processor.py:830} INFO - Processing file /opt/airflow/dags/bash_dag.py for tasks to queue
[2024-05-30T03:32:42.884+0000] {logging_mixin.py:188} INFO - [2024-05-30T03:32:42.884+0000] {dagbag.py:545} INFO - Filling up the DagBag from /opt/airflow/dags/bash_dag.py
[2024-05-30T03:32:42.909+0000] {processor.py:840} INFO - DAG(s) 'bash' retrieved from /opt/airflow/dags/bash_dag.py
[2024-05-30T03:32:42.952+0000] {logging_mixin.py:188} INFO - [2024-05-30T03:32:42.951+0000] {dag.py:3096} INFO - Sync 1 DAGs
[2024-05-30T03:32:42.970+0000] {logging_mixin.py:188} INFO - [2024-05-30T03:32:42.970+0000] {dag.py:3954} INFO - Setting next_dagrun for bash to 2024-03-14 00:00:00+00:00, run_after=2024-03-14 00:00:00+00:00
[2024-05-30T03:32:42.987+0000] {processor.py:183} INFO - Processing /opt/airflow/dags/bash_dag.py took 0.118 seconds
[2024-05-30T03:33:13.504+0000] {processor.py:161} INFO - Started process (PID=357) to work on /opt/airflow/dags/bash_dag.py
[2024-05-30T03:33:13.505+0000] {processor.py:830} INFO - Processing file /opt/airflow/dags/bash_dag.py for tasks to queue
[2024-05-30T03:33:13.508+0000] {logging_mixin.py:188} INFO - [2024-05-30T03:33:13.507+0000] {dagbag.py:545} INFO - Filling up the DagBag from /opt/airflow/dags/bash_dag.py
[2024-05-30T03:33:13.522+0000] {processor.py:840} INFO - DAG(s) 'bash' retrieved from /opt/airflow/dags/bash_dag.py
[2024-05-30T03:33:13.543+0000] {logging_mixin.py:188} INFO - [2024-05-30T03:33:13.542+0000] {dag.py:3096} INFO - Sync 1 DAGs
[2024-05-30T03:33:13.559+0000] {logging_mixin.py:188} INFO - [2024-05-30T03:33:13.559+0000] {dag.py:3954} INFO - Setting next_dagrun for bash to 2024-03-14 00:00:00+00:00, run_after=2024-03-14 00:00:00+00:00
[2024-05-30T03:33:13.576+0000] {processor.py:183} INFO - Processing /opt/airflow/dags/bash_dag.py took 0.077 seconds
[2024-05-30T03:33:44.184+0000] {processor.py:161} INFO - Started process (PID=401) to work on /opt/airflow/dags/bash_dag.py
[2024-05-30T03:33:44.185+0000] {processor.py:830} INFO - Processing file /opt/airflow/dags/bash_dag.py for tasks to queue
[2024-05-30T03:33:44.187+0000] {logging_mixin.py:188} INFO - [2024-05-30T03:33:44.186+0000] {dagbag.py:545} INFO - Filling up the DagBag from /opt/airflow/dags/bash_dag.py
[2024-05-30T03:33:44.200+0000] {processor.py:840} INFO - DAG(s) 'bash' retrieved from /opt/airflow/dags/bash_dag.py
[2024-05-30T03:33:44.220+0000] {logging_mixin.py:188} INFO - [2024-05-30T03:33:44.220+0000] {dag.py:3096} INFO - Sync 1 DAGs
[2024-05-30T03:33:44.238+0000] {logging_mixin.py:188} INFO - [2024-05-30T03:33:44.237+0000] {dag.py:3954} INFO - Setting next_dagrun for bash to 2024-03-14 00:00:00+00:00, run_after=2024-03-14 00:00:00+00:00
[2024-05-30T03:33:44.259+0000] {processor.py:183} INFO - Processing /opt/airflow/dags/bash_dag.py took 0.079 seconds
[2024-05-30T03:34:14.895+0000] {processor.py:161} INFO - Started process (PID=445) to work on /opt/airflow/dags/bash_dag.py
[2024-05-30T03:34:14.896+0000] {processor.py:830} INFO - Processing file /opt/airflow/dags/bash_dag.py for tasks to queue
[2024-05-30T03:34:14.898+0000] {logging_mixin.py:188} INFO - [2024-05-30T03:34:14.898+0000] {dagbag.py:545} INFO - Filling up the DagBag from /opt/airflow/dags/bash_dag.py
[2024-05-30T03:34:14.911+0000] {processor.py:840} INFO - DAG(s) 'bash' retrieved from /opt/airflow/dags/bash_dag.py
[2024-05-30T03:34:14.931+0000] {logging_mixin.py:188} INFO - [2024-05-30T03:34:14.931+0000] {dag.py:3096} INFO - Sync 1 DAGs
[2024-05-30T03:34:14.949+0000] {logging_mixin.py:188} INFO - [2024-05-30T03:34:14.949+0000] {dag.py:3954} INFO - Setting next_dagrun for bash to 2024-03-14 00:00:00+00:00, run_after=2024-03-14 00:00:00+00:00
[2024-05-30T03:34:14.971+0000] {processor.py:183} INFO - Processing /opt/airflow/dags/bash_dag.py took 0.081 seconds
[2024-05-30T03:34:45.459+0000] {processor.py:161} INFO - Started process (PID=489) to work on /opt/airflow/dags/bash_dag.py
[2024-05-30T03:34:45.461+0000] {processor.py:830} INFO - Processing file /opt/airflow/dags/bash_dag.py for tasks to queue
[2024-05-30T03:34:45.465+0000] {logging_mixin.py:188} INFO - [2024-05-30T03:34:45.464+0000] {dagbag.py:545} INFO - Filling up the DagBag from /opt/airflow/dags/bash_dag.py
[2024-05-30T03:34:45.483+0000] {processor.py:840} INFO - DAG(s) 'bash' retrieved from /opt/airflow/dags/bash_dag.py
[2024-05-30T03:34:45.505+0000] {logging_mixin.py:188} INFO - [2024-05-30T03:34:45.505+0000] {dag.py:3096} INFO - Sync 1 DAGs
[2024-05-30T03:34:45.522+0000] {logging_mixin.py:188} INFO - [2024-05-30T03:34:45.522+0000] {dag.py:3954} INFO - Setting next_dagrun for bash to 2024-03-14 00:00:00+00:00, run_after=2024-03-14 00:00:00+00:00
[2024-05-30T03:34:45.543+0000] {processor.py:183} INFO - Processing /opt/airflow/dags/bash_dag.py took 0.089 seconds
[2024-05-30T03:35:16.183+0000] {processor.py:161} INFO - Started process (PID=533) to work on /opt/airflow/dags/bash_dag.py
[2024-05-30T03:35:16.185+0000] {processor.py:830} INFO - Processing file /opt/airflow/dags/bash_dag.py for tasks to queue
[2024-05-30T03:35:16.187+0000] {logging_mixin.py:188} INFO - [2024-05-30T03:35:16.187+0000] {dagbag.py:545} INFO - Filling up the DagBag from /opt/airflow/dags/bash_dag.py
[2024-05-30T03:35:16.224+0000] {processor.py:840} INFO - DAG(s) 'bash' retrieved from /opt/airflow/dags/bash_dag.py
[2024-05-30T03:35:16.248+0000] {logging_mixin.py:188} INFO - [2024-05-30T03:35:16.248+0000] {dag.py:3096} INFO - Sync 1 DAGs
[2024-05-30T03:35:16.266+0000] {logging_mixin.py:188} INFO - [2024-05-30T03:35:16.266+0000] {dag.py:3954} INFO - Setting next_dagrun for bash to 2024-03-14 00:00:00+00:00, run_after=2024-03-14 00:00:00+00:00
[2024-05-30T03:35:16.287+0000] {processor.py:183} INFO - Processing /opt/airflow/dags/bash_dag.py took 0.109 seconds
[2024-05-30T03:35:46.954+0000] {processor.py:161} INFO - Started process (PID=577) to work on /opt/airflow/dags/bash_dag.py
[2024-05-30T03:35:46.956+0000] {processor.py:830} INFO - Processing file /opt/airflow/dags/bash_dag.py for tasks to queue
[2024-05-30T03:35:46.959+0000] {logging_mixin.py:188} INFO - [2024-05-30T03:35:46.958+0000] {dagbag.py:545} INFO - Filling up the DagBag from /opt/airflow/dags/bash_dag.py
[2024-05-30T03:35:46.983+0000] {processor.py:840} INFO - DAG(s) 'bash' retrieved from /opt/airflow/dags/bash_dag.py
[2024-05-30T03:35:47.010+0000] {logging_mixin.py:188} INFO - [2024-05-30T03:35:47.010+0000] {dag.py:3096} INFO - Sync 1 DAGs
[2024-05-30T03:35:47.031+0000] {logging_mixin.py:188} INFO - [2024-05-30T03:35:47.031+0000] {dag.py:3954} INFO - Setting next_dagrun for bash to 2024-03-14 00:00:00+00:00, run_after=2024-03-14 00:00:00+00:00
[2024-05-30T03:35:47.056+0000] {processor.py:183} INFO - Processing /opt/airflow/dags/bash_dag.py took 0.108 seconds
[2024-05-30T03:36:17.572+0000] {processor.py:161} INFO - Started process (PID=621) to work on /opt/airflow/dags/bash_dag.py
[2024-05-30T03:36:17.573+0000] {processor.py:830} INFO - Processing file /opt/airflow/dags/bash_dag.py for tasks to queue
[2024-05-30T03:36:17.574+0000] {logging_mixin.py:188} INFO - [2024-05-30T03:36:17.574+0000] {dagbag.py:545} INFO - Filling up the DagBag from /opt/airflow/dags/bash_dag.py
[2024-05-30T03:36:17.587+0000] {processor.py:840} INFO - DAG(s) 'bash' retrieved from /opt/airflow/dags/bash_dag.py
[2024-05-30T03:36:17.608+0000] {logging_mixin.py:188} INFO - [2024-05-30T03:36:17.608+0000] {dag.py:3096} INFO - Sync 1 DAGs
[2024-05-30T03:36:17.626+0000] {logging_mixin.py:188} INFO - [2024-05-30T03:36:17.626+0000] {dag.py:3954} INFO - Setting next_dagrun for bash to 2024-03-14 00:00:00+00:00, run_after=2024-03-14 00:00:00+00:00
[2024-05-30T03:36:17.648+0000] {processor.py:183} INFO - Processing /opt/airflow/dags/bash_dag.py took 0.081 seconds
[2024-05-30T03:36:48.446+0000] {processor.py:161} INFO - Started process (PID=665) to work on /opt/airflow/dags/bash_dag.py
[2024-05-30T03:36:48.448+0000] {processor.py:830} INFO - Processing file /opt/airflow/dags/bash_dag.py for tasks to queue
[2024-05-30T03:36:48.452+0000] {logging_mixin.py:188} INFO - [2024-05-30T03:36:48.452+0000] {dagbag.py:545} INFO - Filling up the DagBag from /opt/airflow/dags/bash_dag.py
[2024-05-30T03:36:48.475+0000] {processor.py:840} INFO - DAG(s) 'bash' retrieved from /opt/airflow/dags/bash_dag.py
[2024-05-30T03:36:48.518+0000] {logging_mixin.py:188} INFO - [2024-05-30T03:36:48.517+0000] {dag.py:3096} INFO - Sync 1 DAGs
[2024-05-30T03:36:48.556+0000] {logging_mixin.py:188} INFO - [2024-05-30T03:36:48.556+0000] {dag.py:3954} INFO - Setting next_dagrun for bash to 2024-03-14 00:00:00+00:00, run_after=2024-03-14 00:00:00+00:00
[2024-05-30T03:36:48.609+0000] {processor.py:183} INFO - Processing /opt/airflow/dags/bash_dag.py took 0.172 seconds
[2024-05-30T03:37:18.663+0000] {processor.py:161} INFO - Started process (PID=709) to work on /opt/airflow/dags/bash_dag.py
[2024-05-30T03:37:18.664+0000] {processor.py:830} INFO - Processing file /opt/airflow/dags/bash_dag.py for tasks to queue
[2024-05-30T03:37:18.666+0000] {logging_mixin.py:188} INFO - [2024-05-30T03:37:18.665+0000] {dagbag.py:545} INFO - Filling up the DagBag from /opt/airflow/dags/bash_dag.py
[2024-05-30T03:37:18.681+0000] {processor.py:840} INFO - DAG(s) 'bash' retrieved from /opt/airflow/dags/bash_dag.py
[2024-05-30T03:37:18.703+0000] {logging_mixin.py:188} INFO - [2024-05-30T03:37:18.703+0000] {dag.py:3096} INFO - Sync 1 DAGs
[2024-05-30T03:37:18.723+0000] {logging_mixin.py:188} INFO - [2024-05-30T03:37:18.723+0000] {dag.py:3954} INFO - Setting next_dagrun for bash to 2024-03-14 00:00:00+00:00, run_after=2024-03-14 00:00:00+00:00
[2024-05-30T03:37:18.745+0000] {processor.py:183} INFO - Processing /opt/airflow/dags/bash_dag.py took 0.087 seconds
[2024-05-30T03:37:49.375+0000] {processor.py:161} INFO - Started process (PID=753) to work on /opt/airflow/dags/bash_dag.py
[2024-05-30T03:37:49.376+0000] {processor.py:830} INFO - Processing file /opt/airflow/dags/bash_dag.py for tasks to queue
[2024-05-30T03:37:49.378+0000] {logging_mixin.py:188} INFO - [2024-05-30T03:37:49.377+0000] {dagbag.py:545} INFO - Filling up the DagBag from /opt/airflow/dags/bash_dag.py
[2024-05-30T03:37:49.391+0000] {processor.py:840} INFO - DAG(s) 'bash' retrieved from /opt/airflow/dags/bash_dag.py
[2024-05-30T03:37:49.411+0000] {logging_mixin.py:188} INFO - [2024-05-30T03:37:49.411+0000] {dag.py:3096} INFO - Sync 1 DAGs
[2024-05-30T03:37:49.429+0000] {logging_mixin.py:188} INFO - [2024-05-30T03:37:49.428+0000] {dag.py:3954} INFO - Setting next_dagrun for bash to 2024-03-14 00:00:00+00:00, run_after=2024-03-14 00:00:00+00:00
[2024-05-30T03:37:49.450+0000] {processor.py:183} INFO - Processing /opt/airflow/dags/bash_dag.py took 0.079 seconds
[2024-05-30T03:38:20.044+0000] {processor.py:161} INFO - Started process (PID=797) to work on /opt/airflow/dags/bash_dag.py
[2024-05-30T03:38:20.045+0000] {processor.py:830} INFO - Processing file /opt/airflow/dags/bash_dag.py for tasks to queue
[2024-05-30T03:38:20.047+0000] {logging_mixin.py:188} INFO - [2024-05-30T03:38:20.047+0000] {dagbag.py:545} INFO - Filling up the DagBag from /opt/airflow/dags/bash_dag.py
[2024-05-30T03:38:20.060+0000] {processor.py:840} INFO - DAG(s) 'bash' retrieved from /opt/airflow/dags/bash_dag.py
[2024-05-30T03:38:20.080+0000] {logging_mixin.py:188} INFO - [2024-05-30T03:38:20.080+0000] {dag.py:3096} INFO - Sync 1 DAGs
[2024-05-30T03:38:20.098+0000] {logging_mixin.py:188} INFO - [2024-05-30T03:38:20.098+0000] {dag.py:3954} INFO - Setting next_dagrun for bash to 2024-03-14 00:00:00+00:00, run_after=2024-03-14 00:00:00+00:00
[2024-05-30T03:38:20.120+0000] {processor.py:183} INFO - Processing /opt/airflow/dags/bash_dag.py took 0.080 seconds
[2024-05-30T03:38:50.720+0000] {processor.py:161} INFO - Started process (PID=842) to work on /opt/airflow/dags/bash_dag.py
[2024-05-30T03:38:50.721+0000] {processor.py:830} INFO - Processing file /opt/airflow/dags/bash_dag.py for tasks to queue
[2024-05-30T03:38:50.722+0000] {logging_mixin.py:188} INFO - [2024-05-30T03:38:50.722+0000] {dagbag.py:545} INFO - Filling up the DagBag from /opt/airflow/dags/bash_dag.py
[2024-05-30T03:38:50.739+0000] {processor.py:840} INFO - DAG(s) 'bash' retrieved from /opt/airflow/dags/bash_dag.py
[2024-05-30T03:38:50.761+0000] {logging_mixin.py:188} INFO - [2024-05-30T03:38:50.760+0000] {dag.py:3096} INFO - Sync 1 DAGs
[2024-05-30T03:38:50.779+0000] {logging_mixin.py:188} INFO - [2024-05-30T03:38:50.778+0000] {dag.py:3954} INFO - Setting next_dagrun for bash to 2024-03-14 00:00:00+00:00, run_after=2024-03-14 00:00:00+00:00
[2024-05-30T03:38:50.800+0000] {processor.py:183} INFO - Processing /opt/airflow/dags/bash_dag.py took 0.086 seconds
[2024-05-30T03:39:21.420+0000] {processor.py:161} INFO - Started process (PID=886) to work on /opt/airflow/dags/bash_dag.py
[2024-05-30T03:39:21.421+0000] {processor.py:830} INFO - Processing file /opt/airflow/dags/bash_dag.py for tasks to queue
[2024-05-30T03:39:21.422+0000] {logging_mixin.py:188} INFO - [2024-05-30T03:39:21.422+0000] {dagbag.py:545} INFO - Filling up the DagBag from /opt/airflow/dags/bash_dag.py
[2024-05-30T03:39:21.436+0000] {processor.py:840} INFO - DAG(s) 'bash' retrieved from /opt/airflow/dags/bash_dag.py
[2024-05-30T03:39:21.456+0000] {logging_mixin.py:188} INFO - [2024-05-30T03:39:21.456+0000] {dag.py:3096} INFO - Sync 1 DAGs
[2024-05-30T03:39:21.473+0000] {logging_mixin.py:188} INFO - [2024-05-30T03:39:21.473+0000] {dag.py:3954} INFO - Setting next_dagrun for bash to 2024-03-14 00:00:00+00:00, run_after=2024-03-14 00:00:00+00:00
[2024-05-30T03:39:21.496+0000] {processor.py:183} INFO - Processing /opt/airflow/dags/bash_dag.py took 0.081 seconds
[2024-05-30T03:39:52.093+0000] {processor.py:161} INFO - Started process (PID=930) to work on /opt/airflow/dags/bash_dag.py
[2024-05-30T03:39:52.094+0000] {processor.py:830} INFO - Processing file /opt/airflow/dags/bash_dag.py for tasks to queue
[2024-05-30T03:39:52.096+0000] {logging_mixin.py:188} INFO - [2024-05-30T03:39:52.096+0000] {dagbag.py:545} INFO - Filling up the DagBag from /opt/airflow/dags/bash_dag.py
[2024-05-30T03:39:52.109+0000] {processor.py:840} INFO - DAG(s) 'bash' retrieved from /opt/airflow/dags/bash_dag.py
[2024-05-30T03:39:52.130+0000] {logging_mixin.py:188} INFO - [2024-05-30T03:39:52.129+0000] {dag.py:3096} INFO - Sync 1 DAGs
[2024-05-30T03:39:52.147+0000] {logging_mixin.py:188} INFO - [2024-05-30T03:39:52.147+0000] {dag.py:3954} INFO - Setting next_dagrun for bash to 2024-03-14 00:00:00+00:00, run_after=2024-03-14 00:00:00+00:00
[2024-05-30T03:39:52.168+0000] {processor.py:183} INFO - Processing /opt/airflow/dags/bash_dag.py took 0.080 seconds
[2024-05-30T03:40:22.778+0000] {processor.py:161} INFO - Started process (PID=974) to work on /opt/airflow/dags/bash_dag.py
[2024-05-30T03:40:22.780+0000] {processor.py:830} INFO - Processing file /opt/airflow/dags/bash_dag.py for tasks to queue
[2024-05-30T03:40:22.781+0000] {logging_mixin.py:188} INFO - [2024-05-30T03:40:22.781+0000] {dagbag.py:545} INFO - Filling up the DagBag from /opt/airflow/dags/bash_dag.py
[2024-05-30T03:40:22.799+0000] {processor.py:840} INFO - DAG(s) 'bash' retrieved from /opt/airflow/dags/bash_dag.py
[2024-05-30T03:40:22.825+0000] {logging_mixin.py:188} INFO - [2024-05-30T03:40:22.825+0000] {dag.py:3096} INFO - Sync 1 DAGs
[2024-05-30T03:40:22.846+0000] {logging_mixin.py:188} INFO - [2024-05-30T03:40:22.846+0000] {dag.py:3954} INFO - Setting next_dagrun for bash to 2024-03-14 00:00:00+00:00, run_after=2024-03-14 00:00:00+00:00
[2024-05-30T03:40:22.871+0000] {processor.py:183} INFO - Processing /opt/airflow/dags/bash_dag.py took 0.099 seconds
[2024-05-30T03:40:53.532+0000] {processor.py:161} INFO - Started process (PID=1018) to work on /opt/airflow/dags/bash_dag.py
[2024-05-30T03:40:53.533+0000] {processor.py:830} INFO - Processing file /opt/airflow/dags/bash_dag.py for tasks to queue
[2024-05-30T03:40:53.535+0000] {logging_mixin.py:188} INFO - [2024-05-30T03:40:53.535+0000] {dagbag.py:545} INFO - Filling up the DagBag from /opt/airflow/dags/bash_dag.py
[2024-05-30T03:40:53.548+0000] {processor.py:840} INFO - DAG(s) 'bash' retrieved from /opt/airflow/dags/bash_dag.py
[2024-05-30T03:40:53.568+0000] {logging_mixin.py:188} INFO - [2024-05-30T03:40:53.568+0000] {dag.py:3096} INFO - Sync 1 DAGs
[2024-05-30T03:40:53.587+0000] {logging_mixin.py:188} INFO - [2024-05-30T03:40:53.586+0000] {dag.py:3954} INFO - Setting next_dagrun for bash to 2024-03-14 00:00:00+00:00, run_after=2024-03-14 00:00:00+00:00
[2024-05-30T03:40:53.608+0000] {processor.py:183} INFO - Processing /opt/airflow/dags/bash_dag.py took 0.080 seconds
[2024-05-30T03:41:24.278+0000] {processor.py:161} INFO - Started process (PID=1062) to work on /opt/airflow/dags/bash_dag.py
[2024-05-30T03:41:24.280+0000] {processor.py:830} INFO - Processing file /opt/airflow/dags/bash_dag.py for tasks to queue
[2024-05-30T03:41:24.282+0000] {logging_mixin.py:188} INFO - [2024-05-30T03:41:24.282+0000] {dagbag.py:545} INFO - Filling up the DagBag from /opt/airflow/dags/bash_dag.py
[2024-05-30T03:41:24.302+0000] {processor.py:840} INFO - DAG(s) 'bash' retrieved from /opt/airflow/dags/bash_dag.py
[2024-05-30T03:41:24.325+0000] {logging_mixin.py:188} INFO - [2024-05-30T03:41:24.325+0000] {dag.py:3096} INFO - Sync 1 DAGs
[2024-05-30T03:41:24.344+0000] {logging_mixin.py:188} INFO - [2024-05-30T03:41:24.344+0000] {dag.py:3954} INFO - Setting next_dagrun for bash to 2024-03-14 00:00:00+00:00, run_after=2024-03-14 00:00:00+00:00
[2024-05-30T03:41:24.366+0000] {processor.py:183} INFO - Processing /opt/airflow/dags/bash_dag.py took 0.094 seconds
[2024-05-30T03:41:55.032+0000] {processor.py:161} INFO - Started process (PID=1106) to work on /opt/airflow/dags/bash_dag.py
[2024-05-30T03:41:55.033+0000] {processor.py:830} INFO - Processing file /opt/airflow/dags/bash_dag.py for tasks to queue
[2024-05-30T03:41:55.035+0000] {logging_mixin.py:188} INFO - [2024-05-30T03:41:55.034+0000] {dagbag.py:545} INFO - Filling up the DagBag from /opt/airflow/dags/bash_dag.py
[2024-05-30T03:41:55.050+0000] {processor.py:840} INFO - DAG(s) 'bash' retrieved from /opt/airflow/dags/bash_dag.py
[2024-05-30T03:41:55.071+0000] {logging_mixin.py:188} INFO - [2024-05-30T03:41:55.071+0000] {dag.py:3096} INFO - Sync 1 DAGs
[2024-05-30T03:41:55.088+0000] {logging_mixin.py:188} INFO - [2024-05-30T03:41:55.088+0000] {dag.py:3954} INFO - Setting next_dagrun for bash to 2024-03-14 00:00:00+00:00, run_after=2024-03-14 00:00:00+00:00
[2024-05-30T03:41:55.110+0000] {processor.py:183} INFO - Processing /opt/airflow/dags/bash_dag.py took 0.083 seconds
[2024-05-30T03:42:25.746+0000] {processor.py:161} INFO - Started process (PID=1150) to work on /opt/airflow/dags/bash_dag.py
[2024-05-30T03:42:25.747+0000] {processor.py:830} INFO - Processing file /opt/airflow/dags/bash_dag.py for tasks to queue
[2024-05-30T03:42:25.749+0000] {logging_mixin.py:188} INFO - [2024-05-30T03:42:25.748+0000] {dagbag.py:545} INFO - Filling up the DagBag from /opt/airflow/dags/bash_dag.py
[2024-05-30T03:42:25.763+0000] {processor.py:840} INFO - DAG(s) 'bash' retrieved from /opt/airflow/dags/bash_dag.py
[2024-05-30T03:42:25.785+0000] {logging_mixin.py:188} INFO - [2024-05-30T03:42:25.785+0000] {dag.py:3096} INFO - Sync 1 DAGs
[2024-05-30T03:42:25.802+0000] {logging_mixin.py:188} INFO - [2024-05-30T03:42:25.802+0000] {dag.py:3954} INFO - Setting next_dagrun for bash to 2024-03-14 00:00:00+00:00, run_after=2024-03-14 00:00:00+00:00
[2024-05-30T03:42:25.825+0000] {processor.py:183} INFO - Processing /opt/airflow/dags/bash_dag.py took 0.084 seconds
[2024-05-30T03:42:56.421+0000] {processor.py:161} INFO - Started process (PID=1194) to work on /opt/airflow/dags/bash_dag.py
[2024-05-30T03:42:56.422+0000] {processor.py:830} INFO - Processing file /opt/airflow/dags/bash_dag.py for tasks to queue
[2024-05-30T03:42:56.423+0000] {logging_mixin.py:188} INFO - [2024-05-30T03:42:56.423+0000] {dagbag.py:545} INFO - Filling up the DagBag from /opt/airflow/dags/bash_dag.py
[2024-05-30T03:42:56.439+0000] {processor.py:840} INFO - DAG(s) 'bash' retrieved from /opt/airflow/dags/bash_dag.py
[2024-05-30T03:42:56.463+0000] {logging_mixin.py:188} INFO - [2024-05-30T03:42:56.463+0000] {dag.py:3096} INFO - Sync 1 DAGs
[2024-05-30T03:42:56.483+0000] {logging_mixin.py:188} INFO - [2024-05-30T03:42:56.483+0000] {dag.py:3954} INFO - Setting next_dagrun for bash to 2024-03-14 00:00:00+00:00, run_after=2024-03-14 00:00:00+00:00
[2024-05-30T03:42:56.505+0000] {processor.py:183} INFO - Processing /opt/airflow/dags/bash_dag.py took 0.091 seconds
[2024-05-30T03:43:27.051+0000] {processor.py:161} INFO - Started process (PID=1238) to work on /opt/airflow/dags/bash_dag.py
[2024-05-30T03:43:27.052+0000] {processor.py:830} INFO - Processing file /opt/airflow/dags/bash_dag.py for tasks to queue
[2024-05-30T03:43:27.053+0000] {logging_mixin.py:188} INFO - [2024-05-30T03:43:27.053+0000] {dagbag.py:545} INFO - Filling up the DagBag from /opt/airflow/dags/bash_dag.py
[2024-05-30T03:43:27.069+0000] {processor.py:840} INFO - DAG(s) 'bash' retrieved from /opt/airflow/dags/bash_dag.py
[2024-05-30T03:43:27.091+0000] {logging_mixin.py:188} INFO - [2024-05-30T03:43:27.091+0000] {dag.py:3096} INFO - Sync 1 DAGs
[2024-05-30T03:43:27.108+0000] {logging_mixin.py:188} INFO - [2024-05-30T03:43:27.108+0000] {dag.py:3954} INFO - Setting next_dagrun for bash to 2024-03-14 00:00:00+00:00, run_after=2024-03-14 00:00:00+00:00
[2024-05-30T03:43:27.129+0000] {processor.py:183} INFO - Processing /opt/airflow/dags/bash_dag.py took 0.083 seconds
[2024-05-30T03:43:57.744+0000] {processor.py:161} INFO - Started process (PID=1282) to work on /opt/airflow/dags/bash_dag.py
[2024-05-30T03:43:57.745+0000] {processor.py:830} INFO - Processing file /opt/airflow/dags/bash_dag.py for tasks to queue
[2024-05-30T03:43:57.747+0000] {logging_mixin.py:188} INFO - [2024-05-30T03:43:57.747+0000] {dagbag.py:545} INFO - Filling up the DagBag from /opt/airflow/dags/bash_dag.py
[2024-05-30T03:43:57.762+0000] {processor.py:840} INFO - DAG(s) 'bash' retrieved from /opt/airflow/dags/bash_dag.py
[2024-05-30T03:43:57.784+0000] {logging_mixin.py:188} INFO - [2024-05-30T03:43:57.784+0000] {dag.py:3096} INFO - Sync 1 DAGs
[2024-05-30T03:43:57.803+0000] {logging_mixin.py:188} INFO - [2024-05-30T03:43:57.803+0000] {dag.py:3954} INFO - Setting next_dagrun for bash to 2024-03-14 00:00:00+00:00, run_after=2024-03-14 00:00:00+00:00
[2024-05-30T03:43:57.823+0000] {processor.py:183} INFO - Processing /opt/airflow/dags/bash_dag.py took 0.084 seconds
[2024-05-30T03:44:28.196+0000] {processor.py:161} INFO - Started process (PID=1326) to work on /opt/airflow/dags/bash_dag.py
[2024-05-30T03:44:28.196+0000] {processor.py:830} INFO - Processing file /opt/airflow/dags/bash_dag.py for tasks to queue
[2024-05-30T03:44:28.198+0000] {logging_mixin.py:188} INFO - [2024-05-30T03:44:28.198+0000] {dagbag.py:545} INFO - Filling up the DagBag from /opt/airflow/dags/bash_dag.py
[2024-05-30T03:44:28.213+0000] {processor.py:840} INFO - DAG(s) 'bash' retrieved from /opt/airflow/dags/bash_dag.py
[2024-05-30T03:44:28.234+0000] {logging_mixin.py:188} INFO - [2024-05-30T03:44:28.234+0000] {dag.py:3096} INFO - Sync 1 DAGs
[2024-05-30T03:44:28.253+0000] {logging_mixin.py:188} INFO - [2024-05-30T03:44:28.253+0000] {dag.py:3954} INFO - Setting next_dagrun for bash to 2024-03-14 00:00:00+00:00, run_after=2024-03-14 00:00:00+00:00
[2024-05-30T03:44:28.274+0000] {processor.py:183} INFO - Processing /opt/airflow/dags/bash_dag.py took 0.083 seconds
[2024-05-30T03:44:58.820+0000] {processor.py:161} INFO - Started process (PID=1370) to work on /opt/airflow/dags/bash_dag.py
[2024-05-30T03:44:58.821+0000] {processor.py:830} INFO - Processing file /opt/airflow/dags/bash_dag.py for tasks to queue
[2024-05-30T03:44:58.822+0000] {logging_mixin.py:188} INFO - [2024-05-30T03:44:58.822+0000] {dagbag.py:545} INFO - Filling up the DagBag from /opt/airflow/dags/bash_dag.py
[2024-05-30T03:44:58.836+0000] {processor.py:840} INFO - DAG(s) 'bash' retrieved from /opt/airflow/dags/bash_dag.py
[2024-05-30T03:44:58.858+0000] {logging_mixin.py:188} INFO - [2024-05-30T03:44:58.857+0000] {dag.py:3096} INFO - Sync 1 DAGs
[2024-05-30T03:44:58.877+0000] {logging_mixin.py:188} INFO - [2024-05-30T03:44:58.877+0000] {dag.py:3954} INFO - Setting next_dagrun for bash to 2024-03-14 00:00:00+00:00, run_after=2024-03-14 00:00:00+00:00
[2024-05-30T03:44:58.899+0000] {processor.py:183} INFO - Processing /opt/airflow/dags/bash_dag.py took 0.084 seconds
[2024-05-30T03:45:29.549+0000] {processor.py:161} INFO - Started process (PID=1414) to work on /opt/airflow/dags/bash_dag.py
[2024-05-30T03:45:29.551+0000] {processor.py:830} INFO - Processing file /opt/airflow/dags/bash_dag.py for tasks to queue
[2024-05-30T03:45:29.553+0000] {logging_mixin.py:188} INFO - [2024-05-30T03:45:29.552+0000] {dagbag.py:545} INFO - Filling up the DagBag from /opt/airflow/dags/bash_dag.py
[2024-05-30T03:45:29.577+0000] {processor.py:840} INFO - DAG(s) 'bash' retrieved from /opt/airflow/dags/bash_dag.py
[2024-05-30T03:45:29.601+0000] {logging_mixin.py:188} INFO - [2024-05-30T03:45:29.601+0000] {dag.py:3096} INFO - Sync 1 DAGs
[2024-05-30T03:45:29.620+0000] {logging_mixin.py:188} INFO - [2024-05-30T03:45:29.620+0000] {dag.py:3954} INFO - Setting next_dagrun for bash to 2024-03-14 00:00:00+00:00, run_after=2024-03-14 00:00:00+00:00
[2024-05-30T03:45:29.643+0000] {processor.py:183} INFO - Processing /opt/airflow/dags/bash_dag.py took 0.101 seconds
[2024-05-30T03:46:00.316+0000] {processor.py:161} INFO - Started process (PID=1449) to work on /opt/airflow/dags/bash_dag.py
[2024-05-30T03:46:00.317+0000] {processor.py:830} INFO - Processing file /opt/airflow/dags/bash_dag.py for tasks to queue
[2024-05-30T03:46:00.319+0000] {logging_mixin.py:188} INFO - [2024-05-30T03:46:00.318+0000] {dagbag.py:545} INFO - Filling up the DagBag from /opt/airflow/dags/bash_dag.py
[2024-05-30T03:46:00.339+0000] {processor.py:840} INFO - DAG(s) 'bash' retrieved from /opt/airflow/dags/bash_dag.py
[2024-05-30T03:46:00.369+0000] {logging_mixin.py:188} INFO - [2024-05-30T03:46:00.368+0000] {dag.py:3096} INFO - Sync 1 DAGs
[2024-05-30T03:46:00.390+0000] {logging_mixin.py:188} INFO - [2024-05-30T03:46:00.390+0000] {dag.py:3954} INFO - Setting next_dagrun for bash to 2024-03-14 00:00:00+00:00, run_after=2024-03-14 00:00:00+00:00
[2024-05-30T03:46:00.411+0000] {processor.py:183} INFO - Processing /opt/airflow/dags/bash_dag.py took 0.101 seconds
[2024-05-30T03:46:30.685+0000] {processor.py:161} INFO - Started process (PID=1489) to work on /opt/airflow/dags/bash_dag.py
[2024-05-30T03:46:30.686+0000] {processor.py:830} INFO - Processing file /opt/airflow/dags/bash_dag.py for tasks to queue
[2024-05-30T03:46:30.688+0000] {logging_mixin.py:188} INFO - [2024-05-30T03:46:30.687+0000] {dagbag.py:545} INFO - Filling up the DagBag from /opt/airflow/dags/bash_dag.py
[2024-05-30T03:46:30.706+0000] {processor.py:840} INFO - DAG(s) 'bash' retrieved from /opt/airflow/dags/bash_dag.py
[2024-05-30T03:46:30.729+0000] {logging_mixin.py:188} INFO - [2024-05-30T03:46:30.729+0000] {dag.py:3096} INFO - Sync 1 DAGs
[2024-05-30T03:46:30.748+0000] {logging_mixin.py:188} INFO - [2024-05-30T03:46:30.748+0000] {dag.py:3954} INFO - Setting next_dagrun for bash to 2024-03-14 00:00:00+00:00, run_after=2024-03-14 00:00:00+00:00
[2024-05-30T03:46:30.769+0000] {processor.py:183} INFO - Processing /opt/airflow/dags/bash_dag.py took 0.089 seconds
[2024-05-30T03:47:01.283+0000] {processor.py:161} INFO - Started process (PID=1547) to work on /opt/airflow/dags/bash_dag.py
[2024-05-30T03:47:01.284+0000] {processor.py:830} INFO - Processing file /opt/airflow/dags/bash_dag.py for tasks to queue
[2024-05-30T03:47:01.285+0000] {logging_mixin.py:188} INFO - [2024-05-30T03:47:01.285+0000] {dagbag.py:545} INFO - Filling up the DagBag from /opt/airflow/dags/bash_dag.py
[2024-05-30T03:47:01.301+0000] {processor.py:840} INFO - DAG(s) 'bash' retrieved from /opt/airflow/dags/bash_dag.py
[2024-05-30T03:47:01.322+0000] {logging_mixin.py:188} INFO - [2024-05-30T03:47:01.322+0000] {dag.py:3096} INFO - Sync 1 DAGs
[2024-05-30T03:47:01.340+0000] {logging_mixin.py:188} INFO - [2024-05-30T03:47:01.340+0000] {dag.py:3954} INFO - Setting next_dagrun for bash to 2024-03-14 00:00:00+00:00, run_after=2024-03-14 00:00:00+00:00
[2024-05-30T03:47:01.361+0000] {processor.py:183} INFO - Processing /opt/airflow/dags/bash_dag.py took 0.084 seconds
[2024-05-30T03:47:32.076+0000] {processor.py:161} INFO - Started process (PID=1591) to work on /opt/airflow/dags/bash_dag.py
[2024-05-30T03:47:32.077+0000] {processor.py:830} INFO - Processing file /opt/airflow/dags/bash_dag.py for tasks to queue
[2024-05-30T03:47:32.079+0000] {logging_mixin.py:188} INFO - [2024-05-30T03:47:32.079+0000] {dagbag.py:545} INFO - Filling up the DagBag from /opt/airflow/dags/bash_dag.py
[2024-05-30T03:47:32.097+0000] {processor.py:840} INFO - DAG(s) 'bash' retrieved from /opt/airflow/dags/bash_dag.py
[2024-05-30T03:47:32.119+0000] {logging_mixin.py:188} INFO - [2024-05-30T03:47:32.118+0000] {dag.py:3096} INFO - Sync 1 DAGs
[2024-05-30T03:47:32.138+0000] {logging_mixin.py:188} INFO - [2024-05-30T03:47:32.138+0000] {dag.py:3954} INFO - Setting next_dagrun for bash to 2024-03-14 00:00:00+00:00, run_after=2024-03-14 00:00:00+00:00
[2024-05-30T03:47:32.164+0000] {processor.py:183} INFO - Processing /opt/airflow/dags/bash_dag.py took 0.095 seconds
[2024-05-30T03:48:02.724+0000] {processor.py:161} INFO - Started process (PID=1636) to work on /opt/airflow/dags/bash_dag.py
[2024-05-30T03:48:02.725+0000] {processor.py:830} INFO - Processing file /opt/airflow/dags/bash_dag.py for tasks to queue
[2024-05-30T03:48:02.726+0000] {logging_mixin.py:188} INFO - [2024-05-30T03:48:02.726+0000] {dagbag.py:545} INFO - Filling up the DagBag from /opt/airflow/dags/bash_dag.py
[2024-05-30T03:48:02.740+0000] {processor.py:840} INFO - DAG(s) 'bash' retrieved from /opt/airflow/dags/bash_dag.py
[2024-05-30T03:48:02.761+0000] {logging_mixin.py:188} INFO - [2024-05-30T03:48:02.761+0000] {dag.py:3096} INFO - Sync 1 DAGs
[2024-05-30T03:48:02.779+0000] {logging_mixin.py:188} INFO - [2024-05-30T03:48:02.778+0000] {dag.py:3954} INFO - Setting next_dagrun for bash to 2024-03-14 00:00:00+00:00, run_after=2024-03-14 00:00:00+00:00
[2024-05-30T03:48:02.801+0000] {processor.py:183} INFO - Processing /opt/airflow/dags/bash_dag.py took 0.082 seconds
[2024-05-30T03:48:33.386+0000] {processor.py:161} INFO - Started process (PID=1680) to work on /opt/airflow/dags/bash_dag.py
[2024-05-30T03:48:33.387+0000] {processor.py:830} INFO - Processing file /opt/airflow/dags/bash_dag.py for tasks to queue
[2024-05-30T03:48:33.389+0000] {logging_mixin.py:188} INFO - [2024-05-30T03:48:33.388+0000] {dagbag.py:545} INFO - Filling up the DagBag from /opt/airflow/dags/bash_dag.py
[2024-05-30T03:48:33.402+0000] {processor.py:840} INFO - DAG(s) 'bash' retrieved from /opt/airflow/dags/bash_dag.py
[2024-05-30T03:48:33.423+0000] {logging_mixin.py:188} INFO - [2024-05-30T03:48:33.423+0000] {dag.py:3096} INFO - Sync 1 DAGs
[2024-05-30T03:48:33.441+0000] {logging_mixin.py:188} INFO - [2024-05-30T03:48:33.441+0000] {dag.py:3954} INFO - Setting next_dagrun for bash to 2024-03-14 00:00:00+00:00, run_after=2024-03-14 00:00:00+00:00
[2024-05-30T03:48:33.463+0000] {processor.py:183} INFO - Processing /opt/airflow/dags/bash_dag.py took 0.082 seconds
[2024-05-30T03:49:04.141+0000] {processor.py:161} INFO - Started process (PID=1724) to work on /opt/airflow/dags/bash_dag.py
[2024-05-30T03:49:04.142+0000] {processor.py:830} INFO - Processing file /opt/airflow/dags/bash_dag.py for tasks to queue
[2024-05-30T03:49:04.145+0000] {logging_mixin.py:188} INFO - [2024-05-30T03:49:04.144+0000] {dagbag.py:545} INFO - Filling up the DagBag from /opt/airflow/dags/bash_dag.py
[2024-05-30T03:49:04.162+0000] {processor.py:840} INFO - DAG(s) 'bash' retrieved from /opt/airflow/dags/bash_dag.py
[2024-05-30T03:49:04.186+0000] {logging_mixin.py:188} INFO - [2024-05-30T03:49:04.185+0000] {dag.py:3096} INFO - Sync 1 DAGs
[2024-05-30T03:49:04.206+0000] {logging_mixin.py:188} INFO - [2024-05-30T03:49:04.205+0000] {dag.py:3954} INFO - Setting next_dagrun for bash to 2024-03-14 00:00:00+00:00, run_after=2024-03-14 00:00:00+00:00
[2024-05-30T03:49:04.230+0000] {processor.py:183} INFO - Processing /opt/airflow/dags/bash_dag.py took 0.094 seconds
[2024-05-30T03:49:34.965+0000] {processor.py:161} INFO - Started process (PID=1768) to work on /opt/airflow/dags/bash_dag.py
[2024-05-30T03:49:34.966+0000] {processor.py:830} INFO - Processing file /opt/airflow/dags/bash_dag.py for tasks to queue
[2024-05-30T03:49:34.967+0000] {logging_mixin.py:188} INFO - [2024-05-30T03:49:34.967+0000] {dagbag.py:545} INFO - Filling up the DagBag from /opt/airflow/dags/bash_dag.py
[2024-05-30T03:49:34.984+0000] {processor.py:840} INFO - DAG(s) 'bash' retrieved from /opt/airflow/dags/bash_dag.py
[2024-05-30T03:49:35.005+0000] {logging_mixin.py:188} INFO - [2024-05-30T03:49:35.005+0000] {dag.py:3096} INFO - Sync 1 DAGs
[2024-05-30T03:49:35.023+0000] {logging_mixin.py:188} INFO - [2024-05-30T03:49:35.023+0000] {dag.py:3954} INFO - Setting next_dagrun for bash to 2024-03-14 00:00:00+00:00, run_after=2024-03-14 00:00:00+00:00
[2024-05-30T03:49:35.046+0000] {processor.py:183} INFO - Processing /opt/airflow/dags/bash_dag.py took 0.086 seconds
[2024-05-30T03:50:05.630+0000] {processor.py:161} INFO - Started process (PID=1812) to work on /opt/airflow/dags/bash_dag.py
[2024-05-30T03:50:05.631+0000] {processor.py:830} INFO - Processing file /opt/airflow/dags/bash_dag.py for tasks to queue
[2024-05-30T03:50:05.632+0000] {logging_mixin.py:188} INFO - [2024-05-30T03:50:05.632+0000] {dagbag.py:545} INFO - Filling up the DagBag from /opt/airflow/dags/bash_dag.py
[2024-05-30T03:50:05.648+0000] {processor.py:840} INFO - DAG(s) 'bash' retrieved from /opt/airflow/dags/bash_dag.py
[2024-05-30T03:50:05.676+0000] {logging_mixin.py:188} INFO - [2024-05-30T03:50:05.676+0000] {dag.py:3096} INFO - Sync 1 DAGs
[2024-05-30T03:50:05.698+0000] {logging_mixin.py:188} INFO - [2024-05-30T03:50:05.697+0000] {dag.py:3954} INFO - Setting next_dagrun for bash to 2024-03-14 00:00:00+00:00, run_after=2024-03-14 00:00:00+00:00
[2024-05-30T03:50:05.719+0000] {processor.py:183} INFO - Processing /opt/airflow/dags/bash_dag.py took 0.094 seconds
[2024-05-30T03:50:36.295+0000] {processor.py:161} INFO - Started process (PID=1856) to work on /opt/airflow/dags/bash_dag.py
[2024-05-30T03:50:36.296+0000] {processor.py:830} INFO - Processing file /opt/airflow/dags/bash_dag.py for tasks to queue
[2024-05-30T03:50:36.298+0000] {logging_mixin.py:188} INFO - [2024-05-30T03:50:36.298+0000] {dagbag.py:545} INFO - Filling up the DagBag from /opt/airflow/dags/bash_dag.py
[2024-05-30T03:50:36.314+0000] {processor.py:840} INFO - DAG(s) 'bash' retrieved from /opt/airflow/dags/bash_dag.py
[2024-05-30T03:50:36.337+0000] {logging_mixin.py:188} INFO - [2024-05-30T03:50:36.337+0000] {dag.py:3096} INFO - Sync 1 DAGs
[2024-05-30T03:50:36.357+0000] {logging_mixin.py:188} INFO - [2024-05-30T03:50:36.357+0000] {dag.py:3954} INFO - Setting next_dagrun for bash to 2024-03-14 00:00:00+00:00, run_after=2024-03-14 00:00:00+00:00
[2024-05-30T03:50:36.381+0000] {processor.py:183} INFO - Processing /opt/airflow/dags/bash_dag.py took 0.092 seconds
[2024-05-30T03:51:07.054+0000] {processor.py:161} INFO - Started process (PID=1900) to work on /opt/airflow/dags/bash_dag.py
[2024-05-30T03:51:07.055+0000] {processor.py:830} INFO - Processing file /opt/airflow/dags/bash_dag.py for tasks to queue
[2024-05-30T03:51:07.057+0000] {logging_mixin.py:188} INFO - [2024-05-30T03:51:07.057+0000] {dagbag.py:545} INFO - Filling up the DagBag from /opt/airflow/dags/bash_dag.py
[2024-05-30T03:51:07.074+0000] {processor.py:840} INFO - DAG(s) 'bash' retrieved from /opt/airflow/dags/bash_dag.py
[2024-05-30T03:51:07.096+0000] {logging_mixin.py:188} INFO - [2024-05-30T03:51:07.096+0000] {dag.py:3096} INFO - Sync 1 DAGs
[2024-05-30T03:51:07.117+0000] {logging_mixin.py:188} INFO - [2024-05-30T03:51:07.117+0000] {dag.py:3954} INFO - Setting next_dagrun for bash to 2024-03-14 00:00:00+00:00, run_after=2024-03-14 00:00:00+00:00
[2024-05-30T03:51:07.135+0000] {processor.py:183} INFO - Processing /opt/airflow/dags/bash_dag.py took 0.088 seconds
[2024-05-30T03:51:37.841+0000] {processor.py:161} INFO - Started process (PID=1944) to work on /opt/airflow/dags/bash_dag.py
[2024-05-30T03:51:37.842+0000] {processor.py:830} INFO - Processing file /opt/airflow/dags/bash_dag.py for tasks to queue
[2024-05-30T03:51:37.844+0000] {logging_mixin.py:188} INFO - [2024-05-30T03:51:37.844+0000] {dagbag.py:545} INFO - Filling up the DagBag from /opt/airflow/dags/bash_dag.py
[2024-05-30T03:51:37.859+0000] {processor.py:840} INFO - DAG(s) 'bash' retrieved from /opt/airflow/dags/bash_dag.py
[2024-05-30T03:51:37.880+0000] {logging_mixin.py:188} INFO - [2024-05-30T03:51:37.879+0000] {dag.py:3096} INFO - Sync 1 DAGs
[2024-05-30T03:51:37.898+0000] {logging_mixin.py:188} INFO - [2024-05-30T03:51:37.898+0000] {dag.py:3954} INFO - Setting next_dagrun for bash to 2024-03-14 00:00:00+00:00, run_after=2024-03-14 00:00:00+00:00
[2024-05-30T03:51:37.920+0000] {processor.py:183} INFO - Processing /opt/airflow/dags/bash_dag.py took 0.084 seconds
[2024-05-30T03:52:08.616+0000] {processor.py:161} INFO - Started process (PID=1988) to work on /opt/airflow/dags/bash_dag.py
[2024-05-30T03:52:08.618+0000] {processor.py:830} INFO - Processing file /opt/airflow/dags/bash_dag.py for tasks to queue
[2024-05-30T03:52:08.620+0000] {logging_mixin.py:188} INFO - [2024-05-30T03:52:08.619+0000] {dagbag.py:545} INFO - Filling up the DagBag from /opt/airflow/dags/bash_dag.py
[2024-05-30T03:52:08.637+0000] {processor.py:840} INFO - DAG(s) 'bash' retrieved from /opt/airflow/dags/bash_dag.py
[2024-05-30T03:52:08.657+0000] {logging_mixin.py:188} INFO - [2024-05-30T03:52:08.657+0000] {dag.py:3096} INFO - Sync 1 DAGs
[2024-05-30T03:52:08.677+0000] {logging_mixin.py:188} INFO - [2024-05-30T03:52:08.677+0000] {dag.py:3954} INFO - Setting next_dagrun for bash to 2024-03-14 00:00:00+00:00, run_after=2024-03-14 00:00:00+00:00
[2024-05-30T03:52:08.701+0000] {processor.py:183} INFO - Processing /opt/airflow/dags/bash_dag.py took 0.089 seconds
[2024-05-30T03:52:39.246+0000] {processor.py:161} INFO - Started process (PID=2033) to work on /opt/airflow/dags/bash_dag.py
[2024-05-30T03:52:39.247+0000] {processor.py:830} INFO - Processing file /opt/airflow/dags/bash_dag.py for tasks to queue
[2024-05-30T03:52:39.249+0000] {logging_mixin.py:188} INFO - [2024-05-30T03:52:39.249+0000] {dagbag.py:545} INFO - Filling up the DagBag from /opt/airflow/dags/bash_dag.py
[2024-05-30T03:52:39.263+0000] {processor.py:840} INFO - DAG(s) 'bash' retrieved from /opt/airflow/dags/bash_dag.py
[2024-05-30T03:52:39.284+0000] {logging_mixin.py:188} INFO - [2024-05-30T03:52:39.284+0000] {dag.py:3096} INFO - Sync 1 DAGs
[2024-05-30T03:52:39.302+0000] {logging_mixin.py:188} INFO - [2024-05-30T03:52:39.302+0000] {dag.py:3954} INFO - Setting next_dagrun for bash to 2024-03-14 00:00:00+00:00, run_after=2024-03-14 00:00:00+00:00
[2024-05-30T03:52:39.324+0000] {processor.py:183} INFO - Processing /opt/airflow/dags/bash_dag.py took 0.083 seconds
[2024-05-30T03:53:10.901+0000] {processor.py:161} INFO - Started process (PID=2077) to work on /opt/airflow/dags/bash_dag.py
[2024-05-30T03:53:10.902+0000] {processor.py:830} INFO - Processing file /opt/airflow/dags/bash_dag.py for tasks to queue
[2024-05-30T03:53:10.904+0000] {logging_mixin.py:188} INFO - [2024-05-30T03:53:10.904+0000] {dagbag.py:545} INFO - Filling up the DagBag from /opt/airflow/dags/bash_dag.py
[2024-05-30T03:53:10.919+0000] {processor.py:840} INFO - DAG(s) 'bash' retrieved from /opt/airflow/dags/bash_dag.py
[2024-05-30T03:53:10.942+0000] {logging_mixin.py:188} INFO - [2024-05-30T03:53:10.942+0000] {dag.py:3096} INFO - Sync 1 DAGs
[2024-05-30T03:53:10.962+0000] {logging_mixin.py:188} INFO - [2024-05-30T03:53:10.961+0000] {dag.py:3954} INFO - Setting next_dagrun for bash to 2024-03-14 00:00:00+00:00, run_after=2024-03-14 00:00:00+00:00
[2024-05-30T03:53:11.040+0000] {processor.py:183} INFO - Processing /opt/airflow/dags/bash_dag.py took 0.145 seconds
[2024-05-30T03:53:41.865+0000] {processor.py:161} INFO - Started process (PID=2121) to work on /opt/airflow/dags/bash_dag.py
[2024-05-30T03:53:41.866+0000] {processor.py:830} INFO - Processing file /opt/airflow/dags/bash_dag.py for tasks to queue
[2024-05-30T03:53:41.868+0000] {logging_mixin.py:188} INFO - [2024-05-30T03:53:41.867+0000] {dagbag.py:545} INFO - Filling up the DagBag from /opt/airflow/dags/bash_dag.py
[2024-05-30T03:53:41.881+0000] {processor.py:840} INFO - DAG(s) 'bash' retrieved from /opt/airflow/dags/bash_dag.py
[2024-05-30T03:53:41.967+0000] {logging_mixin.py:188} INFO - [2024-05-30T03:53:41.966+0000] {dag.py:3096} INFO - Sync 1 DAGs
[2024-05-30T03:53:41.983+0000] {logging_mixin.py:188} INFO - [2024-05-30T03:53:41.983+0000] {dag.py:3954} INFO - Setting next_dagrun for bash to 2024-03-14 00:00:00+00:00, run_after=2024-03-14 00:00:00+00:00
[2024-05-30T03:53:42.005+0000] {processor.py:183} INFO - Processing /opt/airflow/dags/bash_dag.py took 0.145 seconds
[2024-05-30T03:54:12.940+0000] {processor.py:161} INFO - Started process (PID=2171) to work on /opt/airflow/dags/bash_dag.py
[2024-05-30T03:54:12.941+0000] {processor.py:830} INFO - Processing file /opt/airflow/dags/bash_dag.py for tasks to queue
[2024-05-30T03:54:12.943+0000] {logging_mixin.py:188} INFO - [2024-05-30T03:54:12.943+0000] {dagbag.py:545} INFO - Filling up the DagBag from /opt/airflow/dags/bash_dag.py
[2024-05-30T03:54:12.960+0000] {processor.py:840} INFO - DAG(s) 'bash' retrieved from /opt/airflow/dags/bash_dag.py
[2024-05-30T03:54:12.985+0000] {logging_mixin.py:188} INFO - [2024-05-30T03:54:12.984+0000] {dag.py:3096} INFO - Sync 1 DAGs
[2024-05-30T03:54:13.008+0000] {logging_mixin.py:188} INFO - [2024-05-30T03:54:13.008+0000] {dag.py:3954} INFO - Setting next_dagrun for bash to 2024-03-14 00:00:00+00:00, run_after=2024-03-14 00:00:00+00:00
[2024-05-30T03:54:13.032+0000] {processor.py:183} INFO - Processing /opt/airflow/dags/bash_dag.py took 0.097 seconds
[2024-05-30T03:54:43.569+0000] {processor.py:161} INFO - Started process (PID=2216) to work on /opt/airflow/dags/bash_dag.py
[2024-05-30T03:54:43.570+0000] {processor.py:830} INFO - Processing file /opt/airflow/dags/bash_dag.py for tasks to queue
[2024-05-30T03:54:43.572+0000] {logging_mixin.py:188} INFO - [2024-05-30T03:54:43.572+0000] {dagbag.py:545} INFO - Filling up the DagBag from /opt/airflow/dags/bash_dag.py
[2024-05-30T03:54:43.587+0000] {processor.py:840} INFO - DAG(s) 'bash' retrieved from /opt/airflow/dags/bash_dag.py
[2024-05-30T03:54:43.610+0000] {logging_mixin.py:188} INFO - [2024-05-30T03:54:43.610+0000] {dag.py:3096} INFO - Sync 1 DAGs
[2024-05-30T03:54:43.630+0000] {logging_mixin.py:188} INFO - [2024-05-30T03:54:43.630+0000] {dag.py:3954} INFO - Setting next_dagrun for bash to 2024-03-14 00:00:00+00:00, run_after=2024-03-14 00:00:00+00:00
[2024-05-30T03:54:43.666+0000] {processor.py:183} INFO - Processing /opt/airflow/dags/bash_dag.py took 0.101 seconds
[2024-05-30T03:55:14.269+0000] {processor.py:161} INFO - Started process (PID=2260) to work on /opt/airflow/dags/bash_dag.py
[2024-05-30T03:55:14.270+0000] {processor.py:830} INFO - Processing file /opt/airflow/dags/bash_dag.py for tasks to queue
[2024-05-30T03:55:14.272+0000] {logging_mixin.py:188} INFO - [2024-05-30T03:55:14.272+0000] {dagbag.py:545} INFO - Filling up the DagBag from /opt/airflow/dags/bash_dag.py
[2024-05-30T03:55:14.287+0000] {processor.py:840} INFO - DAG(s) 'bash' retrieved from /opt/airflow/dags/bash_dag.py
[2024-05-30T03:55:14.310+0000] {logging_mixin.py:188} INFO - [2024-05-30T03:55:14.309+0000] {dag.py:3096} INFO - Sync 1 DAGs
[2024-05-30T03:55:14.330+0000] {logging_mixin.py:188} INFO - [2024-05-30T03:55:14.330+0000] {dag.py:3954} INFO - Setting next_dagrun for bash to 2024-03-14 00:00:00+00:00, run_after=2024-03-14 00:00:00+00:00
[2024-05-30T03:55:14.354+0000] {processor.py:183} INFO - Processing /opt/airflow/dags/bash_dag.py took 0.090 seconds
[2024-05-30T03:55:44.973+0000] {processor.py:161} INFO - Started process (PID=2304) to work on /opt/airflow/dags/bash_dag.py
[2024-05-30T03:55:44.974+0000] {processor.py:830} INFO - Processing file /opt/airflow/dags/bash_dag.py for tasks to queue
[2024-05-30T03:55:44.976+0000] {logging_mixin.py:188} INFO - [2024-05-30T03:55:44.976+0000] {dagbag.py:545} INFO - Filling up the DagBag from /opt/airflow/dags/bash_dag.py
[2024-05-30T03:55:44.991+0000] {processor.py:840} INFO - DAG(s) 'bash' retrieved from /opt/airflow/dags/bash_dag.py
[2024-05-30T03:55:45.016+0000] {logging_mixin.py:188} INFO - [2024-05-30T03:55:45.015+0000] {dag.py:3096} INFO - Sync 1 DAGs
[2024-05-30T03:55:45.036+0000] {logging_mixin.py:188} INFO - [2024-05-30T03:55:45.036+0000] {dag.py:3954} INFO - Setting next_dagrun for bash to 2024-03-14 00:00:00+00:00, run_after=2024-03-14 00:00:00+00:00
[2024-05-30T03:55:45.057+0000] {processor.py:183} INFO - Processing /opt/airflow/dags/bash_dag.py took 0.089 seconds
[2024-05-30T03:56:15.718+0000] {processor.py:161} INFO - Started process (PID=2348) to work on /opt/airflow/dags/bash_dag.py
[2024-05-30T03:56:15.719+0000] {processor.py:830} INFO - Processing file /opt/airflow/dags/bash_dag.py for tasks to queue
[2024-05-30T03:56:15.721+0000] {logging_mixin.py:188} INFO - [2024-05-30T03:56:15.720+0000] {dagbag.py:545} INFO - Filling up the DagBag from /opt/airflow/dags/bash_dag.py
[2024-05-30T03:56:15.739+0000] {processor.py:840} INFO - DAG(s) 'bash' retrieved from /opt/airflow/dags/bash_dag.py
[2024-05-30T03:56:15.762+0000] {logging_mixin.py:188} INFO - [2024-05-30T03:56:15.762+0000] {dag.py:3096} INFO - Sync 1 DAGs
[2024-05-30T03:56:15.783+0000] {logging_mixin.py:188} INFO - [2024-05-30T03:56:15.783+0000] {dag.py:3954} INFO - Setting next_dagrun for bash to 2024-03-14 00:00:00+00:00, run_after=2024-03-14 00:00:00+00:00
[2024-05-30T03:56:15.812+0000] {processor.py:183} INFO - Processing /opt/airflow/dags/bash_dag.py took 0.100 seconds
[2024-05-30T03:56:46.306+0000] {processor.py:161} INFO - Started process (PID=2392) to work on /opt/airflow/dags/bash_dag.py
[2024-05-30T03:56:46.306+0000] {processor.py:830} INFO - Processing file /opt/airflow/dags/bash_dag.py for tasks to queue
[2024-05-30T03:56:46.308+0000] {logging_mixin.py:188} INFO - [2024-05-30T03:56:46.308+0000] {dagbag.py:545} INFO - Filling up the DagBag from /opt/airflow/dags/bash_dag.py
[2024-05-30T03:56:46.327+0000] {processor.py:840} INFO - DAG(s) 'bash' retrieved from /opt/airflow/dags/bash_dag.py
[2024-05-30T03:56:46.354+0000] {logging_mixin.py:188} INFO - [2024-05-30T03:56:46.353+0000] {dag.py:3096} INFO - Sync 1 DAGs
[2024-05-30T03:56:46.378+0000] {logging_mixin.py:188} INFO - [2024-05-30T03:56:46.378+0000] {dag.py:3954} INFO - Setting next_dagrun for bash to 2024-03-14 00:00:00+00:00, run_after=2024-03-14 00:00:00+00:00
[2024-05-30T03:56:46.410+0000] {processor.py:183} INFO - Processing /opt/airflow/dags/bash_dag.py took 0.110 seconds
[2024-05-30T03:57:16.933+0000] {processor.py:161} INFO - Started process (PID=2436) to work on /opt/airflow/dags/bash_dag.py
[2024-05-30T03:57:16.934+0000] {processor.py:830} INFO - Processing file /opt/airflow/dags/bash_dag.py for tasks to queue
[2024-05-30T03:57:16.935+0000] {logging_mixin.py:188} INFO - [2024-05-30T03:57:16.935+0000] {dagbag.py:545} INFO - Filling up the DagBag from /opt/airflow/dags/bash_dag.py
[2024-05-30T03:57:16.949+0000] {processor.py:840} INFO - DAG(s) 'bash' retrieved from /opt/airflow/dags/bash_dag.py
[2024-05-30T03:57:16.972+0000] {logging_mixin.py:188} INFO - [2024-05-30T03:57:16.971+0000] {dag.py:3096} INFO - Sync 1 DAGs
[2024-05-30T03:57:16.992+0000] {logging_mixin.py:188} INFO - [2024-05-30T03:57:16.992+0000] {dag.py:3954} INFO - Setting next_dagrun for bash to 2024-03-14 00:00:00+00:00, run_after=2024-03-14 00:00:00+00:00
[2024-05-30T03:57:17.016+0000] {processor.py:183} INFO - Processing /opt/airflow/dags/bash_dag.py took 0.088 seconds
[2024-05-30T03:57:47.587+0000] {processor.py:161} INFO - Started process (PID=2480) to work on /opt/airflow/dags/bash_dag.py
[2024-05-30T03:57:47.588+0000] {processor.py:830} INFO - Processing file /opt/airflow/dags/bash_dag.py for tasks to queue
[2024-05-30T03:57:47.589+0000] {logging_mixin.py:188} INFO - [2024-05-30T03:57:47.589+0000] {dagbag.py:545} INFO - Filling up the DagBag from /opt/airflow/dags/bash_dag.py
[2024-05-30T03:57:47.606+0000] {processor.py:840} INFO - DAG(s) 'bash' retrieved from /opt/airflow/dags/bash_dag.py
[2024-05-30T03:57:47.630+0000] {logging_mixin.py:188} INFO - [2024-05-30T03:57:47.630+0000] {dag.py:3096} INFO - Sync 1 DAGs
[2024-05-30T03:57:47.651+0000] {logging_mixin.py:188} INFO - [2024-05-30T03:57:47.651+0000] {dag.py:3954} INFO - Setting next_dagrun for bash to 2024-03-14 00:00:00+00:00, run_after=2024-03-14 00:00:00+00:00
[2024-05-30T03:57:47.674+0000] {processor.py:183} INFO - Processing /opt/airflow/dags/bash_dag.py took 0.094 seconds
[2024-05-30T03:58:18.157+0000] {processor.py:161} INFO - Started process (PID=2524) to work on /opt/airflow/dags/bash_dag.py
[2024-05-30T03:58:18.158+0000] {processor.py:830} INFO - Processing file /opt/airflow/dags/bash_dag.py for tasks to queue
[2024-05-30T03:58:18.160+0000] {logging_mixin.py:188} INFO - [2024-05-30T03:58:18.160+0000] {dagbag.py:545} INFO - Filling up the DagBag from /opt/airflow/dags/bash_dag.py
[2024-05-30T03:58:18.176+0000] {processor.py:840} INFO - DAG(s) 'bash' retrieved from /opt/airflow/dags/bash_dag.py
[2024-05-30T03:58:18.200+0000] {logging_mixin.py:188} INFO - [2024-05-30T03:58:18.199+0000] {dag.py:3096} INFO - Sync 1 DAGs
[2024-05-30T03:58:18.219+0000] {logging_mixin.py:188} INFO - [2024-05-30T03:58:18.219+0000] {dag.py:3954} INFO - Setting next_dagrun for bash to 2024-03-14 00:00:00+00:00, run_after=2024-03-14 00:00:00+00:00
[2024-05-30T03:58:18.243+0000] {processor.py:183} INFO - Processing /opt/airflow/dags/bash_dag.py took 0.091 seconds
[2024-05-30T03:58:48.935+0000] {processor.py:161} INFO - Started process (PID=2558) to work on /opt/airflow/dags/bash_dag.py
[2024-05-30T03:58:48.938+0000] {processor.py:830} INFO - Processing file /opt/airflow/dags/bash_dag.py for tasks to queue
[2024-05-30T03:58:48.941+0000] {logging_mixin.py:188} INFO - [2024-05-30T03:58:48.940+0000] {dagbag.py:545} INFO - Filling up the DagBag from /opt/airflow/dags/bash_dag.py
[2024-05-30T03:58:48.960+0000] {processor.py:840} INFO - DAG(s) 'bash' retrieved from /opt/airflow/dags/bash_dag.py
[2024-05-30T03:58:48.993+0000] {logging_mixin.py:188} INFO - [2024-05-30T03:58:48.993+0000] {dag.py:3096} INFO - Sync 1 DAGs
[2024-05-30T03:58:49.015+0000] {logging_mixin.py:188} INFO - [2024-05-30T03:58:49.015+0000] {dag.py:3954} INFO - Setting next_dagrun for bash to 2024-03-14 00:00:00+00:00, run_after=2024-03-14 00:00:00+00:00
[2024-05-30T03:58:49.038+0000] {processor.py:183} INFO - Processing /opt/airflow/dags/bash_dag.py took 0.109 seconds
[2024-05-30T03:59:19.514+0000] {processor.py:161} INFO - Started process (PID=2599) to work on /opt/airflow/dags/bash_dag.py
[2024-05-30T03:59:19.515+0000] {processor.py:830} INFO - Processing file /opt/airflow/dags/bash_dag.py for tasks to queue
[2024-05-30T03:59:19.518+0000] {logging_mixin.py:188} INFO - [2024-05-30T03:59:19.517+0000] {dagbag.py:545} INFO - Filling up the DagBag from /opt/airflow/dags/bash_dag.py
[2024-05-30T03:59:19.533+0000] {processor.py:840} INFO - DAG(s) 'bash' retrieved from /opt/airflow/dags/bash_dag.py
[2024-05-30T03:59:19.558+0000] {logging_mixin.py:188} INFO - [2024-05-30T03:59:19.558+0000] {dag.py:3096} INFO - Sync 1 DAGs
[2024-05-30T03:59:19.579+0000] {logging_mixin.py:188} INFO - [2024-05-30T03:59:19.578+0000] {dag.py:3954} INFO - Setting next_dagrun for bash to 2024-03-14 00:00:00+00:00, run_after=2024-03-14 00:00:00+00:00
[2024-05-30T03:59:19.605+0000] {processor.py:183} INFO - Processing /opt/airflow/dags/bash_dag.py took 0.096 seconds
[2024-05-30T04:02:45.640+0000] {processor.py:161} INFO - Started process (PID=179) to work on /opt/airflow/dags/bash_dag.py
[2024-05-30T04:02:45.656+0000] {processor.py:830} INFO - Processing file /opt/airflow/dags/bash_dag.py for tasks to queue
[2024-05-30T04:02:45.659+0000] {logging_mixin.py:188} INFO - [2024-05-30T04:02:45.658+0000] {dagbag.py:545} INFO - Filling up the DagBag from /opt/airflow/dags/bash_dag.py
[2024-05-30T04:02:45.681+0000] {processor.py:840} INFO - DAG(s) 'bash' retrieved from /opt/airflow/dags/bash_dag.py
[2024-05-30T04:02:45.735+0000] {logging_mixin.py:188} INFO - [2024-05-30T04:02:45.734+0000] {dag.py:3096} INFO - Sync 1 DAGs
[2024-05-30T04:02:45.770+0000] {logging_mixin.py:188} INFO - [2024-05-30T04:02:45.770+0000] {dag.py:3954} INFO - Setting next_dagrun for bash to 2024-03-14 00:00:00+00:00, run_after=2024-03-14 00:00:00+00:00
[2024-05-30T04:02:45.822+0000] {processor.py:183} INFO - Processing /opt/airflow/dags/bash_dag.py took 0.190 seconds
