[2024-05-30T03:31:11.408+0000] {processor.py:161} INFO - Started process (PID=190) to work on /opt/airflow/dags/dump_load_dag.py
[2024-05-30T03:31:11.410+0000] {processor.py:830} INFO - Processing file /opt/airflow/dags/dump_load_dag.py for tasks to queue
[2024-05-30T03:31:11.412+0000] {logging_mixin.py:188} INFO - [2024-05-30T03:31:11.412+0000] {dagbag.py:545} INFO - Filling up the DagBag from /opt/airflow/dags/dump_load_dag.py
[2024-05-30T03:31:11.469+0000] {processor.py:840} INFO - DAG(s) 'mysql_table_dump' retrieved from /opt/airflow/dags/dump_load_dag.py
[2024-05-30T03:31:11.511+0000] {logging_mixin.py:188} INFO - [2024-05-30T03:31:11.510+0000] {dag.py:3096} INFO - Sync 1 DAGs
[2024-05-30T03:31:11.546+0000] {logging_mixin.py:188} INFO - [2024-05-30T03:31:11.545+0000] {dag.py:3954} INFO - Setting next_dagrun for mysql_table_dump to 2024-03-14 00:00:00+00:00, run_after=2024-03-14 00:00:00+00:00
[2024-05-30T03:31:11.577+0000] {processor.py:183} INFO - Processing /opt/airflow/dags/dump_load_dag.py took 0.176 seconds
[2024-05-30T03:31:42.470+0000] {processor.py:161} INFO - Started process (PID=230) to work on /opt/airflow/dags/dump_load_dag.py
[2024-05-30T03:31:42.471+0000] {processor.py:830} INFO - Processing file /opt/airflow/dags/dump_load_dag.py for tasks to queue
[2024-05-30T03:31:42.473+0000] {logging_mixin.py:188} INFO - [2024-05-30T03:31:42.472+0000] {dagbag.py:545} INFO - Filling up the DagBag from /opt/airflow/dags/dump_load_dag.py
[2024-05-30T03:31:42.501+0000] {processor.py:840} INFO - DAG(s) 'mysql_table_dump' retrieved from /opt/airflow/dags/dump_load_dag.py
[2024-05-30T03:31:42.524+0000] {logging_mixin.py:188} INFO - [2024-05-30T03:31:42.524+0000] {dag.py:3096} INFO - Sync 1 DAGs
[2024-05-30T03:31:42.546+0000] {logging_mixin.py:188} INFO - [2024-05-30T03:31:42.546+0000] {dag.py:3954} INFO - Setting next_dagrun for mysql_table_dump to 2024-03-14 00:00:00+00:00, run_after=2024-03-14 00:00:00+00:00
[2024-05-30T03:31:42.569+0000] {processor.py:183} INFO - Processing /opt/airflow/dags/dump_load_dag.py took 0.104 seconds
[2024-05-30T03:32:13.198+0000] {processor.py:161} INFO - Started process (PID=274) to work on /opt/airflow/dags/dump_load_dag.py
[2024-05-30T03:32:13.199+0000] {processor.py:830} INFO - Processing file /opt/airflow/dags/dump_load_dag.py for tasks to queue
[2024-05-30T03:32:13.200+0000] {logging_mixin.py:188} INFO - [2024-05-30T03:32:13.200+0000] {dagbag.py:545} INFO - Filling up the DagBag from /opt/airflow/dags/dump_load_dag.py
[2024-05-30T03:32:13.237+0000] {processor.py:840} INFO - DAG(s) 'mysql_table_dump' retrieved from /opt/airflow/dags/dump_load_dag.py
[2024-05-30T03:32:13.276+0000] {logging_mixin.py:188} INFO - [2024-05-30T03:32:13.275+0000] {dag.py:3096} INFO - Sync 1 DAGs
[2024-05-30T03:32:13.306+0000] {logging_mixin.py:188} INFO - [2024-05-30T03:32:13.306+0000] {dag.py:3954} INFO - Setting next_dagrun for mysql_table_dump to 2024-03-14 00:00:00+00:00, run_after=2024-03-14 00:00:00+00:00
[2024-05-30T03:32:13.333+0000] {processor.py:183} INFO - Processing /opt/airflow/dags/dump_load_dag.py took 0.140 seconds
[2024-05-30T03:32:43.892+0000] {processor.py:161} INFO - Started process (PID=318) to work on /opt/airflow/dags/dump_load_dag.py
[2024-05-30T03:32:43.893+0000] {processor.py:830} INFO - Processing file /opt/airflow/dags/dump_load_dag.py for tasks to queue
[2024-05-30T03:32:43.895+0000] {logging_mixin.py:188} INFO - [2024-05-30T03:32:43.894+0000] {dagbag.py:545} INFO - Filling up the DagBag from /opt/airflow/dags/dump_load_dag.py
[2024-05-30T03:32:43.921+0000] {processor.py:840} INFO - DAG(s) 'mysql_table_dump' retrieved from /opt/airflow/dags/dump_load_dag.py
[2024-05-30T03:32:43.944+0000] {logging_mixin.py:188} INFO - [2024-05-30T03:32:43.944+0000] {dag.py:3096} INFO - Sync 1 DAGs
[2024-05-30T03:32:43.964+0000] {logging_mixin.py:188} INFO - [2024-05-30T03:32:43.963+0000] {dag.py:3954} INFO - Setting next_dagrun for mysql_table_dump to 2024-03-14 00:00:00+00:00, run_after=2024-03-14 00:00:00+00:00
[2024-05-30T03:32:43.983+0000] {processor.py:183} INFO - Processing /opt/airflow/dags/dump_load_dag.py took 0.096 seconds
[2024-05-30T03:33:14.526+0000] {processor.py:161} INFO - Started process (PID=362) to work on /opt/airflow/dags/dump_load_dag.py
[2024-05-30T03:33:14.527+0000] {processor.py:830} INFO - Processing file /opt/airflow/dags/dump_load_dag.py for tasks to queue
[2024-05-30T03:33:14.530+0000] {logging_mixin.py:188} INFO - [2024-05-30T03:33:14.530+0000] {dagbag.py:545} INFO - Filling up the DagBag from /opt/airflow/dags/dump_load_dag.py
[2024-05-30T03:33:14.558+0000] {processor.py:840} INFO - DAG(s) 'mysql_table_dump' retrieved from /opt/airflow/dags/dump_load_dag.py
[2024-05-30T03:33:14.582+0000] {logging_mixin.py:188} INFO - [2024-05-30T03:33:14.582+0000] {dag.py:3096} INFO - Sync 1 DAGs
[2024-05-30T03:33:14.603+0000] {logging_mixin.py:188} INFO - [2024-05-30T03:33:14.603+0000] {dag.py:3954} INFO - Setting next_dagrun for mysql_table_dump to 2024-03-14 00:00:00+00:00, run_after=2024-03-14 00:00:00+00:00
[2024-05-30T03:33:14.627+0000] {processor.py:183} INFO - Processing /opt/airflow/dags/dump_load_dag.py took 0.106 seconds
[2024-05-30T03:33:45.214+0000] {processor.py:161} INFO - Started process (PID=406) to work on /opt/airflow/dags/dump_load_dag.py
[2024-05-30T03:33:45.215+0000] {processor.py:830} INFO - Processing file /opt/airflow/dags/dump_load_dag.py for tasks to queue
[2024-05-30T03:33:45.217+0000] {logging_mixin.py:188} INFO - [2024-05-30T03:33:45.217+0000] {dagbag.py:545} INFO - Filling up the DagBag from /opt/airflow/dags/dump_load_dag.py
[2024-05-30T03:33:45.249+0000] {processor.py:840} INFO - DAG(s) 'mysql_table_dump' retrieved from /opt/airflow/dags/dump_load_dag.py
[2024-05-30T03:33:45.273+0000] {logging_mixin.py:188} INFO - [2024-05-30T03:33:45.272+0000] {dag.py:3096} INFO - Sync 1 DAGs
[2024-05-30T03:33:45.294+0000] {logging_mixin.py:188} INFO - [2024-05-30T03:33:45.294+0000] {dag.py:3954} INFO - Setting next_dagrun for mysql_table_dump to 2024-03-14 00:00:00+00:00, run_after=2024-03-14 00:00:00+00:00
[2024-05-30T03:33:45.315+0000] {processor.py:183} INFO - Processing /opt/airflow/dags/dump_load_dag.py took 0.106 seconds
[2024-05-30T03:34:15.929+0000] {processor.py:161} INFO - Started process (PID=450) to work on /opt/airflow/dags/dump_load_dag.py
[2024-05-30T03:34:15.930+0000] {processor.py:830} INFO - Processing file /opt/airflow/dags/dump_load_dag.py for tasks to queue
[2024-05-30T03:34:15.932+0000] {logging_mixin.py:188} INFO - [2024-05-30T03:34:15.932+0000] {dagbag.py:545} INFO - Filling up the DagBag from /opt/airflow/dags/dump_load_dag.py
[2024-05-30T03:34:15.956+0000] {processor.py:840} INFO - DAG(s) 'mysql_table_dump' retrieved from /opt/airflow/dags/dump_load_dag.py
[2024-05-30T03:34:15.983+0000] {logging_mixin.py:188} INFO - [2024-05-30T03:34:15.983+0000] {dag.py:3096} INFO - Sync 1 DAGs
[2024-05-30T03:34:16.011+0000] {logging_mixin.py:188} INFO - [2024-05-30T03:34:16.011+0000] {dag.py:3954} INFO - Setting next_dagrun for mysql_table_dump to 2024-03-14 00:00:00+00:00, run_after=2024-03-14 00:00:00+00:00
[2024-05-30T03:34:16.037+0000] {processor.py:183} INFO - Processing /opt/airflow/dags/dump_load_dag.py took 0.113 seconds
[2024-05-30T03:34:46.489+0000] {processor.py:161} INFO - Started process (PID=494) to work on /opt/airflow/dags/dump_load_dag.py
[2024-05-30T03:34:46.490+0000] {processor.py:830} INFO - Processing file /opt/airflow/dags/dump_load_dag.py for tasks to queue
[2024-05-30T03:34:46.492+0000] {logging_mixin.py:188} INFO - [2024-05-30T03:34:46.491+0000] {dagbag.py:545} INFO - Filling up the DagBag from /opt/airflow/dags/dump_load_dag.py
[2024-05-30T03:34:46.520+0000] {processor.py:840} INFO - DAG(s) 'mysql_table_dump' retrieved from /opt/airflow/dags/dump_load_dag.py
[2024-05-30T03:34:46.543+0000] {logging_mixin.py:188} INFO - [2024-05-30T03:34:46.543+0000] {dag.py:3096} INFO - Sync 1 DAGs
[2024-05-30T03:34:46.563+0000] {logging_mixin.py:188} INFO - [2024-05-30T03:34:46.563+0000] {dag.py:3954} INFO - Setting next_dagrun for mysql_table_dump to 2024-03-14 00:00:00+00:00, run_after=2024-03-14 00:00:00+00:00
[2024-05-30T03:34:46.584+0000] {processor.py:183} INFO - Processing /opt/airflow/dags/dump_load_dag.py took 0.099 seconds
[2024-05-30T03:35:17.231+0000] {processor.py:161} INFO - Started process (PID=538) to work on /opt/airflow/dags/dump_load_dag.py
[2024-05-30T03:35:17.232+0000] {processor.py:830} INFO - Processing file /opt/airflow/dags/dump_load_dag.py for tasks to queue
[2024-05-30T03:35:17.233+0000] {logging_mixin.py:188} INFO - [2024-05-30T03:35:17.233+0000] {dagbag.py:545} INFO - Filling up the DagBag from /opt/airflow/dags/dump_load_dag.py
[2024-05-30T03:35:17.260+0000] {processor.py:840} INFO - DAG(s) 'mysql_table_dump' retrieved from /opt/airflow/dags/dump_load_dag.py
[2024-05-30T03:35:17.283+0000] {logging_mixin.py:188} INFO - [2024-05-30T03:35:17.283+0000] {dag.py:3096} INFO - Sync 1 DAGs
[2024-05-30T03:35:17.303+0000] {logging_mixin.py:188} INFO - [2024-05-30T03:35:17.303+0000] {dag.py:3954} INFO - Setting next_dagrun for mysql_table_dump to 2024-03-14 00:00:00+00:00, run_after=2024-03-14 00:00:00+00:00
[2024-05-30T03:35:17.328+0000] {processor.py:183} INFO - Processing /opt/airflow/dags/dump_load_dag.py took 0.102 seconds
[2024-05-30T03:35:47.983+0000] {processor.py:161} INFO - Started process (PID=582) to work on /opt/airflow/dags/dump_load_dag.py
[2024-05-30T03:35:47.983+0000] {processor.py:830} INFO - Processing file /opt/airflow/dags/dump_load_dag.py for tasks to queue
[2024-05-30T03:35:47.985+0000] {logging_mixin.py:188} INFO - [2024-05-30T03:35:47.985+0000] {dagbag.py:545} INFO - Filling up the DagBag from /opt/airflow/dags/dump_load_dag.py
[2024-05-30T03:35:48.011+0000] {processor.py:840} INFO - DAG(s) 'mysql_table_dump' retrieved from /opt/airflow/dags/dump_load_dag.py
[2024-05-30T03:35:48.034+0000] {logging_mixin.py:188} INFO - [2024-05-30T03:35:48.034+0000] {dag.py:3096} INFO - Sync 1 DAGs
[2024-05-30T03:35:48.054+0000] {logging_mixin.py:188} INFO - [2024-05-30T03:35:48.054+0000] {dag.py:3954} INFO - Setting next_dagrun for mysql_table_dump to 2024-03-14 00:00:00+00:00, run_after=2024-03-14 00:00:00+00:00
[2024-05-30T03:35:48.077+0000] {processor.py:183} INFO - Processing /opt/airflow/dags/dump_load_dag.py took 0.100 seconds
[2024-05-30T03:36:18.604+0000] {processor.py:161} INFO - Started process (PID=626) to work on /opt/airflow/dags/dump_load_dag.py
[2024-05-30T03:36:18.605+0000] {processor.py:830} INFO - Processing file /opt/airflow/dags/dump_load_dag.py for tasks to queue
[2024-05-30T03:36:18.607+0000] {logging_mixin.py:188} INFO - [2024-05-30T03:36:18.606+0000] {dagbag.py:545} INFO - Filling up the DagBag from /opt/airflow/dags/dump_load_dag.py
[2024-05-30T03:36:18.636+0000] {processor.py:840} INFO - DAG(s) 'mysql_table_dump' retrieved from /opt/airflow/dags/dump_load_dag.py
[2024-05-30T03:36:18.660+0000] {logging_mixin.py:188} INFO - [2024-05-30T03:36:18.660+0000] {dag.py:3096} INFO - Sync 1 DAGs
[2024-05-30T03:36:18.682+0000] {logging_mixin.py:188} INFO - [2024-05-30T03:36:18.682+0000] {dag.py:3954} INFO - Setting next_dagrun for mysql_table_dump to 2024-03-14 00:00:00+00:00, run_after=2024-03-14 00:00:00+00:00
[2024-05-30T03:36:18.706+0000] {processor.py:183} INFO - Processing /opt/airflow/dags/dump_load_dag.py took 0.107 seconds
[2024-05-30T03:36:49.493+0000] {processor.py:161} INFO - Started process (PID=670) to work on /opt/airflow/dags/dump_load_dag.py
[2024-05-30T03:36:49.496+0000] {processor.py:830} INFO - Processing file /opt/airflow/dags/dump_load_dag.py for tasks to queue
[2024-05-30T03:36:49.500+0000] {logging_mixin.py:188} INFO - [2024-05-30T03:36:49.499+0000] {dagbag.py:545} INFO - Filling up the DagBag from /opt/airflow/dags/dump_load_dag.py
[2024-05-30T03:36:49.574+0000] {processor.py:840} INFO - DAG(s) 'mysql_table_dump' retrieved from /opt/airflow/dags/dump_load_dag.py
[2024-05-30T03:36:49.620+0000] {logging_mixin.py:188} INFO - [2024-05-30T03:36:49.620+0000] {dag.py:3096} INFO - Sync 1 DAGs
[2024-05-30T03:36:49.662+0000] {logging_mixin.py:188} INFO - [2024-05-30T03:36:49.662+0000] {dag.py:3954} INFO - Setting next_dagrun for mysql_table_dump to 2024-03-14 00:00:00+00:00, run_after=2024-03-14 00:00:00+00:00
[2024-05-30T03:36:49.710+0000] {processor.py:183} INFO - Processing /opt/airflow/dags/dump_load_dag.py took 0.231 seconds
[2024-05-30T03:37:19.802+0000] {processor.py:161} INFO - Started process (PID=714) to work on /opt/airflow/dags/dump_load_dag.py
[2024-05-30T03:37:19.803+0000] {processor.py:830} INFO - Processing file /opt/airflow/dags/dump_load_dag.py for tasks to queue
[2024-05-30T03:37:19.804+0000] {logging_mixin.py:188} INFO - [2024-05-30T03:37:19.804+0000] {dagbag.py:545} INFO - Filling up the DagBag from /opt/airflow/dags/dump_load_dag.py
[2024-05-30T03:37:19.839+0000] {processor.py:840} INFO - DAG(s) 'mysql_table_dump' retrieved from /opt/airflow/dags/dump_load_dag.py
[2024-05-30T03:37:19.864+0000] {logging_mixin.py:188} INFO - [2024-05-30T03:37:19.864+0000] {dag.py:3096} INFO - Sync 1 DAGs
[2024-05-30T03:37:19.886+0000] {logging_mixin.py:188} INFO - [2024-05-30T03:37:19.885+0000] {dag.py:3954} INFO - Setting next_dagrun for mysql_table_dump to 2024-03-14 00:00:00+00:00, run_after=2024-03-14 00:00:00+00:00
[2024-05-30T03:37:19.911+0000] {processor.py:183} INFO - Processing /opt/airflow/dags/dump_load_dag.py took 0.115 seconds
[2024-05-30T03:37:50.412+0000] {processor.py:161} INFO - Started process (PID=758) to work on /opt/airflow/dags/dump_load_dag.py
[2024-05-30T03:37:50.412+0000] {processor.py:830} INFO - Processing file /opt/airflow/dags/dump_load_dag.py for tasks to queue
[2024-05-30T03:37:50.414+0000] {logging_mixin.py:188} INFO - [2024-05-30T03:37:50.414+0000] {dagbag.py:545} INFO - Filling up the DagBag from /opt/airflow/dags/dump_load_dag.py
[2024-05-30T03:37:50.440+0000] {processor.py:840} INFO - DAG(s) 'mysql_table_dump' retrieved from /opt/airflow/dags/dump_load_dag.py
[2024-05-30T03:37:50.463+0000] {logging_mixin.py:188} INFO - [2024-05-30T03:37:50.463+0000] {dag.py:3096} INFO - Sync 1 DAGs
[2024-05-30T03:37:50.484+0000] {logging_mixin.py:188} INFO - [2024-05-30T03:37:50.483+0000] {dag.py:3954} INFO - Setting next_dagrun for mysql_table_dump to 2024-03-14 00:00:00+00:00, run_after=2024-03-14 00:00:00+00:00
[2024-05-30T03:37:50.507+0000] {processor.py:183} INFO - Processing /opt/airflow/dags/dump_load_dag.py took 0.101 seconds
[2024-05-30T03:38:21.074+0000] {processor.py:161} INFO - Started process (PID=802) to work on /opt/airflow/dags/dump_load_dag.py
[2024-05-30T03:38:21.075+0000] {processor.py:830} INFO - Processing file /opt/airflow/dags/dump_load_dag.py for tasks to queue
[2024-05-30T03:38:21.076+0000] {logging_mixin.py:188} INFO - [2024-05-30T03:38:21.076+0000] {dagbag.py:545} INFO - Filling up the DagBag from /opt/airflow/dags/dump_load_dag.py
[2024-05-30T03:38:21.103+0000] {processor.py:840} INFO - DAG(s) 'mysql_table_dump' retrieved from /opt/airflow/dags/dump_load_dag.py
[2024-05-30T03:38:21.128+0000] {logging_mixin.py:188} INFO - [2024-05-30T03:38:21.127+0000] {dag.py:3096} INFO - Sync 1 DAGs
[2024-05-30T03:38:21.148+0000] {logging_mixin.py:188} INFO - [2024-05-30T03:38:21.148+0000] {dag.py:3954} INFO - Setting next_dagrun for mysql_table_dump to 2024-03-14 00:00:00+00:00, run_after=2024-03-14 00:00:00+00:00
[2024-05-30T03:38:21.175+0000] {processor.py:183} INFO - Processing /opt/airflow/dags/dump_load_dag.py took 0.106 seconds
[2024-05-30T03:38:51.760+0000] {processor.py:161} INFO - Started process (PID=847) to work on /opt/airflow/dags/dump_load_dag.py
[2024-05-30T03:38:51.761+0000] {processor.py:830} INFO - Processing file /opt/airflow/dags/dump_load_dag.py for tasks to queue
[2024-05-30T03:38:51.763+0000] {logging_mixin.py:188} INFO - [2024-05-30T03:38:51.763+0000] {dagbag.py:545} INFO - Filling up the DagBag from /opt/airflow/dags/dump_load_dag.py
[2024-05-30T03:38:51.791+0000] {processor.py:840} INFO - DAG(s) 'mysql_table_dump' retrieved from /opt/airflow/dags/dump_load_dag.py
[2024-05-30T03:38:51.814+0000] {logging_mixin.py:188} INFO - [2024-05-30T03:38:51.813+0000] {dag.py:3096} INFO - Sync 1 DAGs
[2024-05-30T03:38:51.836+0000] {logging_mixin.py:188} INFO - [2024-05-30T03:38:51.836+0000] {dag.py:3954} INFO - Setting next_dagrun for mysql_table_dump to 2024-03-14 00:00:00+00:00, run_after=2024-03-14 00:00:00+00:00
[2024-05-30T03:38:51.860+0000] {processor.py:183} INFO - Processing /opt/airflow/dags/dump_load_dag.py took 0.106 seconds
[2024-05-30T03:39:22.455+0000] {processor.py:161} INFO - Started process (PID=891) to work on /opt/airflow/dags/dump_load_dag.py
[2024-05-30T03:39:22.455+0000] {processor.py:830} INFO - Processing file /opt/airflow/dags/dump_load_dag.py for tasks to queue
[2024-05-30T03:39:22.457+0000] {logging_mixin.py:188} INFO - [2024-05-30T03:39:22.457+0000] {dagbag.py:545} INFO - Filling up the DagBag from /opt/airflow/dags/dump_load_dag.py
[2024-05-30T03:39:22.495+0000] {processor.py:840} INFO - DAG(s) 'mysql_table_dump' retrieved from /opt/airflow/dags/dump_load_dag.py
[2024-05-30T03:39:22.529+0000] {logging_mixin.py:188} INFO - [2024-05-30T03:39:22.528+0000] {dag.py:3096} INFO - Sync 1 DAGs
[2024-05-30T03:39:22.555+0000] {logging_mixin.py:188} INFO - [2024-05-30T03:39:22.555+0000] {dag.py:3954} INFO - Setting next_dagrun for mysql_table_dump to 2024-03-14 00:00:00+00:00, run_after=2024-03-14 00:00:00+00:00
[2024-05-30T03:39:22.584+0000] {processor.py:183} INFO - Processing /opt/airflow/dags/dump_load_dag.py took 0.134 seconds
[2024-05-30T03:39:53.125+0000] {processor.py:161} INFO - Started process (PID=935) to work on /opt/airflow/dags/dump_load_dag.py
[2024-05-30T03:39:53.126+0000] {processor.py:830} INFO - Processing file /opt/airflow/dags/dump_load_dag.py for tasks to queue
[2024-05-30T03:39:53.128+0000] {logging_mixin.py:188} INFO - [2024-05-30T03:39:53.127+0000] {dagbag.py:545} INFO - Filling up the DagBag from /opt/airflow/dags/dump_load_dag.py
[2024-05-30T03:39:53.153+0000] {processor.py:840} INFO - DAG(s) 'mysql_table_dump' retrieved from /opt/airflow/dags/dump_load_dag.py
[2024-05-30T03:39:53.178+0000] {logging_mixin.py:188} INFO - [2024-05-30T03:39:53.178+0000] {dag.py:3096} INFO - Sync 1 DAGs
[2024-05-30T03:39:53.200+0000] {logging_mixin.py:188} INFO - [2024-05-30T03:39:53.200+0000] {dag.py:3954} INFO - Setting next_dagrun for mysql_table_dump to 2024-03-14 00:00:00+00:00, run_after=2024-03-14 00:00:00+00:00
[2024-05-30T03:39:53.224+0000] {processor.py:183} INFO - Processing /opt/airflow/dags/dump_load_dag.py took 0.104 seconds
[2024-05-30T03:40:23.799+0000] {processor.py:161} INFO - Started process (PID=979) to work on /opt/airflow/dags/dump_load_dag.py
[2024-05-30T03:40:23.800+0000] {processor.py:830} INFO - Processing file /opt/airflow/dags/dump_load_dag.py for tasks to queue
[2024-05-30T03:40:23.802+0000] {logging_mixin.py:188} INFO - [2024-05-30T03:40:23.802+0000] {dagbag.py:545} INFO - Filling up the DagBag from /opt/airflow/dags/dump_load_dag.py
[2024-05-30T03:40:23.844+0000] {processor.py:840} INFO - DAG(s) 'mysql_table_dump' retrieved from /opt/airflow/dags/dump_load_dag.py
[2024-05-30T03:40:23.875+0000] {logging_mixin.py:188} INFO - [2024-05-30T03:40:23.875+0000] {dag.py:3096} INFO - Sync 1 DAGs
[2024-05-30T03:40:23.902+0000] {logging_mixin.py:188} INFO - [2024-05-30T03:40:23.902+0000] {dag.py:3954} INFO - Setting next_dagrun for mysql_table_dump to 2024-03-14 00:00:00+00:00, run_after=2024-03-14 00:00:00+00:00
[2024-05-30T03:40:23.923+0000] {processor.py:183} INFO - Processing /opt/airflow/dags/dump_load_dag.py took 0.134 seconds
[2024-05-30T03:40:54.562+0000] {processor.py:161} INFO - Started process (PID=1023) to work on /opt/airflow/dags/dump_load_dag.py
[2024-05-30T03:40:54.563+0000] {processor.py:830} INFO - Processing file /opt/airflow/dags/dump_load_dag.py for tasks to queue
[2024-05-30T03:40:54.566+0000] {logging_mixin.py:188} INFO - [2024-05-30T03:40:54.566+0000] {dagbag.py:545} INFO - Filling up the DagBag from /opt/airflow/dags/dump_load_dag.py
[2024-05-30T03:40:54.600+0000] {processor.py:840} INFO - DAG(s) 'mysql_table_dump' retrieved from /opt/airflow/dags/dump_load_dag.py
[2024-05-30T03:40:54.632+0000] {logging_mixin.py:188} INFO - [2024-05-30T03:40:54.632+0000] {dag.py:3096} INFO - Sync 1 DAGs
[2024-05-30T03:40:54.666+0000] {logging_mixin.py:188} INFO - [2024-05-30T03:40:54.666+0000] {dag.py:3954} INFO - Setting next_dagrun for mysql_table_dump to 2024-03-14 00:00:00+00:00, run_after=2024-03-14 00:00:00+00:00
[2024-05-30T03:40:54.694+0000] {processor.py:183} INFO - Processing /opt/airflow/dags/dump_load_dag.py took 0.139 seconds
[2024-05-30T03:41:25.302+0000] {processor.py:161} INFO - Started process (PID=1067) to work on /opt/airflow/dags/dump_load_dag.py
[2024-05-30T03:41:25.303+0000] {processor.py:830} INFO - Processing file /opt/airflow/dags/dump_load_dag.py for tasks to queue
[2024-05-30T03:41:25.305+0000] {logging_mixin.py:188} INFO - [2024-05-30T03:41:25.305+0000] {dagbag.py:545} INFO - Filling up the DagBag from /opt/airflow/dags/dump_load_dag.py
[2024-05-30T03:41:25.332+0000] {processor.py:840} INFO - DAG(s) 'mysql_table_dump' retrieved from /opt/airflow/dags/dump_load_dag.py
[2024-05-30T03:41:25.355+0000] {logging_mixin.py:188} INFO - [2024-05-30T03:41:25.355+0000] {dag.py:3096} INFO - Sync 1 DAGs
[2024-05-30T03:41:25.375+0000] {logging_mixin.py:188} INFO - [2024-05-30T03:41:25.374+0000] {dag.py:3954} INFO - Setting next_dagrun for mysql_table_dump to 2024-03-14 00:00:00+00:00, run_after=2024-03-14 00:00:00+00:00
[2024-05-30T03:41:25.399+0000] {processor.py:183} INFO - Processing /opt/airflow/dags/dump_load_dag.py took 0.102 seconds
[2024-05-30T03:41:56.064+0000] {processor.py:161} INFO - Started process (PID=1111) to work on /opt/airflow/dags/dump_load_dag.py
[2024-05-30T03:41:56.065+0000] {processor.py:830} INFO - Processing file /opt/airflow/dags/dump_load_dag.py for tasks to queue
[2024-05-30T03:41:56.068+0000] {logging_mixin.py:188} INFO - [2024-05-30T03:41:56.067+0000] {dagbag.py:545} INFO - Filling up the DagBag from /opt/airflow/dags/dump_load_dag.py
[2024-05-30T03:41:56.099+0000] {processor.py:840} INFO - DAG(s) 'mysql_table_dump' retrieved from /opt/airflow/dags/dump_load_dag.py
[2024-05-30T03:41:56.123+0000] {logging_mixin.py:188} INFO - [2024-05-30T03:41:56.123+0000] {dag.py:3096} INFO - Sync 1 DAGs
[2024-05-30T03:41:56.145+0000] {logging_mixin.py:188} INFO - [2024-05-30T03:41:56.145+0000] {dag.py:3954} INFO - Setting next_dagrun for mysql_table_dump to 2024-03-14 00:00:00+00:00, run_after=2024-03-14 00:00:00+00:00
[2024-05-30T03:41:56.169+0000] {processor.py:183} INFO - Processing /opt/airflow/dags/dump_load_dag.py took 0.110 seconds
[2024-05-30T03:42:26.784+0000] {processor.py:161} INFO - Started process (PID=1155) to work on /opt/airflow/dags/dump_load_dag.py
[2024-05-30T03:42:26.785+0000] {processor.py:830} INFO - Processing file /opt/airflow/dags/dump_load_dag.py for tasks to queue
[2024-05-30T03:42:26.787+0000] {logging_mixin.py:188} INFO - [2024-05-30T03:42:26.787+0000] {dagbag.py:545} INFO - Filling up the DagBag from /opt/airflow/dags/dump_load_dag.py
[2024-05-30T03:42:26.814+0000] {processor.py:840} INFO - DAG(s) 'mysql_table_dump' retrieved from /opt/airflow/dags/dump_load_dag.py
[2024-05-30T03:42:26.838+0000] {logging_mixin.py:188} INFO - [2024-05-30T03:42:26.838+0000] {dag.py:3096} INFO - Sync 1 DAGs
[2024-05-30T03:42:26.859+0000] {logging_mixin.py:188} INFO - [2024-05-30T03:42:26.858+0000] {dag.py:3954} INFO - Setting next_dagrun for mysql_table_dump to 2024-03-14 00:00:00+00:00, run_after=2024-03-14 00:00:00+00:00
[2024-05-30T03:42:26.882+0000] {processor.py:183} INFO - Processing /opt/airflow/dags/dump_load_dag.py took 0.103 seconds
[2024-05-30T03:42:57.444+0000] {processor.py:161} INFO - Started process (PID=1199) to work on /opt/airflow/dags/dump_load_dag.py
[2024-05-30T03:42:57.445+0000] {processor.py:830} INFO - Processing file /opt/airflow/dags/dump_load_dag.py for tasks to queue
[2024-05-30T03:42:57.447+0000] {logging_mixin.py:188} INFO - [2024-05-30T03:42:57.447+0000] {dagbag.py:545} INFO - Filling up the DagBag from /opt/airflow/dags/dump_load_dag.py
[2024-05-30T03:42:57.475+0000] {processor.py:840} INFO - DAG(s) 'mysql_table_dump' retrieved from /opt/airflow/dags/dump_load_dag.py
[2024-05-30T03:42:57.496+0000] {logging_mixin.py:188} INFO - [2024-05-30T03:42:57.496+0000] {dag.py:3096} INFO - Sync 1 DAGs
[2024-05-30T03:42:57.516+0000] {logging_mixin.py:188} INFO - [2024-05-30T03:42:57.516+0000] {dag.py:3954} INFO - Setting next_dagrun for mysql_table_dump to 2024-03-14 00:00:00+00:00, run_after=2024-03-14 00:00:00+00:00
[2024-05-30T03:42:57.539+0000] {processor.py:183} INFO - Processing /opt/airflow/dags/dump_load_dag.py took 0.099 seconds
[2024-05-30T03:43:28.089+0000] {processor.py:161} INFO - Started process (PID=1243) to work on /opt/airflow/dags/dump_load_dag.py
[2024-05-30T03:43:28.090+0000] {processor.py:830} INFO - Processing file /opt/airflow/dags/dump_load_dag.py for tasks to queue
[2024-05-30T03:43:28.091+0000] {logging_mixin.py:188} INFO - [2024-05-30T03:43:28.091+0000] {dagbag.py:545} INFO - Filling up the DagBag from /opt/airflow/dags/dump_load_dag.py
[2024-05-30T03:43:28.119+0000] {processor.py:840} INFO - DAG(s) 'mysql_table_dump' retrieved from /opt/airflow/dags/dump_load_dag.py
[2024-05-30T03:43:28.142+0000] {logging_mixin.py:188} INFO - [2024-05-30T03:43:28.142+0000] {dag.py:3096} INFO - Sync 1 DAGs
[2024-05-30T03:43:28.163+0000] {logging_mixin.py:188} INFO - [2024-05-30T03:43:28.163+0000] {dag.py:3954} INFO - Setting next_dagrun for mysql_table_dump to 2024-03-14 00:00:00+00:00, run_after=2024-03-14 00:00:00+00:00
[2024-05-30T03:43:28.187+0000] {processor.py:183} INFO - Processing /opt/airflow/dags/dump_load_dag.py took 0.103 seconds
[2024-05-30T03:43:58.766+0000] {processor.py:161} INFO - Started process (PID=1287) to work on /opt/airflow/dags/dump_load_dag.py
[2024-05-30T03:43:58.767+0000] {processor.py:830} INFO - Processing file /opt/airflow/dags/dump_load_dag.py for tasks to queue
[2024-05-30T03:43:58.768+0000] {logging_mixin.py:188} INFO - [2024-05-30T03:43:58.768+0000] {dagbag.py:545} INFO - Filling up the DagBag from /opt/airflow/dags/dump_load_dag.py
[2024-05-30T03:43:58.797+0000] {processor.py:840} INFO - DAG(s) 'mysql_table_dump' retrieved from /opt/airflow/dags/dump_load_dag.py
[2024-05-30T03:43:58.823+0000] {logging_mixin.py:188} INFO - [2024-05-30T03:43:58.823+0000] {dag.py:3096} INFO - Sync 1 DAGs
[2024-05-30T03:43:58.847+0000] {logging_mixin.py:188} INFO - [2024-05-30T03:43:58.846+0000] {dag.py:3954} INFO - Setting next_dagrun for mysql_table_dump to 2024-03-14 00:00:00+00:00, run_after=2024-03-14 00:00:00+00:00
[2024-05-30T03:43:58.873+0000] {processor.py:183} INFO - Processing /opt/airflow/dags/dump_load_dag.py took 0.112 seconds
[2024-05-30T03:44:29.251+0000] {processor.py:161} INFO - Started process (PID=1331) to work on /opt/airflow/dags/dump_load_dag.py
[2024-05-30T03:44:29.252+0000] {processor.py:830} INFO - Processing file /opt/airflow/dags/dump_load_dag.py for tasks to queue
[2024-05-30T03:44:29.258+0000] {logging_mixin.py:188} INFO - [2024-05-30T03:44:29.257+0000] {dagbag.py:545} INFO - Filling up the DagBag from /opt/airflow/dags/dump_load_dag.py
[2024-05-30T03:44:29.325+0000] {processor.py:840} INFO - DAG(s) 'mysql_table_dump' retrieved from /opt/airflow/dags/dump_load_dag.py
[2024-05-30T03:44:29.379+0000] {logging_mixin.py:188} INFO - [2024-05-30T03:44:29.379+0000] {dag.py:3096} INFO - Sync 1 DAGs
[2024-05-30T03:44:29.422+0000] {logging_mixin.py:188} INFO - [2024-05-30T03:44:29.421+0000] {dag.py:3954} INFO - Setting next_dagrun for mysql_table_dump to 2024-03-14 00:00:00+00:00, run_after=2024-03-14 00:00:00+00:00
[2024-05-30T03:44:29.457+0000] {processor.py:183} INFO - Processing /opt/airflow/dags/dump_load_dag.py took 0.217 seconds
[2024-05-30T03:44:59.845+0000] {processor.py:161} INFO - Started process (PID=1375) to work on /opt/airflow/dags/dump_load_dag.py
[2024-05-30T03:44:59.846+0000] {processor.py:830} INFO - Processing file /opt/airflow/dags/dump_load_dag.py for tasks to queue
[2024-05-30T03:44:59.848+0000] {logging_mixin.py:188} INFO - [2024-05-30T03:44:59.848+0000] {dagbag.py:545} INFO - Filling up the DagBag from /opt/airflow/dags/dump_load_dag.py
[2024-05-30T03:44:59.884+0000] {processor.py:840} INFO - DAG(s) 'mysql_table_dump' retrieved from /opt/airflow/dags/dump_load_dag.py
[2024-05-30T03:44:59.909+0000] {logging_mixin.py:188} INFO - [2024-05-30T03:44:59.909+0000] {dag.py:3096} INFO - Sync 1 DAGs
[2024-05-30T03:44:59.933+0000] {logging_mixin.py:188} INFO - [2024-05-30T03:44:59.933+0000] {dag.py:3954} INFO - Setting next_dagrun for mysql_table_dump to 2024-03-14 00:00:00+00:00, run_after=2024-03-14 00:00:00+00:00
[2024-05-30T03:44:59.958+0000] {processor.py:183} INFO - Processing /opt/airflow/dags/dump_load_dag.py took 0.119 seconds
[2024-05-30T03:45:30.550+0000] {processor.py:161} INFO - Started process (PID=1419) to work on /opt/airflow/dags/dump_load_dag.py
[2024-05-30T03:45:30.551+0000] {processor.py:830} INFO - Processing file /opt/airflow/dags/dump_load_dag.py for tasks to queue
[2024-05-30T03:45:30.553+0000] {logging_mixin.py:188} INFO - [2024-05-30T03:45:30.552+0000] {dagbag.py:545} INFO - Filling up the DagBag from /opt/airflow/dags/dump_load_dag.py
[2024-05-30T03:45:30.587+0000] {processor.py:840} INFO - DAG(s) 'mysql_table_dump' retrieved from /opt/airflow/dags/dump_load_dag.py
[2024-05-30T03:45:30.614+0000] {logging_mixin.py:188} INFO - [2024-05-30T03:45:30.614+0000] {dag.py:3096} INFO - Sync 1 DAGs
[2024-05-30T03:45:30.636+0000] {logging_mixin.py:188} INFO - [2024-05-30T03:45:30.636+0000] {dag.py:3954} INFO - Setting next_dagrun for mysql_table_dump to 2024-03-14 00:00:00+00:00, run_after=2024-03-14 00:00:00+00:00
[2024-05-30T03:45:30.659+0000] {processor.py:183} INFO - Processing /opt/airflow/dags/dump_load_dag.py took 0.114 seconds
[2024-05-30T03:46:01.051+0000] {processor.py:161} INFO - Started process (PID=1463) to work on /opt/airflow/dags/dump_load_dag.py
[2024-05-30T03:46:01.053+0000] {processor.py:830} INFO - Processing file /opt/airflow/dags/dump_load_dag.py for tasks to queue
[2024-05-30T03:46:01.055+0000] {logging_mixin.py:188} INFO - [2024-05-30T03:46:01.055+0000] {dagbag.py:545} INFO - Filling up the DagBag from /opt/airflow/dags/dump_load_dag.py
[2024-05-30T03:46:01.089+0000] {processor.py:840} INFO - DAG(s) 'mysql_table_dump' retrieved from /opt/airflow/dags/dump_load_dag.py
[2024-05-30T03:46:01.115+0000] {logging_mixin.py:188} INFO - [2024-05-30T03:46:01.115+0000] {dag.py:3096} INFO - Sync 1 DAGs
[2024-05-30T03:46:01.138+0000] {logging_mixin.py:188} INFO - [2024-05-30T03:46:01.137+0000] {dag.py:3954} INFO - Setting next_dagrun for mysql_table_dump to 2024-03-14 00:00:00+00:00, run_after=2024-03-14 00:00:00+00:00
[2024-05-30T03:46:01.160+0000] {processor.py:183} INFO - Processing /opt/airflow/dags/dump_load_dag.py took 0.116 seconds
[2024-05-30T03:46:31.722+0000] {processor.py:161} INFO - Started process (PID=1497) to work on /opt/airflow/dags/dump_load_dag.py
[2024-05-30T03:46:31.723+0000] {processor.py:830} INFO - Processing file /opt/airflow/dags/dump_load_dag.py for tasks to queue
[2024-05-30T03:46:31.724+0000] {logging_mixin.py:188} INFO - [2024-05-30T03:46:31.724+0000] {dagbag.py:545} INFO - Filling up the DagBag from /opt/airflow/dags/dump_load_dag.py
[2024-05-30T03:46:31.757+0000] {processor.py:840} INFO - DAG(s) 'mysql_table_dump' retrieved from /opt/airflow/dags/dump_load_dag.py
[2024-05-30T03:46:31.783+0000] {logging_mixin.py:188} INFO - [2024-05-30T03:46:31.783+0000] {dag.py:3096} INFO - Sync 1 DAGs
[2024-05-30T03:46:31.807+0000] {logging_mixin.py:188} INFO - [2024-05-30T03:46:31.806+0000] {dag.py:3954} INFO - Setting next_dagrun for mysql_table_dump to 2024-03-14 00:00:00+00:00, run_after=2024-03-14 00:00:00+00:00
[2024-05-30T03:46:31.832+0000] {processor.py:183} INFO - Processing /opt/airflow/dags/dump_load_dag.py took 0.116 seconds
[2024-05-30T03:47:02.302+0000] {processor.py:161} INFO - Started process (PID=1552) to work on /opt/airflow/dags/dump_load_dag.py
[2024-05-30T03:47:02.303+0000] {processor.py:830} INFO - Processing file /opt/airflow/dags/dump_load_dag.py for tasks to queue
[2024-05-30T03:47:02.306+0000] {logging_mixin.py:188} INFO - [2024-05-30T03:47:02.305+0000] {dagbag.py:545} INFO - Filling up the DagBag from /opt/airflow/dags/dump_load_dag.py
[2024-05-30T03:47:02.340+0000] {processor.py:840} INFO - DAG(s) 'mysql_table_dump' retrieved from /opt/airflow/dags/dump_load_dag.py
[2024-05-30T03:47:02.365+0000] {logging_mixin.py:188} INFO - [2024-05-30T03:47:02.365+0000] {dag.py:3096} INFO - Sync 1 DAGs
[2024-05-30T03:47:02.387+0000] {logging_mixin.py:188} INFO - [2024-05-30T03:47:02.386+0000] {dag.py:3954} INFO - Setting next_dagrun for mysql_table_dump to 2024-03-14 00:00:00+00:00, run_after=2024-03-14 00:00:00+00:00
[2024-05-30T03:47:02.413+0000] {processor.py:183} INFO - Processing /opt/airflow/dags/dump_load_dag.py took 0.117 seconds
[2024-05-30T03:47:33.092+0000] {processor.py:161} INFO - Started process (PID=1596) to work on /opt/airflow/dags/dump_load_dag.py
[2024-05-30T03:47:33.093+0000] {processor.py:830} INFO - Processing file /opt/airflow/dags/dump_load_dag.py for tasks to queue
[2024-05-30T03:47:33.095+0000] {logging_mixin.py:188} INFO - [2024-05-30T03:47:33.095+0000] {dagbag.py:545} INFO - Filling up the DagBag from /opt/airflow/dags/dump_load_dag.py
[2024-05-30T03:47:33.125+0000] {processor.py:840} INFO - DAG(s) 'mysql_table_dump' retrieved from /opt/airflow/dags/dump_load_dag.py
[2024-05-30T03:47:33.150+0000] {logging_mixin.py:188} INFO - [2024-05-30T03:47:33.150+0000] {dag.py:3096} INFO - Sync 1 DAGs
[2024-05-30T03:47:33.176+0000] {logging_mixin.py:188} INFO - [2024-05-30T03:47:33.176+0000] {dag.py:3954} INFO - Setting next_dagrun for mysql_table_dump to 2024-03-14 00:00:00+00:00, run_after=2024-03-14 00:00:00+00:00
[2024-05-30T03:47:33.201+0000] {processor.py:183} INFO - Processing /opt/airflow/dags/dump_load_dag.py took 0.114 seconds
[2024-05-30T03:48:03.765+0000] {processor.py:161} INFO - Started process (PID=1641) to work on /opt/airflow/dags/dump_load_dag.py
[2024-05-30T03:48:03.766+0000] {processor.py:830} INFO - Processing file /opt/airflow/dags/dump_load_dag.py for tasks to queue
[2024-05-30T03:48:03.768+0000] {logging_mixin.py:188} INFO - [2024-05-30T03:48:03.767+0000] {dagbag.py:545} INFO - Filling up the DagBag from /opt/airflow/dags/dump_load_dag.py
[2024-05-30T03:48:03.794+0000] {processor.py:840} INFO - DAG(s) 'mysql_table_dump' retrieved from /opt/airflow/dags/dump_load_dag.py
[2024-05-30T03:48:03.818+0000] {logging_mixin.py:188} INFO - [2024-05-30T03:48:03.818+0000] {dag.py:3096} INFO - Sync 1 DAGs
[2024-05-30T03:48:03.839+0000] {logging_mixin.py:188} INFO - [2024-05-30T03:48:03.839+0000] {dag.py:3954} INFO - Setting next_dagrun for mysql_table_dump to 2024-03-14 00:00:00+00:00, run_after=2024-03-14 00:00:00+00:00
[2024-05-30T03:48:03.861+0000] {processor.py:183} INFO - Processing /opt/airflow/dags/dump_load_dag.py took 0.101 seconds
[2024-05-30T03:48:34.405+0000] {processor.py:161} INFO - Started process (PID=1685) to work on /opt/airflow/dags/dump_load_dag.py
[2024-05-30T03:48:34.406+0000] {processor.py:830} INFO - Processing file /opt/airflow/dags/dump_load_dag.py for tasks to queue
[2024-05-30T03:48:34.408+0000] {logging_mixin.py:188} INFO - [2024-05-30T03:48:34.407+0000] {dagbag.py:545} INFO - Filling up the DagBag from /opt/airflow/dags/dump_load_dag.py
[2024-05-30T03:48:34.434+0000] {processor.py:840} INFO - DAG(s) 'mysql_table_dump' retrieved from /opt/airflow/dags/dump_load_dag.py
[2024-05-30T03:48:34.458+0000] {logging_mixin.py:188} INFO - [2024-05-30T03:48:34.457+0000] {dag.py:3096} INFO - Sync 1 DAGs
[2024-05-30T03:48:34.477+0000] {logging_mixin.py:188} INFO - [2024-05-30T03:48:34.477+0000] {dag.py:3954} INFO - Setting next_dagrun for mysql_table_dump to 2024-03-14 00:00:00+00:00, run_after=2024-03-14 00:00:00+00:00
[2024-05-30T03:48:34.499+0000] {processor.py:183} INFO - Processing /opt/airflow/dags/dump_load_dag.py took 0.099 seconds
[2024-05-30T03:49:05.160+0000] {processor.py:161} INFO - Started process (PID=1729) to work on /opt/airflow/dags/dump_load_dag.py
[2024-05-30T03:49:05.162+0000] {processor.py:830} INFO - Processing file /opt/airflow/dags/dump_load_dag.py for tasks to queue
[2024-05-30T03:49:05.163+0000] {logging_mixin.py:188} INFO - [2024-05-30T03:49:05.163+0000] {dagbag.py:545} INFO - Filling up the DagBag from /opt/airflow/dags/dump_load_dag.py
[2024-05-30T03:49:05.197+0000] {processor.py:840} INFO - DAG(s) 'mysql_table_dump' retrieved from /opt/airflow/dags/dump_load_dag.py
[2024-05-30T03:49:05.227+0000] {logging_mixin.py:188} INFO - [2024-05-30T03:49:05.227+0000] {dag.py:3096} INFO - Sync 1 DAGs
[2024-05-30T03:49:05.248+0000] {logging_mixin.py:188} INFO - [2024-05-30T03:49:05.247+0000] {dag.py:3954} INFO - Setting next_dagrun for mysql_table_dump to 2024-03-14 00:00:00+00:00, run_after=2024-03-14 00:00:00+00:00
[2024-05-30T03:49:05.271+0000] {processor.py:183} INFO - Processing /opt/airflow/dags/dump_load_dag.py took 0.115 seconds
[2024-05-30T03:49:35.990+0000] {processor.py:161} INFO - Started process (PID=1773) to work on /opt/airflow/dags/dump_load_dag.py
[2024-05-30T03:49:35.991+0000] {processor.py:830} INFO - Processing file /opt/airflow/dags/dump_load_dag.py for tasks to queue
[2024-05-30T03:49:35.993+0000] {logging_mixin.py:188} INFO - [2024-05-30T03:49:35.992+0000] {dagbag.py:545} INFO - Filling up the DagBag from /opt/airflow/dags/dump_load_dag.py
[2024-05-30T03:49:36.024+0000] {processor.py:840} INFO - DAG(s) 'mysql_table_dump' retrieved from /opt/airflow/dags/dump_load_dag.py
[2024-05-30T03:49:36.049+0000] {logging_mixin.py:188} INFO - [2024-05-30T03:49:36.049+0000] {dag.py:3096} INFO - Sync 1 DAGs
[2024-05-30T03:49:36.074+0000] {logging_mixin.py:188} INFO - [2024-05-30T03:49:36.074+0000] {dag.py:3954} INFO - Setting next_dagrun for mysql_table_dump to 2024-03-14 00:00:00+00:00, run_after=2024-03-14 00:00:00+00:00
[2024-05-30T03:49:36.098+0000] {processor.py:183} INFO - Processing /opt/airflow/dags/dump_load_dag.py took 0.113 seconds
[2024-05-30T03:50:06.657+0000] {processor.py:161} INFO - Started process (PID=1817) to work on /opt/airflow/dags/dump_load_dag.py
[2024-05-30T03:50:06.658+0000] {processor.py:830} INFO - Processing file /opt/airflow/dags/dump_load_dag.py for tasks to queue
[2024-05-30T03:50:06.660+0000] {logging_mixin.py:188} INFO - [2024-05-30T03:50:06.659+0000] {dagbag.py:545} INFO - Filling up the DagBag from /opt/airflow/dags/dump_load_dag.py
[2024-05-30T03:50:06.687+0000] {processor.py:840} INFO - DAG(s) 'mysql_table_dump' retrieved from /opt/airflow/dags/dump_load_dag.py
[2024-05-30T03:50:06.710+0000] {logging_mixin.py:188} INFO - [2024-05-30T03:50:06.710+0000] {dag.py:3096} INFO - Sync 1 DAGs
[2024-05-30T03:50:06.730+0000] {logging_mixin.py:188} INFO - [2024-05-30T03:50:06.730+0000] {dag.py:3954} INFO - Setting next_dagrun for mysql_table_dump to 2024-03-14 00:00:00+00:00, run_after=2024-03-14 00:00:00+00:00
[2024-05-30T03:50:06.754+0000] {processor.py:183} INFO - Processing /opt/airflow/dags/dump_load_dag.py took 0.102 seconds
[2024-05-30T03:50:37.316+0000] {processor.py:161} INFO - Started process (PID=1861) to work on /opt/airflow/dags/dump_load_dag.py
[2024-05-30T03:50:37.317+0000] {processor.py:830} INFO - Processing file /opt/airflow/dags/dump_load_dag.py for tasks to queue
[2024-05-30T03:50:37.319+0000] {logging_mixin.py:188} INFO - [2024-05-30T03:50:37.319+0000] {dagbag.py:545} INFO - Filling up the DagBag from /opt/airflow/dags/dump_load_dag.py
[2024-05-30T03:50:37.351+0000] {processor.py:840} INFO - DAG(s) 'mysql_table_dump' retrieved from /opt/airflow/dags/dump_load_dag.py
[2024-05-30T03:50:37.377+0000] {logging_mixin.py:188} INFO - [2024-05-30T03:50:37.377+0000] {dag.py:3096} INFO - Sync 1 DAGs
[2024-05-30T03:50:37.405+0000] {logging_mixin.py:188} INFO - [2024-05-30T03:50:37.404+0000] {dag.py:3954} INFO - Setting next_dagrun for mysql_table_dump to 2024-03-14 00:00:00+00:00, run_after=2024-03-14 00:00:00+00:00
[2024-05-30T03:50:37.427+0000] {processor.py:183} INFO - Processing /opt/airflow/dags/dump_load_dag.py took 0.116 seconds
[2024-05-30T03:51:08.095+0000] {processor.py:161} INFO - Started process (PID=1905) to work on /opt/airflow/dags/dump_load_dag.py
[2024-05-30T03:51:08.096+0000] {processor.py:830} INFO - Processing file /opt/airflow/dags/dump_load_dag.py for tasks to queue
[2024-05-30T03:51:08.097+0000] {logging_mixin.py:188} INFO - [2024-05-30T03:51:08.097+0000] {dagbag.py:545} INFO - Filling up the DagBag from /opt/airflow/dags/dump_load_dag.py
[2024-05-30T03:51:08.126+0000] {processor.py:840} INFO - DAG(s) 'mysql_table_dump' retrieved from /opt/airflow/dags/dump_load_dag.py
[2024-05-30T03:51:08.150+0000] {logging_mixin.py:188} INFO - [2024-05-30T03:51:08.149+0000] {dag.py:3096} INFO - Sync 1 DAGs
[2024-05-30T03:51:08.171+0000] {logging_mixin.py:188} INFO - [2024-05-30T03:51:08.171+0000] {dag.py:3954} INFO - Setting next_dagrun for mysql_table_dump to 2024-03-14 00:00:00+00:00, run_after=2024-03-14 00:00:00+00:00
[2024-05-30T03:51:08.194+0000] {processor.py:183} INFO - Processing /opt/airflow/dags/dump_load_dag.py took 0.104 seconds
[2024-05-30T03:51:38.874+0000] {processor.py:161} INFO - Started process (PID=1949) to work on /opt/airflow/dags/dump_load_dag.py
[2024-05-30T03:51:38.875+0000] {processor.py:830} INFO - Processing file /opt/airflow/dags/dump_load_dag.py for tasks to queue
[2024-05-30T03:51:38.877+0000] {logging_mixin.py:188} INFO - [2024-05-30T03:51:38.876+0000] {dagbag.py:545} INFO - Filling up the DagBag from /opt/airflow/dags/dump_load_dag.py
[2024-05-30T03:51:38.906+0000] {processor.py:840} INFO - DAG(s) 'mysql_table_dump' retrieved from /opt/airflow/dags/dump_load_dag.py
[2024-05-30T03:51:38.931+0000] {logging_mixin.py:188} INFO - [2024-05-30T03:51:38.930+0000] {dag.py:3096} INFO - Sync 1 DAGs
[2024-05-30T03:51:38.951+0000] {logging_mixin.py:188} INFO - [2024-05-30T03:51:38.951+0000] {dag.py:3954} INFO - Setting next_dagrun for mysql_table_dump to 2024-03-14 00:00:00+00:00, run_after=2024-03-14 00:00:00+00:00
[2024-05-30T03:51:38.975+0000] {processor.py:183} INFO - Processing /opt/airflow/dags/dump_load_dag.py took 0.107 seconds
[2024-05-30T03:52:09.648+0000] {processor.py:161} INFO - Started process (PID=1993) to work on /opt/airflow/dags/dump_load_dag.py
[2024-05-30T03:52:09.649+0000] {processor.py:830} INFO - Processing file /opt/airflow/dags/dump_load_dag.py for tasks to queue
[2024-05-30T03:52:09.650+0000] {logging_mixin.py:188} INFO - [2024-05-30T03:52:09.650+0000] {dagbag.py:545} INFO - Filling up the DagBag from /opt/airflow/dags/dump_load_dag.py
[2024-05-30T03:52:09.683+0000] {processor.py:840} INFO - DAG(s) 'mysql_table_dump' retrieved from /opt/airflow/dags/dump_load_dag.py
[2024-05-30T03:52:09.709+0000] {logging_mixin.py:188} INFO - [2024-05-30T03:52:09.709+0000] {dag.py:3096} INFO - Sync 1 DAGs
[2024-05-30T03:52:09.736+0000] {logging_mixin.py:188} INFO - [2024-05-30T03:52:09.735+0000] {dag.py:3954} INFO - Setting next_dagrun for mysql_table_dump to 2024-03-14 00:00:00+00:00, run_after=2024-03-14 00:00:00+00:00
[2024-05-30T03:52:09.762+0000] {processor.py:183} INFO - Processing /opt/airflow/dags/dump_load_dag.py took 0.121 seconds
[2024-05-30T03:52:40.272+0000] {processor.py:161} INFO - Started process (PID=2038) to work on /opt/airflow/dags/dump_load_dag.py
[2024-05-30T03:52:40.273+0000] {processor.py:830} INFO - Processing file /opt/airflow/dags/dump_load_dag.py for tasks to queue
[2024-05-30T03:52:40.275+0000] {logging_mixin.py:188} INFO - [2024-05-30T03:52:40.275+0000] {dagbag.py:545} INFO - Filling up the DagBag from /opt/airflow/dags/dump_load_dag.py
[2024-05-30T03:52:40.308+0000] {processor.py:840} INFO - DAG(s) 'mysql_table_dump' retrieved from /opt/airflow/dags/dump_load_dag.py
[2024-05-30T03:52:40.337+0000] {logging_mixin.py:188} INFO - [2024-05-30T03:52:40.336+0000] {dag.py:3096} INFO - Sync 1 DAGs
[2024-05-30T03:52:40.366+0000] {logging_mixin.py:188} INFO - [2024-05-30T03:52:40.365+0000] {dag.py:3954} INFO - Setting next_dagrun for mysql_table_dump to 2024-03-14 00:00:00+00:00, run_after=2024-03-14 00:00:00+00:00
[2024-05-30T03:52:40.393+0000] {processor.py:183} INFO - Processing /opt/airflow/dags/dump_load_dag.py took 0.127 seconds
[2024-05-30T03:53:11.092+0000] {processor.py:161} INFO - Started process (PID=2082) to work on /opt/airflow/dags/dump_load_dag.py
[2024-05-30T03:53:11.094+0000] {processor.py:830} INFO - Processing file /opt/airflow/dags/dump_load_dag.py for tasks to queue
[2024-05-30T03:53:11.096+0000] {logging_mixin.py:188} INFO - [2024-05-30T03:53:11.096+0000] {dagbag.py:545} INFO - Filling up the DagBag from /opt/airflow/dags/dump_load_dag.py
[2024-05-30T03:53:11.134+0000] {processor.py:840} INFO - DAG(s) 'mysql_table_dump' retrieved from /opt/airflow/dags/dump_load_dag.py
[2024-05-30T03:53:11.165+0000] {logging_mixin.py:188} INFO - [2024-05-30T03:53:11.165+0000] {dag.py:3096} INFO - Sync 1 DAGs
[2024-05-30T03:53:11.190+0000] {logging_mixin.py:188} INFO - [2024-05-30T03:53:11.189+0000] {dag.py:3954} INFO - Setting next_dagrun for mysql_table_dump to 2024-03-14 00:00:00+00:00, run_after=2024-03-14 00:00:00+00:00
[2024-05-30T03:53:11.212+0000] {processor.py:183} INFO - Processing /opt/airflow/dags/dump_load_dag.py took 0.126 seconds
[2024-05-30T03:53:42.075+0000] {processor.py:161} INFO - Started process (PID=2126) to work on /opt/airflow/dags/dump_load_dag.py
[2024-05-30T03:53:42.076+0000] {processor.py:830} INFO - Processing file /opt/airflow/dags/dump_load_dag.py for tasks to queue
[2024-05-30T03:53:42.079+0000] {logging_mixin.py:188} INFO - [2024-05-30T03:53:42.079+0000] {dagbag.py:545} INFO - Filling up the DagBag from /opt/airflow/dags/dump_load_dag.py
[2024-05-30T03:53:42.122+0000] {processor.py:840} INFO - DAG(s) 'mysql_table_dump' retrieved from /opt/airflow/dags/dump_load_dag.py
[2024-05-30T03:53:42.278+0000] {logging_mixin.py:188} INFO - [2024-05-30T03:53:42.277+0000] {dag.py:3096} INFO - Sync 1 DAGs
[2024-05-30T03:53:42.302+0000] {logging_mixin.py:188} INFO - [2024-05-30T03:53:42.302+0000] {dag.py:3954} INFO - Setting next_dagrun for mysql_table_dump to 2024-03-14 00:00:00+00:00, run_after=2024-03-14 00:00:00+00:00
[2024-05-30T03:53:42.325+0000] {processor.py:183} INFO - Processing /opt/airflow/dags/dump_load_dag.py took 0.263 seconds
[2024-05-30T03:54:12.945+0000] {processor.py:161} INFO - Started process (PID=2174) to work on /opt/airflow/dags/dump_load_dag.py
[2024-05-30T03:54:12.946+0000] {processor.py:830} INFO - Processing file /opt/airflow/dags/dump_load_dag.py for tasks to queue
[2024-05-30T03:54:12.947+0000] {logging_mixin.py:188} INFO - [2024-05-30T03:54:12.947+0000] {dagbag.py:545} INFO - Filling up the DagBag from /opt/airflow/dags/dump_load_dag.py
[2024-05-30T03:54:12.979+0000] {processor.py:840} INFO - DAG(s) 'mysql_table_dump' retrieved from /opt/airflow/dags/dump_load_dag.py
[2024-05-30T03:54:13.009+0000] {logging_mixin.py:188} INFO - [2024-05-30T03:54:13.009+0000] {dag.py:3096} INFO - Sync 1 DAGs
[2024-05-30T03:54:13.032+0000] {logging_mixin.py:188} INFO - [2024-05-30T03:54:13.031+0000] {dag.py:3954} INFO - Setting next_dagrun for mysql_table_dump to 2024-03-14 00:00:00+00:00, run_after=2024-03-14 00:00:00+00:00
[2024-05-30T03:54:13.055+0000] {processor.py:183} INFO - Processing /opt/airflow/dags/dump_load_dag.py took 0.115 seconds
[2024-05-30T03:54:43.574+0000] {processor.py:161} INFO - Started process (PID=2219) to work on /opt/airflow/dags/dump_load_dag.py
[2024-05-30T03:54:43.575+0000] {processor.py:830} INFO - Processing file /opt/airflow/dags/dump_load_dag.py for tasks to queue
[2024-05-30T03:54:43.577+0000] {logging_mixin.py:188} INFO - [2024-05-30T03:54:43.576+0000] {dagbag.py:545} INFO - Filling up the DagBag from /opt/airflow/dags/dump_load_dag.py
[2024-05-30T03:54:43.604+0000] {processor.py:840} INFO - DAG(s) 'mysql_table_dump' retrieved from /opt/airflow/dags/dump_load_dag.py
[2024-05-30T03:54:43.629+0000] {logging_mixin.py:188} INFO - [2024-05-30T03:54:43.629+0000] {dag.py:3096} INFO - Sync 1 DAGs
[2024-05-30T03:54:43.649+0000] {logging_mixin.py:188} INFO - [2024-05-30T03:54:43.649+0000] {dag.py:3954} INFO - Setting next_dagrun for mysql_table_dump to 2024-03-14 00:00:00+00:00, run_after=2024-03-14 00:00:00+00:00
[2024-05-30T03:54:43.670+0000] {processor.py:183} INFO - Processing /opt/airflow/dags/dump_load_dag.py took 0.101 seconds
[2024-05-30T03:55:14.274+0000] {processor.py:161} INFO - Started process (PID=2263) to work on /opt/airflow/dags/dump_load_dag.py
[2024-05-30T03:55:14.275+0000] {processor.py:830} INFO - Processing file /opt/airflow/dags/dump_load_dag.py for tasks to queue
[2024-05-30T03:55:14.277+0000] {logging_mixin.py:188} INFO - [2024-05-30T03:55:14.276+0000] {dagbag.py:545} INFO - Filling up the DagBag from /opt/airflow/dags/dump_load_dag.py
[2024-05-30T03:55:14.306+0000] {processor.py:840} INFO - DAG(s) 'mysql_table_dump' retrieved from /opt/airflow/dags/dump_load_dag.py
[2024-05-30T03:55:14.330+0000] {logging_mixin.py:188} INFO - [2024-05-30T03:55:14.330+0000] {dag.py:3096} INFO - Sync 1 DAGs
[2024-05-30T03:55:14.350+0000] {logging_mixin.py:188} INFO - [2024-05-30T03:55:14.350+0000] {dag.py:3954} INFO - Setting next_dagrun for mysql_table_dump to 2024-03-14 00:00:00+00:00, run_after=2024-03-14 00:00:00+00:00
[2024-05-30T03:55:14.372+0000] {processor.py:183} INFO - Processing /opt/airflow/dags/dump_load_dag.py took 0.103 seconds
[2024-05-30T03:55:44.978+0000] {processor.py:161} INFO - Started process (PID=2307) to work on /opt/airflow/dags/dump_load_dag.py
[2024-05-30T03:55:44.979+0000] {processor.py:830} INFO - Processing file /opt/airflow/dags/dump_load_dag.py for tasks to queue
[2024-05-30T03:55:44.981+0000] {logging_mixin.py:188} INFO - [2024-05-30T03:55:44.980+0000] {dagbag.py:545} INFO - Filling up the DagBag from /opt/airflow/dags/dump_load_dag.py
[2024-05-30T03:55:45.010+0000] {processor.py:840} INFO - DAG(s) 'mysql_table_dump' retrieved from /opt/airflow/dags/dump_load_dag.py
[2024-05-30T03:55:45.033+0000] {logging_mixin.py:188} INFO - [2024-05-30T03:55:45.033+0000] {dag.py:3096} INFO - Sync 1 DAGs
[2024-05-30T03:55:45.052+0000] {logging_mixin.py:188} INFO - [2024-05-30T03:55:45.052+0000] {dag.py:3954} INFO - Setting next_dagrun for mysql_table_dump to 2024-03-14 00:00:00+00:00, run_after=2024-03-14 00:00:00+00:00
[2024-05-30T03:55:45.072+0000] {processor.py:183} INFO - Processing /opt/airflow/dags/dump_load_dag.py took 0.100 seconds
[2024-05-30T03:56:15.723+0000] {processor.py:161} INFO - Started process (PID=2351) to work on /opt/airflow/dags/dump_load_dag.py
[2024-05-30T03:56:15.724+0000] {processor.py:830} INFO - Processing file /opt/airflow/dags/dump_load_dag.py for tasks to queue
[2024-05-30T03:56:15.726+0000] {logging_mixin.py:188} INFO - [2024-05-30T03:56:15.725+0000] {dagbag.py:545} INFO - Filling up the DagBag from /opt/airflow/dags/dump_load_dag.py
[2024-05-30T03:56:15.755+0000] {processor.py:840} INFO - DAG(s) 'mysql_table_dump' retrieved from /opt/airflow/dags/dump_load_dag.py
[2024-05-30T03:56:15.780+0000] {logging_mixin.py:188} INFO - [2024-05-30T03:56:15.780+0000] {dag.py:3096} INFO - Sync 1 DAGs
[2024-05-30T03:56:15.810+0000] {logging_mixin.py:188} INFO - [2024-05-30T03:56:15.810+0000] {dag.py:3954} INFO - Setting next_dagrun for mysql_table_dump to 2024-03-14 00:00:00+00:00, run_after=2024-03-14 00:00:00+00:00
[2024-05-30T03:56:15.840+0000] {processor.py:183} INFO - Processing /opt/airflow/dags/dump_load_dag.py took 0.122 seconds
[2024-05-30T03:56:46.312+0000] {processor.py:161} INFO - Started process (PID=2395) to work on /opt/airflow/dags/dump_load_dag.py
[2024-05-30T03:56:46.313+0000] {processor.py:830} INFO - Processing file /opt/airflow/dags/dump_load_dag.py for tasks to queue
[2024-05-30T03:56:46.315+0000] {logging_mixin.py:188} INFO - [2024-05-30T03:56:46.315+0000] {dagbag.py:545} INFO - Filling up the DagBag from /opt/airflow/dags/dump_load_dag.py
[2024-05-30T03:56:46.346+0000] {processor.py:840} INFO - DAG(s) 'mysql_table_dump' retrieved from /opt/airflow/dags/dump_load_dag.py
[2024-05-30T03:56:46.376+0000] {logging_mixin.py:188} INFO - [2024-05-30T03:56:46.376+0000] {dag.py:3096} INFO - Sync 1 DAGs
[2024-05-30T03:56:46.401+0000] {logging_mixin.py:188} INFO - [2024-05-30T03:56:46.400+0000] {dag.py:3954} INFO - Setting next_dagrun for mysql_table_dump to 2024-03-14 00:00:00+00:00, run_after=2024-03-14 00:00:00+00:00
[2024-05-30T03:56:46.427+0000] {processor.py:183} INFO - Processing /opt/airflow/dags/dump_load_dag.py took 0.122 seconds
[2024-05-30T03:57:16.938+0000] {processor.py:161} INFO - Started process (PID=2439) to work on /opt/airflow/dags/dump_load_dag.py
[2024-05-30T03:57:16.940+0000] {processor.py:830} INFO - Processing file /opt/airflow/dags/dump_load_dag.py for tasks to queue
[2024-05-30T03:57:16.941+0000] {logging_mixin.py:188} INFO - [2024-05-30T03:57:16.941+0000] {dagbag.py:545} INFO - Filling up the DagBag from /opt/airflow/dags/dump_load_dag.py
[2024-05-30T03:57:16.967+0000] {processor.py:840} INFO - DAG(s) 'mysql_table_dump' retrieved from /opt/airflow/dags/dump_load_dag.py
[2024-05-30T03:57:16.992+0000] {logging_mixin.py:188} INFO - [2024-05-30T03:57:16.992+0000] {dag.py:3096} INFO - Sync 1 DAGs
[2024-05-30T03:57:17.012+0000] {logging_mixin.py:188} INFO - [2024-05-30T03:57:17.012+0000] {dag.py:3954} INFO - Setting next_dagrun for mysql_table_dump to 2024-03-14 00:00:00+00:00, run_after=2024-03-14 00:00:00+00:00
[2024-05-30T03:57:17.034+0000] {processor.py:183} INFO - Processing /opt/airflow/dags/dump_load_dag.py took 0.102 seconds
[2024-05-30T03:57:47.592+0000] {processor.py:161} INFO - Started process (PID=2483) to work on /opt/airflow/dags/dump_load_dag.py
[2024-05-30T03:57:47.593+0000] {processor.py:830} INFO - Processing file /opt/airflow/dags/dump_load_dag.py for tasks to queue
[2024-05-30T03:57:47.595+0000] {logging_mixin.py:188} INFO - [2024-05-30T03:57:47.594+0000] {dagbag.py:545} INFO - Filling up the DagBag from /opt/airflow/dags/dump_load_dag.py
[2024-05-30T03:57:47.622+0000] {processor.py:840} INFO - DAG(s) 'mysql_table_dump' retrieved from /opt/airflow/dags/dump_load_dag.py
[2024-05-30T03:57:47.646+0000] {logging_mixin.py:188} INFO - [2024-05-30T03:57:47.646+0000] {dag.py:3096} INFO - Sync 1 DAGs
[2024-05-30T03:57:47.666+0000] {logging_mixin.py:188} INFO - [2024-05-30T03:57:47.665+0000] {dag.py:3954} INFO - Setting next_dagrun for mysql_table_dump to 2024-03-14 00:00:00+00:00, run_after=2024-03-14 00:00:00+00:00
[2024-05-30T03:57:47.688+0000] {processor.py:183} INFO - Processing /opt/airflow/dags/dump_load_dag.py took 0.101 seconds
[2024-05-30T03:58:18.161+0000] {processor.py:161} INFO - Started process (PID=2527) to work on /opt/airflow/dags/dump_load_dag.py
[2024-05-30T03:58:18.161+0000] {processor.py:830} INFO - Processing file /opt/airflow/dags/dump_load_dag.py for tasks to queue
[2024-05-30T03:58:18.163+0000] {logging_mixin.py:188} INFO - [2024-05-30T03:58:18.163+0000] {dagbag.py:545} INFO - Filling up the DagBag from /opt/airflow/dags/dump_load_dag.py
[2024-05-30T03:58:18.190+0000] {processor.py:840} INFO - DAG(s) 'mysql_table_dump' retrieved from /opt/airflow/dags/dump_load_dag.py
[2024-05-30T03:58:18.215+0000] {logging_mixin.py:188} INFO - [2024-05-30T03:58:18.215+0000] {dag.py:3096} INFO - Sync 1 DAGs
[2024-05-30T03:58:18.236+0000] {logging_mixin.py:188} INFO - [2024-05-30T03:58:18.235+0000] {dag.py:3954} INFO - Setting next_dagrun for mysql_table_dump to 2024-03-14 00:00:00+00:00, run_after=2024-03-14 00:00:00+00:00
[2024-05-30T03:58:18.260+0000] {processor.py:183} INFO - Processing /opt/airflow/dags/dump_load_dag.py took 0.104 seconds
[2024-05-30T03:58:49.077+0000] {processor.py:161} INFO - Started process (PID=2564) to work on /opt/airflow/dags/dump_load_dag.py
[2024-05-30T03:58:49.078+0000] {processor.py:830} INFO - Processing file /opt/airflow/dags/dump_load_dag.py for tasks to queue
[2024-05-30T03:58:49.080+0000] {logging_mixin.py:188} INFO - [2024-05-30T03:58:49.080+0000] {dagbag.py:545} INFO - Filling up the DagBag from /opt/airflow/dags/dump_load_dag.py
[2024-05-30T03:58:49.121+0000] {processor.py:840} INFO - DAG(s) 'mysql_table_dump' retrieved from /opt/airflow/dags/dump_load_dag.py
[2024-05-30T03:58:49.149+0000] {logging_mixin.py:188} INFO - [2024-05-30T03:58:49.149+0000] {dag.py:3096} INFO - Sync 1 DAGs
[2024-05-30T03:58:49.176+0000] {logging_mixin.py:188} INFO - [2024-05-30T03:58:49.175+0000] {dag.py:3954} INFO - Setting next_dagrun for mysql_table_dump to 2024-03-14 00:00:00+00:00, run_after=2024-03-14 00:00:00+00:00
[2024-05-30T03:58:49.199+0000] {processor.py:183} INFO - Processing /opt/airflow/dags/dump_load_dag.py took 0.126 seconds
[2024-05-30T03:59:19.526+0000] {processor.py:161} INFO - Started process (PID=2602) to work on /opt/airflow/dags/dump_load_dag.py
[2024-05-30T03:59:19.528+0000] {processor.py:830} INFO - Processing file /opt/airflow/dags/dump_load_dag.py for tasks to queue
[2024-05-30T03:59:19.530+0000] {logging_mixin.py:188} INFO - [2024-05-30T03:59:19.530+0000] {dagbag.py:545} INFO - Filling up the DagBag from /opt/airflow/dags/dump_load_dag.py
[2024-05-30T03:59:19.562+0000] {processor.py:840} INFO - DAG(s) 'mysql_table_dump' retrieved from /opt/airflow/dags/dump_load_dag.py
[2024-05-30T03:59:19.588+0000] {logging_mixin.py:188} INFO - [2024-05-30T03:59:19.588+0000] {dag.py:3096} INFO - Sync 1 DAGs
[2024-05-30T03:59:19.610+0000] {logging_mixin.py:188} INFO - [2024-05-30T03:59:19.610+0000] {dag.py:3954} INFO - Setting next_dagrun for mysql_table_dump to 2024-03-14 00:00:00+00:00, run_after=2024-03-14 00:00:00+00:00
[2024-05-30T03:59:19.631+0000] {processor.py:183} INFO - Processing /opt/airflow/dags/dump_load_dag.py took 0.116 seconds
[2024-05-30T04:02:45.952+0000] {processor.py:161} INFO - Started process (PID=191) to work on /opt/airflow/dags/dump_load_dag.py
[2024-05-30T04:02:45.961+0000] {processor.py:830} INFO - Processing file /opt/airflow/dags/dump_load_dag.py for tasks to queue
[2024-05-30T04:02:45.964+0000] {logging_mixin.py:188} INFO - [2024-05-30T04:02:45.963+0000] {dagbag.py:545} INFO - Filling up the DagBag from /opt/airflow/dags/dump_load_dag.py
[2024-05-30T04:02:46.013+0000] {processor.py:840} INFO - DAG(s) 'mysql_table_dump' retrieved from /opt/airflow/dags/dump_load_dag.py
[2024-05-30T04:02:46.048+0000] {logging_mixin.py:188} INFO - [2024-05-30T04:02:46.048+0000] {dag.py:3096} INFO - Sync 1 DAGs
[2024-05-30T04:02:46.075+0000] {logging_mixin.py:188} INFO - [2024-05-30T04:02:46.075+0000] {dag.py:3954} INFO - Setting next_dagrun for mysql_table_dump to 2024-03-14 00:00:00+00:00, run_after=2024-03-14 00:00:00+00:00
[2024-05-30T04:02:46.099+0000] {processor.py:183} INFO - Processing /opt/airflow/dags/dump_load_dag.py took 0.156 seconds
[2024-05-30T04:21:13.374+0000] {processor.py:161} INFO - Started process (PID=164) to work on /opt/airflow/dags/dump_load_dag.py
[2024-05-30T04:21:13.379+0000] {processor.py:830} INFO - Processing file /opt/airflow/dags/dump_load_dag.py for tasks to queue
[2024-05-30T04:21:13.381+0000] {logging_mixin.py:188} INFO - [2024-05-30T04:21:13.381+0000] {dagbag.py:545} INFO - Filling up the DagBag from /opt/airflow/dags/dump_load_dag.py
[2024-05-30T04:21:17.093+0000] {processor.py:840} INFO - DAG(s) 'extenso_assignment' retrieved from /opt/airflow/dags/dump_load_dag.py
[2024-05-30T04:21:17.767+0000] {logging_mixin.py:188} INFO - [2024-05-30T04:21:17.766+0000] {override.py:1829} INFO - Created Permission View: can delete on DAG:extenso_assignment
[2024-05-30T04:21:17.954+0000] {logging_mixin.py:188} INFO - [2024-05-30T04:21:17.953+0000] {override.py:1829} INFO - Created Permission View: can edit on DAG:extenso_assignment
[2024-05-30T04:21:18.012+0000] {logging_mixin.py:188} INFO - [2024-05-30T04:21:18.011+0000] {override.py:1829} INFO - Created Permission View: can read on DAG:extenso_assignment
[2024-05-30T04:21:18.014+0000] {logging_mixin.py:188} INFO - [2024-05-30T04:21:18.013+0000] {dag.py:3096} INFO - Sync 1 DAGs
[2024-05-30T04:21:18.057+0000] {logging_mixin.py:188} INFO - [2024-05-30T04:21:18.057+0000] {dag.py:3118} INFO - Creating ORM DAG for extenso_assignment
[2024-05-30T04:21:18.076+0000] {logging_mixin.py:188} INFO - [2024-05-30T04:21:18.076+0000] {dag.py:3954} INFO - Setting next_dagrun for extenso_assignment to 2024-03-14 00:00:00+00:00, run_after=2024-03-14 00:00:00+00:00
[2024-05-30T04:21:18.103+0000] {processor.py:183} INFO - Processing /opt/airflow/dags/dump_load_dag.py took 4.750 seconds
[2024-05-30T04:21:50.412+0000] {processor.py:161} INFO - Started process (PID=190) to work on /opt/airflow/dags/dump_load_dag.py
[2024-05-30T04:21:50.451+0000] {processor.py:830} INFO - Processing file /opt/airflow/dags/dump_load_dag.py for tasks to queue
[2024-05-30T04:21:50.511+0000] {logging_mixin.py:188} INFO - [2024-05-30T04:21:50.497+0000] {dagbag.py:545} INFO - Filling up the DagBag from /opt/airflow/dags/dump_load_dag.py
[2024-05-30T04:22:25.814+0000] {logging_mixin.py:188} INFO - [2024-05-30T04:22:25.811+0000] {timeout.py:68} ERROR - Process timed out, PID: 190
[2024-05-30T04:22:29.973+0000] {processor.py:840} INFO - DAG(s) 'extenso_assignment' retrieved from /opt/airflow/dags/dump_load_dag.py
[2024-05-30T04:22:30.105+0000] {logging_mixin.py:188} INFO - [2024-05-30T04:22:30.104+0000] {dag.py:3096} INFO - Sync 1 DAGs
[2024-05-30T04:22:30.212+0000] {logging_mixin.py:188} INFO - [2024-05-30T04:22:30.212+0000] {dag.py:3954} INFO - Setting next_dagrun for extenso_assignment to 2024-03-14 00:00:00+00:00, run_after=2024-03-14 00:00:00+00:00
[2024-05-30T04:22:30.295+0000] {processor.py:183} INFO - Processing /opt/airflow/dags/dump_load_dag.py took 40.279 seconds
[2024-05-30T04:23:03.432+0000] {processor.py:161} INFO - Started process (PID=215) to work on /opt/airflow/dags/dump_load_dag.py
[2024-05-30T04:23:03.522+0000] {processor.py:830} INFO - Processing file /opt/airflow/dags/dump_load_dag.py for tasks to queue
[2024-05-30T04:23:03.614+0000] {logging_mixin.py:188} INFO - [2024-05-30T04:23:03.601+0000] {dagbag.py:545} INFO - Filling up the DagBag from /opt/airflow/dags/dump_load_dag.py
[2024-05-30T04:23:13.351+0000] {processor.py:840} INFO - DAG(s) 'extenso_assignment' retrieved from /opt/airflow/dags/dump_load_dag.py
[2024-05-30T04:23:13.450+0000] {logging_mixin.py:188} INFO - [2024-05-30T04:23:13.449+0000] {dag.py:3096} INFO - Sync 1 DAGs
[2024-05-30T04:23:15.387+0000] {logging_mixin.py:188} INFO - [2024-05-30T04:23:15.386+0000] {dag.py:3954} INFO - Setting next_dagrun for extenso_assignment to None, run_after=None
[2024-05-30T04:23:15.554+0000] {processor.py:183} INFO - Processing /opt/airflow/dags/dump_load_dag.py took 12.541 seconds
[2024-05-30T04:23:46.722+0000] {processor.py:161} INFO - Started process (PID=254) to work on /opt/airflow/dags/dump_load_dag.py
[2024-05-30T04:23:46.733+0000] {processor.py:830} INFO - Processing file /opt/airflow/dags/dump_load_dag.py for tasks to queue
[2024-05-30T04:23:46.789+0000] {logging_mixin.py:188} INFO - [2024-05-30T04:23:46.784+0000] {dagbag.py:545} INFO - Filling up the DagBag from /opt/airflow/dags/dump_load_dag.py
[2024-05-30T04:23:55.639+0000] {processor.py:840} INFO - DAG(s) 'extenso_assignment' retrieved from /opt/airflow/dags/dump_load_dag.py
[2024-05-30T04:23:55.783+0000] {logging_mixin.py:188} INFO - [2024-05-30T04:23:55.780+0000] {dag.py:3096} INFO - Sync 1 DAGs
[2024-05-30T04:23:55.839+0000] {logging_mixin.py:188} INFO - [2024-05-30T04:23:55.838+0000] {dag.py:3954} INFO - Setting next_dagrun for extenso_assignment to None, run_after=None
[2024-05-30T04:23:55.977+0000] {processor.py:183} INFO - Processing /opt/airflow/dags/dump_load_dag.py took 9.546 seconds
[2024-05-30T04:24:26.648+0000] {processor.py:161} INFO - Started process (PID=280) to work on /opt/airflow/dags/dump_load_dag.py
[2024-05-30T04:24:26.702+0000] {processor.py:830} INFO - Processing file /opt/airflow/dags/dump_load_dag.py for tasks to queue
[2024-05-30T04:24:26.721+0000] {logging_mixin.py:188} INFO - [2024-05-30T04:24:26.717+0000] {dagbag.py:545} INFO - Filling up the DagBag from /opt/airflow/dags/dump_load_dag.py
[2024-05-30T04:24:33.984+0000] {processor.py:840} INFO - DAG(s) 'extenso_assignment' retrieved from /opt/airflow/dags/dump_load_dag.py
[2024-05-30T04:24:34.263+0000] {logging_mixin.py:188} INFO - [2024-05-30T04:24:34.262+0000] {dag.py:3096} INFO - Sync 1 DAGs
[2024-05-30T04:24:34.300+0000] {logging_mixin.py:188} INFO - [2024-05-30T04:24:34.300+0000] {dag.py:3954} INFO - Setting next_dagrun for extenso_assignment to None, run_after=None
[2024-05-30T04:24:34.394+0000] {processor.py:183} INFO - Processing /opt/airflow/dags/dump_load_dag.py took 7.809 seconds
