[2024-05-30T03:31:11.618+0000] {processor.py:161} INFO - Started process (PID=195) to work on /opt/airflow/dags/email_dag.py
[2024-05-30T03:31:11.619+0000] {processor.py:830} INFO - Processing file /opt/airflow/dags/email_dag.py for tasks to queue
[2024-05-30T03:31:11.622+0000] {logging_mixin.py:188} INFO - [2024-05-30T03:31:11.621+0000] {dagbag.py:545} INFO - Filling up the DagBag from /opt/airflow/dags/email_dag.py
[2024-05-30T03:31:11.660+0000] {processor.py:840} INFO - DAG(s) 'emaildag' retrieved from /opt/airflow/dags/email_dag.py
[2024-05-30T03:31:11.692+0000] {logging_mixin.py:188} INFO - [2024-05-30T03:31:11.691+0000] {dag.py:3096} INFO - Sync 1 DAGs
[2024-05-30T03:31:11.726+0000] {logging_mixin.py:188} INFO - [2024-05-30T03:31:11.725+0000] {dag.py:3954} INFO - Setting next_dagrun for emaildag to 2024-05-29 01:15:00+00:00, run_after=2024-05-30 01:15:00+00:00
[2024-05-30T03:31:11.753+0000] {processor.py:183} INFO - Processing /opt/airflow/dags/email_dag.py took 0.141 seconds
[2024-05-30T03:31:42.474+0000] {processor.py:161} INFO - Started process (PID=233) to work on /opt/airflow/dags/email_dag.py
[2024-05-30T03:31:42.475+0000] {processor.py:830} INFO - Processing file /opt/airflow/dags/email_dag.py for tasks to queue
[2024-05-30T03:31:42.477+0000] {logging_mixin.py:188} INFO - [2024-05-30T03:31:42.477+0000] {dagbag.py:545} INFO - Filling up the DagBag from /opt/airflow/dags/email_dag.py
[2024-05-30T03:31:42.499+0000] {processor.py:840} INFO - DAG(s) 'emaildag' retrieved from /opt/airflow/dags/email_dag.py
[2024-05-30T03:31:42.523+0000] {logging_mixin.py:188} INFO - [2024-05-30T03:31:42.523+0000] {dag.py:3096} INFO - Sync 1 DAGs
[2024-05-30T03:31:42.547+0000] {logging_mixin.py:188} INFO - [2024-05-30T03:31:42.547+0000] {dag.py:3954} INFO - Setting next_dagrun for emaildag to 2024-05-29 01:15:00+00:00, run_after=2024-05-30 01:15:00+00:00
[2024-05-30T03:31:42.571+0000] {processor.py:183} INFO - Processing /opt/airflow/dags/email_dag.py took 0.101 seconds
[2024-05-30T03:32:13.202+0000] {processor.py:161} INFO - Started process (PID=277) to work on /opt/airflow/dags/email_dag.py
[2024-05-30T03:32:13.203+0000] {processor.py:830} INFO - Processing file /opt/airflow/dags/email_dag.py for tasks to queue
[2024-05-30T03:32:13.204+0000] {logging_mixin.py:188} INFO - [2024-05-30T03:32:13.204+0000] {dagbag.py:545} INFO - Filling up the DagBag from /opt/airflow/dags/email_dag.py
[2024-05-30T03:32:13.236+0000] {processor.py:840} INFO - DAG(s) 'emaildag' retrieved from /opt/airflow/dags/email_dag.py
[2024-05-30T03:32:13.276+0000] {logging_mixin.py:188} INFO - [2024-05-30T03:32:13.275+0000] {dag.py:3096} INFO - Sync 1 DAGs
[2024-05-30T03:32:13.312+0000] {logging_mixin.py:188} INFO - [2024-05-30T03:32:13.312+0000] {dag.py:3954} INFO - Setting next_dagrun for emaildag to 2024-05-29 01:15:00+00:00, run_after=2024-05-30 01:15:00+00:00
[2024-05-30T03:32:13.344+0000] {processor.py:183} INFO - Processing /opt/airflow/dags/email_dag.py took 0.147 seconds
[2024-05-30T03:32:43.898+0000] {processor.py:161} INFO - Started process (PID=321) to work on /opt/airflow/dags/email_dag.py
[2024-05-30T03:32:43.898+0000] {processor.py:830} INFO - Processing file /opt/airflow/dags/email_dag.py for tasks to queue
[2024-05-30T03:32:43.900+0000] {logging_mixin.py:188} INFO - [2024-05-30T03:32:43.900+0000] {dagbag.py:545} INFO - Filling up the DagBag from /opt/airflow/dags/email_dag.py
[2024-05-30T03:32:43.921+0000] {processor.py:840} INFO - DAG(s) 'emaildag' retrieved from /opt/airflow/dags/email_dag.py
[2024-05-30T03:32:43.945+0000] {logging_mixin.py:188} INFO - [2024-05-30T03:32:43.945+0000] {dag.py:3096} INFO - Sync 1 DAGs
[2024-05-30T03:32:43.968+0000] {logging_mixin.py:188} INFO - [2024-05-30T03:32:43.967+0000] {dag.py:3954} INFO - Setting next_dagrun for emaildag to 2024-05-29 01:15:00+00:00, run_after=2024-05-30 01:15:00+00:00
[2024-05-30T03:32:43.985+0000] {processor.py:183} INFO - Processing /opt/airflow/dags/email_dag.py took 0.093 seconds
[2024-05-30T03:33:14.531+0000] {processor.py:161} INFO - Started process (PID=365) to work on /opt/airflow/dags/email_dag.py
[2024-05-30T03:33:14.533+0000] {processor.py:830} INFO - Processing file /opt/airflow/dags/email_dag.py for tasks to queue
[2024-05-30T03:33:14.535+0000] {logging_mixin.py:188} INFO - [2024-05-30T03:33:14.535+0000] {dagbag.py:545} INFO - Filling up the DagBag from /opt/airflow/dags/email_dag.py
[2024-05-30T03:33:14.559+0000] {processor.py:840} INFO - DAG(s) 'emaildag' retrieved from /opt/airflow/dags/email_dag.py
[2024-05-30T03:33:14.582+0000] {logging_mixin.py:188} INFO - [2024-05-30T03:33:14.582+0000] {dag.py:3096} INFO - Sync 1 DAGs
[2024-05-30T03:33:14.604+0000] {logging_mixin.py:188} INFO - [2024-05-30T03:33:14.603+0000] {dag.py:3954} INFO - Setting next_dagrun for emaildag to 2024-05-29 01:15:00+00:00, run_after=2024-05-30 01:15:00+00:00
[2024-05-30T03:33:14.627+0000] {processor.py:183} INFO - Processing /opt/airflow/dags/email_dag.py took 0.100 seconds
[2024-05-30T03:33:45.219+0000] {processor.py:161} INFO - Started process (PID=409) to work on /opt/airflow/dags/email_dag.py
[2024-05-30T03:33:45.219+0000] {processor.py:830} INFO - Processing file /opt/airflow/dags/email_dag.py for tasks to queue
[2024-05-30T03:33:45.221+0000] {logging_mixin.py:188} INFO - [2024-05-30T03:33:45.221+0000] {dagbag.py:545} INFO - Filling up the DagBag from /opt/airflow/dags/email_dag.py
[2024-05-30T03:33:45.242+0000] {processor.py:840} INFO - DAG(s) 'emaildag' retrieved from /opt/airflow/dags/email_dag.py
[2024-05-30T03:33:45.265+0000] {logging_mixin.py:188} INFO - [2024-05-30T03:33:45.264+0000] {dag.py:3096} INFO - Sync 1 DAGs
[2024-05-30T03:33:45.286+0000] {logging_mixin.py:188} INFO - [2024-05-30T03:33:45.286+0000] {dag.py:3954} INFO - Setting next_dagrun for emaildag to 2024-05-29 01:15:00+00:00, run_after=2024-05-30 01:15:00+00:00
[2024-05-30T03:33:45.310+0000] {processor.py:183} INFO - Processing /opt/airflow/dags/email_dag.py took 0.096 seconds
[2024-05-30T03:34:15.933+0000] {processor.py:161} INFO - Started process (PID=453) to work on /opt/airflow/dags/email_dag.py
[2024-05-30T03:34:15.934+0000] {processor.py:830} INFO - Processing file /opt/airflow/dags/email_dag.py for tasks to queue
[2024-05-30T03:34:15.937+0000] {logging_mixin.py:188} INFO - [2024-05-30T03:34:15.936+0000] {dagbag.py:545} INFO - Filling up the DagBag from /opt/airflow/dags/email_dag.py
[2024-05-30T03:34:15.956+0000] {processor.py:840} INFO - DAG(s) 'emaildag' retrieved from /opt/airflow/dags/email_dag.py
[2024-05-30T03:34:15.983+0000] {logging_mixin.py:188} INFO - [2024-05-30T03:34:15.983+0000] {dag.py:3096} INFO - Sync 1 DAGs
[2024-05-30T03:34:16.014+0000] {logging_mixin.py:188} INFO - [2024-05-30T03:34:16.013+0000] {dag.py:3954} INFO - Setting next_dagrun for emaildag to 2024-05-29 01:15:00+00:00, run_after=2024-05-30 01:15:00+00:00
[2024-05-30T03:34:16.039+0000] {processor.py:183} INFO - Processing /opt/airflow/dags/email_dag.py took 0.111 seconds
[2024-05-30T03:34:46.494+0000] {processor.py:161} INFO - Started process (PID=497) to work on /opt/airflow/dags/email_dag.py
[2024-05-30T03:34:46.495+0000] {processor.py:830} INFO - Processing file /opt/airflow/dags/email_dag.py for tasks to queue
[2024-05-30T03:34:46.497+0000] {logging_mixin.py:188} INFO - [2024-05-30T03:34:46.497+0000] {dagbag.py:545} INFO - Filling up the DagBag from /opt/airflow/dags/email_dag.py
[2024-05-30T03:34:46.519+0000] {processor.py:840} INFO - DAG(s) 'emaildag' retrieved from /opt/airflow/dags/email_dag.py
[2024-05-30T03:34:46.544+0000] {logging_mixin.py:188} INFO - [2024-05-30T03:34:46.543+0000] {dag.py:3096} INFO - Sync 1 DAGs
[2024-05-30T03:34:46.564+0000] {logging_mixin.py:188} INFO - [2024-05-30T03:34:46.564+0000] {dag.py:3954} INFO - Setting next_dagrun for emaildag to 2024-05-29 01:15:00+00:00, run_after=2024-05-30 01:15:00+00:00
[2024-05-30T03:34:46.584+0000] {processor.py:183} INFO - Processing /opt/airflow/dags/email_dag.py took 0.096 seconds
[2024-05-30T03:35:17.236+0000] {processor.py:161} INFO - Started process (PID=541) to work on /opt/airflow/dags/email_dag.py
[2024-05-30T03:35:17.237+0000] {processor.py:830} INFO - Processing file /opt/airflow/dags/email_dag.py for tasks to queue
[2024-05-30T03:35:17.238+0000] {logging_mixin.py:188} INFO - [2024-05-30T03:35:17.238+0000] {dagbag.py:545} INFO - Filling up the DagBag from /opt/airflow/dags/email_dag.py
[2024-05-30T03:35:17.259+0000] {processor.py:840} INFO - DAG(s) 'emaildag' retrieved from /opt/airflow/dags/email_dag.py
[2024-05-30T03:35:17.287+0000] {logging_mixin.py:188} INFO - [2024-05-30T03:35:17.286+0000] {dag.py:3096} INFO - Sync 1 DAGs
[2024-05-30T03:35:17.308+0000] {logging_mixin.py:188} INFO - [2024-05-30T03:35:17.307+0000] {dag.py:3954} INFO - Setting next_dagrun for emaildag to 2024-05-29 01:15:00+00:00, run_after=2024-05-30 01:15:00+00:00
[2024-05-30T03:35:17.331+0000] {processor.py:183} INFO - Processing /opt/airflow/dags/email_dag.py took 0.100 seconds
[2024-05-30T03:35:47.988+0000] {processor.py:161} INFO - Started process (PID=585) to work on /opt/airflow/dags/email_dag.py
[2024-05-30T03:35:47.989+0000] {processor.py:830} INFO - Processing file /opt/airflow/dags/email_dag.py for tasks to queue
[2024-05-30T03:35:47.991+0000] {logging_mixin.py:188} INFO - [2024-05-30T03:35:47.991+0000] {dagbag.py:545} INFO - Filling up the DagBag from /opt/airflow/dags/email_dag.py
[2024-05-30T03:35:48.012+0000] {processor.py:840} INFO - DAG(s) 'emaildag' retrieved from /opt/airflow/dags/email_dag.py
[2024-05-30T03:35:48.035+0000] {logging_mixin.py:188} INFO - [2024-05-30T03:35:48.034+0000] {dag.py:3096} INFO - Sync 1 DAGs
[2024-05-30T03:35:48.055+0000] {logging_mixin.py:188} INFO - [2024-05-30T03:35:48.055+0000] {dag.py:3954} INFO - Setting next_dagrun for emaildag to 2024-05-29 01:15:00+00:00, run_after=2024-05-30 01:15:00+00:00
[2024-05-30T03:35:48.079+0000] {processor.py:183} INFO - Processing /opt/airflow/dags/email_dag.py took 0.096 seconds
[2024-05-30T03:36:18.610+0000] {processor.py:161} INFO - Started process (PID=629) to work on /opt/airflow/dags/email_dag.py
[2024-05-30T03:36:18.611+0000] {processor.py:830} INFO - Processing file /opt/airflow/dags/email_dag.py for tasks to queue
[2024-05-30T03:36:18.613+0000] {logging_mixin.py:188} INFO - [2024-05-30T03:36:18.613+0000] {dagbag.py:545} INFO - Filling up the DagBag from /opt/airflow/dags/email_dag.py
[2024-05-30T03:36:18.637+0000] {processor.py:840} INFO - DAG(s) 'emaildag' retrieved from /opt/airflow/dags/email_dag.py
[2024-05-30T03:36:18.660+0000] {logging_mixin.py:188} INFO - [2024-05-30T03:36:18.660+0000] {dag.py:3096} INFO - Sync 1 DAGs
[2024-05-30T03:36:18.683+0000] {logging_mixin.py:188} INFO - [2024-05-30T03:36:18.683+0000] {dag.py:3954} INFO - Setting next_dagrun for emaildag to 2024-05-29 01:15:00+00:00, run_after=2024-05-30 01:15:00+00:00
[2024-05-30T03:36:18.708+0000] {processor.py:183} INFO - Processing /opt/airflow/dags/email_dag.py took 0.102 seconds
[2024-05-30T03:36:49.504+0000] {processor.py:161} INFO - Started process (PID=673) to work on /opt/airflow/dags/email_dag.py
[2024-05-30T03:36:49.506+0000] {processor.py:830} INFO - Processing file /opt/airflow/dags/email_dag.py for tasks to queue
[2024-05-30T03:36:49.511+0000] {logging_mixin.py:188} INFO - [2024-05-30T03:36:49.510+0000] {dagbag.py:545} INFO - Filling up the DagBag from /opt/airflow/dags/email_dag.py
[2024-05-30T03:36:49.567+0000] {processor.py:840} INFO - DAG(s) 'emaildag' retrieved from /opt/airflow/dags/email_dag.py
[2024-05-30T03:36:49.615+0000] {logging_mixin.py:188} INFO - [2024-05-30T03:36:49.614+0000] {dag.py:3096} INFO - Sync 1 DAGs
[2024-05-30T03:36:49.660+0000] {logging_mixin.py:188} INFO - [2024-05-30T03:36:49.659+0000] {dag.py:3954} INFO - Setting next_dagrun for emaildag to 2024-05-29 01:15:00+00:00, run_after=2024-05-30 01:15:00+00:00
[2024-05-30T03:36:49.700+0000] {processor.py:183} INFO - Processing /opt/airflow/dags/email_dag.py took 0.212 seconds
[2024-05-30T03:37:19.808+0000] {processor.py:161} INFO - Started process (PID=717) to work on /opt/airflow/dags/email_dag.py
[2024-05-30T03:37:19.809+0000] {processor.py:830} INFO - Processing file /opt/airflow/dags/email_dag.py for tasks to queue
[2024-05-30T03:37:19.811+0000] {logging_mixin.py:188} INFO - [2024-05-30T03:37:19.811+0000] {dagbag.py:545} INFO - Filling up the DagBag from /opt/airflow/dags/email_dag.py
[2024-05-30T03:37:19.837+0000] {processor.py:840} INFO - DAG(s) 'emaildag' retrieved from /opt/airflow/dags/email_dag.py
[2024-05-30T03:37:19.864+0000] {logging_mixin.py:188} INFO - [2024-05-30T03:37:19.864+0000] {dag.py:3096} INFO - Sync 1 DAGs
[2024-05-30T03:37:19.889+0000] {logging_mixin.py:188} INFO - [2024-05-30T03:37:19.889+0000] {dag.py:3954} INFO - Setting next_dagrun for emaildag to 2024-05-29 01:15:00+00:00, run_after=2024-05-30 01:15:00+00:00
[2024-05-30T03:37:19.913+0000] {processor.py:183} INFO - Processing /opt/airflow/dags/email_dag.py took 0.111 seconds
[2024-05-30T03:37:50.417+0000] {processor.py:161} INFO - Started process (PID=761) to work on /opt/airflow/dags/email_dag.py
[2024-05-30T03:37:50.417+0000] {processor.py:830} INFO - Processing file /opt/airflow/dags/email_dag.py for tasks to queue
[2024-05-30T03:37:50.419+0000] {logging_mixin.py:188} INFO - [2024-05-30T03:37:50.419+0000] {dagbag.py:545} INFO - Filling up the DagBag from /opt/airflow/dags/email_dag.py
[2024-05-30T03:37:50.440+0000] {processor.py:840} INFO - DAG(s) 'emaildag' retrieved from /opt/airflow/dags/email_dag.py
[2024-05-30T03:37:50.463+0000] {logging_mixin.py:188} INFO - [2024-05-30T03:37:50.463+0000] {dag.py:3096} INFO - Sync 1 DAGs
[2024-05-30T03:37:50.484+0000] {logging_mixin.py:188} INFO - [2024-05-30T03:37:50.484+0000] {dag.py:3954} INFO - Setting next_dagrun for emaildag to 2024-05-29 01:15:00+00:00, run_after=2024-05-30 01:15:00+00:00
[2024-05-30T03:37:50.510+0000] {processor.py:183} INFO - Processing /opt/airflow/dags/email_dag.py took 0.098 seconds
[2024-05-30T03:38:21.077+0000] {processor.py:161} INFO - Started process (PID=805) to work on /opt/airflow/dags/email_dag.py
[2024-05-30T03:38:21.078+0000] {processor.py:830} INFO - Processing file /opt/airflow/dags/email_dag.py for tasks to queue
[2024-05-30T03:38:21.079+0000] {logging_mixin.py:188} INFO - [2024-05-30T03:38:21.079+0000] {dagbag.py:545} INFO - Filling up the DagBag from /opt/airflow/dags/email_dag.py
[2024-05-30T03:38:21.099+0000] {processor.py:840} INFO - DAG(s) 'emaildag' retrieved from /opt/airflow/dags/email_dag.py
[2024-05-30T03:38:21.124+0000] {logging_mixin.py:188} INFO - [2024-05-30T03:38:21.124+0000] {dag.py:3096} INFO - Sync 1 DAGs
[2024-05-30T03:38:21.147+0000] {logging_mixin.py:188} INFO - [2024-05-30T03:38:21.146+0000] {dag.py:3954} INFO - Setting next_dagrun for emaildag to 2024-05-29 01:15:00+00:00, run_after=2024-05-30 01:15:00+00:00
[2024-05-30T03:38:21.171+0000] {processor.py:183} INFO - Processing /opt/airflow/dags/email_dag.py took 0.100 seconds
[2024-05-30T03:38:51.767+0000] {processor.py:161} INFO - Started process (PID=850) to work on /opt/airflow/dags/email_dag.py
[2024-05-30T03:38:51.768+0000] {processor.py:830} INFO - Processing file /opt/airflow/dags/email_dag.py for tasks to queue
[2024-05-30T03:38:51.769+0000] {logging_mixin.py:188} INFO - [2024-05-30T03:38:51.769+0000] {dagbag.py:545} INFO - Filling up the DagBag from /opt/airflow/dags/email_dag.py
[2024-05-30T03:38:51.791+0000] {processor.py:840} INFO - DAG(s) 'emaildag' retrieved from /opt/airflow/dags/email_dag.py
[2024-05-30T03:38:51.814+0000] {logging_mixin.py:188} INFO - [2024-05-30T03:38:51.813+0000] {dag.py:3096} INFO - Sync 1 DAGs
[2024-05-30T03:38:51.837+0000] {logging_mixin.py:188} INFO - [2024-05-30T03:38:51.837+0000] {dag.py:3954} INFO - Setting next_dagrun for emaildag to 2024-05-29 01:15:00+00:00, run_after=2024-05-30 01:15:00+00:00
[2024-05-30T03:38:51.862+0000] {processor.py:183} INFO - Processing /opt/airflow/dags/email_dag.py took 0.100 seconds
[2024-05-30T03:39:22.461+0000] {processor.py:161} INFO - Started process (PID=894) to work on /opt/airflow/dags/email_dag.py
[2024-05-30T03:39:22.462+0000] {processor.py:830} INFO - Processing file /opt/airflow/dags/email_dag.py for tasks to queue
[2024-05-30T03:39:22.463+0000] {logging_mixin.py:188} INFO - [2024-05-30T03:39:22.463+0000] {dagbag.py:545} INFO - Filling up the DagBag from /opt/airflow/dags/email_dag.py
[2024-05-30T03:39:22.495+0000] {processor.py:840} INFO - DAG(s) 'emaildag' retrieved from /opt/airflow/dags/email_dag.py
[2024-05-30T03:39:22.529+0000] {logging_mixin.py:188} INFO - [2024-05-30T03:39:22.528+0000] {dag.py:3096} INFO - Sync 1 DAGs
[2024-05-30T03:39:22.556+0000] {logging_mixin.py:188} INFO - [2024-05-30T03:39:22.556+0000] {dag.py:3954} INFO - Setting next_dagrun for emaildag to 2024-05-29 01:15:00+00:00, run_after=2024-05-30 01:15:00+00:00
[2024-05-30T03:39:22.582+0000] {processor.py:183} INFO - Processing /opt/airflow/dags/email_dag.py took 0.126 seconds
[2024-05-30T03:39:53.130+0000] {processor.py:161} INFO - Started process (PID=938) to work on /opt/airflow/dags/email_dag.py
[2024-05-30T03:39:53.130+0000] {processor.py:830} INFO - Processing file /opt/airflow/dags/email_dag.py for tasks to queue
[2024-05-30T03:39:53.132+0000] {logging_mixin.py:188} INFO - [2024-05-30T03:39:53.132+0000] {dagbag.py:545} INFO - Filling up the DagBag from /opt/airflow/dags/email_dag.py
[2024-05-30T03:39:53.153+0000] {processor.py:840} INFO - DAG(s) 'emaildag' retrieved from /opt/airflow/dags/email_dag.py
[2024-05-30T03:39:53.178+0000] {logging_mixin.py:188} INFO - [2024-05-30T03:39:53.178+0000] {dag.py:3096} INFO - Sync 1 DAGs
[2024-05-30T03:39:53.201+0000] {logging_mixin.py:188} INFO - [2024-05-30T03:39:53.201+0000] {dag.py:3954} INFO - Setting next_dagrun for emaildag to 2024-05-29 01:15:00+00:00, run_after=2024-05-30 01:15:00+00:00
[2024-05-30T03:39:53.227+0000] {processor.py:183} INFO - Processing /opt/airflow/dags/email_dag.py took 0.102 seconds
[2024-05-30T03:40:23.808+0000] {processor.py:161} INFO - Started process (PID=982) to work on /opt/airflow/dags/email_dag.py
[2024-05-30T03:40:23.811+0000] {processor.py:830} INFO - Processing file /opt/airflow/dags/email_dag.py for tasks to queue
[2024-05-30T03:40:23.814+0000] {logging_mixin.py:188} INFO - [2024-05-30T03:40:23.813+0000] {dagbag.py:545} INFO - Filling up the DagBag from /opt/airflow/dags/email_dag.py
[2024-05-30T03:40:23.839+0000] {processor.py:840} INFO - DAG(s) 'emaildag' retrieved from /opt/airflow/dags/email_dag.py
[2024-05-30T03:40:23.871+0000] {logging_mixin.py:188} INFO - [2024-05-30T03:40:23.870+0000] {dag.py:3096} INFO - Sync 1 DAGs
[2024-05-30T03:40:23.904+0000] {logging_mixin.py:188} INFO - [2024-05-30T03:40:23.904+0000] {dag.py:3954} INFO - Setting next_dagrun for emaildag to 2024-05-29 01:15:00+00:00, run_after=2024-05-30 01:15:00+00:00
[2024-05-30T03:40:23.925+0000] {processor.py:183} INFO - Processing /opt/airflow/dags/email_dag.py took 0.124 seconds
[2024-05-30T03:40:54.571+0000] {processor.py:161} INFO - Started process (PID=1026) to work on /opt/airflow/dags/email_dag.py
[2024-05-30T03:40:54.572+0000] {processor.py:830} INFO - Processing file /opt/airflow/dags/email_dag.py for tasks to queue
[2024-05-30T03:40:54.574+0000] {logging_mixin.py:188} INFO - [2024-05-30T03:40:54.574+0000] {dagbag.py:545} INFO - Filling up the DagBag from /opt/airflow/dags/email_dag.py
[2024-05-30T03:40:54.601+0000] {processor.py:840} INFO - DAG(s) 'emaildag' retrieved from /opt/airflow/dags/email_dag.py
[2024-05-30T03:40:54.634+0000] {logging_mixin.py:188} INFO - [2024-05-30T03:40:54.634+0000] {dag.py:3096} INFO - Sync 1 DAGs
[2024-05-30T03:40:54.666+0000] {logging_mixin.py:188} INFO - [2024-05-30T03:40:54.666+0000] {dag.py:3954} INFO - Setting next_dagrun for emaildag to 2024-05-29 01:15:00+00:00, run_after=2024-05-30 01:15:00+00:00
[2024-05-30T03:40:54.691+0000] {processor.py:183} INFO - Processing /opt/airflow/dags/email_dag.py took 0.127 seconds
[2024-05-30T03:41:25.307+0000] {processor.py:161} INFO - Started process (PID=1070) to work on /opt/airflow/dags/email_dag.py
[2024-05-30T03:41:25.308+0000] {processor.py:830} INFO - Processing file /opt/airflow/dags/email_dag.py for tasks to queue
[2024-05-30T03:41:25.310+0000] {logging_mixin.py:188} INFO - [2024-05-30T03:41:25.310+0000] {dagbag.py:545} INFO - Filling up the DagBag from /opt/airflow/dags/email_dag.py
[2024-05-30T03:41:25.332+0000] {processor.py:840} INFO - DAG(s) 'emaildag' retrieved from /opt/airflow/dags/email_dag.py
[2024-05-30T03:41:25.355+0000] {logging_mixin.py:188} INFO - [2024-05-30T03:41:25.355+0000] {dag.py:3096} INFO - Sync 1 DAGs
[2024-05-30T03:41:25.376+0000] {logging_mixin.py:188} INFO - [2024-05-30T03:41:25.376+0000] {dag.py:3954} INFO - Setting next_dagrun for emaildag to 2024-05-29 01:15:00+00:00, run_after=2024-05-30 01:15:00+00:00
[2024-05-30T03:41:25.400+0000] {processor.py:183} INFO - Processing /opt/airflow/dags/email_dag.py took 0.098 seconds
[2024-05-30T03:41:56.069+0000] {processor.py:161} INFO - Started process (PID=1114) to work on /opt/airflow/dags/email_dag.py
[2024-05-30T03:41:56.070+0000] {processor.py:830} INFO - Processing file /opt/airflow/dags/email_dag.py for tasks to queue
[2024-05-30T03:41:56.072+0000] {logging_mixin.py:188} INFO - [2024-05-30T03:41:56.072+0000] {dagbag.py:545} INFO - Filling up the DagBag from /opt/airflow/dags/email_dag.py
[2024-05-30T03:41:56.096+0000] {processor.py:840} INFO - DAG(s) 'emaildag' retrieved from /opt/airflow/dags/email_dag.py
[2024-05-30T03:41:56.121+0000] {logging_mixin.py:188} INFO - [2024-05-30T03:41:56.121+0000] {dag.py:3096} INFO - Sync 1 DAGs
[2024-05-30T03:41:56.144+0000] {logging_mixin.py:188} INFO - [2024-05-30T03:41:56.144+0000] {dag.py:3954} INFO - Setting next_dagrun for emaildag to 2024-05-29 01:15:00+00:00, run_after=2024-05-30 01:15:00+00:00
[2024-05-30T03:41:56.168+0000] {processor.py:183} INFO - Processing /opt/airflow/dags/email_dag.py took 0.105 seconds
[2024-05-30T03:42:26.790+0000] {processor.py:161} INFO - Started process (PID=1158) to work on /opt/airflow/dags/email_dag.py
[2024-05-30T03:42:26.791+0000] {processor.py:830} INFO - Processing file /opt/airflow/dags/email_dag.py for tasks to queue
[2024-05-30T03:42:26.792+0000] {logging_mixin.py:188} INFO - [2024-05-30T03:42:26.792+0000] {dagbag.py:545} INFO - Filling up the DagBag from /opt/airflow/dags/email_dag.py
[2024-05-30T03:42:26.814+0000] {processor.py:840} INFO - DAG(s) 'emaildag' retrieved from /opt/airflow/dags/email_dag.py
[2024-05-30T03:42:26.838+0000] {logging_mixin.py:188} INFO - [2024-05-30T03:42:26.838+0000] {dag.py:3096} INFO - Sync 1 DAGs
[2024-05-30T03:42:26.860+0000] {logging_mixin.py:188} INFO - [2024-05-30T03:42:26.860+0000] {dag.py:3954} INFO - Setting next_dagrun for emaildag to 2024-05-29 01:15:00+00:00, run_after=2024-05-30 01:15:00+00:00
[2024-05-30T03:42:26.883+0000] {processor.py:183} INFO - Processing /opt/airflow/dags/email_dag.py took 0.099 seconds
[2024-05-30T03:42:57.449+0000] {processor.py:161} INFO - Started process (PID=1202) to work on /opt/airflow/dags/email_dag.py
[2024-05-30T03:42:57.450+0000] {processor.py:830} INFO - Processing file /opt/airflow/dags/email_dag.py for tasks to queue
[2024-05-30T03:42:57.452+0000] {logging_mixin.py:188} INFO - [2024-05-30T03:42:57.451+0000] {dagbag.py:545} INFO - Filling up the DagBag from /opt/airflow/dags/email_dag.py
[2024-05-30T03:42:57.473+0000] {processor.py:840} INFO - DAG(s) 'emaildag' retrieved from /opt/airflow/dags/email_dag.py
[2024-05-30T03:42:57.496+0000] {logging_mixin.py:188} INFO - [2024-05-30T03:42:57.496+0000] {dag.py:3096} INFO - Sync 1 DAGs
[2024-05-30T03:42:57.517+0000] {logging_mixin.py:188} INFO - [2024-05-30T03:42:57.517+0000] {dag.py:3954} INFO - Setting next_dagrun for emaildag to 2024-05-29 01:15:00+00:00, run_after=2024-05-30 01:15:00+00:00
[2024-05-30T03:42:57.539+0000] {processor.py:183} INFO - Processing /opt/airflow/dags/email_dag.py took 0.095 seconds
[2024-05-30T03:43:28.095+0000] {processor.py:161} INFO - Started process (PID=1246) to work on /opt/airflow/dags/email_dag.py
[2024-05-30T03:43:28.096+0000] {processor.py:830} INFO - Processing file /opt/airflow/dags/email_dag.py for tasks to queue
[2024-05-30T03:43:28.098+0000] {logging_mixin.py:188} INFO - [2024-05-30T03:43:28.098+0000] {dagbag.py:545} INFO - Filling up the DagBag from /opt/airflow/dags/email_dag.py
[2024-05-30T03:43:28.120+0000] {processor.py:840} INFO - DAG(s) 'emaildag' retrieved from /opt/airflow/dags/email_dag.py
[2024-05-30T03:43:28.142+0000] {logging_mixin.py:188} INFO - [2024-05-30T03:43:28.142+0000] {dag.py:3096} INFO - Sync 1 DAGs
[2024-05-30T03:43:28.164+0000] {logging_mixin.py:188} INFO - [2024-05-30T03:43:28.164+0000] {dag.py:3954} INFO - Setting next_dagrun for emaildag to 2024-05-29 01:15:00+00:00, run_after=2024-05-30 01:15:00+00:00
[2024-05-30T03:43:28.188+0000] {processor.py:183} INFO - Processing /opt/airflow/dags/email_dag.py took 0.097 seconds
[2024-05-30T03:43:58.770+0000] {processor.py:161} INFO - Started process (PID=1290) to work on /opt/airflow/dags/email_dag.py
[2024-05-30T03:43:58.771+0000] {processor.py:830} INFO - Processing file /opt/airflow/dags/email_dag.py for tasks to queue
[2024-05-30T03:43:58.772+0000] {logging_mixin.py:188} INFO - [2024-05-30T03:43:58.772+0000] {dagbag.py:545} INFO - Filling up the DagBag from /opt/airflow/dags/email_dag.py
[2024-05-30T03:43:58.795+0000] {processor.py:840} INFO - DAG(s) 'emaildag' retrieved from /opt/airflow/dags/email_dag.py
[2024-05-30T03:43:58.821+0000] {logging_mixin.py:188} INFO - [2024-05-30T03:43:58.820+0000] {dag.py:3096} INFO - Sync 1 DAGs
[2024-05-30T03:43:58.845+0000] {logging_mixin.py:188} INFO - [2024-05-30T03:43:58.845+0000] {dag.py:3954} INFO - Setting next_dagrun for emaildag to 2024-05-29 01:15:00+00:00, run_after=2024-05-30 01:15:00+00:00
[2024-05-30T03:43:58.871+0000] {processor.py:183} INFO - Processing /opt/airflow/dags/email_dag.py took 0.106 seconds
[2024-05-30T03:44:29.261+0000] {processor.py:161} INFO - Started process (PID=1334) to work on /opt/airflow/dags/email_dag.py
[2024-05-30T03:44:29.269+0000] {processor.py:830} INFO - Processing file /opt/airflow/dags/email_dag.py for tasks to queue
[2024-05-30T03:44:29.273+0000] {logging_mixin.py:188} INFO - [2024-05-30T03:44:29.272+0000] {dagbag.py:545} INFO - Filling up the DagBag from /opt/airflow/dags/email_dag.py
[2024-05-30T03:44:29.322+0000] {processor.py:840} INFO - DAG(s) 'emaildag' retrieved from /opt/airflow/dags/email_dag.py
[2024-05-30T03:44:29.377+0000] {logging_mixin.py:188} INFO - [2024-05-30T03:44:29.377+0000] {dag.py:3096} INFO - Sync 1 DAGs
[2024-05-30T03:44:29.424+0000] {logging_mixin.py:188} INFO - [2024-05-30T03:44:29.423+0000] {dag.py:3954} INFO - Setting next_dagrun for emaildag to 2024-05-29 01:15:00+00:00, run_after=2024-05-30 01:15:00+00:00
[2024-05-30T03:44:29.459+0000] {processor.py:183} INFO - Processing /opt/airflow/dags/email_dag.py took 0.209 seconds
[2024-05-30T03:44:59.851+0000] {processor.py:161} INFO - Started process (PID=1378) to work on /opt/airflow/dags/email_dag.py
[2024-05-30T03:44:59.851+0000] {processor.py:830} INFO - Processing file /opt/airflow/dags/email_dag.py for tasks to queue
[2024-05-30T03:44:59.853+0000] {logging_mixin.py:188} INFO - [2024-05-30T03:44:59.853+0000] {dagbag.py:545} INFO - Filling up the DagBag from /opt/airflow/dags/email_dag.py
[2024-05-30T03:44:59.885+0000] {processor.py:840} INFO - DAG(s) 'emaildag' retrieved from /opt/airflow/dags/email_dag.py
[2024-05-30T03:44:59.911+0000] {logging_mixin.py:188} INFO - [2024-05-30T03:44:59.911+0000] {dag.py:3096} INFO - Sync 1 DAGs
[2024-05-30T03:44:59.936+0000] {logging_mixin.py:188} INFO - [2024-05-30T03:44:59.936+0000] {dag.py:3954} INFO - Setting next_dagrun for emaildag to 2024-05-29 01:15:00+00:00, run_after=2024-05-30 01:15:00+00:00
[2024-05-30T03:44:59.960+0000] {processor.py:183} INFO - Processing /opt/airflow/dags/email_dag.py took 0.114 seconds
[2024-05-30T03:45:30.562+0000] {processor.py:161} INFO - Started process (PID=1422) to work on /opt/airflow/dags/email_dag.py
[2024-05-30T03:45:30.563+0000] {processor.py:830} INFO - Processing file /opt/airflow/dags/email_dag.py for tasks to queue
[2024-05-30T03:45:30.565+0000] {logging_mixin.py:188} INFO - [2024-05-30T03:45:30.564+0000] {dagbag.py:545} INFO - Filling up the DagBag from /opt/airflow/dags/email_dag.py
[2024-05-30T03:45:30.590+0000] {processor.py:840} INFO - DAG(s) 'emaildag' retrieved from /opt/airflow/dags/email_dag.py
[2024-05-30T03:45:30.617+0000] {logging_mixin.py:188} INFO - [2024-05-30T03:45:30.616+0000] {dag.py:3096} INFO - Sync 1 DAGs
[2024-05-30T03:45:30.640+0000] {logging_mixin.py:188} INFO - [2024-05-30T03:45:30.640+0000] {dag.py:3954} INFO - Setting next_dagrun for emaildag to 2024-05-29 01:15:00+00:00, run_after=2024-05-30 01:15:00+00:00
[2024-05-30T03:45:30.662+0000] {processor.py:183} INFO - Processing /opt/airflow/dags/email_dag.py took 0.107 seconds
[2024-05-30T03:46:01.056+0000] {processor.py:161} INFO - Started process (PID=1466) to work on /opt/airflow/dags/email_dag.py
[2024-05-30T03:46:01.057+0000] {processor.py:830} INFO - Processing file /opt/airflow/dags/email_dag.py for tasks to queue
[2024-05-30T03:46:01.059+0000] {logging_mixin.py:188} INFO - [2024-05-30T03:46:01.059+0000] {dagbag.py:545} INFO - Filling up the DagBag from /opt/airflow/dags/email_dag.py
[2024-05-30T03:46:01.089+0000] {processor.py:840} INFO - DAG(s) 'emaildag' retrieved from /opt/airflow/dags/email_dag.py
[2024-05-30T03:46:01.117+0000] {logging_mixin.py:188} INFO - [2024-05-30T03:46:01.117+0000] {dag.py:3096} INFO - Sync 1 DAGs
[2024-05-30T03:46:01.139+0000] {logging_mixin.py:188} INFO - [2024-05-30T03:46:01.139+0000] {dag.py:3954} INFO - Setting next_dagrun for emaildag to 2024-05-29 01:15:00+00:00, run_after=2024-05-30 01:15:00+00:00
[2024-05-30T03:46:01.162+0000] {processor.py:183} INFO - Processing /opt/airflow/dags/email_dag.py took 0.113 seconds
[2024-05-30T03:46:31.874+0000] {processor.py:161} INFO - Started process (PID=1503) to work on /opt/airflow/dags/email_dag.py
[2024-05-30T03:46:31.875+0000] {processor.py:830} INFO - Processing file /opt/airflow/dags/email_dag.py for tasks to queue
[2024-05-30T03:46:31.877+0000] {logging_mixin.py:188} INFO - [2024-05-30T03:46:31.877+0000] {dagbag.py:545} INFO - Filling up the DagBag from /opt/airflow/dags/email_dag.py
[2024-05-30T03:46:31.913+0000] {processor.py:840} INFO - DAG(s) 'emaildag' retrieved from /opt/airflow/dags/email_dag.py
[2024-05-30T03:46:31.940+0000] {logging_mixin.py:188} INFO - [2024-05-30T03:46:31.940+0000] {dag.py:3096} INFO - Sync 1 DAGs
[2024-05-30T03:46:31.966+0000] {logging_mixin.py:188} INFO - [2024-05-30T03:46:31.965+0000] {dag.py:3954} INFO - Setting next_dagrun for emaildag to 2024-05-29 01:15:00+00:00, run_after=2024-05-30 01:15:00+00:00
[2024-05-30T03:46:31.992+0000] {processor.py:183} INFO - Processing /opt/airflow/dags/email_dag.py took 0.124 seconds
[2024-05-30T03:47:02.307+0000] {processor.py:161} INFO - Started process (PID=1555) to work on /opt/airflow/dags/email_dag.py
[2024-05-30T03:47:02.308+0000] {processor.py:830} INFO - Processing file /opt/airflow/dags/email_dag.py for tasks to queue
[2024-05-30T03:47:02.310+0000] {logging_mixin.py:188} INFO - [2024-05-30T03:47:02.310+0000] {dagbag.py:545} INFO - Filling up the DagBag from /opt/airflow/dags/email_dag.py
[2024-05-30T03:47:02.337+0000] {processor.py:840} INFO - DAG(s) 'emaildag' retrieved from /opt/airflow/dags/email_dag.py
[2024-05-30T03:47:02.362+0000] {logging_mixin.py:188} INFO - [2024-05-30T03:47:02.362+0000] {dag.py:3096} INFO - Sync 1 DAGs
[2024-05-30T03:47:02.389+0000] {logging_mixin.py:188} INFO - [2024-05-30T03:47:02.389+0000] {dag.py:3954} INFO - Setting next_dagrun for emaildag to 2024-05-29 01:15:00+00:00, run_after=2024-05-30 01:15:00+00:00
[2024-05-30T03:47:02.413+0000] {processor.py:183} INFO - Processing /opt/airflow/dags/email_dag.py took 0.112 seconds
[2024-05-30T03:47:33.098+0000] {processor.py:161} INFO - Started process (PID=1599) to work on /opt/airflow/dags/email_dag.py
[2024-05-30T03:47:33.099+0000] {processor.py:830} INFO - Processing file /opt/airflow/dags/email_dag.py for tasks to queue
[2024-05-30T03:47:33.101+0000] {logging_mixin.py:188} INFO - [2024-05-30T03:47:33.101+0000] {dagbag.py:545} INFO - Filling up the DagBag from /opt/airflow/dags/email_dag.py
[2024-05-30T03:47:33.126+0000] {processor.py:840} INFO - DAG(s) 'emaildag' retrieved from /opt/airflow/dags/email_dag.py
[2024-05-30T03:47:33.152+0000] {logging_mixin.py:188} INFO - [2024-05-30T03:47:33.152+0000] {dag.py:3096} INFO - Sync 1 DAGs
[2024-05-30T03:47:33.175+0000] {logging_mixin.py:188} INFO - [2024-05-30T03:47:33.175+0000] {dag.py:3954} INFO - Setting next_dagrun for emaildag to 2024-05-29 01:15:00+00:00, run_after=2024-05-30 01:15:00+00:00
[2024-05-30T03:47:33.199+0000] {processor.py:183} INFO - Processing /opt/airflow/dags/email_dag.py took 0.106 seconds
[2024-05-30T03:48:03.772+0000] {processor.py:161} INFO - Started process (PID=1644) to work on /opt/airflow/dags/email_dag.py
[2024-05-30T03:48:03.773+0000] {processor.py:830} INFO - Processing file /opt/airflow/dags/email_dag.py for tasks to queue
[2024-05-30T03:48:03.774+0000] {logging_mixin.py:188} INFO - [2024-05-30T03:48:03.774+0000] {dagbag.py:545} INFO - Filling up the DagBag from /opt/airflow/dags/email_dag.py
[2024-05-30T03:48:03.796+0000] {processor.py:840} INFO - DAG(s) 'emaildag' retrieved from /opt/airflow/dags/email_dag.py
[2024-05-30T03:48:03.820+0000] {logging_mixin.py:188} INFO - [2024-05-30T03:48:03.820+0000] {dag.py:3096} INFO - Sync 1 DAGs
[2024-05-30T03:48:03.843+0000] {logging_mixin.py:188} INFO - [2024-05-30T03:48:03.843+0000] {dag.py:3954} INFO - Setting next_dagrun for emaildag to 2024-05-29 01:15:00+00:00, run_after=2024-05-30 01:15:00+00:00
[2024-05-30T03:48:03.863+0000] {processor.py:183} INFO - Processing /opt/airflow/dags/email_dag.py took 0.096 seconds
[2024-05-30T03:48:34.410+0000] {processor.py:161} INFO - Started process (PID=1688) to work on /opt/airflow/dags/email_dag.py
[2024-05-30T03:48:34.411+0000] {processor.py:830} INFO - Processing file /opt/airflow/dags/email_dag.py for tasks to queue
[2024-05-30T03:48:34.412+0000] {logging_mixin.py:188} INFO - [2024-05-30T03:48:34.412+0000] {dagbag.py:545} INFO - Filling up the DagBag from /opt/airflow/dags/email_dag.py
[2024-05-30T03:48:34.433+0000] {processor.py:840} INFO - DAG(s) 'emaildag' retrieved from /opt/airflow/dags/email_dag.py
[2024-05-30T03:48:34.458+0000] {logging_mixin.py:188} INFO - [2024-05-30T03:48:34.457+0000] {dag.py:3096} INFO - Sync 1 DAGs
[2024-05-30T03:48:34.478+0000] {logging_mixin.py:188} INFO - [2024-05-30T03:48:34.478+0000] {dag.py:3954} INFO - Setting next_dagrun for emaildag to 2024-05-29 01:15:00+00:00, run_after=2024-05-30 01:15:00+00:00
[2024-05-30T03:48:34.500+0000] {processor.py:183} INFO - Processing /opt/airflow/dags/email_dag.py took 0.095 seconds
[2024-05-30T03:49:05.166+0000] {processor.py:161} INFO - Started process (PID=1732) to work on /opt/airflow/dags/email_dag.py
[2024-05-30T03:49:05.167+0000] {processor.py:830} INFO - Processing file /opt/airflow/dags/email_dag.py for tasks to queue
[2024-05-30T03:49:05.168+0000] {logging_mixin.py:188} INFO - [2024-05-30T03:49:05.168+0000] {dagbag.py:545} INFO - Filling up the DagBag from /opt/airflow/dags/email_dag.py
[2024-05-30T03:49:05.193+0000] {processor.py:840} INFO - DAG(s) 'emaildag' retrieved from /opt/airflow/dags/email_dag.py
[2024-05-30T03:49:05.219+0000] {logging_mixin.py:188} INFO - [2024-05-30T03:49:05.219+0000] {dag.py:3096} INFO - Sync 1 DAGs
[2024-05-30T03:49:05.242+0000] {logging_mixin.py:188} INFO - [2024-05-30T03:49:05.242+0000] {dag.py:3954} INFO - Setting next_dagrun for emaildag to 2024-05-29 01:15:00+00:00, run_after=2024-05-30 01:15:00+00:00
[2024-05-30T03:49:05.268+0000] {processor.py:183} INFO - Processing /opt/airflow/dags/email_dag.py took 0.108 seconds
[2024-05-30T03:49:36.001+0000] {processor.py:161} INFO - Started process (PID=1776) to work on /opt/airflow/dags/email_dag.py
[2024-05-30T03:49:36.002+0000] {processor.py:830} INFO - Processing file /opt/airflow/dags/email_dag.py for tasks to queue
[2024-05-30T03:49:36.003+0000] {logging_mixin.py:188} INFO - [2024-05-30T03:49:36.003+0000] {dagbag.py:545} INFO - Filling up the DagBag from /opt/airflow/dags/email_dag.py
[2024-05-30T03:49:36.027+0000] {processor.py:840} INFO - DAG(s) 'emaildag' retrieved from /opt/airflow/dags/email_dag.py
[2024-05-30T03:49:36.053+0000] {logging_mixin.py:188} INFO - [2024-05-30T03:49:36.053+0000] {dag.py:3096} INFO - Sync 1 DAGs
[2024-05-30T03:49:36.082+0000] {logging_mixin.py:188} INFO - [2024-05-30T03:49:36.082+0000] {dag.py:3954} INFO - Setting next_dagrun for emaildag to 2024-05-29 01:15:00+00:00, run_after=2024-05-30 01:15:00+00:00
[2024-05-30T03:49:36.104+0000] {processor.py:183} INFO - Processing /opt/airflow/dags/email_dag.py took 0.111 seconds
[2024-05-30T03:50:06.663+0000] {processor.py:161} INFO - Started process (PID=1820) to work on /opt/airflow/dags/email_dag.py
[2024-05-30T03:50:06.664+0000] {processor.py:830} INFO - Processing file /opt/airflow/dags/email_dag.py for tasks to queue
[2024-05-30T03:50:06.666+0000] {logging_mixin.py:188} INFO - [2024-05-30T03:50:06.666+0000] {dagbag.py:545} INFO - Filling up the DagBag from /opt/airflow/dags/email_dag.py
[2024-05-30T03:50:06.688+0000] {processor.py:840} INFO - DAG(s) 'emaildag' retrieved from /opt/airflow/dags/email_dag.py
[2024-05-30T03:50:06.710+0000] {logging_mixin.py:188} INFO - [2024-05-30T03:50:06.710+0000] {dag.py:3096} INFO - Sync 1 DAGs
[2024-05-30T03:50:06.731+0000] {logging_mixin.py:188} INFO - [2024-05-30T03:50:06.731+0000] {dag.py:3954} INFO - Setting next_dagrun for emaildag to 2024-05-29 01:15:00+00:00, run_after=2024-05-30 01:15:00+00:00
[2024-05-30T03:50:06.754+0000] {processor.py:183} INFO - Processing /opt/airflow/dags/email_dag.py took 0.096 seconds
[2024-05-30T03:50:37.322+0000] {processor.py:161} INFO - Started process (PID=1864) to work on /opt/airflow/dags/email_dag.py
[2024-05-30T03:50:37.323+0000] {processor.py:830} INFO - Processing file /opt/airflow/dags/email_dag.py for tasks to queue
[2024-05-30T03:50:37.325+0000] {logging_mixin.py:188} INFO - [2024-05-30T03:50:37.324+0000] {dagbag.py:545} INFO - Filling up the DagBag from /opt/airflow/dags/email_dag.py
[2024-05-30T03:50:37.350+0000] {processor.py:840} INFO - DAG(s) 'emaildag' retrieved from /opt/airflow/dags/email_dag.py
[2024-05-30T03:50:37.377+0000] {logging_mixin.py:188} INFO - [2024-05-30T03:50:37.377+0000] {dag.py:3096} INFO - Sync 1 DAGs
[2024-05-30T03:50:37.400+0000] {logging_mixin.py:188} INFO - [2024-05-30T03:50:37.400+0000] {dag.py:3954} INFO - Setting next_dagrun for emaildag to 2024-05-29 01:15:00+00:00, run_after=2024-05-30 01:15:00+00:00
[2024-05-30T03:50:37.425+0000] {processor.py:183} INFO - Processing /opt/airflow/dags/email_dag.py took 0.109 seconds
[2024-05-30T03:51:08.100+0000] {processor.py:161} INFO - Started process (PID=1908) to work on /opt/airflow/dags/email_dag.py
[2024-05-30T03:51:08.101+0000] {processor.py:830} INFO - Processing file /opt/airflow/dags/email_dag.py for tasks to queue
[2024-05-30T03:51:08.103+0000] {logging_mixin.py:188} INFO - [2024-05-30T03:51:08.102+0000] {dagbag.py:545} INFO - Filling up the DagBag from /opt/airflow/dags/email_dag.py
[2024-05-30T03:51:08.125+0000] {processor.py:840} INFO - DAG(s) 'emaildag' retrieved from /opt/airflow/dags/email_dag.py
[2024-05-30T03:51:08.150+0000] {logging_mixin.py:188} INFO - [2024-05-30T03:51:08.149+0000] {dag.py:3096} INFO - Sync 1 DAGs
[2024-05-30T03:51:08.172+0000] {logging_mixin.py:188} INFO - [2024-05-30T03:51:08.172+0000] {dag.py:3954} INFO - Setting next_dagrun for emaildag to 2024-05-29 01:15:00+00:00, run_after=2024-05-30 01:15:00+00:00
[2024-05-30T03:51:08.194+0000] {processor.py:183} INFO - Processing /opt/airflow/dags/email_dag.py took 0.099 seconds
[2024-05-30T03:51:38.881+0000] {processor.py:161} INFO - Started process (PID=1952) to work on /opt/airflow/dags/email_dag.py
[2024-05-30T03:51:38.882+0000] {processor.py:830} INFO - Processing file /opt/airflow/dags/email_dag.py for tasks to queue
[2024-05-30T03:51:38.885+0000] {logging_mixin.py:188} INFO - [2024-05-30T03:51:38.884+0000] {dagbag.py:545} INFO - Filling up the DagBag from /opt/airflow/dags/email_dag.py
[2024-05-30T03:51:38.907+0000] {processor.py:840} INFO - DAG(s) 'emaildag' retrieved from /opt/airflow/dags/email_dag.py
[2024-05-30T03:51:38.931+0000] {logging_mixin.py:188} INFO - [2024-05-30T03:51:38.930+0000] {dag.py:3096} INFO - Sync 1 DAGs
[2024-05-30T03:51:38.953+0000] {logging_mixin.py:188} INFO - [2024-05-30T03:51:38.953+0000] {dag.py:3954} INFO - Setting next_dagrun for emaildag to 2024-05-29 01:15:00+00:00, run_after=2024-05-30 01:15:00+00:00
[2024-05-30T03:51:38.976+0000] {processor.py:183} INFO - Processing /opt/airflow/dags/email_dag.py took 0.102 seconds
[2024-05-30T03:52:09.653+0000] {processor.py:161} INFO - Started process (PID=1996) to work on /opt/airflow/dags/email_dag.py
[2024-05-30T03:52:09.654+0000] {processor.py:830} INFO - Processing file /opt/airflow/dags/email_dag.py for tasks to queue
[2024-05-30T03:52:09.656+0000] {logging_mixin.py:188} INFO - [2024-05-30T03:52:09.656+0000] {dagbag.py:545} INFO - Filling up the DagBag from /opt/airflow/dags/email_dag.py
[2024-05-30T03:52:09.680+0000] {processor.py:840} INFO - DAG(s) 'emaildag' retrieved from /opt/airflow/dags/email_dag.py
[2024-05-30T03:52:09.706+0000] {logging_mixin.py:188} INFO - [2024-05-30T03:52:09.706+0000] {dag.py:3096} INFO - Sync 1 DAGs
[2024-05-30T03:52:09.730+0000] {logging_mixin.py:188} INFO - [2024-05-30T03:52:09.730+0000] {dag.py:3954} INFO - Setting next_dagrun for emaildag to 2024-05-29 01:15:00+00:00, run_after=2024-05-30 01:15:00+00:00
[2024-05-30T03:52:09.757+0000] {processor.py:183} INFO - Processing /opt/airflow/dags/email_dag.py took 0.110 seconds
[2024-05-30T03:52:40.277+0000] {processor.py:161} INFO - Started process (PID=2041) to work on /opt/airflow/dags/email_dag.py
[2024-05-30T03:52:40.279+0000] {processor.py:830} INFO - Processing file /opt/airflow/dags/email_dag.py for tasks to queue
[2024-05-30T03:52:40.282+0000] {logging_mixin.py:188} INFO - [2024-05-30T03:52:40.281+0000] {dagbag.py:545} INFO - Filling up the DagBag from /opt/airflow/dags/email_dag.py
[2024-05-30T03:52:40.312+0000] {processor.py:840} INFO - DAG(s) 'emaildag' retrieved from /opt/airflow/dags/email_dag.py
[2024-05-30T03:52:40.344+0000] {logging_mixin.py:188} INFO - [2024-05-30T03:52:40.344+0000] {dag.py:3096} INFO - Sync 1 DAGs
[2024-05-30T03:52:40.375+0000] {logging_mixin.py:188} INFO - [2024-05-30T03:52:40.374+0000] {dag.py:3954} INFO - Setting next_dagrun for emaildag to 2024-05-29 01:15:00+00:00, run_after=2024-05-30 01:15:00+00:00
[2024-05-30T03:52:40.407+0000] {processor.py:183} INFO - Processing /opt/airflow/dags/email_dag.py took 0.137 seconds
[2024-05-30T03:53:11.103+0000] {processor.py:161} INFO - Started process (PID=2085) to work on /opt/airflow/dags/email_dag.py
[2024-05-30T03:53:11.105+0000] {processor.py:830} INFO - Processing file /opt/airflow/dags/email_dag.py for tasks to queue
[2024-05-30T03:53:11.107+0000] {logging_mixin.py:188} INFO - [2024-05-30T03:53:11.107+0000] {dagbag.py:545} INFO - Filling up the DagBag from /opt/airflow/dags/email_dag.py
[2024-05-30T03:53:11.136+0000] {processor.py:840} INFO - DAG(s) 'emaildag' retrieved from /opt/airflow/dags/email_dag.py
[2024-05-30T03:53:11.167+0000] {logging_mixin.py:188} INFO - [2024-05-30T03:53:11.167+0000] {dag.py:3096} INFO - Sync 1 DAGs
[2024-05-30T03:53:11.191+0000] {logging_mixin.py:188} INFO - [2024-05-30T03:53:11.191+0000] {dag.py:3954} INFO - Setting next_dagrun for emaildag to 2024-05-29 01:15:00+00:00, run_after=2024-05-30 01:15:00+00:00
[2024-05-30T03:53:11.214+0000] {processor.py:183} INFO - Processing /opt/airflow/dags/email_dag.py took 0.119 seconds
[2024-05-30T03:53:42.087+0000] {processor.py:161} INFO - Started process (PID=2135) to work on /opt/airflow/dags/email_dag.py
[2024-05-30T03:53:42.088+0000] {processor.py:830} INFO - Processing file /opt/airflow/dags/email_dag.py for tasks to queue
[2024-05-30T03:53:42.091+0000] {logging_mixin.py:188} INFO - [2024-05-30T03:53:42.090+0000] {dagbag.py:545} INFO - Filling up the DagBag from /opt/airflow/dags/email_dag.py
[2024-05-30T03:53:42.122+0000] {processor.py:840} INFO - DAG(s) 'emaildag' retrieved from /opt/airflow/dags/email_dag.py
[2024-05-30T03:53:42.285+0000] {logging_mixin.py:188} INFO - [2024-05-30T03:53:42.284+0000] {dag.py:3096} INFO - Sync 1 DAGs
[2024-05-30T03:53:42.308+0000] {logging_mixin.py:188} INFO - [2024-05-30T03:53:42.308+0000] {dag.py:3954} INFO - Setting next_dagrun for emaildag to 2024-05-29 01:15:00+00:00, run_after=2024-05-30 01:15:00+00:00
[2024-05-30T03:53:42.328+0000] {processor.py:183} INFO - Processing /opt/airflow/dags/email_dag.py took 0.252 seconds
[2024-05-30T03:54:13.068+0000] {processor.py:161} INFO - Started process (PID=2179) to work on /opt/airflow/dags/email_dag.py
[2024-05-30T03:54:13.069+0000] {processor.py:830} INFO - Processing file /opt/airflow/dags/email_dag.py for tasks to queue
[2024-05-30T03:54:13.071+0000] {logging_mixin.py:188} INFO - [2024-05-30T03:54:13.071+0000] {dagbag.py:545} INFO - Filling up the DagBag from /opt/airflow/dags/email_dag.py
[2024-05-30T03:54:13.093+0000] {processor.py:840} INFO - DAG(s) 'emaildag' retrieved from /opt/airflow/dags/email_dag.py
[2024-05-30T03:54:13.115+0000] {logging_mixin.py:188} INFO - [2024-05-30T03:54:13.115+0000] {dag.py:3096} INFO - Sync 1 DAGs
[2024-05-30T03:54:13.134+0000] {logging_mixin.py:188} INFO - [2024-05-30T03:54:13.134+0000] {dag.py:3954} INFO - Setting next_dagrun for emaildag to 2024-05-29 01:15:00+00:00, run_after=2024-05-30 01:15:00+00:00
[2024-05-30T03:54:13.157+0000] {processor.py:183} INFO - Processing /opt/airflow/dags/email_dag.py took 0.094 seconds
[2024-05-30T03:54:43.698+0000] {processor.py:161} INFO - Started process (PID=2226) to work on /opt/airflow/dags/email_dag.py
[2024-05-30T03:54:43.699+0000] {processor.py:830} INFO - Processing file /opt/airflow/dags/email_dag.py for tasks to queue
[2024-05-30T03:54:43.701+0000] {logging_mixin.py:188} INFO - [2024-05-30T03:54:43.701+0000] {dagbag.py:545} INFO - Filling up the DagBag from /opt/airflow/dags/email_dag.py
[2024-05-30T03:54:43.724+0000] {processor.py:840} INFO - DAG(s) 'emaildag' retrieved from /opt/airflow/dags/email_dag.py
[2024-05-30T03:54:43.748+0000] {logging_mixin.py:188} INFO - [2024-05-30T03:54:43.747+0000] {dag.py:3096} INFO - Sync 1 DAGs
[2024-05-30T03:54:43.767+0000] {logging_mixin.py:188} INFO - [2024-05-30T03:54:43.766+0000] {dag.py:3954} INFO - Setting next_dagrun for emaildag to 2024-05-29 01:15:00+00:00, run_after=2024-05-30 01:15:00+00:00
[2024-05-30T03:54:43.790+0000] {processor.py:183} INFO - Processing /opt/airflow/dags/email_dag.py took 0.096 seconds
[2024-05-30T03:55:14.388+0000] {processor.py:161} INFO - Started process (PID=2268) to work on /opt/airflow/dags/email_dag.py
[2024-05-30T03:55:14.388+0000] {processor.py:830} INFO - Processing file /opt/airflow/dags/email_dag.py for tasks to queue
[2024-05-30T03:55:14.390+0000] {logging_mixin.py:188} INFO - [2024-05-30T03:55:14.390+0000] {dagbag.py:545} INFO - Filling up the DagBag from /opt/airflow/dags/email_dag.py
[2024-05-30T03:55:14.411+0000] {processor.py:840} INFO - DAG(s) 'emaildag' retrieved from /opt/airflow/dags/email_dag.py
[2024-05-30T03:55:14.433+0000] {logging_mixin.py:188} INFO - [2024-05-30T03:55:14.433+0000] {dag.py:3096} INFO - Sync 1 DAGs
[2024-05-30T03:55:14.455+0000] {logging_mixin.py:188} INFO - [2024-05-30T03:55:14.454+0000] {dag.py:3954} INFO - Setting next_dagrun for emaildag to 2024-05-29 01:15:00+00:00, run_after=2024-05-30 01:15:00+00:00
[2024-05-30T03:55:14.477+0000] {processor.py:183} INFO - Processing /opt/airflow/dags/email_dag.py took 0.094 seconds
[2024-05-30T03:55:45.091+0000] {processor.py:161} INFO - Started process (PID=2314) to work on /opt/airflow/dags/email_dag.py
[2024-05-30T03:55:45.092+0000] {processor.py:830} INFO - Processing file /opt/airflow/dags/email_dag.py for tasks to queue
[2024-05-30T03:55:45.093+0000] {logging_mixin.py:188} INFO - [2024-05-30T03:55:45.093+0000] {dagbag.py:545} INFO - Filling up the DagBag from /opt/airflow/dags/email_dag.py
[2024-05-30T03:55:45.114+0000] {processor.py:840} INFO - DAG(s) 'emaildag' retrieved from /opt/airflow/dags/email_dag.py
[2024-05-30T03:55:45.138+0000] {logging_mixin.py:188} INFO - [2024-05-30T03:55:45.137+0000] {dag.py:3096} INFO - Sync 1 DAGs
[2024-05-30T03:55:45.158+0000] {logging_mixin.py:188} INFO - [2024-05-30T03:55:45.158+0000] {dag.py:3954} INFO - Setting next_dagrun for emaildag to 2024-05-29 01:15:00+00:00, run_after=2024-05-30 01:15:00+00:00
[2024-05-30T03:55:45.181+0000] {processor.py:183} INFO - Processing /opt/airflow/dags/email_dag.py took 0.095 seconds
[2024-05-30T03:56:15.858+0000] {processor.py:161} INFO - Started process (PID=2356) to work on /opt/airflow/dags/email_dag.py
[2024-05-30T03:56:15.860+0000] {processor.py:830} INFO - Processing file /opt/airflow/dags/email_dag.py for tasks to queue
[2024-05-30T03:56:15.862+0000] {logging_mixin.py:188} INFO - [2024-05-30T03:56:15.862+0000] {dagbag.py:545} INFO - Filling up the DagBag from /opt/airflow/dags/email_dag.py
[2024-05-30T03:56:15.891+0000] {processor.py:840} INFO - DAG(s) 'emaildag' retrieved from /opt/airflow/dags/email_dag.py
[2024-05-30T03:56:15.917+0000] {logging_mixin.py:188} INFO - [2024-05-30T03:56:15.916+0000] {dag.py:3096} INFO - Sync 1 DAGs
[2024-05-30T03:56:15.939+0000] {logging_mixin.py:188} INFO - [2024-05-30T03:56:15.939+0000] {dag.py:3954} INFO - Setting next_dagrun for emaildag to 2024-05-29 01:15:00+00:00, run_after=2024-05-30 01:15:00+00:00
[2024-05-30T03:56:15.966+0000] {processor.py:183} INFO - Processing /opt/airflow/dags/email_dag.py took 0.113 seconds
[2024-05-30T03:56:46.455+0000] {processor.py:161} INFO - Started process (PID=2402) to work on /opt/airflow/dags/email_dag.py
[2024-05-30T03:56:46.456+0000] {processor.py:830} INFO - Processing file /opt/airflow/dags/email_dag.py for tasks to queue
[2024-05-30T03:56:46.458+0000] {logging_mixin.py:188} INFO - [2024-05-30T03:56:46.457+0000] {dagbag.py:545} INFO - Filling up the DagBag from /opt/airflow/dags/email_dag.py
[2024-05-30T03:56:46.482+0000] {processor.py:840} INFO - DAG(s) 'emaildag' retrieved from /opt/airflow/dags/email_dag.py
[2024-05-30T03:56:46.508+0000] {logging_mixin.py:188} INFO - [2024-05-30T03:56:46.508+0000] {dag.py:3096} INFO - Sync 1 DAGs
[2024-05-30T03:56:46.529+0000] {logging_mixin.py:188} INFO - [2024-05-30T03:56:46.529+0000] {dag.py:3954} INFO - Setting next_dagrun for emaildag to 2024-05-29 01:15:00+00:00, run_after=2024-05-30 01:15:00+00:00
[2024-05-30T03:56:46.557+0000] {processor.py:183} INFO - Processing /opt/airflow/dags/email_dag.py took 0.109 seconds
[2024-05-30T03:57:17.055+0000] {processor.py:161} INFO - Started process (PID=2446) to work on /opt/airflow/dags/email_dag.py
[2024-05-30T03:57:17.056+0000] {processor.py:830} INFO - Processing file /opt/airflow/dags/email_dag.py for tasks to queue
[2024-05-30T03:57:17.057+0000] {logging_mixin.py:188} INFO - [2024-05-30T03:57:17.057+0000] {dagbag.py:545} INFO - Filling up the DagBag from /opt/airflow/dags/email_dag.py
[2024-05-30T03:57:17.078+0000] {processor.py:840} INFO - DAG(s) 'emaildag' retrieved from /opt/airflow/dags/email_dag.py
[2024-05-30T03:57:17.099+0000] {logging_mixin.py:188} INFO - [2024-05-30T03:57:17.099+0000] {dag.py:3096} INFO - Sync 1 DAGs
[2024-05-30T03:57:17.119+0000] {logging_mixin.py:188} INFO - [2024-05-30T03:57:17.119+0000] {dag.py:3954} INFO - Setting next_dagrun for emaildag to 2024-05-29 01:15:00+00:00, run_after=2024-05-30 01:15:00+00:00
[2024-05-30T03:57:17.141+0000] {processor.py:183} INFO - Processing /opt/airflow/dags/email_dag.py took 0.091 seconds
[2024-05-30T03:57:47.709+0000] {processor.py:161} INFO - Started process (PID=2490) to work on /opt/airflow/dags/email_dag.py
[2024-05-30T03:57:47.710+0000] {processor.py:830} INFO - Processing file /opt/airflow/dags/email_dag.py for tasks to queue
[2024-05-30T03:57:47.712+0000] {logging_mixin.py:188} INFO - [2024-05-30T03:57:47.711+0000] {dagbag.py:545} INFO - Filling up the DagBag from /opt/airflow/dags/email_dag.py
[2024-05-30T03:57:47.734+0000] {processor.py:840} INFO - DAG(s) 'emaildag' retrieved from /opt/airflow/dags/email_dag.py
[2024-05-30T03:57:47.757+0000] {logging_mixin.py:188} INFO - [2024-05-30T03:57:47.756+0000] {dag.py:3096} INFO - Sync 1 DAGs
[2024-05-30T03:57:47.775+0000] {logging_mixin.py:188} INFO - [2024-05-30T03:57:47.775+0000] {dag.py:3954} INFO - Setting next_dagrun for emaildag to 2024-05-29 01:15:00+00:00, run_after=2024-05-30 01:15:00+00:00
[2024-05-30T03:57:47.797+0000] {processor.py:183} INFO - Processing /opt/airflow/dags/email_dag.py took 0.092 seconds
[2024-05-30T03:58:18.282+0000] {processor.py:161} INFO - Started process (PID=2534) to work on /opt/airflow/dags/email_dag.py
[2024-05-30T03:58:18.283+0000] {processor.py:830} INFO - Processing file /opt/airflow/dags/email_dag.py for tasks to queue
[2024-05-30T03:58:18.284+0000] {logging_mixin.py:188} INFO - [2024-05-30T03:58:18.284+0000] {dagbag.py:545} INFO - Filling up the DagBag from /opt/airflow/dags/email_dag.py
[2024-05-30T03:58:18.305+0000] {processor.py:840} INFO - DAG(s) 'emaildag' retrieved from /opt/airflow/dags/email_dag.py
[2024-05-30T03:58:18.327+0000] {logging_mixin.py:188} INFO - [2024-05-30T03:58:18.327+0000] {dag.py:3096} INFO - Sync 1 DAGs
[2024-05-30T03:58:18.346+0000] {logging_mixin.py:188} INFO - [2024-05-30T03:58:18.346+0000] {dag.py:3954} INFO - Setting next_dagrun for emaildag to 2024-05-29 01:15:00+00:00, run_after=2024-05-30 01:15:00+00:00
[2024-05-30T03:58:18.367+0000] {processor.py:183} INFO - Processing /opt/airflow/dags/email_dag.py took 0.091 seconds
[2024-05-30T03:58:49.246+0000] {processor.py:161} INFO - Started process (PID=2569) to work on /opt/airflow/dags/email_dag.py
[2024-05-30T03:58:49.247+0000] {processor.py:830} INFO - Processing file /opt/airflow/dags/email_dag.py for tasks to queue
[2024-05-30T03:58:49.249+0000] {logging_mixin.py:188} INFO - [2024-05-30T03:58:49.249+0000] {dagbag.py:545} INFO - Filling up the DagBag from /opt/airflow/dags/email_dag.py
[2024-05-30T03:58:49.285+0000] {processor.py:840} INFO - DAG(s) 'emaildag' retrieved from /opt/airflow/dags/email_dag.py
[2024-05-30T03:58:49.317+0000] {logging_mixin.py:188} INFO - [2024-05-30T03:58:49.317+0000] {dag.py:3096} INFO - Sync 1 DAGs
[2024-05-30T03:58:49.356+0000] {logging_mixin.py:188} INFO - [2024-05-30T03:58:49.355+0000] {dag.py:3954} INFO - Setting next_dagrun for emaildag to 2024-05-29 01:15:00+00:00, run_after=2024-05-30 01:15:00+00:00
[2024-05-30T03:58:49.396+0000] {processor.py:183} INFO - Processing /opt/airflow/dags/email_dag.py took 0.160 seconds
[2024-05-30T03:59:19.642+0000] {processor.py:161} INFO - Started process (PID=2607) to work on /opt/airflow/dags/email_dag.py
[2024-05-30T03:59:19.643+0000] {processor.py:830} INFO - Processing file /opt/airflow/dags/email_dag.py for tasks to queue
[2024-05-30T03:59:19.645+0000] {logging_mixin.py:188} INFO - [2024-05-30T03:59:19.645+0000] {dagbag.py:545} INFO - Filling up the DagBag from /opt/airflow/dags/email_dag.py
[2024-05-30T03:59:19.666+0000] {processor.py:840} INFO - DAG(s) 'emaildag' retrieved from /opt/airflow/dags/email_dag.py
[2024-05-30T03:59:19.689+0000] {logging_mixin.py:188} INFO - [2024-05-30T03:59:19.688+0000] {dag.py:3096} INFO - Sync 1 DAGs
[2024-05-30T03:59:19.711+0000] {logging_mixin.py:188} INFO - [2024-05-30T03:59:19.711+0000] {dag.py:3954} INFO - Setting next_dagrun for emaildag to 2024-05-29 01:15:00+00:00, run_after=2024-05-30 01:15:00+00:00
[2024-05-30T03:59:19.732+0000] {processor.py:183} INFO - Processing /opt/airflow/dags/email_dag.py took 0.096 seconds
[2024-05-30T04:02:46.133+0000] {processor.py:161} INFO - Started process (PID=196) to work on /opt/airflow/dags/email_dag.py
[2024-05-30T04:02:46.135+0000] {processor.py:830} INFO - Processing file /opt/airflow/dags/email_dag.py for tasks to queue
[2024-05-30T04:02:46.137+0000] {logging_mixin.py:188} INFO - [2024-05-30T04:02:46.136+0000] {dagbag.py:545} INFO - Filling up the DagBag from /opt/airflow/dags/email_dag.py
[2024-05-30T04:02:46.163+0000] {processor.py:840} INFO - DAG(s) 'emaildag' retrieved from /opt/airflow/dags/email_dag.py
[2024-05-30T04:02:46.192+0000] {logging_mixin.py:188} INFO - [2024-05-30T04:02:46.192+0000] {dag.py:3096} INFO - Sync 1 DAGs
[2024-05-30T04:02:46.224+0000] {logging_mixin.py:188} INFO - [2024-05-30T04:02:46.224+0000] {dag.py:3954} INFO - Setting next_dagrun for emaildag to 2024-05-29 01:15:00+00:00, run_after=2024-05-30 01:15:00+00:00
[2024-05-30T04:02:46.251+0000] {processor.py:183} INFO - Processing /opt/airflow/dags/email_dag.py took 0.123 seconds
