[2024-05-30T03:31:10.651+0000] {processor.py:161} INFO - Started process (PID=165) to work on /opt/airflow/dags/entity_match_dag.py
[2024-05-30T03:31:10.654+0000] {processor.py:830} INFO - Processing file /opt/airflow/dags/entity_match_dag.py for tasks to queue
[2024-05-30T03:31:10.658+0000] {logging_mixin.py:188} INFO - [2024-05-30T03:31:10.657+0000] {dagbag.py:545} INFO - Filling up the DagBag from /opt/airflow/dags/entity_match_dag.py
[2024-05-30T03:31:12.999+0000] {processor.py:840} INFO - DAG(s) 'entity_match_dag' retrieved from /opt/airflow/dags/entity_match_dag.py
[2024-05-30T03:31:13.061+0000] {logging_mixin.py:188} INFO - [2024-05-30T03:31:13.060+0000] {dag.py:3096} INFO - Sync 1 DAGs
[2024-05-30T03:31:13.102+0000] {logging_mixin.py:188} INFO - [2024-05-30T03:31:13.102+0000] {dag.py:3954} INFO - Setting next_dagrun for entity_match_dag to None, run_after=None
[2024-05-30T03:31:13.144+0000] {processor.py:183} INFO - Processing /opt/airflow/dags/entity_match_dag.py took 2.513 seconds
[2024-05-30T03:31:43.576+0000] {processor.py:161} INFO - Started process (PID=240) to work on /opt/airflow/dags/entity_match_dag.py
[2024-05-30T03:31:43.577+0000] {processor.py:830} INFO - Processing file /opt/airflow/dags/entity_match_dag.py for tasks to queue
[2024-05-30T03:31:43.578+0000] {logging_mixin.py:188} INFO - [2024-05-30T03:31:43.578+0000] {dagbag.py:545} INFO - Filling up the DagBag from /opt/airflow/dags/entity_match_dag.py
[2024-05-30T03:31:44.433+0000] {processor.py:840} INFO - DAG(s) 'entity_match_dag' retrieved from /opt/airflow/dags/entity_match_dag.py
[2024-05-30T03:31:44.454+0000] {logging_mixin.py:188} INFO - [2024-05-30T03:31:44.453+0000] {dag.py:3096} INFO - Sync 1 DAGs
[2024-05-30T03:31:44.471+0000] {logging_mixin.py:188} INFO - [2024-05-30T03:31:44.471+0000] {dag.py:3954} INFO - Setting next_dagrun for entity_match_dag to None, run_after=None
[2024-05-30T03:31:44.492+0000] {processor.py:183} INFO - Processing /opt/airflow/dags/entity_match_dag.py took 0.921 seconds
[2024-05-30T03:32:15.352+0000] {processor.py:161} INFO - Started process (PID=284) to work on /opt/airflow/dags/entity_match_dag.py
[2024-05-30T03:32:15.353+0000] {processor.py:830} INFO - Processing file /opt/airflow/dags/entity_match_dag.py for tasks to queue
[2024-05-30T03:32:15.355+0000] {logging_mixin.py:188} INFO - [2024-05-30T03:32:15.355+0000] {dagbag.py:545} INFO - Filling up the DagBag from /opt/airflow/dags/entity_match_dag.py
[2024-05-30T03:32:16.192+0000] {processor.py:840} INFO - DAG(s) 'entity_match_dag' retrieved from /opt/airflow/dags/entity_match_dag.py
[2024-05-30T03:32:16.213+0000] {logging_mixin.py:188} INFO - [2024-05-30T03:32:16.212+0000] {dag.py:3096} INFO - Sync 1 DAGs
[2024-05-30T03:32:16.228+0000] {logging_mixin.py:188} INFO - [2024-05-30T03:32:16.228+0000] {dag.py:3954} INFO - Setting next_dagrun for entity_match_dag to None, run_after=None
[2024-05-30T03:32:16.249+0000] {processor.py:183} INFO - Processing /opt/airflow/dags/entity_match_dag.py took 0.902 seconds
[2024-05-30T03:32:46.966+0000] {processor.py:161} INFO - Started process (PID=328) to work on /opt/airflow/dags/entity_match_dag.py
[2024-05-30T03:32:46.967+0000] {processor.py:830} INFO - Processing file /opt/airflow/dags/entity_match_dag.py for tasks to queue
[2024-05-30T03:32:46.968+0000] {logging_mixin.py:188} INFO - [2024-05-30T03:32:46.968+0000] {dagbag.py:545} INFO - Filling up the DagBag from /opt/airflow/dags/entity_match_dag.py
[2024-05-30T03:32:47.745+0000] {processor.py:840} INFO - DAG(s) 'entity_match_dag' retrieved from /opt/airflow/dags/entity_match_dag.py
[2024-05-30T03:32:47.763+0000] {logging_mixin.py:188} INFO - [2024-05-30T03:32:47.763+0000] {dag.py:3096} INFO - Sync 1 DAGs
[2024-05-30T03:32:47.778+0000] {logging_mixin.py:188} INFO - [2024-05-30T03:32:47.778+0000] {dag.py:3954} INFO - Setting next_dagrun for entity_match_dag to None, run_after=None
[2024-05-30T03:32:47.799+0000] {processor.py:183} INFO - Processing /opt/airflow/dags/entity_match_dag.py took 0.837 seconds
[2024-05-30T03:33:18.719+0000] {processor.py:161} INFO - Started process (PID=372) to work on /opt/airflow/dags/entity_match_dag.py
[2024-05-30T03:33:18.720+0000] {processor.py:830} INFO - Processing file /opt/airflow/dags/entity_match_dag.py for tasks to queue
[2024-05-30T03:33:18.722+0000] {logging_mixin.py:188} INFO - [2024-05-30T03:33:18.722+0000] {dagbag.py:545} INFO - Filling up the DagBag from /opt/airflow/dags/entity_match_dag.py
[2024-05-30T03:33:19.515+0000] {processor.py:840} INFO - DAG(s) 'entity_match_dag' retrieved from /opt/airflow/dags/entity_match_dag.py
[2024-05-30T03:33:19.534+0000] {logging_mixin.py:188} INFO - [2024-05-30T03:33:19.534+0000] {dag.py:3096} INFO - Sync 1 DAGs
[2024-05-30T03:33:19.550+0000] {logging_mixin.py:188} INFO - [2024-05-30T03:33:19.549+0000] {dag.py:3954} INFO - Setting next_dagrun for entity_match_dag to None, run_after=None
[2024-05-30T03:33:19.571+0000] {processor.py:183} INFO - Processing /opt/airflow/dags/entity_match_dag.py took 0.856 seconds
[2024-05-30T03:33:50.418+0000] {processor.py:161} INFO - Started process (PID=416) to work on /opt/airflow/dags/entity_match_dag.py
[2024-05-30T03:33:50.419+0000] {processor.py:830} INFO - Processing file /opt/airflow/dags/entity_match_dag.py for tasks to queue
[2024-05-30T03:33:50.421+0000] {logging_mixin.py:188} INFO - [2024-05-30T03:33:50.421+0000] {dagbag.py:545} INFO - Filling up the DagBag from /opt/airflow/dags/entity_match_dag.py
[2024-05-30T03:33:51.219+0000] {processor.py:840} INFO - DAG(s) 'entity_match_dag' retrieved from /opt/airflow/dags/entity_match_dag.py
[2024-05-30T03:33:51.237+0000] {logging_mixin.py:188} INFO - [2024-05-30T03:33:51.237+0000] {dag.py:3096} INFO - Sync 1 DAGs
[2024-05-30T03:33:51.253+0000] {logging_mixin.py:188} INFO - [2024-05-30T03:33:51.253+0000] {dag.py:3954} INFO - Setting next_dagrun for entity_match_dag to None, run_after=None
[2024-05-30T03:33:51.274+0000] {processor.py:183} INFO - Processing /opt/airflow/dags/entity_match_dag.py took 0.860 seconds
[2024-05-30T03:34:22.103+0000] {processor.py:161} INFO - Started process (PID=460) to work on /opt/airflow/dags/entity_match_dag.py
[2024-05-30T03:34:22.104+0000] {processor.py:830} INFO - Processing file /opt/airflow/dags/entity_match_dag.py for tasks to queue
[2024-05-30T03:34:22.105+0000] {logging_mixin.py:188} INFO - [2024-05-30T03:34:22.105+0000] {dagbag.py:545} INFO - Filling up the DagBag from /opt/airflow/dags/entity_match_dag.py
[2024-05-30T03:34:22.875+0000] {processor.py:840} INFO - DAG(s) 'entity_match_dag' retrieved from /opt/airflow/dags/entity_match_dag.py
[2024-05-30T03:34:22.895+0000] {logging_mixin.py:188} INFO - [2024-05-30T03:34:22.895+0000] {dag.py:3096} INFO - Sync 1 DAGs
[2024-05-30T03:34:22.910+0000] {logging_mixin.py:188} INFO - [2024-05-30T03:34:22.910+0000] {dag.py:3954} INFO - Setting next_dagrun for entity_match_dag to None, run_after=None
[2024-05-30T03:34:22.931+0000] {processor.py:183} INFO - Processing /opt/airflow/dags/entity_match_dag.py took 0.833 seconds
[2024-05-30T03:34:53.745+0000] {processor.py:161} INFO - Started process (PID=504) to work on /opt/airflow/dags/entity_match_dag.py
[2024-05-30T03:34:53.745+0000] {processor.py:830} INFO - Processing file /opt/airflow/dags/entity_match_dag.py for tasks to queue
[2024-05-30T03:34:53.747+0000] {logging_mixin.py:188} INFO - [2024-05-30T03:34:53.747+0000] {dagbag.py:545} INFO - Filling up the DagBag from /opt/airflow/dags/entity_match_dag.py
[2024-05-30T03:34:54.544+0000] {processor.py:840} INFO - DAG(s) 'entity_match_dag' retrieved from /opt/airflow/dags/entity_match_dag.py
[2024-05-30T03:34:54.563+0000] {logging_mixin.py:188} INFO - [2024-05-30T03:34:54.563+0000] {dag.py:3096} INFO - Sync 1 DAGs
[2024-05-30T03:34:54.579+0000] {logging_mixin.py:188} INFO - [2024-05-30T03:34:54.579+0000] {dag.py:3954} INFO - Setting next_dagrun for entity_match_dag to None, run_after=None
[2024-05-30T03:34:54.602+0000] {processor.py:183} INFO - Processing /opt/airflow/dags/entity_match_dag.py took 0.862 seconds
[2024-05-30T03:35:25.474+0000] {processor.py:161} INFO - Started process (PID=548) to work on /opt/airflow/dags/entity_match_dag.py
[2024-05-30T03:35:25.475+0000] {processor.py:830} INFO - Processing file /opt/airflow/dags/entity_match_dag.py for tasks to queue
[2024-05-30T03:35:25.476+0000] {logging_mixin.py:188} INFO - [2024-05-30T03:35:25.476+0000] {dagbag.py:545} INFO - Filling up the DagBag from /opt/airflow/dags/entity_match_dag.py
[2024-05-30T03:35:26.363+0000] {processor.py:840} INFO - DAG(s) 'entity_match_dag' retrieved from /opt/airflow/dags/entity_match_dag.py
[2024-05-30T03:35:26.383+0000] {logging_mixin.py:188} INFO - [2024-05-30T03:35:26.383+0000] {dag.py:3096} INFO - Sync 1 DAGs
[2024-05-30T03:35:26.404+0000] {logging_mixin.py:188} INFO - [2024-05-30T03:35:26.404+0000] {dag.py:3954} INFO - Setting next_dagrun for entity_match_dag to None, run_after=None
[2024-05-30T03:35:26.426+0000] {processor.py:183} INFO - Processing /opt/airflow/dags/entity_match_dag.py took 0.957 seconds
[2024-05-30T03:35:57.135+0000] {processor.py:161} INFO - Started process (PID=592) to work on /opt/airflow/dags/entity_match_dag.py
[2024-05-30T03:35:57.136+0000] {processor.py:830} INFO - Processing file /opt/airflow/dags/entity_match_dag.py for tasks to queue
[2024-05-30T03:35:57.138+0000] {logging_mixin.py:188} INFO - [2024-05-30T03:35:57.137+0000] {dagbag.py:545} INFO - Filling up the DagBag from /opt/airflow/dags/entity_match_dag.py
[2024-05-30T03:35:57.992+0000] {processor.py:840} INFO - DAG(s) 'entity_match_dag' retrieved from /opt/airflow/dags/entity_match_dag.py
[2024-05-30T03:35:58.015+0000] {logging_mixin.py:188} INFO - [2024-05-30T03:35:58.014+0000] {dag.py:3096} INFO - Sync 1 DAGs
[2024-05-30T03:35:58.035+0000] {logging_mixin.py:188} INFO - [2024-05-30T03:35:58.035+0000] {dag.py:3954} INFO - Setting next_dagrun for entity_match_dag to None, run_after=None
[2024-05-30T03:35:58.059+0000] {processor.py:183} INFO - Processing /opt/airflow/dags/entity_match_dag.py took 0.929 seconds
[2024-05-30T03:36:28.869+0000] {processor.py:161} INFO - Started process (PID=636) to work on /opt/airflow/dags/entity_match_dag.py
[2024-05-30T03:36:28.870+0000] {processor.py:830} INFO - Processing file /opt/airflow/dags/entity_match_dag.py for tasks to queue
[2024-05-30T03:36:28.872+0000] {logging_mixin.py:188} INFO - [2024-05-30T03:36:28.872+0000] {dagbag.py:545} INFO - Filling up the DagBag from /opt/airflow/dags/entity_match_dag.py
[2024-05-30T03:36:29.721+0000] {processor.py:840} INFO - DAG(s) 'entity_match_dag' retrieved from /opt/airflow/dags/entity_match_dag.py
[2024-05-30T03:36:29.741+0000] {logging_mixin.py:188} INFO - [2024-05-30T03:36:29.741+0000] {dag.py:3096} INFO - Sync 1 DAGs
[2024-05-30T03:36:29.756+0000] {logging_mixin.py:188} INFO - [2024-05-30T03:36:29.756+0000] {dag.py:3954} INFO - Setting next_dagrun for entity_match_dag to None, run_after=None
[2024-05-30T03:36:29.776+0000] {processor.py:183} INFO - Processing /opt/airflow/dags/entity_match_dag.py took 0.912 seconds
[2024-05-30T03:36:59.935+0000] {processor.py:161} INFO - Started process (PID=680) to work on /opt/airflow/dags/entity_match_dag.py
[2024-05-30T03:36:59.937+0000] {processor.py:830} INFO - Processing file /opt/airflow/dags/entity_match_dag.py for tasks to queue
[2024-05-30T03:36:59.942+0000] {logging_mixin.py:188} INFO - [2024-05-30T03:36:59.942+0000] {dagbag.py:545} INFO - Filling up the DagBag from /opt/airflow/dags/entity_match_dag.py
[2024-05-30T03:37:01.164+0000] {processor.py:840} INFO - DAG(s) 'entity_match_dag' retrieved from /opt/airflow/dags/entity_match_dag.py
[2024-05-30T03:37:01.187+0000] {logging_mixin.py:188} INFO - [2024-05-30T03:37:01.187+0000] {dag.py:3096} INFO - Sync 1 DAGs
[2024-05-30T03:37:01.207+0000] {logging_mixin.py:188} INFO - [2024-05-30T03:37:01.207+0000] {dag.py:3954} INFO - Setting next_dagrun for entity_match_dag to None, run_after=None
[2024-05-30T03:37:01.229+0000] {processor.py:183} INFO - Processing /opt/airflow/dags/entity_match_dag.py took 1.304 seconds
[2024-05-30T03:37:31.963+0000] {processor.py:161} INFO - Started process (PID=724) to work on /opt/airflow/dags/entity_match_dag.py
[2024-05-30T03:37:31.964+0000] {processor.py:830} INFO - Processing file /opt/airflow/dags/entity_match_dag.py for tasks to queue
[2024-05-30T03:37:31.966+0000] {logging_mixin.py:188} INFO - [2024-05-30T03:37:31.965+0000] {dagbag.py:545} INFO - Filling up the DagBag from /opt/airflow/dags/entity_match_dag.py
[2024-05-30T03:37:32.940+0000] {processor.py:840} INFO - DAG(s) 'entity_match_dag' retrieved from /opt/airflow/dags/entity_match_dag.py
[2024-05-30T03:37:32.962+0000] {logging_mixin.py:188} INFO - [2024-05-30T03:37:32.962+0000] {dag.py:3096} INFO - Sync 1 DAGs
[2024-05-30T03:37:32.978+0000] {logging_mixin.py:188} INFO - [2024-05-30T03:37:32.978+0000] {dag.py:3954} INFO - Setting next_dagrun for entity_match_dag to None, run_after=None
[2024-05-30T03:37:33.000+0000] {processor.py:183} INFO - Processing /opt/airflow/dags/entity_match_dag.py took 1.042 seconds
[2024-05-30T03:38:03.741+0000] {processor.py:161} INFO - Started process (PID=768) to work on /opt/airflow/dags/entity_match_dag.py
[2024-05-30T03:38:03.742+0000] {processor.py:830} INFO - Processing file /opt/airflow/dags/entity_match_dag.py for tasks to queue
[2024-05-30T03:38:03.744+0000] {logging_mixin.py:188} INFO - [2024-05-30T03:38:03.743+0000] {dagbag.py:545} INFO - Filling up the DagBag from /opt/airflow/dags/entity_match_dag.py
[2024-05-30T03:38:04.543+0000] {processor.py:840} INFO - DAG(s) 'entity_match_dag' retrieved from /opt/airflow/dags/entity_match_dag.py
[2024-05-30T03:38:04.562+0000] {logging_mixin.py:188} INFO - [2024-05-30T03:38:04.562+0000] {dag.py:3096} INFO - Sync 1 DAGs
[2024-05-30T03:38:04.579+0000] {logging_mixin.py:188} INFO - [2024-05-30T03:38:04.579+0000] {dag.py:3954} INFO - Setting next_dagrun for entity_match_dag to None, run_after=None
[2024-05-30T03:38:04.601+0000] {processor.py:183} INFO - Processing /opt/airflow/dags/entity_match_dag.py took 0.864 seconds
[2024-05-30T03:38:35.427+0000] {processor.py:161} INFO - Started process (PID=812) to work on /opt/airflow/dags/entity_match_dag.py
[2024-05-30T03:38:35.428+0000] {processor.py:830} INFO - Processing file /opt/airflow/dags/entity_match_dag.py for tasks to queue
[2024-05-30T03:38:35.430+0000] {logging_mixin.py:188} INFO - [2024-05-30T03:38:35.430+0000] {dagbag.py:545} INFO - Filling up the DagBag from /opt/airflow/dags/entity_match_dag.py
[2024-05-30T03:38:36.227+0000] {processor.py:840} INFO - DAG(s) 'entity_match_dag' retrieved from /opt/airflow/dags/entity_match_dag.py
[2024-05-30T03:38:36.248+0000] {logging_mixin.py:188} INFO - [2024-05-30T03:38:36.247+0000] {dag.py:3096} INFO - Sync 1 DAGs
[2024-05-30T03:38:36.264+0000] {logging_mixin.py:188} INFO - [2024-05-30T03:38:36.264+0000] {dag.py:3954} INFO - Setting next_dagrun for entity_match_dag to None, run_after=None
[2024-05-30T03:38:36.282+0000] {processor.py:183} INFO - Processing /opt/airflow/dags/entity_match_dag.py took 0.860 seconds
[2024-05-30T03:39:07.149+0000] {processor.py:161} INFO - Started process (PID=857) to work on /opt/airflow/dags/entity_match_dag.py
[2024-05-30T03:39:07.150+0000] {processor.py:830} INFO - Processing file /opt/airflow/dags/entity_match_dag.py for tasks to queue
[2024-05-30T03:39:07.151+0000] {logging_mixin.py:188} INFO - [2024-05-30T03:39:07.151+0000] {dagbag.py:545} INFO - Filling up the DagBag from /opt/airflow/dags/entity_match_dag.py
[2024-05-30T03:39:07.932+0000] {processor.py:840} INFO - DAG(s) 'entity_match_dag' retrieved from /opt/airflow/dags/entity_match_dag.py
[2024-05-30T03:39:07.953+0000] {logging_mixin.py:188} INFO - [2024-05-30T03:39:07.953+0000] {dag.py:3096} INFO - Sync 1 DAGs
[2024-05-30T03:39:07.969+0000] {logging_mixin.py:188} INFO - [2024-05-30T03:39:07.969+0000] {dag.py:3954} INFO - Setting next_dagrun for entity_match_dag to None, run_after=None
[2024-05-30T03:39:07.989+0000] {processor.py:183} INFO - Processing /opt/airflow/dags/entity_match_dag.py took 0.845 seconds
[2024-05-30T03:39:38.795+0000] {processor.py:161} INFO - Started process (PID=901) to work on /opt/airflow/dags/entity_match_dag.py
[2024-05-30T03:39:38.795+0000] {processor.py:830} INFO - Processing file /opt/airflow/dags/entity_match_dag.py for tasks to queue
[2024-05-30T03:39:38.797+0000] {logging_mixin.py:188} INFO - [2024-05-30T03:39:38.797+0000] {dagbag.py:545} INFO - Filling up the DagBag from /opt/airflow/dags/entity_match_dag.py
[2024-05-30T03:39:39.633+0000] {processor.py:840} INFO - DAG(s) 'entity_match_dag' retrieved from /opt/airflow/dags/entity_match_dag.py
[2024-05-30T03:39:39.651+0000] {logging_mixin.py:188} INFO - [2024-05-30T03:39:39.651+0000] {dag.py:3096} INFO - Sync 1 DAGs
[2024-05-30T03:39:39.667+0000] {logging_mixin.py:188} INFO - [2024-05-30T03:39:39.667+0000] {dag.py:3954} INFO - Setting next_dagrun for entity_match_dag to None, run_after=None
[2024-05-30T03:39:39.687+0000] {processor.py:183} INFO - Processing /opt/airflow/dags/entity_match_dag.py took 0.897 seconds
[2024-05-30T03:40:10.473+0000] {processor.py:161} INFO - Started process (PID=945) to work on /opt/airflow/dags/entity_match_dag.py
[2024-05-30T03:40:10.474+0000] {processor.py:830} INFO - Processing file /opt/airflow/dags/entity_match_dag.py for tasks to queue
[2024-05-30T03:40:10.475+0000] {logging_mixin.py:188} INFO - [2024-05-30T03:40:10.475+0000] {dagbag.py:545} INFO - Filling up the DagBag from /opt/airflow/dags/entity_match_dag.py
[2024-05-30T03:40:11.369+0000] {processor.py:840} INFO - DAG(s) 'entity_match_dag' retrieved from /opt/airflow/dags/entity_match_dag.py
[2024-05-30T03:40:11.389+0000] {logging_mixin.py:188} INFO - [2024-05-30T03:40:11.389+0000] {dag.py:3096} INFO - Sync 1 DAGs
[2024-05-30T03:40:11.408+0000] {logging_mixin.py:188} INFO - [2024-05-30T03:40:11.407+0000] {dag.py:3954} INFO - Setting next_dagrun for entity_match_dag to None, run_after=None
[2024-05-30T03:40:11.430+0000] {processor.py:183} INFO - Processing /opt/airflow/dags/entity_match_dag.py took 0.961 seconds
[2024-05-30T03:40:42.307+0000] {processor.py:161} INFO - Started process (PID=995) to work on /opt/airflow/dags/entity_match_dag.py
[2024-05-30T03:40:42.308+0000] {processor.py:830} INFO - Processing file /opt/airflow/dags/entity_match_dag.py for tasks to queue
[2024-05-30T03:40:42.310+0000] {logging_mixin.py:188} INFO - [2024-05-30T03:40:42.310+0000] {dagbag.py:545} INFO - Filling up the DagBag from /opt/airflow/dags/entity_match_dag.py
[2024-05-30T03:40:43.113+0000] {processor.py:840} INFO - DAG(s) 'entity_match_dag' retrieved from /opt/airflow/dags/entity_match_dag.py
[2024-05-30T03:40:43.132+0000] {logging_mixin.py:188} INFO - [2024-05-30T03:40:43.132+0000] {dag.py:3096} INFO - Sync 1 DAGs
[2024-05-30T03:40:43.147+0000] {logging_mixin.py:188} INFO - [2024-05-30T03:40:43.147+0000] {dag.py:3954} INFO - Setting next_dagrun for entity_match_dag to None, run_after=None
[2024-05-30T03:40:43.169+0000] {processor.py:183} INFO - Processing /opt/airflow/dags/entity_match_dag.py took 0.867 seconds
[2024-05-30T03:41:14.001+0000] {processor.py:161} INFO - Started process (PID=1039) to work on /opt/airflow/dags/entity_match_dag.py
[2024-05-30T03:41:14.002+0000] {processor.py:830} INFO - Processing file /opt/airflow/dags/entity_match_dag.py for tasks to queue
[2024-05-30T03:41:14.004+0000] {logging_mixin.py:188} INFO - [2024-05-30T03:41:14.004+0000] {dagbag.py:545} INFO - Filling up the DagBag from /opt/airflow/dags/entity_match_dag.py
[2024-05-30T03:41:14.875+0000] {processor.py:840} INFO - DAG(s) 'entity_match_dag' retrieved from /opt/airflow/dags/entity_match_dag.py
[2024-05-30T03:41:14.896+0000] {logging_mixin.py:188} INFO - [2024-05-30T03:41:14.896+0000] {dag.py:3096} INFO - Sync 1 DAGs
[2024-05-30T03:41:14.912+0000] {logging_mixin.py:188} INFO - [2024-05-30T03:41:14.912+0000] {dag.py:3954} INFO - Setting next_dagrun for entity_match_dag to None, run_after=None
[2024-05-30T03:41:14.932+0000] {processor.py:183} INFO - Processing /opt/airflow/dags/entity_match_dag.py took 0.938 seconds
[2024-05-30T03:41:45.829+0000] {processor.py:161} INFO - Started process (PID=1083) to work on /opt/airflow/dags/entity_match_dag.py
[2024-05-30T03:41:45.830+0000] {processor.py:830} INFO - Processing file /opt/airflow/dags/entity_match_dag.py for tasks to queue
[2024-05-30T03:41:45.832+0000] {logging_mixin.py:188} INFO - [2024-05-30T03:41:45.831+0000] {dagbag.py:545} INFO - Filling up the DagBag from /opt/airflow/dags/entity_match_dag.py
[2024-05-30T03:41:46.651+0000] {processor.py:840} INFO - DAG(s) 'entity_match_dag' retrieved from /opt/airflow/dags/entity_match_dag.py
[2024-05-30T03:41:46.671+0000] {logging_mixin.py:188} INFO - [2024-05-30T03:41:46.671+0000] {dag.py:3096} INFO - Sync 1 DAGs
[2024-05-30T03:41:46.687+0000] {logging_mixin.py:188} INFO - [2024-05-30T03:41:46.687+0000] {dag.py:3954} INFO - Setting next_dagrun for entity_match_dag to None, run_after=None
[2024-05-30T03:41:46.708+0000] {processor.py:183} INFO - Processing /opt/airflow/dags/entity_match_dag.py took 0.885 seconds
[2024-05-30T03:42:17.576+0000] {processor.py:161} INFO - Started process (PID=1127) to work on /opt/airflow/dags/entity_match_dag.py
[2024-05-30T03:42:17.577+0000] {processor.py:830} INFO - Processing file /opt/airflow/dags/entity_match_dag.py for tasks to queue
[2024-05-30T03:42:17.579+0000] {logging_mixin.py:188} INFO - [2024-05-30T03:42:17.578+0000] {dagbag.py:545} INFO - Filling up the DagBag from /opt/airflow/dags/entity_match_dag.py
[2024-05-30T03:42:18.375+0000] {processor.py:840} INFO - DAG(s) 'entity_match_dag' retrieved from /opt/airflow/dags/entity_match_dag.py
[2024-05-30T03:42:18.395+0000] {logging_mixin.py:188} INFO - [2024-05-30T03:42:18.395+0000] {dag.py:3096} INFO - Sync 1 DAGs
[2024-05-30T03:42:18.412+0000] {logging_mixin.py:188} INFO - [2024-05-30T03:42:18.412+0000] {dag.py:3954} INFO - Setting next_dagrun for entity_match_dag to None, run_after=None
[2024-05-30T03:42:18.434+0000] {processor.py:183} INFO - Processing /opt/airflow/dags/entity_match_dag.py took 0.863 seconds
[2024-05-30T03:42:49.277+0000] {processor.py:161} INFO - Started process (PID=1171) to work on /opt/airflow/dags/entity_match_dag.py
[2024-05-30T03:42:49.278+0000] {processor.py:830} INFO - Processing file /opt/airflow/dags/entity_match_dag.py for tasks to queue
[2024-05-30T03:42:49.280+0000] {logging_mixin.py:188} INFO - [2024-05-30T03:42:49.280+0000] {dagbag.py:545} INFO - Filling up the DagBag from /opt/airflow/dags/entity_match_dag.py
[2024-05-30T03:42:50.075+0000] {processor.py:840} INFO - DAG(s) 'entity_match_dag' retrieved from /opt/airflow/dags/entity_match_dag.py
[2024-05-30T03:42:50.097+0000] {logging_mixin.py:188} INFO - [2024-05-30T03:42:50.096+0000] {dag.py:3096} INFO - Sync 1 DAGs
[2024-05-30T03:42:50.113+0000] {logging_mixin.py:188} INFO - [2024-05-30T03:42:50.113+0000] {dag.py:3954} INFO - Setting next_dagrun for entity_match_dag to None, run_after=None
[2024-05-30T03:42:50.132+0000] {processor.py:183} INFO - Processing /opt/airflow/dags/entity_match_dag.py took 0.860 seconds
[2024-05-30T03:43:20.970+0000] {processor.py:161} INFO - Started process (PID=1215) to work on /opt/airflow/dags/entity_match_dag.py
[2024-05-30T03:43:20.971+0000] {processor.py:830} INFO - Processing file /opt/airflow/dags/entity_match_dag.py for tasks to queue
[2024-05-30T03:43:20.973+0000] {logging_mixin.py:188} INFO - [2024-05-30T03:43:20.972+0000] {dagbag.py:545} INFO - Filling up the DagBag from /opt/airflow/dags/entity_match_dag.py
[2024-05-30T03:43:21.757+0000] {processor.py:840} INFO - DAG(s) 'entity_match_dag' retrieved from /opt/airflow/dags/entity_match_dag.py
[2024-05-30T03:43:21.778+0000] {logging_mixin.py:188} INFO - [2024-05-30T03:43:21.777+0000] {dag.py:3096} INFO - Sync 1 DAGs
[2024-05-30T03:43:21.794+0000] {logging_mixin.py:188} INFO - [2024-05-30T03:43:21.794+0000] {dag.py:3954} INFO - Setting next_dagrun for entity_match_dag to None, run_after=None
[2024-05-30T03:43:21.815+0000] {processor.py:183} INFO - Processing /opt/airflow/dags/entity_match_dag.py took 0.849 seconds
[2024-05-30T03:43:52.646+0000] {processor.py:161} INFO - Started process (PID=1259) to work on /opt/airflow/dags/entity_match_dag.py
[2024-05-30T03:43:52.647+0000] {processor.py:830} INFO - Processing file /opt/airflow/dags/entity_match_dag.py for tasks to queue
[2024-05-30T03:43:52.649+0000] {logging_mixin.py:188} INFO - [2024-05-30T03:43:52.648+0000] {dagbag.py:545} INFO - Filling up the DagBag from /opt/airflow/dags/entity_match_dag.py
[2024-05-30T03:43:53.432+0000] {processor.py:840} INFO - DAG(s) 'entity_match_dag' retrieved from /opt/airflow/dags/entity_match_dag.py
[2024-05-30T03:43:53.451+0000] {logging_mixin.py:188} INFO - [2024-05-30T03:43:53.451+0000] {dag.py:3096} INFO - Sync 1 DAGs
[2024-05-30T03:43:53.467+0000] {logging_mixin.py:188} INFO - [2024-05-30T03:43:53.466+0000] {dag.py:3954} INFO - Setting next_dagrun for entity_match_dag to None, run_after=None
[2024-05-30T03:43:53.488+0000] {processor.py:183} INFO - Processing /opt/airflow/dags/entity_match_dag.py took 0.846 seconds
[2024-05-30T03:44:24.268+0000] {processor.py:161} INFO - Started process (PID=1303) to work on /opt/airflow/dags/entity_match_dag.py
[2024-05-30T03:44:24.270+0000] {processor.py:830} INFO - Processing file /opt/airflow/dags/entity_match_dag.py for tasks to queue
[2024-05-30T03:44:24.273+0000] {logging_mixin.py:188} INFO - [2024-05-30T03:44:24.272+0000] {dagbag.py:545} INFO - Filling up the DagBag from /opt/airflow/dags/entity_match_dag.py
[2024-05-30T03:44:25.899+0000] {processor.py:840} INFO - DAG(s) 'entity_match_dag' retrieved from /opt/airflow/dags/entity_match_dag.py
[2024-05-30T03:44:25.931+0000] {logging_mixin.py:188} INFO - [2024-05-30T03:44:25.930+0000] {dag.py:3096} INFO - Sync 1 DAGs
[2024-05-30T03:44:25.959+0000] {logging_mixin.py:188} INFO - [2024-05-30T03:44:25.958+0000] {dag.py:3954} INFO - Setting next_dagrun for entity_match_dag to None, run_after=None
[2024-05-30T03:44:25.982+0000] {processor.py:183} INFO - Processing /opt/airflow/dags/entity_match_dag.py took 1.723 seconds
[2024-05-30T03:44:56.654+0000] {processor.py:161} INFO - Started process (PID=1347) to work on /opt/airflow/dags/entity_match_dag.py
[2024-05-30T03:44:56.655+0000] {processor.py:830} INFO - Processing file /opt/airflow/dags/entity_match_dag.py for tasks to queue
[2024-05-30T03:44:56.657+0000] {logging_mixin.py:188} INFO - [2024-05-30T03:44:56.657+0000] {dagbag.py:545} INFO - Filling up the DagBag from /opt/airflow/dags/entity_match_dag.py
[2024-05-30T03:44:57.546+0000] {processor.py:840} INFO - DAG(s) 'entity_match_dag' retrieved from /opt/airflow/dags/entity_match_dag.py
[2024-05-30T03:44:57.569+0000] {logging_mixin.py:188} INFO - [2024-05-30T03:44:57.568+0000] {dag.py:3096} INFO - Sync 1 DAGs
[2024-05-30T03:44:57.587+0000] {logging_mixin.py:188} INFO - [2024-05-30T03:44:57.586+0000] {dag.py:3954} INFO - Setting next_dagrun for entity_match_dag to None, run_after=None
[2024-05-30T03:44:57.608+0000] {processor.py:183} INFO - Processing /opt/airflow/dags/entity_match_dag.py took 0.960 seconds
[2024-05-30T03:45:28.413+0000] {processor.py:161} INFO - Started process (PID=1391) to work on /opt/airflow/dags/entity_match_dag.py
[2024-05-30T03:45:28.414+0000] {processor.py:830} INFO - Processing file /opt/airflow/dags/entity_match_dag.py for tasks to queue
[2024-05-30T03:45:28.415+0000] {logging_mixin.py:188} INFO - [2024-05-30T03:45:28.415+0000] {dagbag.py:545} INFO - Filling up the DagBag from /opt/airflow/dags/entity_match_dag.py
[2024-05-30T03:45:29.278+0000] {processor.py:840} INFO - DAG(s) 'entity_match_dag' retrieved from /opt/airflow/dags/entity_match_dag.py
[2024-05-30T03:45:29.300+0000] {logging_mixin.py:188} INFO - [2024-05-30T03:45:29.300+0000] {dag.py:3096} INFO - Sync 1 DAGs
[2024-05-30T03:45:29.317+0000] {logging_mixin.py:188} INFO - [2024-05-30T03:45:29.317+0000] {dag.py:3954} INFO - Setting next_dagrun for entity_match_dag to None, run_after=None
[2024-05-30T03:45:29.337+0000] {processor.py:183} INFO - Processing /opt/airflow/dags/entity_match_dag.py took 0.929 seconds
[2024-05-30T03:46:00.030+0000] {processor.py:161} INFO - Started process (PID=1435) to work on /opt/airflow/dags/entity_match_dag.py
[2024-05-30T03:46:00.032+0000] {processor.py:830} INFO - Processing file /opt/airflow/dags/entity_match_dag.py for tasks to queue
[2024-05-30T03:46:00.034+0000] {logging_mixin.py:188} INFO - [2024-05-30T03:46:00.033+0000] {dagbag.py:545} INFO - Filling up the DagBag from /opt/airflow/dags/entity_match_dag.py
[2024-05-30T03:46:00.943+0000] {processor.py:840} INFO - DAG(s) 'entity_match_dag' retrieved from /opt/airflow/dags/entity_match_dag.py
[2024-05-30T03:46:00.963+0000] {logging_mixin.py:188} INFO - [2024-05-30T03:46:00.963+0000] {dag.py:3096} INFO - Sync 1 DAGs
[2024-05-30T03:46:00.980+0000] {logging_mixin.py:188} INFO - [2024-05-30T03:46:00.980+0000] {dag.py:3954} INFO - Setting next_dagrun for entity_match_dag to None, run_after=None
[2024-05-30T03:46:00.999+0000] {processor.py:183} INFO - Processing /opt/airflow/dags/entity_match_dag.py took 0.977 seconds
[2024-05-30T03:46:31.714+0000] {processor.py:161} INFO - Started process (PID=1494) to work on /opt/airflow/dags/entity_match_dag.py
[2024-05-30T03:46:31.715+0000] {processor.py:830} INFO - Processing file /opt/airflow/dags/entity_match_dag.py for tasks to queue
[2024-05-30T03:46:31.717+0000] {logging_mixin.py:188} INFO - [2024-05-30T03:46:31.717+0000] {dagbag.py:545} INFO - Filling up the DagBag from /opt/airflow/dags/entity_match_dag.py
[2024-05-30T03:46:32.622+0000] {processor.py:840} INFO - DAG(s) 'entity_match_dag' retrieved from /opt/airflow/dags/entity_match_dag.py
[2024-05-30T03:46:32.645+0000] {logging_mixin.py:188} INFO - [2024-05-30T03:46:32.644+0000] {dag.py:3096} INFO - Sync 1 DAGs
[2024-05-30T03:46:32.662+0000] {logging_mixin.py:188} INFO - [2024-05-30T03:46:32.662+0000] {dag.py:3954} INFO - Setting next_dagrun for entity_match_dag to None, run_after=None
[2024-05-30T03:46:32.683+0000] {processor.py:183} INFO - Processing /opt/airflow/dags/entity_match_dag.py took 0.975 seconds
[2024-05-30T03:46:39.841+0000] {processor.py:161} INFO - Started process (PID=1517) to work on /opt/airflow/dags/entity_match_dag.py
[2024-05-30T03:46:39.843+0000] {processor.py:830} INFO - Processing file /opt/airflow/dags/entity_match_dag.py for tasks to queue
[2024-05-30T03:46:39.846+0000] {logging_mixin.py:188} INFO - [2024-05-30T03:46:39.845+0000] {dagbag.py:545} INFO - Filling up the DagBag from /opt/airflow/dags/entity_match_dag.py
[2024-05-30T03:46:40.861+0000] {processor.py:840} INFO - DAG(s) 'entity_match_dag' retrieved from /opt/airflow/dags/entity_match_dag.py
[2024-05-30T03:46:40.881+0000] {logging_mixin.py:188} INFO - [2024-05-30T03:46:40.881+0000] {dag.py:3096} INFO - Sync 1 DAGs
[2024-05-30T03:46:40.898+0000] {logging_mixin.py:188} INFO - [2024-05-30T03:46:40.898+0000] {dag.py:3954} INFO - Setting next_dagrun for entity_match_dag to None, run_after=None
[2024-05-30T03:46:40.925+0000] {processor.py:183} INFO - Processing /opt/airflow/dags/entity_match_dag.py took 1.089 seconds
[2024-05-30T03:47:11.539+0000] {processor.py:161} INFO - Started process (PID=1562) to work on /opt/airflow/dags/entity_match_dag.py
[2024-05-30T03:47:11.540+0000] {processor.py:830} INFO - Processing file /opt/airflow/dags/entity_match_dag.py for tasks to queue
[2024-05-30T03:47:11.542+0000] {logging_mixin.py:188} INFO - [2024-05-30T03:47:11.542+0000] {dagbag.py:545} INFO - Filling up the DagBag from /opt/airflow/dags/entity_match_dag.py
[2024-05-30T03:47:12.602+0000] {processor.py:840} INFO - DAG(s) 'entity_match_dag' retrieved from /opt/airflow/dags/entity_match_dag.py
[2024-05-30T03:47:12.631+0000] {logging_mixin.py:188} INFO - [2024-05-30T03:47:12.630+0000] {dag.py:3096} INFO - Sync 1 DAGs
[2024-05-30T03:47:12.648+0000] {logging_mixin.py:188} INFO - [2024-05-30T03:47:12.648+0000] {dag.py:3954} INFO - Setting next_dagrun for entity_match_dag to None, run_after=None
[2024-05-30T03:47:12.672+0000] {processor.py:183} INFO - Processing /opt/airflow/dags/entity_match_dag.py took 1.138 seconds
[2024-05-30T03:47:43.380+0000] {processor.py:161} INFO - Started process (PID=1613) to work on /opt/airflow/dags/entity_match_dag.py
[2024-05-30T03:47:43.381+0000] {processor.py:830} INFO - Processing file /opt/airflow/dags/entity_match_dag.py for tasks to queue
[2024-05-30T03:47:43.382+0000] {logging_mixin.py:188} INFO - [2024-05-30T03:47:43.382+0000] {dagbag.py:545} INFO - Filling up the DagBag from /opt/airflow/dags/entity_match_dag.py
[2024-05-30T03:47:44.181+0000] {processor.py:840} INFO - DAG(s) 'entity_match_dag' retrieved from /opt/airflow/dags/entity_match_dag.py
[2024-05-30T03:47:44.201+0000] {logging_mixin.py:188} INFO - [2024-05-30T03:47:44.201+0000] {dag.py:3096} INFO - Sync 1 DAGs
[2024-05-30T03:47:44.218+0000] {logging_mixin.py:188} INFO - [2024-05-30T03:47:44.217+0000] {dag.py:3954} INFO - Setting next_dagrun for entity_match_dag to None, run_after=None
[2024-05-30T03:47:44.240+0000] {processor.py:183} INFO - Processing /opt/airflow/dags/entity_match_dag.py took 0.865 seconds
[2024-05-30T03:48:15.011+0000] {processor.py:161} INFO - Started process (PID=1657) to work on /opt/airflow/dags/entity_match_dag.py
[2024-05-30T03:48:15.012+0000] {processor.py:830} INFO - Processing file /opt/airflow/dags/entity_match_dag.py for tasks to queue
[2024-05-30T03:48:15.014+0000] {logging_mixin.py:188} INFO - [2024-05-30T03:48:15.013+0000] {dagbag.py:545} INFO - Filling up the DagBag from /opt/airflow/dags/entity_match_dag.py
[2024-05-30T03:48:15.847+0000] {processor.py:840} INFO - DAG(s) 'entity_match_dag' retrieved from /opt/airflow/dags/entity_match_dag.py
[2024-05-30T03:48:15.868+0000] {logging_mixin.py:188} INFO - [2024-05-30T03:48:15.867+0000] {dag.py:3096} INFO - Sync 1 DAGs
[2024-05-30T03:48:15.884+0000] {logging_mixin.py:188} INFO - [2024-05-30T03:48:15.884+0000] {dag.py:3954} INFO - Setting next_dagrun for entity_match_dag to None, run_after=None
[2024-05-30T03:48:15.905+0000] {processor.py:183} INFO - Processing /opt/airflow/dags/entity_match_dag.py took 0.898 seconds
[2024-05-30T03:48:46.743+0000] {processor.py:161} INFO - Started process (PID=1701) to work on /opt/airflow/dags/entity_match_dag.py
[2024-05-30T03:48:46.744+0000] {processor.py:830} INFO - Processing file /opt/airflow/dags/entity_match_dag.py for tasks to queue
[2024-05-30T03:48:46.745+0000] {logging_mixin.py:188} INFO - [2024-05-30T03:48:46.745+0000] {dagbag.py:545} INFO - Filling up the DagBag from /opt/airflow/dags/entity_match_dag.py
[2024-05-30T03:48:47.590+0000] {processor.py:840} INFO - DAG(s) 'entity_match_dag' retrieved from /opt/airflow/dags/entity_match_dag.py
[2024-05-30T03:48:47.610+0000] {logging_mixin.py:188} INFO - [2024-05-30T03:48:47.609+0000] {dag.py:3096} INFO - Sync 1 DAGs
[2024-05-30T03:48:47.626+0000] {logging_mixin.py:188} INFO - [2024-05-30T03:48:47.626+0000] {dag.py:3954} INFO - Setting next_dagrun for entity_match_dag to None, run_after=None
[2024-05-30T03:48:47.648+0000] {processor.py:183} INFO - Processing /opt/airflow/dags/entity_match_dag.py took 0.911 seconds
[2024-05-30T03:49:18.539+0000] {processor.py:161} INFO - Started process (PID=1745) to work on /opt/airflow/dags/entity_match_dag.py
[2024-05-30T03:49:18.540+0000] {processor.py:830} INFO - Processing file /opt/airflow/dags/entity_match_dag.py for tasks to queue
[2024-05-30T03:49:18.541+0000] {logging_mixin.py:188} INFO - [2024-05-30T03:49:18.541+0000] {dagbag.py:545} INFO - Filling up the DagBag from /opt/airflow/dags/entity_match_dag.py
[2024-05-30T03:49:19.440+0000] {processor.py:840} INFO - DAG(s) 'entity_match_dag' retrieved from /opt/airflow/dags/entity_match_dag.py
[2024-05-30T03:49:19.462+0000] {logging_mixin.py:188} INFO - [2024-05-30T03:49:19.461+0000] {dag.py:3096} INFO - Sync 1 DAGs
[2024-05-30T03:49:19.479+0000] {logging_mixin.py:188} INFO - [2024-05-30T03:49:19.479+0000] {dag.py:3954} INFO - Setting next_dagrun for entity_match_dag to None, run_after=None
[2024-05-30T03:49:19.501+0000] {processor.py:183} INFO - Processing /opt/airflow/dags/entity_match_dag.py took 0.967 seconds
[2024-05-30T03:49:50.357+0000] {processor.py:161} INFO - Started process (PID=1789) to work on /opt/airflow/dags/entity_match_dag.py
[2024-05-30T03:49:50.358+0000] {processor.py:830} INFO - Processing file /opt/airflow/dags/entity_match_dag.py for tasks to queue
[2024-05-30T03:49:50.360+0000] {logging_mixin.py:188} INFO - [2024-05-30T03:49:50.359+0000] {dagbag.py:545} INFO - Filling up the DagBag from /opt/airflow/dags/entity_match_dag.py
[2024-05-30T03:49:51.136+0000] {processor.py:840} INFO - DAG(s) 'entity_match_dag' retrieved from /opt/airflow/dags/entity_match_dag.py
[2024-05-30T03:49:51.155+0000] {logging_mixin.py:188} INFO - [2024-05-30T03:49:51.154+0000] {dag.py:3096} INFO - Sync 1 DAGs
[2024-05-30T03:49:51.170+0000] {logging_mixin.py:188} INFO - [2024-05-30T03:49:51.170+0000] {dag.py:3954} INFO - Setting next_dagrun for entity_match_dag to None, run_after=None
[2024-05-30T03:49:51.189+0000] {processor.py:183} INFO - Processing /opt/airflow/dags/entity_match_dag.py took 0.836 seconds
[2024-05-30T03:50:22.062+0000] {processor.py:161} INFO - Started process (PID=1833) to work on /opt/airflow/dags/entity_match_dag.py
[2024-05-30T03:50:22.063+0000] {processor.py:830} INFO - Processing file /opt/airflow/dags/entity_match_dag.py for tasks to queue
[2024-05-30T03:50:22.065+0000] {logging_mixin.py:188} INFO - [2024-05-30T03:50:22.064+0000] {dagbag.py:545} INFO - Filling up the DagBag from /opt/airflow/dags/entity_match_dag.py
[2024-05-30T03:50:22.847+0000] {processor.py:840} INFO - DAG(s) 'entity_match_dag' retrieved from /opt/airflow/dags/entity_match_dag.py
[2024-05-30T03:50:22.866+0000] {logging_mixin.py:188} INFO - [2024-05-30T03:50:22.866+0000] {dag.py:3096} INFO - Sync 1 DAGs
[2024-05-30T03:50:22.882+0000] {logging_mixin.py:188} INFO - [2024-05-30T03:50:22.882+0000] {dag.py:3954} INFO - Setting next_dagrun for entity_match_dag to None, run_after=None
[2024-05-30T03:50:22.904+0000] {processor.py:183} INFO - Processing /opt/airflow/dags/entity_match_dag.py took 0.846 seconds
[2024-05-30T03:50:53.772+0000] {processor.py:161} INFO - Started process (PID=1877) to work on /opt/airflow/dags/entity_match_dag.py
[2024-05-30T03:50:53.773+0000] {processor.py:830} INFO - Processing file /opt/airflow/dags/entity_match_dag.py for tasks to queue
[2024-05-30T03:50:53.775+0000] {logging_mixin.py:188} INFO - [2024-05-30T03:50:53.774+0000] {dagbag.py:545} INFO - Filling up the DagBag from /opt/airflow/dags/entity_match_dag.py
[2024-05-30T03:50:54.592+0000] {processor.py:840} INFO - DAG(s) 'entity_match_dag' retrieved from /opt/airflow/dags/entity_match_dag.py
[2024-05-30T03:50:54.612+0000] {logging_mixin.py:188} INFO - [2024-05-30T03:50:54.611+0000] {dag.py:3096} INFO - Sync 1 DAGs
[2024-05-30T03:50:54.628+0000] {logging_mixin.py:188} INFO - [2024-05-30T03:50:54.628+0000] {dag.py:3954} INFO - Setting next_dagrun for entity_match_dag to None, run_after=None
[2024-05-30T03:50:54.650+0000] {processor.py:183} INFO - Processing /opt/airflow/dags/entity_match_dag.py took 0.882 seconds
[2024-05-30T03:51:25.590+0000] {processor.py:161} INFO - Started process (PID=1921) to work on /opt/airflow/dags/entity_match_dag.py
[2024-05-30T03:51:25.591+0000] {processor.py:830} INFO - Processing file /opt/airflow/dags/entity_match_dag.py for tasks to queue
[2024-05-30T03:51:25.593+0000] {logging_mixin.py:188} INFO - [2024-05-30T03:51:25.593+0000] {dagbag.py:545} INFO - Filling up the DagBag from /opt/airflow/dags/entity_match_dag.py
[2024-05-30T03:51:26.418+0000] {processor.py:840} INFO - DAG(s) 'entity_match_dag' retrieved from /opt/airflow/dags/entity_match_dag.py
[2024-05-30T03:51:26.439+0000] {logging_mixin.py:188} INFO - [2024-05-30T03:51:26.438+0000] {dag.py:3096} INFO - Sync 1 DAGs
[2024-05-30T03:51:26.455+0000] {logging_mixin.py:188} INFO - [2024-05-30T03:51:26.454+0000] {dag.py:3954} INFO - Setting next_dagrun for entity_match_dag to None, run_after=None
[2024-05-30T03:51:26.476+0000] {processor.py:183} INFO - Processing /opt/airflow/dags/entity_match_dag.py took 0.890 seconds
[2024-05-30T03:51:57.317+0000] {processor.py:161} INFO - Started process (PID=1965) to work on /opt/airflow/dags/entity_match_dag.py
[2024-05-30T03:51:57.318+0000] {processor.py:830} INFO - Processing file /opt/airflow/dags/entity_match_dag.py for tasks to queue
[2024-05-30T03:51:57.319+0000] {logging_mixin.py:188} INFO - [2024-05-30T03:51:57.319+0000] {dagbag.py:545} INFO - Filling up the DagBag from /opt/airflow/dags/entity_match_dag.py
[2024-05-30T03:51:58.210+0000] {processor.py:840} INFO - DAG(s) 'entity_match_dag' retrieved from /opt/airflow/dags/entity_match_dag.py
[2024-05-30T03:51:58.233+0000] {logging_mixin.py:188} INFO - [2024-05-30T03:51:58.232+0000] {dag.py:3096} INFO - Sync 1 DAGs
[2024-05-30T03:51:58.250+0000] {logging_mixin.py:188} INFO - [2024-05-30T03:51:58.250+0000] {dag.py:3954} INFO - Setting next_dagrun for entity_match_dag to None, run_after=None
[2024-05-30T03:51:58.274+0000] {processor.py:183} INFO - Processing /opt/airflow/dags/entity_match_dag.py took 0.962 seconds
[2024-05-30T03:52:29.030+0000] {processor.py:161} INFO - Started process (PID=2010) to work on /opt/airflow/dags/entity_match_dag.py
[2024-05-30T03:52:29.031+0000] {processor.py:830} INFO - Processing file /opt/airflow/dags/entity_match_dag.py for tasks to queue
[2024-05-30T03:52:29.032+0000] {logging_mixin.py:188} INFO - [2024-05-30T03:52:29.032+0000] {dagbag.py:545} INFO - Filling up the DagBag from /opt/airflow/dags/entity_match_dag.py
[2024-05-30T03:52:29.891+0000] {processor.py:840} INFO - DAG(s) 'entity_match_dag' retrieved from /opt/airflow/dags/entity_match_dag.py
[2024-05-30T03:52:29.911+0000] {logging_mixin.py:188} INFO - [2024-05-30T03:52:29.911+0000] {dag.py:3096} INFO - Sync 1 DAGs
[2024-05-30T03:52:29.928+0000] {logging_mixin.py:188} INFO - [2024-05-30T03:52:29.928+0000] {dag.py:3954} INFO - Setting next_dagrun for entity_match_dag to None, run_after=None
[2024-05-30T03:52:29.951+0000] {processor.py:183} INFO - Processing /opt/airflow/dags/entity_match_dag.py took 0.926 seconds
[2024-05-30T03:53:00.679+0000] {processor.py:161} INFO - Started process (PID=2054) to work on /opt/airflow/dags/entity_match_dag.py
[2024-05-30T03:53:00.680+0000] {processor.py:830} INFO - Processing file /opt/airflow/dags/entity_match_dag.py for tasks to queue
[2024-05-30T03:53:00.681+0000] {logging_mixin.py:188} INFO - [2024-05-30T03:53:00.681+0000] {dagbag.py:545} INFO - Filling up the DagBag from /opt/airflow/dags/entity_match_dag.py
[2024-05-30T03:53:01.495+0000] {processor.py:840} INFO - DAG(s) 'entity_match_dag' retrieved from /opt/airflow/dags/entity_match_dag.py
[2024-05-30T03:53:01.515+0000] {logging_mixin.py:188} INFO - [2024-05-30T03:53:01.514+0000] {dag.py:3096} INFO - Sync 1 DAGs
[2024-05-30T03:53:01.533+0000] {logging_mixin.py:188} INFO - [2024-05-30T03:53:01.533+0000] {dag.py:3954} INFO - Setting next_dagrun for entity_match_dag to None, run_after=None
[2024-05-30T03:53:01.553+0000] {processor.py:183} INFO - Processing /opt/airflow/dags/entity_match_dag.py took 0.879 seconds
[2024-05-30T03:53:32.444+0000] {processor.py:161} INFO - Started process (PID=2098) to work on /opt/airflow/dags/entity_match_dag.py
[2024-05-30T03:53:32.445+0000] {processor.py:830} INFO - Processing file /opt/airflow/dags/entity_match_dag.py for tasks to queue
[2024-05-30T03:53:32.447+0000] {logging_mixin.py:188} INFO - [2024-05-30T03:53:32.446+0000] {dagbag.py:545} INFO - Filling up the DagBag from /opt/airflow/dags/entity_match_dag.py
[2024-05-30T03:53:33.249+0000] {processor.py:840} INFO - DAG(s) 'entity_match_dag' retrieved from /opt/airflow/dags/entity_match_dag.py
[2024-05-30T03:53:33.377+0000] {logging_mixin.py:188} INFO - [2024-05-30T03:53:33.377+0000] {dag.py:3096} INFO - Sync 1 DAGs
[2024-05-30T03:53:33.391+0000] {logging_mixin.py:188} INFO - [2024-05-30T03:53:33.391+0000] {dag.py:3954} INFO - Setting next_dagrun for entity_match_dag to None, run_after=None
[2024-05-30T03:53:33.416+0000] {processor.py:183} INFO - Processing /opt/airflow/dags/entity_match_dag.py took 0.977 seconds
[2024-05-30T03:54:03.763+0000] {processor.py:161} INFO - Started process (PID=2142) to work on /opt/airflow/dags/entity_match_dag.py
[2024-05-30T03:54:03.765+0000] {processor.py:830} INFO - Processing file /opt/airflow/dags/entity_match_dag.py for tasks to queue
[2024-05-30T03:54:03.768+0000] {logging_mixin.py:188} INFO - [2024-05-30T03:54:03.767+0000] {dagbag.py:545} INFO - Filling up the DagBag from /opt/airflow/dags/entity_match_dag.py
[2024-05-30T03:54:04.689+0000] {processor.py:840} INFO - DAG(s) 'entity_match_dag' retrieved from /opt/airflow/dags/entity_match_dag.py
[2024-05-30T03:54:04.710+0000] {logging_mixin.py:188} INFO - [2024-05-30T03:54:04.709+0000] {dag.py:3096} INFO - Sync 1 DAGs
[2024-05-30T03:54:04.725+0000] {logging_mixin.py:188} INFO - [2024-05-30T03:54:04.725+0000] {dag.py:3954} INFO - Setting next_dagrun for entity_match_dag to None, run_after=None
[2024-05-30T03:54:04.747+0000] {processor.py:183} INFO - Processing /opt/airflow/dags/entity_match_dag.py took 0.992 seconds
[2024-05-30T03:54:35.455+0000] {processor.py:161} INFO - Started process (PID=2186) to work on /opt/airflow/dags/entity_match_dag.py
[2024-05-30T03:54:35.456+0000] {processor.py:830} INFO - Processing file /opt/airflow/dags/entity_match_dag.py for tasks to queue
[2024-05-30T03:54:35.458+0000] {logging_mixin.py:188} INFO - [2024-05-30T03:54:35.458+0000] {dagbag.py:545} INFO - Filling up the DagBag from /opt/airflow/dags/entity_match_dag.py
[2024-05-30T03:54:36.300+0000] {processor.py:840} INFO - DAG(s) 'entity_match_dag' retrieved from /opt/airflow/dags/entity_match_dag.py
[2024-05-30T03:54:36.321+0000] {logging_mixin.py:188} INFO - [2024-05-30T03:54:36.320+0000] {dag.py:3096} INFO - Sync 1 DAGs
[2024-05-30T03:54:36.337+0000] {logging_mixin.py:188} INFO - [2024-05-30T03:54:36.337+0000] {dag.py:3954} INFO - Setting next_dagrun for entity_match_dag to None, run_after=None
[2024-05-30T03:54:36.356+0000] {processor.py:183} INFO - Processing /opt/airflow/dags/entity_match_dag.py took 0.907 seconds
[2024-05-30T03:55:07.104+0000] {processor.py:161} INFO - Started process (PID=2231) to work on /opt/airflow/dags/entity_match_dag.py
[2024-05-30T03:55:07.105+0000] {processor.py:830} INFO - Processing file /opt/airflow/dags/entity_match_dag.py for tasks to queue
[2024-05-30T03:55:07.107+0000] {logging_mixin.py:188} INFO - [2024-05-30T03:55:07.107+0000] {dagbag.py:545} INFO - Filling up the DagBag from /opt/airflow/dags/entity_match_dag.py
[2024-05-30T03:55:07.950+0000] {processor.py:840} INFO - DAG(s) 'entity_match_dag' retrieved from /opt/airflow/dags/entity_match_dag.py
[2024-05-30T03:55:07.969+0000] {logging_mixin.py:188} INFO - [2024-05-30T03:55:07.969+0000] {dag.py:3096} INFO - Sync 1 DAGs
[2024-05-30T03:55:07.986+0000] {logging_mixin.py:188} INFO - [2024-05-30T03:55:07.986+0000] {dag.py:3954} INFO - Setting next_dagrun for entity_match_dag to None, run_after=None
[2024-05-30T03:55:08.007+0000] {processor.py:183} INFO - Processing /opt/airflow/dags/entity_match_dag.py took 0.908 seconds
[2024-05-30T03:55:38.807+0000] {processor.py:161} INFO - Started process (PID=2275) to work on /opt/airflow/dags/entity_match_dag.py
[2024-05-30T03:55:38.808+0000] {processor.py:830} INFO - Processing file /opt/airflow/dags/entity_match_dag.py for tasks to queue
[2024-05-30T03:55:38.810+0000] {logging_mixin.py:188} INFO - [2024-05-30T03:55:38.810+0000] {dagbag.py:545} INFO - Filling up the DagBag from /opt/airflow/dags/entity_match_dag.py
[2024-05-30T03:55:39.664+0000] {processor.py:840} INFO - DAG(s) 'entity_match_dag' retrieved from /opt/airflow/dags/entity_match_dag.py
[2024-05-30T03:55:39.685+0000] {logging_mixin.py:188} INFO - [2024-05-30T03:55:39.684+0000] {dag.py:3096} INFO - Sync 1 DAGs
[2024-05-30T03:55:39.701+0000] {logging_mixin.py:188} INFO - [2024-05-30T03:55:39.701+0000] {dag.py:3954} INFO - Setting next_dagrun for entity_match_dag to None, run_after=None
[2024-05-30T03:55:39.720+0000] {processor.py:183} INFO - Processing /opt/airflow/dags/entity_match_dag.py took 0.918 seconds
[2024-05-30T03:56:10.437+0000] {processor.py:161} INFO - Started process (PID=2319) to work on /opt/airflow/dags/entity_match_dag.py
[2024-05-30T03:56:10.438+0000] {processor.py:830} INFO - Processing file /opt/airflow/dags/entity_match_dag.py for tasks to queue
[2024-05-30T03:56:10.440+0000] {logging_mixin.py:188} INFO - [2024-05-30T03:56:10.439+0000] {dagbag.py:545} INFO - Filling up the DagBag from /opt/airflow/dags/entity_match_dag.py
[2024-05-30T03:56:11.293+0000] {processor.py:840} INFO - DAG(s) 'entity_match_dag' retrieved from /opt/airflow/dags/entity_match_dag.py
[2024-05-30T03:56:11.315+0000] {logging_mixin.py:188} INFO - [2024-05-30T03:56:11.314+0000] {dag.py:3096} INFO - Sync 1 DAGs
[2024-05-30T03:56:11.330+0000] {logging_mixin.py:188} INFO - [2024-05-30T03:56:11.330+0000] {dag.py:3954} INFO - Setting next_dagrun for entity_match_dag to None, run_after=None
[2024-05-30T03:56:11.352+0000] {processor.py:183} INFO - Processing /opt/airflow/dags/entity_match_dag.py took 0.922 seconds
[2024-05-30T03:56:42.310+0000] {processor.py:161} INFO - Started process (PID=2369) to work on /opt/airflow/dags/entity_match_dag.py
[2024-05-30T03:56:42.311+0000] {processor.py:830} INFO - Processing file /opt/airflow/dags/entity_match_dag.py for tasks to queue
[2024-05-30T03:56:42.313+0000] {logging_mixin.py:188} INFO - [2024-05-30T03:56:42.312+0000] {dagbag.py:545} INFO - Filling up the DagBag from /opt/airflow/dags/entity_match_dag.py
[2024-05-30T03:56:43.128+0000] {processor.py:840} INFO - DAG(s) 'entity_match_dag' retrieved from /opt/airflow/dags/entity_match_dag.py
[2024-05-30T03:56:43.149+0000] {logging_mixin.py:188} INFO - [2024-05-30T03:56:43.149+0000] {dag.py:3096} INFO - Sync 1 DAGs
[2024-05-30T03:56:43.166+0000] {logging_mixin.py:188} INFO - [2024-05-30T03:56:43.166+0000] {dag.py:3954} INFO - Setting next_dagrun for entity_match_dag to None, run_after=None
[2024-05-30T03:56:43.191+0000] {processor.py:183} INFO - Processing /opt/airflow/dags/entity_match_dag.py took 0.886 seconds
[2024-05-30T03:57:13.930+0000] {processor.py:161} INFO - Started process (PID=2413) to work on /opt/airflow/dags/entity_match_dag.py
[2024-05-30T03:57:13.931+0000] {processor.py:830} INFO - Processing file /opt/airflow/dags/entity_match_dag.py for tasks to queue
[2024-05-30T03:57:13.933+0000] {logging_mixin.py:188} INFO - [2024-05-30T03:57:13.932+0000] {dagbag.py:545} INFO - Filling up the DagBag from /opt/airflow/dags/entity_match_dag.py
[2024-05-30T03:57:14.753+0000] {processor.py:840} INFO - DAG(s) 'entity_match_dag' retrieved from /opt/airflow/dags/entity_match_dag.py
[2024-05-30T03:57:14.778+0000] {logging_mixin.py:188} INFO - [2024-05-30T03:57:14.778+0000] {dag.py:3096} INFO - Sync 1 DAGs
[2024-05-30T03:57:14.798+0000] {logging_mixin.py:188} INFO - [2024-05-30T03:57:14.798+0000] {dag.py:3954} INFO - Setting next_dagrun for entity_match_dag to None, run_after=None
[2024-05-30T03:57:14.824+0000] {processor.py:183} INFO - Processing /opt/airflow/dags/entity_match_dag.py took 0.899 seconds
[2024-05-30T03:57:45.518+0000] {processor.py:161} INFO - Started process (PID=2457) to work on /opt/airflow/dags/entity_match_dag.py
[2024-05-30T03:57:45.519+0000] {processor.py:830} INFO - Processing file /opt/airflow/dags/entity_match_dag.py for tasks to queue
[2024-05-30T03:57:45.520+0000] {logging_mixin.py:188} INFO - [2024-05-30T03:57:45.520+0000] {dagbag.py:545} INFO - Filling up the DagBag from /opt/airflow/dags/entity_match_dag.py
[2024-05-30T03:57:46.363+0000] {processor.py:840} INFO - DAG(s) 'entity_match_dag' retrieved from /opt/airflow/dags/entity_match_dag.py
[2024-05-30T03:57:46.384+0000] {logging_mixin.py:188} INFO - [2024-05-30T03:57:46.384+0000] {dag.py:3096} INFO - Sync 1 DAGs
[2024-05-30T03:57:46.400+0000] {logging_mixin.py:188} INFO - [2024-05-30T03:57:46.400+0000] {dag.py:3954} INFO - Setting next_dagrun for entity_match_dag to None, run_after=None
[2024-05-30T03:57:46.422+0000] {processor.py:183} INFO - Processing /opt/airflow/dags/entity_match_dag.py took 0.909 seconds
[2024-05-30T03:58:17.154+0000] {processor.py:161} INFO - Started process (PID=2501) to work on /opt/airflow/dags/entity_match_dag.py
[2024-05-30T03:58:17.155+0000] {processor.py:830} INFO - Processing file /opt/airflow/dags/entity_match_dag.py for tasks to queue
[2024-05-30T03:58:17.157+0000] {logging_mixin.py:188} INFO - [2024-05-30T03:58:17.157+0000] {dagbag.py:545} INFO - Filling up the DagBag from /opt/airflow/dags/entity_match_dag.py
[2024-05-30T03:58:18.057+0000] {processor.py:840} INFO - DAG(s) 'entity_match_dag' retrieved from /opt/airflow/dags/entity_match_dag.py
[2024-05-30T03:58:18.077+0000] {logging_mixin.py:188} INFO - [2024-05-30T03:58:18.077+0000] {dag.py:3096} INFO - Sync 1 DAGs
[2024-05-30T03:58:18.093+0000] {logging_mixin.py:188} INFO - [2024-05-30T03:58:18.092+0000] {dag.py:3954} INFO - Setting next_dagrun for entity_match_dag to None, run_after=None
[2024-05-30T03:58:18.114+0000] {processor.py:183} INFO - Processing /opt/airflow/dags/entity_match_dag.py took 0.964 seconds
[2024-05-30T03:58:48.929+0000] {processor.py:161} INFO - Started process (PID=2555) to work on /opt/airflow/dags/entity_match_dag.py
[2024-05-30T03:58:48.930+0000] {processor.py:830} INFO - Processing file /opt/airflow/dags/entity_match_dag.py for tasks to queue
[2024-05-30T03:58:48.931+0000] {logging_mixin.py:188} INFO - [2024-05-30T03:58:48.931+0000] {dagbag.py:545} INFO - Filling up the DagBag from /opt/airflow/dags/entity_match_dag.py
[2024-05-30T03:58:49.923+0000] {processor.py:840} INFO - DAG(s) 'entity_match_dag' retrieved from /opt/airflow/dags/entity_match_dag.py
[2024-05-30T03:58:49.944+0000] {logging_mixin.py:188} INFO - [2024-05-30T03:58:49.943+0000] {dag.py:3096} INFO - Sync 1 DAGs
[2024-05-30T03:58:49.962+0000] {logging_mixin.py:188} INFO - [2024-05-30T03:58:49.961+0000] {dag.py:3954} INFO - Setting next_dagrun for entity_match_dag to None, run_after=None
[2024-05-30T03:58:50.012+0000] {processor.py:183} INFO - Processing /opt/airflow/dags/entity_match_dag.py took 1.088 seconds
[2024-05-30T03:59:20.686+0000] {processor.py:161} INFO - Started process (PID=2614) to work on /opt/airflow/dags/entity_match_dag.py
[2024-05-30T03:59:20.688+0000] {processor.py:830} INFO - Processing file /opt/airflow/dags/entity_match_dag.py for tasks to queue
[2024-05-30T03:59:20.690+0000] {logging_mixin.py:188} INFO - [2024-05-30T03:59:20.689+0000] {dagbag.py:545} INFO - Filling up the DagBag from /opt/airflow/dags/entity_match_dag.py
[2024-05-30T03:59:21.565+0000] {processor.py:840} INFO - DAG(s) 'entity_match_dag' retrieved from /opt/airflow/dags/entity_match_dag.py
[2024-05-30T03:59:21.585+0000] {logging_mixin.py:188} INFO - [2024-05-30T03:59:21.585+0000] {dag.py:3096} INFO - Sync 1 DAGs
[2024-05-30T03:59:21.604+0000] {logging_mixin.py:188} INFO - [2024-05-30T03:59:21.603+0000] {dag.py:3954} INFO - Setting next_dagrun for entity_match_dag to None, run_after=None
[2024-05-30T03:59:21.627+0000] {processor.py:183} INFO - Processing /opt/airflow/dags/entity_match_dag.py took 0.946 seconds
[2024-05-30T04:02:45.272+0000] {processor.py:161} INFO - Started process (PID=165) to work on /opt/airflow/dags/entity_match_dag.py
[2024-05-30T04:02:45.273+0000] {processor.py:830} INFO - Processing file /opt/airflow/dags/entity_match_dag.py for tasks to queue
[2024-05-30T04:02:45.275+0000] {logging_mixin.py:188} INFO - [2024-05-30T04:02:45.275+0000] {dagbag.py:545} INFO - Filling up the DagBag from /opt/airflow/dags/entity_match_dag.py
[2024-05-30T04:02:46.438+0000] {processor.py:840} INFO - DAG(s) 'entity_match_dag' retrieved from /opt/airflow/dags/entity_match_dag.py
[2024-05-30T04:02:46.471+0000] {logging_mixin.py:188} INFO - [2024-05-30T04:02:46.470+0000] {dag.py:3096} INFO - Sync 1 DAGs
[2024-05-30T04:02:46.489+0000] {logging_mixin.py:188} INFO - [2024-05-30T04:02:46.489+0000] {dag.py:3954} INFO - Setting next_dagrun for entity_match_dag to None, run_after=None
[2024-05-30T04:02:46.513+0000] {processor.py:183} INFO - Processing /opt/airflow/dags/entity_match_dag.py took 1.250 seconds
