[2024-05-30T03:31:10.660+0000] {processor.py:161} INFO - Started process (PID=168) to work on /opt/airflow/dags/hdfs_dag.py
[2024-05-30T03:31:10.662+0000] {processor.py:830} INFO - Processing file /opt/airflow/dags/hdfs_dag.py for tasks to queue
[2024-05-30T03:31:10.669+0000] {logging_mixin.py:188} INFO - [2024-05-30T03:31:10.667+0000] {dagbag.py:545} INFO - Filling up the DagBag from /opt/airflow/dags/hdfs_dag.py
[2024-05-30T03:31:10.743+0000] {processor.py:840} INFO - DAG(s) 'hdfs_dag' retrieved from /opt/airflow/dags/hdfs_dag.py
[2024-05-30T03:31:10.832+0000] {logging_mixin.py:188} INFO - [2024-05-30T03:31:10.832+0000] {dag.py:3096} INFO - Sync 1 DAGs
[2024-05-30T03:31:10.878+0000] {logging_mixin.py:188} INFO - [2024-05-30T03:31:10.878+0000] {dag.py:3954} INFO - Setting next_dagrun for hdfs_dag to 2024-03-14 00:00:00+00:00, run_after=2024-03-14 00:00:00+00:00
[2024-05-30T03:31:10.910+0000] {processor.py:183} INFO - Processing /opt/airflow/dags/hdfs_dag.py took 0.260 seconds
[2024-05-30T03:31:41.291+0000] {processor.py:161} INFO - Started process (PID=215) to work on /opt/airflow/dags/hdfs_dag.py
[2024-05-30T03:31:41.293+0000] {processor.py:830} INFO - Processing file /opt/airflow/dags/hdfs_dag.py for tasks to queue
[2024-05-30T03:31:41.295+0000] {logging_mixin.py:188} INFO - [2024-05-30T03:31:41.294+0000] {dagbag.py:545} INFO - Filling up the DagBag from /opt/airflow/dags/hdfs_dag.py
[2024-05-30T03:31:41.323+0000] {processor.py:840} INFO - DAG(s) 'hdfs_dag' retrieved from /opt/airflow/dags/hdfs_dag.py
[2024-05-30T03:31:41.349+0000] {logging_mixin.py:188} INFO - [2024-05-30T03:31:41.349+0000] {dag.py:3096} INFO - Sync 1 DAGs
[2024-05-30T03:31:41.371+0000] {logging_mixin.py:188} INFO - [2024-05-30T03:31:41.370+0000] {dag.py:3954} INFO - Setting next_dagrun for hdfs_dag to 2024-03-14 00:00:00+00:00, run_after=2024-03-14 00:00:00+00:00
[2024-05-30T03:31:41.394+0000] {processor.py:183} INFO - Processing /opt/airflow/dags/hdfs_dag.py took 0.110 seconds
[2024-05-30T03:32:12.044+0000] {processor.py:161} INFO - Started process (PID=259) to work on /opt/airflow/dags/hdfs_dag.py
[2024-05-30T03:32:12.045+0000] {processor.py:830} INFO - Processing file /opt/airflow/dags/hdfs_dag.py for tasks to queue
[2024-05-30T03:32:12.046+0000] {logging_mixin.py:188} INFO - [2024-05-30T03:32:12.046+0000] {dagbag.py:545} INFO - Filling up the DagBag from /opt/airflow/dags/hdfs_dag.py
[2024-05-30T03:32:12.066+0000] {processor.py:840} INFO - DAG(s) 'hdfs_dag' retrieved from /opt/airflow/dags/hdfs_dag.py
[2024-05-30T03:32:12.089+0000] {logging_mixin.py:188} INFO - [2024-05-30T03:32:12.089+0000] {dag.py:3096} INFO - Sync 1 DAGs
[2024-05-30T03:32:12.109+0000] {logging_mixin.py:188} INFO - [2024-05-30T03:32:12.109+0000] {dag.py:3954} INFO - Setting next_dagrun for hdfs_dag to 2024-03-14 00:00:00+00:00, run_after=2024-03-14 00:00:00+00:00
[2024-05-30T03:32:12.133+0000] {processor.py:183} INFO - Processing /opt/airflow/dags/hdfs_dag.py took 0.095 seconds
[2024-05-30T03:32:42.739+0000] {processor.py:161} INFO - Started process (PID=303) to work on /opt/airflow/dags/hdfs_dag.py
[2024-05-30T03:32:42.740+0000] {processor.py:830} INFO - Processing file /opt/airflow/dags/hdfs_dag.py for tasks to queue
[2024-05-30T03:32:42.742+0000] {logging_mixin.py:188} INFO - [2024-05-30T03:32:42.742+0000] {dagbag.py:545} INFO - Filling up the DagBag from /opt/airflow/dags/hdfs_dag.py
[2024-05-30T03:32:42.761+0000] {processor.py:840} INFO - DAG(s) 'hdfs_dag' retrieved from /opt/airflow/dags/hdfs_dag.py
[2024-05-30T03:32:42.783+0000] {logging_mixin.py:188} INFO - [2024-05-30T03:32:42.783+0000] {dag.py:3096} INFO - Sync 1 DAGs
[2024-05-30T03:32:42.804+0000] {logging_mixin.py:188} INFO - [2024-05-30T03:32:42.804+0000] {dag.py:3954} INFO - Setting next_dagrun for hdfs_dag to 2024-03-14 00:00:00+00:00, run_after=2024-03-14 00:00:00+00:00
[2024-05-30T03:32:42.827+0000] {processor.py:183} INFO - Processing /opt/airflow/dags/hdfs_dag.py took 0.093 seconds
[2024-05-30T03:33:13.340+0000] {processor.py:161} INFO - Started process (PID=347) to work on /opt/airflow/dags/hdfs_dag.py
[2024-05-30T03:33:13.341+0000] {processor.py:830} INFO - Processing file /opt/airflow/dags/hdfs_dag.py for tasks to queue
[2024-05-30T03:33:13.344+0000] {logging_mixin.py:188} INFO - [2024-05-30T03:33:13.344+0000] {dagbag.py:545} INFO - Filling up the DagBag from /opt/airflow/dags/hdfs_dag.py
[2024-05-30T03:33:13.381+0000] {processor.py:840} INFO - DAG(s) 'hdfs_dag' retrieved from /opt/airflow/dags/hdfs_dag.py
[2024-05-30T03:33:13.416+0000] {logging_mixin.py:188} INFO - [2024-05-30T03:33:13.415+0000] {dag.py:3096} INFO - Sync 1 DAGs
[2024-05-30T03:33:13.449+0000] {logging_mixin.py:188} INFO - [2024-05-30T03:33:13.449+0000] {dag.py:3954} INFO - Setting next_dagrun for hdfs_dag to 2024-03-14 00:00:00+00:00, run_after=2024-03-14 00:00:00+00:00
[2024-05-30T03:33:13.473+0000] {processor.py:183} INFO - Processing /opt/airflow/dags/hdfs_dag.py took 0.141 seconds
[2024-05-30T03:33:44.060+0000] {processor.py:161} INFO - Started process (PID=391) to work on /opt/airflow/dags/hdfs_dag.py
[2024-05-30T03:33:44.061+0000] {processor.py:830} INFO - Processing file /opt/airflow/dags/hdfs_dag.py for tasks to queue
[2024-05-30T03:33:44.062+0000] {logging_mixin.py:188} INFO - [2024-05-30T03:33:44.062+0000] {dagbag.py:545} INFO - Filling up the DagBag from /opt/airflow/dags/hdfs_dag.py
[2024-05-30T03:33:44.082+0000] {processor.py:840} INFO - DAG(s) 'hdfs_dag' retrieved from /opt/airflow/dags/hdfs_dag.py
[2024-05-30T03:33:44.105+0000] {logging_mixin.py:188} INFO - [2024-05-30T03:33:44.104+0000] {dag.py:3096} INFO - Sync 1 DAGs
[2024-05-30T03:33:44.124+0000] {logging_mixin.py:188} INFO - [2024-05-30T03:33:44.124+0000] {dag.py:3954} INFO - Setting next_dagrun for hdfs_dag to 2024-03-14 00:00:00+00:00, run_after=2024-03-14 00:00:00+00:00
[2024-05-30T03:33:44.150+0000] {processor.py:183} INFO - Processing /opt/airflow/dags/hdfs_dag.py took 0.095 seconds
[2024-05-30T03:34:14.770+0000] {processor.py:161} INFO - Started process (PID=435) to work on /opt/airflow/dags/hdfs_dag.py
[2024-05-30T03:34:14.771+0000] {processor.py:830} INFO - Processing file /opt/airflow/dags/hdfs_dag.py for tasks to queue
[2024-05-30T03:34:14.773+0000] {logging_mixin.py:188} INFO - [2024-05-30T03:34:14.773+0000] {dagbag.py:545} INFO - Filling up the DagBag from /opt/airflow/dags/hdfs_dag.py
[2024-05-30T03:34:14.796+0000] {processor.py:840} INFO - DAG(s) 'hdfs_dag' retrieved from /opt/airflow/dags/hdfs_dag.py
[2024-05-30T03:34:14.818+0000] {logging_mixin.py:188} INFO - [2024-05-30T03:34:14.818+0000] {dag.py:3096} INFO - Sync 1 DAGs
[2024-05-30T03:34:14.838+0000] {logging_mixin.py:188} INFO - [2024-05-30T03:34:14.838+0000] {dag.py:3954} INFO - Setting next_dagrun for hdfs_dag to 2024-03-14 00:00:00+00:00, run_after=2024-03-14 00:00:00+00:00
[2024-05-30T03:34:14.861+0000] {processor.py:183} INFO - Processing /opt/airflow/dags/hdfs_dag.py took 0.096 seconds
[2024-05-30T03:34:45.330+0000] {processor.py:161} INFO - Started process (PID=479) to work on /opt/airflow/dags/hdfs_dag.py
[2024-05-30T03:34:45.331+0000] {processor.py:830} INFO - Processing file /opt/airflow/dags/hdfs_dag.py for tasks to queue
[2024-05-30T03:34:45.333+0000] {logging_mixin.py:188} INFO - [2024-05-30T03:34:45.333+0000] {dagbag.py:545} INFO - Filling up the DagBag from /opt/airflow/dags/hdfs_dag.py
[2024-05-30T03:34:45.359+0000] {processor.py:840} INFO - DAG(s) 'hdfs_dag' retrieved from /opt/airflow/dags/hdfs_dag.py
[2024-05-30T03:34:45.381+0000] {logging_mixin.py:188} INFO - [2024-05-30T03:34:45.381+0000] {dag.py:3096} INFO - Sync 1 DAGs
[2024-05-30T03:34:45.401+0000] {logging_mixin.py:188} INFO - [2024-05-30T03:34:45.401+0000] {dag.py:3954} INFO - Setting next_dagrun for hdfs_dag to 2024-03-14 00:00:00+00:00, run_after=2024-03-14 00:00:00+00:00
[2024-05-30T03:34:45.425+0000] {processor.py:183} INFO - Processing /opt/airflow/dags/hdfs_dag.py took 0.099 seconds
[2024-05-30T03:35:16.036+0000] {processor.py:161} INFO - Started process (PID=523) to work on /opt/airflow/dags/hdfs_dag.py
[2024-05-30T03:35:16.037+0000] {processor.py:830} INFO - Processing file /opt/airflow/dags/hdfs_dag.py for tasks to queue
[2024-05-30T03:35:16.039+0000] {logging_mixin.py:188} INFO - [2024-05-30T03:35:16.039+0000] {dagbag.py:545} INFO - Filling up the DagBag from /opt/airflow/dags/hdfs_dag.py
[2024-05-30T03:35:16.066+0000] {processor.py:840} INFO - DAG(s) 'hdfs_dag' retrieved from /opt/airflow/dags/hdfs_dag.py
[2024-05-30T03:35:16.090+0000] {logging_mixin.py:188} INFO - [2024-05-30T03:35:16.089+0000] {dag.py:3096} INFO - Sync 1 DAGs
[2024-05-30T03:35:16.110+0000] {logging_mixin.py:188} INFO - [2024-05-30T03:35:16.110+0000] {dag.py:3954} INFO - Setting next_dagrun for hdfs_dag to 2024-03-14 00:00:00+00:00, run_after=2024-03-14 00:00:00+00:00
[2024-05-30T03:35:16.135+0000] {processor.py:183} INFO - Processing /opt/airflow/dags/hdfs_dag.py took 0.107 seconds
[2024-05-30T03:35:46.822+0000] {processor.py:161} INFO - Started process (PID=567) to work on /opt/airflow/dags/hdfs_dag.py
[2024-05-30T03:35:46.823+0000] {processor.py:830} INFO - Processing file /opt/airflow/dags/hdfs_dag.py for tasks to queue
[2024-05-30T03:35:46.825+0000] {logging_mixin.py:188} INFO - [2024-05-30T03:35:46.824+0000] {dagbag.py:545} INFO - Filling up the DagBag from /opt/airflow/dags/hdfs_dag.py
[2024-05-30T03:35:46.846+0000] {processor.py:840} INFO - DAG(s) 'hdfs_dag' retrieved from /opt/airflow/dags/hdfs_dag.py
[2024-05-30T03:35:46.868+0000] {logging_mixin.py:188} INFO - [2024-05-30T03:35:46.868+0000] {dag.py:3096} INFO - Sync 1 DAGs
[2024-05-30T03:35:46.888+0000] {logging_mixin.py:188} INFO - [2024-05-30T03:35:46.888+0000] {dag.py:3954} INFO - Setting next_dagrun for hdfs_dag to 2024-03-14 00:00:00+00:00, run_after=2024-03-14 00:00:00+00:00
[2024-05-30T03:35:46.912+0000] {processor.py:183} INFO - Processing /opt/airflow/dags/hdfs_dag.py took 0.097 seconds
[2024-05-30T03:36:17.442+0000] {processor.py:161} INFO - Started process (PID=611) to work on /opt/airflow/dags/hdfs_dag.py
[2024-05-30T03:36:17.443+0000] {processor.py:830} INFO - Processing file /opt/airflow/dags/hdfs_dag.py for tasks to queue
[2024-05-30T03:36:17.445+0000] {logging_mixin.py:188} INFO - [2024-05-30T03:36:17.445+0000] {dagbag.py:545} INFO - Filling up the DagBag from /opt/airflow/dags/hdfs_dag.py
[2024-05-30T03:36:17.467+0000] {processor.py:840} INFO - DAG(s) 'hdfs_dag' retrieved from /opt/airflow/dags/hdfs_dag.py
[2024-05-30T03:36:17.495+0000] {logging_mixin.py:188} INFO - [2024-05-30T03:36:17.495+0000] {dag.py:3096} INFO - Sync 1 DAGs
[2024-05-30T03:36:17.516+0000] {logging_mixin.py:188} INFO - [2024-05-30T03:36:17.515+0000] {dag.py:3954} INFO - Setting next_dagrun for hdfs_dag to 2024-03-14 00:00:00+00:00, run_after=2024-03-14 00:00:00+00:00
[2024-05-30T03:36:17.539+0000] {processor.py:183} INFO - Processing /opt/airflow/dags/hdfs_dag.py took 0.102 seconds
[2024-05-30T03:36:48.138+0000] {processor.py:161} INFO - Started process (PID=655) to work on /opt/airflow/dags/hdfs_dag.py
[2024-05-30T03:36:48.142+0000] {processor.py:830} INFO - Processing file /opt/airflow/dags/hdfs_dag.py for tasks to queue
[2024-05-30T03:36:48.146+0000] {logging_mixin.py:188} INFO - [2024-05-30T03:36:48.145+0000] {dagbag.py:545} INFO - Filling up the DagBag from /opt/airflow/dags/hdfs_dag.py
[2024-05-30T03:36:48.210+0000] {processor.py:840} INFO - DAG(s) 'hdfs_dag' retrieved from /opt/airflow/dags/hdfs_dag.py
[2024-05-30T03:36:48.281+0000] {logging_mixin.py:188} INFO - [2024-05-30T03:36:48.280+0000] {dag.py:3096} INFO - Sync 1 DAGs
[2024-05-30T03:36:48.331+0000] {logging_mixin.py:188} INFO - [2024-05-30T03:36:48.331+0000] {dag.py:3954} INFO - Setting next_dagrun for hdfs_dag to 2024-03-14 00:00:00+00:00, run_after=2024-03-14 00:00:00+00:00
[2024-05-30T03:36:48.388+0000] {processor.py:183} INFO - Processing /opt/airflow/dags/hdfs_dag.py took 0.267 seconds
[2024-05-30T03:37:18.522+0000] {processor.py:161} INFO - Started process (PID=699) to work on /opt/airflow/dags/hdfs_dag.py
[2024-05-30T03:37:18.522+0000] {processor.py:830} INFO - Processing file /opt/airflow/dags/hdfs_dag.py for tasks to queue
[2024-05-30T03:37:18.524+0000] {logging_mixin.py:188} INFO - [2024-05-30T03:37:18.524+0000] {dagbag.py:545} INFO - Filling up the DagBag from /opt/airflow/dags/hdfs_dag.py
[2024-05-30T03:37:18.548+0000] {processor.py:840} INFO - DAG(s) 'hdfs_dag' retrieved from /opt/airflow/dags/hdfs_dag.py
[2024-05-30T03:37:18.573+0000] {logging_mixin.py:188} INFO - [2024-05-30T03:37:18.573+0000] {dag.py:3096} INFO - Sync 1 DAGs
[2024-05-30T03:37:18.595+0000] {logging_mixin.py:188} INFO - [2024-05-30T03:37:18.595+0000] {dag.py:3954} INFO - Setting next_dagrun for hdfs_dag to 2024-03-14 00:00:00+00:00, run_after=2024-03-14 00:00:00+00:00
[2024-05-30T03:37:18.620+0000] {processor.py:183} INFO - Processing /opt/airflow/dags/hdfs_dag.py took 0.103 seconds
[2024-05-30T03:37:49.250+0000] {processor.py:161} INFO - Started process (PID=743) to work on /opt/airflow/dags/hdfs_dag.py
[2024-05-30T03:37:49.251+0000] {processor.py:830} INFO - Processing file /opt/airflow/dags/hdfs_dag.py for tasks to queue
[2024-05-30T03:37:49.253+0000] {logging_mixin.py:188} INFO - [2024-05-30T03:37:49.253+0000] {dagbag.py:545} INFO - Filling up the DagBag from /opt/airflow/dags/hdfs_dag.py
[2024-05-30T03:37:49.274+0000] {processor.py:840} INFO - DAG(s) 'hdfs_dag' retrieved from /opt/airflow/dags/hdfs_dag.py
[2024-05-30T03:37:49.298+0000] {logging_mixin.py:188} INFO - [2024-05-30T03:37:49.298+0000] {dag.py:3096} INFO - Sync 1 DAGs
[2024-05-30T03:37:49.318+0000] {logging_mixin.py:188} INFO - [2024-05-30T03:37:49.317+0000] {dag.py:3954} INFO - Setting next_dagrun for hdfs_dag to 2024-03-14 00:00:00+00:00, run_after=2024-03-14 00:00:00+00:00
[2024-05-30T03:37:49.342+0000] {processor.py:183} INFO - Processing /opt/airflow/dags/hdfs_dag.py took 0.097 seconds
[2024-05-30T03:38:19.917+0000] {processor.py:161} INFO - Started process (PID=787) to work on /opt/airflow/dags/hdfs_dag.py
[2024-05-30T03:38:19.918+0000] {processor.py:830} INFO - Processing file /opt/airflow/dags/hdfs_dag.py for tasks to queue
[2024-05-30T03:38:19.920+0000] {logging_mixin.py:188} INFO - [2024-05-30T03:38:19.919+0000] {dagbag.py:545} INFO - Filling up the DagBag from /opt/airflow/dags/hdfs_dag.py
[2024-05-30T03:38:19.940+0000] {processor.py:840} INFO - DAG(s) 'hdfs_dag' retrieved from /opt/airflow/dags/hdfs_dag.py
[2024-05-30T03:38:19.964+0000] {logging_mixin.py:188} INFO - [2024-05-30T03:38:19.964+0000] {dag.py:3096} INFO - Sync 1 DAGs
[2024-05-30T03:38:19.986+0000] {logging_mixin.py:188} INFO - [2024-05-30T03:38:19.986+0000] {dag.py:3954} INFO - Setting next_dagrun for hdfs_dag to 2024-03-14 00:00:00+00:00, run_after=2024-03-14 00:00:00+00:00
[2024-05-30T03:38:20.010+0000] {processor.py:183} INFO - Processing /opt/airflow/dags/hdfs_dag.py took 0.098 seconds
[2024-05-30T03:38:50.573+0000] {processor.py:161} INFO - Started process (PID=832) to work on /opt/airflow/dags/hdfs_dag.py
[2024-05-30T03:38:50.574+0000] {processor.py:830} INFO - Processing file /opt/airflow/dags/hdfs_dag.py for tasks to queue
[2024-05-30T03:38:50.576+0000] {logging_mixin.py:188} INFO - [2024-05-30T03:38:50.576+0000] {dagbag.py:545} INFO - Filling up the DagBag from /opt/airflow/dags/hdfs_dag.py
[2024-05-30T03:38:50.604+0000] {processor.py:840} INFO - DAG(s) 'hdfs_dag' retrieved from /opt/airflow/dags/hdfs_dag.py
[2024-05-30T03:38:50.638+0000] {logging_mixin.py:188} INFO - [2024-05-30T03:38:50.638+0000] {dag.py:3096} INFO - Sync 1 DAGs
[2024-05-30T03:38:50.660+0000] {logging_mixin.py:188} INFO - [2024-05-30T03:38:50.660+0000] {dag.py:3954} INFO - Setting next_dagrun for hdfs_dag to 2024-03-14 00:00:00+00:00, run_after=2024-03-14 00:00:00+00:00
[2024-05-30T03:38:50.684+0000] {processor.py:183} INFO - Processing /opt/airflow/dags/hdfs_dag.py took 0.118 seconds
[2024-05-30T03:39:21.296+0000] {processor.py:161} INFO - Started process (PID=876) to work on /opt/airflow/dags/hdfs_dag.py
[2024-05-30T03:39:21.297+0000] {processor.py:830} INFO - Processing file /opt/airflow/dags/hdfs_dag.py for tasks to queue
[2024-05-30T03:39:21.299+0000] {logging_mixin.py:188} INFO - [2024-05-30T03:39:21.298+0000] {dagbag.py:545} INFO - Filling up the DagBag from /opt/airflow/dags/hdfs_dag.py
[2024-05-30T03:39:21.318+0000] {processor.py:840} INFO - DAG(s) 'hdfs_dag' retrieved from /opt/airflow/dags/hdfs_dag.py
[2024-05-30T03:39:21.341+0000] {logging_mixin.py:188} INFO - [2024-05-30T03:39:21.341+0000] {dag.py:3096} INFO - Sync 1 DAGs
[2024-05-30T03:39:21.361+0000] {logging_mixin.py:188} INFO - [2024-05-30T03:39:21.361+0000] {dag.py:3954} INFO - Setting next_dagrun for hdfs_dag to 2024-03-14 00:00:00+00:00, run_after=2024-03-14 00:00:00+00:00
[2024-05-30T03:39:21.385+0000] {processor.py:183} INFO - Processing /opt/airflow/dags/hdfs_dag.py took 0.095 seconds
[2024-05-30T03:39:51.970+0000] {processor.py:161} INFO - Started process (PID=920) to work on /opt/airflow/dags/hdfs_dag.py
[2024-05-30T03:39:51.971+0000] {processor.py:830} INFO - Processing file /opt/airflow/dags/hdfs_dag.py for tasks to queue
[2024-05-30T03:39:51.973+0000] {logging_mixin.py:188} INFO - [2024-05-30T03:39:51.973+0000] {dagbag.py:545} INFO - Filling up the DagBag from /opt/airflow/dags/hdfs_dag.py
[2024-05-30T03:39:51.994+0000] {processor.py:840} INFO - DAG(s) 'hdfs_dag' retrieved from /opt/airflow/dags/hdfs_dag.py
[2024-05-30T03:39:52.016+0000] {logging_mixin.py:188} INFO - [2024-05-30T03:39:52.016+0000] {dag.py:3096} INFO - Sync 1 DAGs
[2024-05-30T03:39:52.036+0000] {logging_mixin.py:188} INFO - [2024-05-30T03:39:52.035+0000] {dag.py:3954} INFO - Setting next_dagrun for hdfs_dag to 2024-03-14 00:00:00+00:00, run_after=2024-03-14 00:00:00+00:00
[2024-05-30T03:39:52.061+0000] {processor.py:183} INFO - Processing /opt/airflow/dags/hdfs_dag.py took 0.096 seconds
[2024-05-30T03:40:22.628+0000] {processor.py:161} INFO - Started process (PID=964) to work on /opt/airflow/dags/hdfs_dag.py
[2024-05-30T03:40:22.629+0000] {processor.py:830} INFO - Processing file /opt/airflow/dags/hdfs_dag.py for tasks to queue
[2024-05-30T03:40:22.632+0000] {logging_mixin.py:188} INFO - [2024-05-30T03:40:22.631+0000] {dagbag.py:545} INFO - Filling up the DagBag from /opt/airflow/dags/hdfs_dag.py
[2024-05-30T03:40:22.659+0000] {processor.py:840} INFO - DAG(s) 'hdfs_dag' retrieved from /opt/airflow/dags/hdfs_dag.py
[2024-05-30T03:40:22.690+0000] {logging_mixin.py:188} INFO - [2024-05-30T03:40:22.690+0000] {dag.py:3096} INFO - Sync 1 DAGs
[2024-05-30T03:40:22.716+0000] {logging_mixin.py:188} INFO - [2024-05-30T03:40:22.715+0000] {dag.py:3954} INFO - Setting next_dagrun for hdfs_dag to 2024-03-14 00:00:00+00:00, run_after=2024-03-14 00:00:00+00:00
[2024-05-30T03:40:22.739+0000] {processor.py:183} INFO - Processing /opt/airflow/dags/hdfs_dag.py took 0.118 seconds
[2024-05-30T03:40:53.406+0000] {processor.py:161} INFO - Started process (PID=1008) to work on /opt/airflow/dags/hdfs_dag.py
[2024-05-30T03:40:53.407+0000] {processor.py:830} INFO - Processing file /opt/airflow/dags/hdfs_dag.py for tasks to queue
[2024-05-30T03:40:53.409+0000] {logging_mixin.py:188} INFO - [2024-05-30T03:40:53.409+0000] {dagbag.py:545} INFO - Filling up the DagBag from /opt/airflow/dags/hdfs_dag.py
[2024-05-30T03:40:53.430+0000] {processor.py:840} INFO - DAG(s) 'hdfs_dag' retrieved from /opt/airflow/dags/hdfs_dag.py
[2024-05-30T03:40:53.453+0000] {logging_mixin.py:188} INFO - [2024-05-30T03:40:53.453+0000] {dag.py:3096} INFO - Sync 1 DAGs
[2024-05-30T03:40:53.476+0000] {logging_mixin.py:188} INFO - [2024-05-30T03:40:53.475+0000] {dag.py:3954} INFO - Setting next_dagrun for hdfs_dag to 2024-03-14 00:00:00+00:00, run_after=2024-03-14 00:00:00+00:00
[2024-05-30T03:40:53.499+0000] {processor.py:183} INFO - Processing /opt/airflow/dags/hdfs_dag.py took 0.098 seconds
[2024-05-30T03:41:24.130+0000] {processor.py:161} INFO - Started process (PID=1052) to work on /opt/airflow/dags/hdfs_dag.py
[2024-05-30T03:41:24.131+0000] {processor.py:830} INFO - Processing file /opt/airflow/dags/hdfs_dag.py for tasks to queue
[2024-05-30T03:41:24.132+0000] {logging_mixin.py:188} INFO - [2024-05-30T03:41:24.132+0000] {dagbag.py:545} INFO - Filling up the DagBag from /opt/airflow/dags/hdfs_dag.py
[2024-05-30T03:41:24.161+0000] {processor.py:840} INFO - DAG(s) 'hdfs_dag' retrieved from /opt/airflow/dags/hdfs_dag.py
[2024-05-30T03:41:24.187+0000] {logging_mixin.py:188} INFO - [2024-05-30T03:41:24.186+0000] {dag.py:3096} INFO - Sync 1 DAGs
[2024-05-30T03:41:24.208+0000] {logging_mixin.py:188} INFO - [2024-05-30T03:41:24.208+0000] {dag.py:3954} INFO - Setting next_dagrun for hdfs_dag to 2024-03-14 00:00:00+00:00, run_after=2024-03-14 00:00:00+00:00
[2024-05-30T03:41:24.232+0000] {processor.py:183} INFO - Processing /opt/airflow/dags/hdfs_dag.py took 0.109 seconds
[2024-05-30T03:41:54.899+0000] {processor.py:161} INFO - Started process (PID=1096) to work on /opt/airflow/dags/hdfs_dag.py
[2024-05-30T03:41:54.900+0000] {processor.py:830} INFO - Processing file /opt/airflow/dags/hdfs_dag.py for tasks to queue
[2024-05-30T03:41:54.902+0000] {logging_mixin.py:188} INFO - [2024-05-30T03:41:54.902+0000] {dagbag.py:545} INFO - Filling up the DagBag from /opt/airflow/dags/hdfs_dag.py
[2024-05-30T03:41:54.927+0000] {processor.py:840} INFO - DAG(s) 'hdfs_dag' retrieved from /opt/airflow/dags/hdfs_dag.py
[2024-05-30T03:41:54.956+0000] {logging_mixin.py:188} INFO - [2024-05-30T03:41:54.956+0000] {dag.py:3096} INFO - Sync 1 DAGs
[2024-05-30T03:41:54.977+0000] {logging_mixin.py:188} INFO - [2024-05-30T03:41:54.976+0000] {dag.py:3954} INFO - Setting next_dagrun for hdfs_dag to 2024-03-14 00:00:00+00:00, run_after=2024-03-14 00:00:00+00:00
[2024-05-30T03:41:55.000+0000] {processor.py:183} INFO - Processing /opt/airflow/dags/hdfs_dag.py took 0.107 seconds
[2024-05-30T03:42:25.623+0000] {processor.py:161} INFO - Started process (PID=1140) to work on /opt/airflow/dags/hdfs_dag.py
[2024-05-30T03:42:25.624+0000] {processor.py:830} INFO - Processing file /opt/airflow/dags/hdfs_dag.py for tasks to queue
[2024-05-30T03:42:25.626+0000] {logging_mixin.py:188} INFO - [2024-05-30T03:42:25.625+0000] {dagbag.py:545} INFO - Filling up the DagBag from /opt/airflow/dags/hdfs_dag.py
[2024-05-30T03:42:25.646+0000] {processor.py:840} INFO - DAG(s) 'hdfs_dag' retrieved from /opt/airflow/dags/hdfs_dag.py
[2024-05-30T03:42:25.668+0000] {logging_mixin.py:188} INFO - [2024-05-30T03:42:25.668+0000] {dag.py:3096} INFO - Sync 1 DAGs
[2024-05-30T03:42:25.689+0000] {logging_mixin.py:188} INFO - [2024-05-30T03:42:25.689+0000] {dag.py:3954} INFO - Setting next_dagrun for hdfs_dag to 2024-03-14 00:00:00+00:00, run_after=2024-03-14 00:00:00+00:00
[2024-05-30T03:42:25.713+0000] {processor.py:183} INFO - Processing /opt/airflow/dags/hdfs_dag.py took 0.095 seconds
[2024-05-30T03:42:56.293+0000] {processor.py:161} INFO - Started process (PID=1184) to work on /opt/airflow/dags/hdfs_dag.py
[2024-05-30T03:42:56.294+0000] {processor.py:830} INFO - Processing file /opt/airflow/dags/hdfs_dag.py for tasks to queue
[2024-05-30T03:42:56.295+0000] {logging_mixin.py:188} INFO - [2024-05-30T03:42:56.295+0000] {dagbag.py:545} INFO - Filling up the DagBag from /opt/airflow/dags/hdfs_dag.py
[2024-05-30T03:42:56.316+0000] {processor.py:840} INFO - DAG(s) 'hdfs_dag' retrieved from /opt/airflow/dags/hdfs_dag.py
[2024-05-30T03:42:56.339+0000] {logging_mixin.py:188} INFO - [2024-05-30T03:42:56.339+0000] {dag.py:3096} INFO - Sync 1 DAGs
[2024-05-30T03:42:56.359+0000] {logging_mixin.py:188} INFO - [2024-05-30T03:42:56.359+0000] {dag.py:3954} INFO - Setting next_dagrun for hdfs_dag to 2024-03-14 00:00:00+00:00, run_after=2024-03-14 00:00:00+00:00
[2024-05-30T03:42:56.382+0000] {processor.py:183} INFO - Processing /opt/airflow/dags/hdfs_dag.py took 0.095 seconds
[2024-05-30T03:43:26.924+0000] {processor.py:161} INFO - Started process (PID=1228) to work on /opt/airflow/dags/hdfs_dag.py
[2024-05-30T03:43:26.925+0000] {processor.py:830} INFO - Processing file /opt/airflow/dags/hdfs_dag.py for tasks to queue
[2024-05-30T03:43:26.927+0000] {logging_mixin.py:188} INFO - [2024-05-30T03:43:26.927+0000] {dagbag.py:545} INFO - Filling up the DagBag from /opt/airflow/dags/hdfs_dag.py
[2024-05-30T03:43:26.948+0000] {processor.py:840} INFO - DAG(s) 'hdfs_dag' retrieved from /opt/airflow/dags/hdfs_dag.py
[2024-05-30T03:43:26.971+0000] {logging_mixin.py:188} INFO - [2024-05-30T03:43:26.971+0000] {dag.py:3096} INFO - Sync 1 DAGs
[2024-05-30T03:43:26.991+0000] {logging_mixin.py:188} INFO - [2024-05-30T03:43:26.991+0000] {dag.py:3954} INFO - Setting next_dagrun for hdfs_dag to 2024-03-14 00:00:00+00:00, run_after=2024-03-14 00:00:00+00:00
[2024-05-30T03:43:27.014+0000] {processor.py:183} INFO - Processing /opt/airflow/dags/hdfs_dag.py took 0.095 seconds
[2024-05-30T03:43:57.621+0000] {processor.py:161} INFO - Started process (PID=1272) to work on /opt/airflow/dags/hdfs_dag.py
[2024-05-30T03:43:57.622+0000] {processor.py:830} INFO - Processing file /opt/airflow/dags/hdfs_dag.py for tasks to queue
[2024-05-30T03:43:57.624+0000] {logging_mixin.py:188} INFO - [2024-05-30T03:43:57.623+0000] {dagbag.py:545} INFO - Filling up the DagBag from /opt/airflow/dags/hdfs_dag.py
[2024-05-30T03:43:57.645+0000] {processor.py:840} INFO - DAG(s) 'hdfs_dag' retrieved from /opt/airflow/dags/hdfs_dag.py
[2024-05-30T03:43:57.667+0000] {logging_mixin.py:188} INFO - [2024-05-30T03:43:57.667+0000] {dag.py:3096} INFO - Sync 1 DAGs
[2024-05-30T03:43:57.686+0000] {logging_mixin.py:188} INFO - [2024-05-30T03:43:57.686+0000] {dag.py:3954} INFO - Setting next_dagrun for hdfs_dag to 2024-03-14 00:00:00+00:00, run_after=2024-03-14 00:00:00+00:00
[2024-05-30T03:43:57.711+0000] {processor.py:183} INFO - Processing /opt/airflow/dags/hdfs_dag.py took 0.095 seconds
[2024-05-30T03:44:28.063+0000] {processor.py:161} INFO - Started process (PID=1316) to work on /opt/airflow/dags/hdfs_dag.py
[2024-05-30T03:44:28.064+0000] {processor.py:830} INFO - Processing file /opt/airflow/dags/hdfs_dag.py for tasks to queue
[2024-05-30T03:44:28.066+0000] {logging_mixin.py:188} INFO - [2024-05-30T03:44:28.065+0000] {dagbag.py:545} INFO - Filling up the DagBag from /opt/airflow/dags/hdfs_dag.py
[2024-05-30T03:44:28.089+0000] {processor.py:840} INFO - DAG(s) 'hdfs_dag' retrieved from /opt/airflow/dags/hdfs_dag.py
[2024-05-30T03:44:28.114+0000] {logging_mixin.py:188} INFO - [2024-05-30T03:44:28.114+0000] {dag.py:3096} INFO - Sync 1 DAGs
[2024-05-30T03:44:28.136+0000] {logging_mixin.py:188} INFO - [2024-05-30T03:44:28.136+0000] {dag.py:3954} INFO - Setting next_dagrun for hdfs_dag to 2024-03-14 00:00:00+00:00, run_after=2024-03-14 00:00:00+00:00
[2024-05-30T03:44:28.159+0000] {processor.py:183} INFO - Processing /opt/airflow/dags/hdfs_dag.py took 0.102 seconds
[2024-05-30T03:44:58.674+0000] {processor.py:161} INFO - Started process (PID=1360) to work on /opt/airflow/dags/hdfs_dag.py
[2024-05-30T03:44:58.675+0000] {processor.py:830} INFO - Processing file /opt/airflow/dags/hdfs_dag.py for tasks to queue
[2024-05-30T03:44:58.677+0000] {logging_mixin.py:188} INFO - [2024-05-30T03:44:58.677+0000] {dagbag.py:545} INFO - Filling up the DagBag from /opt/airflow/dags/hdfs_dag.py
[2024-05-30T03:44:58.704+0000] {processor.py:840} INFO - DAG(s) 'hdfs_dag' retrieved from /opt/airflow/dags/hdfs_dag.py
[2024-05-30T03:44:58.733+0000] {logging_mixin.py:188} INFO - [2024-05-30T03:44:58.733+0000] {dag.py:3096} INFO - Sync 1 DAGs
[2024-05-30T03:44:58.758+0000] {logging_mixin.py:188} INFO - [2024-05-30T03:44:58.758+0000] {dag.py:3954} INFO - Setting next_dagrun for hdfs_dag to 2024-03-14 00:00:00+00:00, run_after=2024-03-14 00:00:00+00:00
[2024-05-30T03:44:58.783+0000] {processor.py:183} INFO - Processing /opt/airflow/dags/hdfs_dag.py took 0.115 seconds
[2024-05-30T03:45:29.389+0000] {processor.py:161} INFO - Started process (PID=1404) to work on /opt/airflow/dags/hdfs_dag.py
[2024-05-30T03:45:29.390+0000] {processor.py:830} INFO - Processing file /opt/airflow/dags/hdfs_dag.py for tasks to queue
[2024-05-30T03:45:29.392+0000] {logging_mixin.py:188} INFO - [2024-05-30T03:45:29.392+0000] {dagbag.py:545} INFO - Filling up the DagBag from /opt/airflow/dags/hdfs_dag.py
[2024-05-30T03:45:29.416+0000] {processor.py:840} INFO - DAG(s) 'hdfs_dag' retrieved from /opt/airflow/dags/hdfs_dag.py
[2024-05-30T03:45:29.441+0000] {logging_mixin.py:188} INFO - [2024-05-30T03:45:29.441+0000] {dag.py:3096} INFO - Sync 1 DAGs
[2024-05-30T03:45:29.464+0000] {logging_mixin.py:188} INFO - [2024-05-30T03:45:29.464+0000] {dag.py:3954} INFO - Setting next_dagrun for hdfs_dag to 2024-03-14 00:00:00+00:00, run_after=2024-03-14 00:00:00+00:00
[2024-05-30T03:45:29.488+0000] {processor.py:183} INFO - Processing /opt/airflow/dags/hdfs_dag.py took 0.105 seconds
[2024-05-30T03:46:00.038+0000] {processor.py:161} INFO - Started process (PID=1438) to work on /opt/airflow/dags/hdfs_dag.py
[2024-05-30T03:46:00.039+0000] {processor.py:830} INFO - Processing file /opt/airflow/dags/hdfs_dag.py for tasks to queue
[2024-05-30T03:46:00.041+0000] {logging_mixin.py:188} INFO - [2024-05-30T03:46:00.041+0000] {dagbag.py:545} INFO - Filling up the DagBag from /opt/airflow/dags/hdfs_dag.py
[2024-05-30T03:46:00.066+0000] {processor.py:840} INFO - DAG(s) 'hdfs_dag' retrieved from /opt/airflow/dags/hdfs_dag.py
[2024-05-30T03:46:00.093+0000] {logging_mixin.py:188} INFO - [2024-05-30T03:46:00.093+0000] {dag.py:3096} INFO - Sync 1 DAGs
[2024-05-30T03:46:00.115+0000] {logging_mixin.py:188} INFO - [2024-05-30T03:46:00.114+0000] {dag.py:3954} INFO - Setting next_dagrun for hdfs_dag to 2024-03-14 00:00:00+00:00, run_after=2024-03-14 00:00:00+00:00
[2024-05-30T03:46:00.138+0000] {processor.py:183} INFO - Processing /opt/airflow/dags/hdfs_dag.py took 0.106 seconds
[2024-05-30T03:46:30.542+0000] {processor.py:161} INFO - Started process (PID=1479) to work on /opt/airflow/dags/hdfs_dag.py
[2024-05-30T03:46:30.543+0000] {processor.py:830} INFO - Processing file /opt/airflow/dags/hdfs_dag.py for tasks to queue
[2024-05-30T03:46:30.545+0000] {logging_mixin.py:188} INFO - [2024-05-30T03:46:30.544+0000] {dagbag.py:545} INFO - Filling up the DagBag from /opt/airflow/dags/hdfs_dag.py
[2024-05-30T03:46:30.572+0000] {processor.py:840} INFO - DAG(s) 'hdfs_dag' retrieved from /opt/airflow/dags/hdfs_dag.py
[2024-05-30T03:46:30.598+0000] {logging_mixin.py:188} INFO - [2024-05-30T03:46:30.598+0000] {dag.py:3096} INFO - Sync 1 DAGs
[2024-05-30T03:46:30.620+0000] {logging_mixin.py:188} INFO - [2024-05-30T03:46:30.620+0000] {dag.py:3954} INFO - Setting next_dagrun for hdfs_dag to 2024-03-14 00:00:00+00:00, run_after=2024-03-14 00:00:00+00:00
[2024-05-30T03:46:30.642+0000] {processor.py:183} INFO - Processing /opt/airflow/dags/hdfs_dag.py took 0.108 seconds
[2024-05-30T03:47:01.147+0000] {processor.py:161} INFO - Started process (PID=1537) to work on /opt/airflow/dags/hdfs_dag.py
[2024-05-30T03:47:01.148+0000] {processor.py:830} INFO - Processing file /opt/airflow/dags/hdfs_dag.py for tasks to queue
[2024-05-30T03:47:01.149+0000] {logging_mixin.py:188} INFO - [2024-05-30T03:47:01.149+0000] {dagbag.py:545} INFO - Filling up the DagBag from /opt/airflow/dags/hdfs_dag.py
[2024-05-30T03:47:01.171+0000] {processor.py:840} INFO - DAG(s) 'hdfs_dag' retrieved from /opt/airflow/dags/hdfs_dag.py
[2024-05-30T03:47:01.195+0000] {logging_mixin.py:188} INFO - [2024-05-30T03:47:01.195+0000] {dag.py:3096} INFO - Sync 1 DAGs
[2024-05-30T03:47:01.219+0000] {logging_mixin.py:188} INFO - [2024-05-30T03:47:01.219+0000] {dag.py:3954} INFO - Setting next_dagrun for hdfs_dag to 2024-03-14 00:00:00+00:00, run_after=2024-03-14 00:00:00+00:00
[2024-05-30T03:47:01.244+0000] {processor.py:183} INFO - Processing /opt/airflow/dags/hdfs_dag.py took 0.103 seconds
[2024-05-30T03:47:31.931+0000] {processor.py:161} INFO - Started process (PID=1581) to work on /opt/airflow/dags/hdfs_dag.py
[2024-05-30T03:47:31.932+0000] {processor.py:830} INFO - Processing file /opt/airflow/dags/hdfs_dag.py for tasks to queue
[2024-05-30T03:47:31.934+0000] {logging_mixin.py:188} INFO - [2024-05-30T03:47:31.934+0000] {dagbag.py:545} INFO - Filling up the DagBag from /opt/airflow/dags/hdfs_dag.py
[2024-05-30T03:47:31.962+0000] {processor.py:840} INFO - DAG(s) 'hdfs_dag' retrieved from /opt/airflow/dags/hdfs_dag.py
[2024-05-30T03:47:31.988+0000] {logging_mixin.py:188} INFO - [2024-05-30T03:47:31.987+0000] {dag.py:3096} INFO - Sync 1 DAGs
[2024-05-30T03:47:32.009+0000] {logging_mixin.py:188} INFO - [2024-05-30T03:47:32.009+0000] {dag.py:3954} INFO - Setting next_dagrun for hdfs_dag to 2024-03-14 00:00:00+00:00, run_after=2024-03-14 00:00:00+00:00
[2024-05-30T03:47:32.035+0000] {processor.py:183} INFO - Processing /opt/airflow/dags/hdfs_dag.py took 0.111 seconds
[2024-05-30T03:48:02.590+0000] {processor.py:161} INFO - Started process (PID=1626) to work on /opt/airflow/dags/hdfs_dag.py
[2024-05-30T03:48:02.591+0000] {processor.py:830} INFO - Processing file /opt/airflow/dags/hdfs_dag.py for tasks to queue
[2024-05-30T03:48:02.593+0000] {logging_mixin.py:188} INFO - [2024-05-30T03:48:02.592+0000] {dagbag.py:545} INFO - Filling up the DagBag from /opt/airflow/dags/hdfs_dag.py
[2024-05-30T03:48:02.613+0000] {processor.py:840} INFO - DAG(s) 'hdfs_dag' retrieved from /opt/airflow/dags/hdfs_dag.py
[2024-05-30T03:48:02.636+0000] {logging_mixin.py:188} INFO - [2024-05-30T03:48:02.636+0000] {dag.py:3096} INFO - Sync 1 DAGs
[2024-05-30T03:48:02.657+0000] {logging_mixin.py:188} INFO - [2024-05-30T03:48:02.656+0000] {dag.py:3954} INFO - Setting next_dagrun for hdfs_dag to 2024-03-14 00:00:00+00:00, run_after=2024-03-14 00:00:00+00:00
[2024-05-30T03:48:02.680+0000] {processor.py:183} INFO - Processing /opt/airflow/dags/hdfs_dag.py took 0.095 seconds
[2024-05-30T03:48:33.259+0000] {processor.py:161} INFO - Started process (PID=1670) to work on /opt/airflow/dags/hdfs_dag.py
[2024-05-30T03:48:33.260+0000] {processor.py:830} INFO - Processing file /opt/airflow/dags/hdfs_dag.py for tasks to queue
[2024-05-30T03:48:33.261+0000] {logging_mixin.py:188} INFO - [2024-05-30T03:48:33.261+0000] {dagbag.py:545} INFO - Filling up the DagBag from /opt/airflow/dags/hdfs_dag.py
[2024-05-30T03:48:33.283+0000] {processor.py:840} INFO - DAG(s) 'hdfs_dag' retrieved from /opt/airflow/dags/hdfs_dag.py
[2024-05-30T03:48:33.305+0000] {logging_mixin.py:188} INFO - [2024-05-30T03:48:33.305+0000] {dag.py:3096} INFO - Sync 1 DAGs
[2024-05-30T03:48:33.326+0000] {logging_mixin.py:188} INFO - [2024-05-30T03:48:33.325+0000] {dag.py:3954} INFO - Setting next_dagrun for hdfs_dag to 2024-03-14 00:00:00+00:00, run_after=2024-03-14 00:00:00+00:00
[2024-05-30T03:48:33.351+0000] {processor.py:183} INFO - Processing /opt/airflow/dags/hdfs_dag.py took 0.097 seconds
[2024-05-30T03:49:03.996+0000] {processor.py:161} INFO - Started process (PID=1714) to work on /opt/airflow/dags/hdfs_dag.py
[2024-05-30T03:49:03.997+0000] {processor.py:830} INFO - Processing file /opt/airflow/dags/hdfs_dag.py for tasks to queue
[2024-05-30T03:49:03.999+0000] {logging_mixin.py:188} INFO - [2024-05-30T03:49:03.999+0000] {dagbag.py:545} INFO - Filling up the DagBag from /opt/airflow/dags/hdfs_dag.py
[2024-05-30T03:49:04.020+0000] {processor.py:840} INFO - DAG(s) 'hdfs_dag' retrieved from /opt/airflow/dags/hdfs_dag.py
[2024-05-30T03:49:04.048+0000] {logging_mixin.py:188} INFO - [2024-05-30T03:49:04.048+0000] {dag.py:3096} INFO - Sync 1 DAGs
[2024-05-30T03:49:04.071+0000] {logging_mixin.py:188} INFO - [2024-05-30T03:49:04.071+0000] {dag.py:3954} INFO - Setting next_dagrun for hdfs_dag to 2024-03-14 00:00:00+00:00, run_after=2024-03-14 00:00:00+00:00
[2024-05-30T03:49:04.099+0000] {processor.py:183} INFO - Processing /opt/airflow/dags/hdfs_dag.py took 0.109 seconds
[2024-05-30T03:49:34.806+0000] {processor.py:161} INFO - Started process (PID=1758) to work on /opt/airflow/dags/hdfs_dag.py
[2024-05-30T03:49:34.807+0000] {processor.py:830} INFO - Processing file /opt/airflow/dags/hdfs_dag.py for tasks to queue
[2024-05-30T03:49:34.810+0000] {logging_mixin.py:188} INFO - [2024-05-30T03:49:34.809+0000] {dagbag.py:545} INFO - Filling up the DagBag from /opt/airflow/dags/hdfs_dag.py
[2024-05-30T03:49:34.847+0000] {processor.py:840} INFO - DAG(s) 'hdfs_dag' retrieved from /opt/airflow/dags/hdfs_dag.py
[2024-05-30T03:49:34.880+0000] {logging_mixin.py:188} INFO - [2024-05-30T03:49:34.880+0000] {dag.py:3096} INFO - Sync 1 DAGs
[2024-05-30T03:49:34.913+0000] {logging_mixin.py:188} INFO - [2024-05-30T03:49:34.913+0000] {dag.py:3954} INFO - Setting next_dagrun for hdfs_dag to 2024-03-14 00:00:00+00:00, run_after=2024-03-14 00:00:00+00:00
[2024-05-30T03:49:34.935+0000] {processor.py:183} INFO - Processing /opt/airflow/dags/hdfs_dag.py took 0.138 seconds
[2024-05-30T03:50:05.483+0000] {processor.py:161} INFO - Started process (PID=1802) to work on /opt/airflow/dags/hdfs_dag.py
[2024-05-30T03:50:05.485+0000] {processor.py:830} INFO - Processing file /opt/airflow/dags/hdfs_dag.py for tasks to queue
[2024-05-30T03:50:05.486+0000] {logging_mixin.py:188} INFO - [2024-05-30T03:50:05.486+0000] {dagbag.py:545} INFO - Filling up the DagBag from /opt/airflow/dags/hdfs_dag.py
[2024-05-30T03:50:05.514+0000] {processor.py:840} INFO - DAG(s) 'hdfs_dag' retrieved from /opt/airflow/dags/hdfs_dag.py
[2024-05-30T03:50:05.541+0000] {logging_mixin.py:188} INFO - [2024-05-30T03:50:05.541+0000] {dag.py:3096} INFO - Sync 1 DAGs
[2024-05-30T03:50:05.568+0000] {logging_mixin.py:188} INFO - [2024-05-30T03:50:05.568+0000] {dag.py:3954} INFO - Setting next_dagrun for hdfs_dag to 2024-03-14 00:00:00+00:00, run_after=2024-03-14 00:00:00+00:00
[2024-05-30T03:50:05.592+0000] {processor.py:183} INFO - Processing /opt/airflow/dags/hdfs_dag.py took 0.115 seconds
[2024-05-30T03:50:36.146+0000] {processor.py:161} INFO - Started process (PID=1846) to work on /opt/airflow/dags/hdfs_dag.py
[2024-05-30T03:50:36.147+0000] {processor.py:830} INFO - Processing file /opt/airflow/dags/hdfs_dag.py for tasks to queue
[2024-05-30T03:50:36.150+0000] {logging_mixin.py:188} INFO - [2024-05-30T03:50:36.149+0000] {dagbag.py:545} INFO - Filling up the DagBag from /opt/airflow/dags/hdfs_dag.py
[2024-05-30T03:50:36.181+0000] {processor.py:840} INFO - DAG(s) 'hdfs_dag' retrieved from /opt/airflow/dags/hdfs_dag.py
[2024-05-30T03:50:36.208+0000] {logging_mixin.py:188} INFO - [2024-05-30T03:50:36.208+0000] {dag.py:3096} INFO - Sync 1 DAGs
[2024-05-30T03:50:36.231+0000] {logging_mixin.py:188} INFO - [2024-05-30T03:50:36.231+0000] {dag.py:3954} INFO - Setting next_dagrun for hdfs_dag to 2024-03-14 00:00:00+00:00, run_after=2024-03-14 00:00:00+00:00
[2024-05-30T03:50:36.259+0000] {processor.py:183} INFO - Processing /opt/airflow/dags/hdfs_dag.py took 0.120 seconds
[2024-05-30T03:51:06.901+0000] {processor.py:161} INFO - Started process (PID=1890) to work on /opt/airflow/dags/hdfs_dag.py
[2024-05-30T03:51:06.902+0000] {processor.py:830} INFO - Processing file /opt/airflow/dags/hdfs_dag.py for tasks to queue
[2024-05-30T03:51:06.904+0000] {logging_mixin.py:188} INFO - [2024-05-30T03:51:06.904+0000] {dagbag.py:545} INFO - Filling up the DagBag from /opt/airflow/dags/hdfs_dag.py
[2024-05-30T03:51:06.931+0000] {processor.py:840} INFO - DAG(s) 'hdfs_dag' retrieved from /opt/airflow/dags/hdfs_dag.py
[2024-05-30T03:51:06.957+0000] {logging_mixin.py:188} INFO - [2024-05-30T03:51:06.957+0000] {dag.py:3096} INFO - Sync 1 DAGs
[2024-05-30T03:51:06.990+0000] {logging_mixin.py:188} INFO - [2024-05-30T03:51:06.990+0000] {dag.py:3954} INFO - Setting next_dagrun for hdfs_dag to 2024-03-14 00:00:00+00:00, run_after=2024-03-14 00:00:00+00:00
[2024-05-30T03:51:07.015+0000] {processor.py:183} INFO - Processing /opt/airflow/dags/hdfs_dag.py took 0.121 seconds
[2024-05-30T03:51:37.717+0000] {processor.py:161} INFO - Started process (PID=1934) to work on /opt/airflow/dags/hdfs_dag.py
[2024-05-30T03:51:37.718+0000] {processor.py:830} INFO - Processing file /opt/airflow/dags/hdfs_dag.py for tasks to queue
[2024-05-30T03:51:37.720+0000] {logging_mixin.py:188} INFO - [2024-05-30T03:51:37.719+0000] {dagbag.py:545} INFO - Filling up the DagBag from /opt/airflow/dags/hdfs_dag.py
[2024-05-30T03:51:37.739+0000] {processor.py:840} INFO - DAG(s) 'hdfs_dag' retrieved from /opt/airflow/dags/hdfs_dag.py
[2024-05-30T03:51:37.763+0000] {logging_mixin.py:188} INFO - [2024-05-30T03:51:37.763+0000] {dag.py:3096} INFO - Sync 1 DAGs
[2024-05-30T03:51:37.782+0000] {logging_mixin.py:188} INFO - [2024-05-30T03:51:37.782+0000] {dag.py:3954} INFO - Setting next_dagrun for hdfs_dag to 2024-03-14 00:00:00+00:00, run_after=2024-03-14 00:00:00+00:00
[2024-05-30T03:51:37.806+0000] {processor.py:183} INFO - Processing /opt/airflow/dags/hdfs_dag.py took 0.095 seconds
[2024-05-30T03:52:08.480+0000] {processor.py:161} INFO - Started process (PID=1978) to work on /opt/airflow/dags/hdfs_dag.py
[2024-05-30T03:52:08.482+0000] {processor.py:830} INFO - Processing file /opt/airflow/dags/hdfs_dag.py for tasks to queue
[2024-05-30T03:52:08.484+0000] {logging_mixin.py:188} INFO - [2024-05-30T03:52:08.484+0000] {dagbag.py:545} INFO - Filling up the DagBag from /opt/airflow/dags/hdfs_dag.py
[2024-05-30T03:52:08.507+0000] {processor.py:840} INFO - DAG(s) 'hdfs_dag' retrieved from /opt/airflow/dags/hdfs_dag.py
[2024-05-30T03:52:08.535+0000] {logging_mixin.py:188} INFO - [2024-05-30T03:52:08.535+0000] {dag.py:3096} INFO - Sync 1 DAGs
[2024-05-30T03:52:08.557+0000] {logging_mixin.py:188} INFO - [2024-05-30T03:52:08.557+0000] {dag.py:3954} INFO - Setting next_dagrun for hdfs_dag to 2024-03-14 00:00:00+00:00, run_after=2024-03-14 00:00:00+00:00
[2024-05-30T03:52:08.583+0000] {processor.py:183} INFO - Processing /opt/airflow/dags/hdfs_dag.py took 0.110 seconds
[2024-05-30T03:52:39.113+0000] {processor.py:161} INFO - Started process (PID=2023) to work on /opt/airflow/dags/hdfs_dag.py
[2024-05-30T03:52:39.114+0000] {processor.py:830} INFO - Processing file /opt/airflow/dags/hdfs_dag.py for tasks to queue
[2024-05-30T03:52:39.116+0000] {logging_mixin.py:188} INFO - [2024-05-30T03:52:39.116+0000] {dagbag.py:545} INFO - Filling up the DagBag from /opt/airflow/dags/hdfs_dag.py
[2024-05-30T03:52:39.141+0000] {processor.py:840} INFO - DAG(s) 'hdfs_dag' retrieved from /opt/airflow/dags/hdfs_dag.py
[2024-05-30T03:52:39.165+0000] {logging_mixin.py:188} INFO - [2024-05-30T03:52:39.165+0000] {dag.py:3096} INFO - Sync 1 DAGs
[2024-05-30T03:52:39.186+0000] {logging_mixin.py:188} INFO - [2024-05-30T03:52:39.185+0000] {dag.py:3954} INFO - Setting next_dagrun for hdfs_dag to 2024-03-14 00:00:00+00:00, run_after=2024-03-14 00:00:00+00:00
[2024-05-30T03:52:39.210+0000] {processor.py:183} INFO - Processing /opt/airflow/dags/hdfs_dag.py took 0.104 seconds
[2024-05-30T03:53:09.685+0000] {processor.py:161} INFO - Started process (PID=2067) to work on /opt/airflow/dags/hdfs_dag.py
[2024-05-30T03:53:09.686+0000] {processor.py:830} INFO - Processing file /opt/airflow/dags/hdfs_dag.py for tasks to queue
[2024-05-30T03:53:09.688+0000] {logging_mixin.py:188} INFO - [2024-05-30T03:53:09.688+0000] {dagbag.py:545} INFO - Filling up the DagBag from /opt/airflow/dags/hdfs_dag.py
[2024-05-30T03:53:09.718+0000] {processor.py:840} INFO - DAG(s) 'hdfs_dag' retrieved from /opt/airflow/dags/hdfs_dag.py
[2024-05-30T03:53:09.749+0000] {logging_mixin.py:188} INFO - [2024-05-30T03:53:09.749+0000] {dag.py:3096} INFO - Sync 1 DAGs
[2024-05-30T03:53:09.776+0000] {logging_mixin.py:188} INFO - [2024-05-30T03:53:09.775+0000] {dag.py:3954} INFO - Setting next_dagrun for hdfs_dag to 2024-03-14 00:00:00+00:00, run_after=2024-03-14 00:00:00+00:00
[2024-05-30T03:53:10.863+0000] {processor.py:183} INFO - Processing /opt/airflow/dags/hdfs_dag.py took 1.185 seconds
[2024-05-30T03:53:41.636+0000] {processor.py:161} INFO - Started process (PID=2111) to work on /opt/airflow/dags/hdfs_dag.py
[2024-05-30T03:53:41.637+0000] {processor.py:830} INFO - Processing file /opt/airflow/dags/hdfs_dag.py for tasks to queue
[2024-05-30T03:53:41.639+0000] {logging_mixin.py:188} INFO - [2024-05-30T03:53:41.638+0000] {dagbag.py:545} INFO - Filling up the DagBag from /opt/airflow/dags/hdfs_dag.py
[2024-05-30T03:53:41.664+0000] {processor.py:840} INFO - DAG(s) 'hdfs_dag' retrieved from /opt/airflow/dags/hdfs_dag.py
[2024-05-30T03:53:41.785+0000] {logging_mixin.py:188} INFO - [2024-05-30T03:53:41.785+0000] {dag.py:3096} INFO - Sync 1 DAGs
[2024-05-30T03:53:41.809+0000] {logging_mixin.py:188} INFO - [2024-05-30T03:53:41.809+0000] {dag.py:3954} INFO - Setting next_dagrun for hdfs_dag to 2024-03-14 00:00:00+00:00, run_after=2024-03-14 00:00:00+00:00
[2024-05-30T03:53:41.835+0000] {processor.py:183} INFO - Processing /opt/airflow/dags/hdfs_dag.py took 0.207 seconds
[2024-05-30T03:54:11.903+0000] {processor.py:161} INFO - Started process (PID=2155) to work on /opt/airflow/dags/hdfs_dag.py
[2024-05-30T03:54:11.904+0000] {processor.py:830} INFO - Processing file /opt/airflow/dags/hdfs_dag.py for tasks to queue
[2024-05-30T03:54:11.906+0000] {logging_mixin.py:188} INFO - [2024-05-30T03:54:11.905+0000] {dagbag.py:545} INFO - Filling up the DagBag from /opt/airflow/dags/hdfs_dag.py
[2024-05-30T03:54:11.931+0000] {processor.py:840} INFO - DAG(s) 'hdfs_dag' retrieved from /opt/airflow/dags/hdfs_dag.py
[2024-05-30T03:54:11.957+0000] {logging_mixin.py:188} INFO - [2024-05-30T03:54:11.956+0000] {dag.py:3096} INFO - Sync 1 DAGs
[2024-05-30T03:54:11.980+0000] {logging_mixin.py:188} INFO - [2024-05-30T03:54:11.979+0000] {dag.py:3954} INFO - Setting next_dagrun for hdfs_dag to 2024-03-14 00:00:00+00:00, run_after=2024-03-14 00:00:00+00:00
[2024-05-30T03:54:12.008+0000] {processor.py:183} INFO - Processing /opt/airflow/dags/hdfs_dag.py took 0.111 seconds
[2024-05-30T03:54:42.533+0000] {processor.py:161} INFO - Started process (PID=2206) to work on /opt/airflow/dags/hdfs_dag.py
[2024-05-30T03:54:42.534+0000] {processor.py:830} INFO - Processing file /opt/airflow/dags/hdfs_dag.py for tasks to queue
[2024-05-30T03:54:42.536+0000] {logging_mixin.py:188} INFO - [2024-05-30T03:54:42.535+0000] {dagbag.py:545} INFO - Filling up the DagBag from /opt/airflow/dags/hdfs_dag.py
[2024-05-30T03:54:42.558+0000] {processor.py:840} INFO - DAG(s) 'hdfs_dag' retrieved from /opt/airflow/dags/hdfs_dag.py
[2024-05-30T03:54:42.582+0000] {logging_mixin.py:188} INFO - [2024-05-30T03:54:42.581+0000] {dag.py:3096} INFO - Sync 1 DAGs
[2024-05-30T03:54:42.602+0000] {logging_mixin.py:188} INFO - [2024-05-30T03:54:42.601+0000] {dag.py:3954} INFO - Setting next_dagrun for hdfs_dag to 2024-03-14 00:00:00+00:00, run_after=2024-03-14 00:00:00+00:00
[2024-05-30T03:54:42.625+0000] {processor.py:183} INFO - Processing /opt/airflow/dags/hdfs_dag.py took 0.098 seconds
[2024-05-30T03:55:13.156+0000] {processor.py:161} INFO - Started process (PID=2250) to work on /opt/airflow/dags/hdfs_dag.py
[2024-05-30T03:55:13.157+0000] {processor.py:830} INFO - Processing file /opt/airflow/dags/hdfs_dag.py for tasks to queue
[2024-05-30T03:55:13.158+0000] {logging_mixin.py:188} INFO - [2024-05-30T03:55:13.158+0000] {dagbag.py:545} INFO - Filling up the DagBag from /opt/airflow/dags/hdfs_dag.py
[2024-05-30T03:55:13.178+0000] {processor.py:840} INFO - DAG(s) 'hdfs_dag' retrieved from /opt/airflow/dags/hdfs_dag.py
[2024-05-30T03:55:13.202+0000] {logging_mixin.py:188} INFO - [2024-05-30T03:55:13.202+0000] {dag.py:3096} INFO - Sync 1 DAGs
[2024-05-30T03:55:13.224+0000] {logging_mixin.py:188} INFO - [2024-05-30T03:55:13.224+0000] {dag.py:3954} INFO - Setting next_dagrun for hdfs_dag to 2024-03-14 00:00:00+00:00, run_after=2024-03-14 00:00:00+00:00
[2024-05-30T03:55:13.247+0000] {processor.py:183} INFO - Processing /opt/airflow/dags/hdfs_dag.py took 0.097 seconds
[2024-05-30T03:55:43.875+0000] {processor.py:161} INFO - Started process (PID=2294) to work on /opt/airflow/dags/hdfs_dag.py
[2024-05-30T03:55:43.876+0000] {processor.py:830} INFO - Processing file /opt/airflow/dags/hdfs_dag.py for tasks to queue
[2024-05-30T03:55:43.878+0000] {logging_mixin.py:188} INFO - [2024-05-30T03:55:43.878+0000] {dagbag.py:545} INFO - Filling up the DagBag from /opt/airflow/dags/hdfs_dag.py
[2024-05-30T03:55:43.905+0000] {processor.py:840} INFO - DAG(s) 'hdfs_dag' retrieved from /opt/airflow/dags/hdfs_dag.py
[2024-05-30T03:55:43.932+0000] {logging_mixin.py:188} INFO - [2024-05-30T03:55:43.932+0000] {dag.py:3096} INFO - Sync 1 DAGs
[2024-05-30T03:55:43.954+0000] {logging_mixin.py:188} INFO - [2024-05-30T03:55:43.953+0000] {dag.py:3954} INFO - Setting next_dagrun for hdfs_dag to 2024-03-14 00:00:00+00:00, run_after=2024-03-14 00:00:00+00:00
[2024-05-30T03:55:43.975+0000] {processor.py:183} INFO - Processing /opt/airflow/dags/hdfs_dag.py took 0.112 seconds
[2024-05-30T03:56:14.513+0000] {processor.py:161} INFO - Started process (PID=2338) to work on /opt/airflow/dags/hdfs_dag.py
[2024-05-30T03:56:14.515+0000] {processor.py:830} INFO - Processing file /opt/airflow/dags/hdfs_dag.py for tasks to queue
[2024-05-30T03:56:14.518+0000] {logging_mixin.py:188} INFO - [2024-05-30T03:56:14.517+0000] {dagbag.py:545} INFO - Filling up the DagBag from /opt/airflow/dags/hdfs_dag.py
[2024-05-30T03:56:14.549+0000] {processor.py:840} INFO - DAG(s) 'hdfs_dag' retrieved from /opt/airflow/dags/hdfs_dag.py
[2024-05-30T03:56:14.590+0000] {logging_mixin.py:188} INFO - [2024-05-30T03:56:14.589+0000] {dag.py:3096} INFO - Sync 1 DAGs
[2024-05-30T03:56:14.627+0000] {logging_mixin.py:188} INFO - [2024-05-30T03:56:14.627+0000] {dag.py:3954} INFO - Setting next_dagrun for hdfs_dag to 2024-03-14 00:00:00+00:00, run_after=2024-03-14 00:00:00+00:00
[2024-05-30T03:56:14.654+0000] {processor.py:183} INFO - Processing /opt/airflow/dags/hdfs_dag.py took 0.147 seconds
[2024-05-30T03:56:45.278+0000] {processor.py:161} INFO - Started process (PID=2382) to work on /opt/airflow/dags/hdfs_dag.py
[2024-05-30T03:56:45.279+0000] {processor.py:830} INFO - Processing file /opt/airflow/dags/hdfs_dag.py for tasks to queue
[2024-05-30T03:56:45.281+0000] {logging_mixin.py:188} INFO - [2024-05-30T03:56:45.281+0000] {dagbag.py:545} INFO - Filling up the DagBag from /opt/airflow/dags/hdfs_dag.py
[2024-05-30T03:56:45.307+0000] {processor.py:840} INFO - DAG(s) 'hdfs_dag' retrieved from /opt/airflow/dags/hdfs_dag.py
[2024-05-30T03:56:45.329+0000] {logging_mixin.py:188} INFO - [2024-05-30T03:56:45.329+0000] {dag.py:3096} INFO - Sync 1 DAGs
[2024-05-30T03:56:45.350+0000] {logging_mixin.py:188} INFO - [2024-05-30T03:56:45.350+0000] {dag.py:3954} INFO - Setting next_dagrun for hdfs_dag to 2024-03-14 00:00:00+00:00, run_after=2024-03-14 00:00:00+00:00
[2024-05-30T03:56:45.375+0000] {processor.py:183} INFO - Processing /opt/airflow/dags/hdfs_dag.py took 0.102 seconds
[2024-05-30T03:57:15.906+0000] {processor.py:161} INFO - Started process (PID=2426) to work on /opt/airflow/dags/hdfs_dag.py
[2024-05-30T03:57:15.907+0000] {processor.py:830} INFO - Processing file /opt/airflow/dags/hdfs_dag.py for tasks to queue
[2024-05-30T03:57:15.909+0000] {logging_mixin.py:188} INFO - [2024-05-30T03:57:15.908+0000] {dagbag.py:545} INFO - Filling up the DagBag from /opt/airflow/dags/hdfs_dag.py
[2024-05-30T03:57:15.930+0000] {processor.py:840} INFO - DAG(s) 'hdfs_dag' retrieved from /opt/airflow/dags/hdfs_dag.py
[2024-05-30T03:57:15.953+0000] {logging_mixin.py:188} INFO - [2024-05-30T03:57:15.953+0000] {dag.py:3096} INFO - Sync 1 DAGs
[2024-05-30T03:57:15.974+0000] {logging_mixin.py:188} INFO - [2024-05-30T03:57:15.974+0000] {dag.py:3954} INFO - Setting next_dagrun for hdfs_dag to 2024-03-14 00:00:00+00:00, run_after=2024-03-14 00:00:00+00:00
[2024-05-30T03:57:15.998+0000] {processor.py:183} INFO - Processing /opt/airflow/dags/hdfs_dag.py took 0.098 seconds
[2024-05-30T03:57:46.467+0000] {processor.py:161} INFO - Started process (PID=2470) to work on /opt/airflow/dags/hdfs_dag.py
[2024-05-30T03:57:46.468+0000] {processor.py:830} INFO - Processing file /opt/airflow/dags/hdfs_dag.py for tasks to queue
[2024-05-30T03:57:46.470+0000] {logging_mixin.py:188} INFO - [2024-05-30T03:57:46.470+0000] {dagbag.py:545} INFO - Filling up the DagBag from /opt/airflow/dags/hdfs_dag.py
[2024-05-30T03:57:46.494+0000] {processor.py:840} INFO - DAG(s) 'hdfs_dag' retrieved from /opt/airflow/dags/hdfs_dag.py
[2024-05-30T03:57:46.520+0000] {logging_mixin.py:188} INFO - [2024-05-30T03:57:46.520+0000] {dag.py:3096} INFO - Sync 1 DAGs
[2024-05-30T03:57:46.548+0000] {logging_mixin.py:188} INFO - [2024-05-30T03:57:46.547+0000] {dag.py:3954} INFO - Setting next_dagrun for hdfs_dag to 2024-03-14 00:00:00+00:00, run_after=2024-03-14 00:00:00+00:00
[2024-05-30T03:57:46.571+0000] {processor.py:183} INFO - Processing /opt/airflow/dags/hdfs_dag.py took 0.110 seconds
[2024-05-30T03:58:17.164+0000] {processor.py:161} INFO - Started process (PID=2504) to work on /opt/airflow/dags/hdfs_dag.py
[2024-05-30T03:58:17.165+0000] {processor.py:830} INFO - Processing file /opt/airflow/dags/hdfs_dag.py for tasks to queue
[2024-05-30T03:58:17.166+0000] {logging_mixin.py:188} INFO - [2024-05-30T03:58:17.166+0000] {dagbag.py:545} INFO - Filling up the DagBag from /opt/airflow/dags/hdfs_dag.py
[2024-05-30T03:58:17.186+0000] {processor.py:840} INFO - DAG(s) 'hdfs_dag' retrieved from /opt/airflow/dags/hdfs_dag.py
[2024-05-30T03:58:17.210+0000] {logging_mixin.py:188} INFO - [2024-05-30T03:58:17.210+0000] {dag.py:3096} INFO - Sync 1 DAGs
[2024-05-30T03:58:17.231+0000] {logging_mixin.py:188} INFO - [2024-05-30T03:58:17.231+0000] {dag.py:3954} INFO - Setting next_dagrun for hdfs_dag to 2024-03-14 00:00:00+00:00, run_after=2024-03-14 00:00:00+00:00
[2024-05-30T03:58:17.254+0000] {processor.py:183} INFO - Processing /opt/airflow/dags/hdfs_dag.py took 0.097 seconds
[2024-05-30T03:58:47.888+0000] {processor.py:161} INFO - Started process (PID=2545) to work on /opt/airflow/dags/hdfs_dag.py
[2024-05-30T03:58:47.890+0000] {processor.py:830} INFO - Processing file /opt/airflow/dags/hdfs_dag.py for tasks to queue
[2024-05-30T03:58:47.891+0000] {logging_mixin.py:188} INFO - [2024-05-30T03:58:47.891+0000] {dagbag.py:545} INFO - Filling up the DagBag from /opt/airflow/dags/hdfs_dag.py
[2024-05-30T03:58:47.914+0000] {processor.py:840} INFO - DAG(s) 'hdfs_dag' retrieved from /opt/airflow/dags/hdfs_dag.py
[2024-05-30T03:58:47.941+0000] {logging_mixin.py:188} INFO - [2024-05-30T03:58:47.940+0000] {dag.py:3096} INFO - Sync 1 DAGs
[2024-05-30T03:58:47.962+0000] {logging_mixin.py:188} INFO - [2024-05-30T03:58:47.962+0000] {dag.py:3954} INFO - Setting next_dagrun for hdfs_dag to 2024-03-14 00:00:00+00:00, run_after=2024-03-14 00:00:00+00:00
[2024-05-30T03:58:47.986+0000] {processor.py:183} INFO - Processing /opt/airflow/dags/hdfs_dag.py took 0.104 seconds
[2024-05-30T03:59:18.482+0000] {processor.py:161} INFO - Started process (PID=2589) to work on /opt/airflow/dags/hdfs_dag.py
[2024-05-30T03:59:18.484+0000] {processor.py:830} INFO - Processing file /opt/airflow/dags/hdfs_dag.py for tasks to queue
[2024-05-30T03:59:18.485+0000] {logging_mixin.py:188} INFO - [2024-05-30T03:59:18.485+0000] {dagbag.py:545} INFO - Filling up the DagBag from /opt/airflow/dags/hdfs_dag.py
[2024-05-30T03:59:18.507+0000] {processor.py:840} INFO - DAG(s) 'hdfs_dag' retrieved from /opt/airflow/dags/hdfs_dag.py
[2024-05-30T03:59:18.530+0000] {logging_mixin.py:188} INFO - [2024-05-30T03:59:18.530+0000] {dag.py:3096} INFO - Sync 1 DAGs
[2024-05-30T03:59:18.552+0000] {logging_mixin.py:188} INFO - [2024-05-30T03:59:18.552+0000] {dag.py:3954} INFO - Setting next_dagrun for hdfs_dag to 2024-03-14 00:00:00+00:00, run_after=2024-03-14 00:00:00+00:00
[2024-05-30T03:59:18.577+0000] {processor.py:183} INFO - Processing /opt/airflow/dags/hdfs_dag.py took 0.099 seconds
[2024-05-30T04:02:45.280+0000] {processor.py:161} INFO - Started process (PID=168) to work on /opt/airflow/dags/hdfs_dag.py
[2024-05-30T04:02:45.281+0000] {processor.py:830} INFO - Processing file /opt/airflow/dags/hdfs_dag.py for tasks to queue
[2024-05-30T04:02:45.283+0000] {logging_mixin.py:188} INFO - [2024-05-30T04:02:45.283+0000] {dagbag.py:545} INFO - Filling up the DagBag from /opt/airflow/dags/hdfs_dag.py
[2024-05-30T04:02:45.314+0000] {processor.py:840} INFO - DAG(s) 'hdfs_dag' retrieved from /opt/airflow/dags/hdfs_dag.py
[2024-05-30T04:02:45.369+0000] {logging_mixin.py:188} INFO - [2024-05-30T04:02:45.368+0000] {dag.py:3096} INFO - Sync 1 DAGs
[2024-05-30T04:02:45.394+0000] {logging_mixin.py:188} INFO - [2024-05-30T04:02:45.394+0000] {dag.py:3954} INFO - Setting next_dagrun for hdfs_dag to 2024-03-14 00:00:00+00:00, run_after=2024-03-14 00:00:00+00:00
[2024-05-30T04:02:45.421+0000] {processor.py:183} INFO - Processing /opt/airflow/dags/hdfs_dag.py took 0.148 seconds
