[2024-05-25T10:42:58.526+0000] {processor.py:161} INFO - Started process (PID=180) to work on /opt/airflow/dags/preprocess_combination.py
[2024-05-25T10:42:58.539+0000] {processor.py:830} INFO - Processing file /opt/airflow/dags/preprocess_combination.py for tasks to queue
[2024-05-25T10:42:58.577+0000] {logging_mixin.py:188} INFO - [2024-05-25T10:42:58.554+0000] {dagbag.py:540} INFO - Filling up the DagBag from /opt/airflow/dags/preprocess_combination.py
[2024-05-25T10:43:02.210+0000] {logging_mixin.py:188} INFO - [2024-05-25T10:43:02.140+0000] {dagbag.py:350} ERROR - Failed to import: /opt/airflow/dags/preprocess_combination.py
Traceback (most recent call last):
  File "/home/airflow/.local/lib/python3.12/site-packages/airflow/models/dagbag.py", line 346, in parse
    loader.exec_module(new_module)
  File "<frozen importlib._bootstrap_external>", line 995, in exec_module
  File "<frozen importlib._bootstrap>", line 488, in _call_with_frames_removed
  File "/opt/airflow/dags/preprocess_combination.py", line 5, in <module>
    from sklearn.feature_extraction.text import TfidfVectorizer
ModuleNotFoundError: No module named 'sklearn'
[2024-05-25T10:43:02.215+0000] {processor.py:842} WARNING - No viable dags retrieved from /opt/airflow/dags/preprocess_combination.py
[2024-05-25T10:43:02.562+0000] {processor.py:183} INFO - Processing /opt/airflow/dags/preprocess_combination.py took 4.108 seconds
[2024-05-25T10:43:33.501+0000] {processor.py:161} INFO - Started process (PID=206) to work on /opt/airflow/dags/preprocess_combination.py
[2024-05-25T10:43:33.504+0000] {processor.py:830} INFO - Processing file /opt/airflow/dags/preprocess_combination.py for tasks to queue
[2024-05-25T10:43:33.513+0000] {logging_mixin.py:188} INFO - [2024-05-25T10:43:33.511+0000] {dagbag.py:540} INFO - Filling up the DagBag from /opt/airflow/dags/preprocess_combination.py
[2024-05-25T10:43:35.419+0000] {logging_mixin.py:188} INFO - [2024-05-25T10:43:35.400+0000] {dagbag.py:350} ERROR - Failed to import: /opt/airflow/dags/preprocess_combination.py
Traceback (most recent call last):
  File "/home/airflow/.local/lib/python3.12/site-packages/airflow/models/dagbag.py", line 346, in parse
    loader.exec_module(new_module)
  File "<frozen importlib._bootstrap_external>", line 995, in exec_module
  File "<frozen importlib._bootstrap>", line 488, in _call_with_frames_removed
  File "/opt/airflow/dags/preprocess_combination.py", line 5, in <module>
    from sklearn.feature_extraction.text import TfidfVectorizer
ModuleNotFoundError: No module named 'sklearn'
[2024-05-25T10:43:35.421+0000] {processor.py:842} WARNING - No viable dags retrieved from /opt/airflow/dags/preprocess_combination.py
[2024-05-25T10:43:35.450+0000] {processor.py:183} INFO - Processing /opt/airflow/dags/preprocess_combination.py took 1.968 seconds
[2024-05-25T10:44:06.021+0000] {processor.py:161} INFO - Started process (PID=235) to work on /opt/airflow/dags/preprocess_combination.py
[2024-05-25T10:44:06.022+0000] {processor.py:830} INFO - Processing file /opt/airflow/dags/preprocess_combination.py for tasks to queue
[2024-05-25T10:44:06.024+0000] {logging_mixin.py:188} INFO - [2024-05-25T10:44:06.023+0000] {dagbag.py:540} INFO - Filling up the DagBag from /opt/airflow/dags/preprocess_combination.py
[2024-05-25T10:44:06.506+0000] {logging_mixin.py:188} INFO - [2024-05-25T10:44:06.494+0000] {dagbag.py:350} ERROR - Failed to import: /opt/airflow/dags/preprocess_combination.py
Traceback (most recent call last):
  File "/home/airflow/.local/lib/python3.12/site-packages/airflow/models/dagbag.py", line 346, in parse
    loader.exec_module(new_module)
  File "<frozen importlib._bootstrap_external>", line 995, in exec_module
  File "<frozen importlib._bootstrap>", line 488, in _call_with_frames_removed
  File "/opt/airflow/dags/preprocess_combination.py", line 5, in <module>
    from sklearn.feature_extraction.text import TfidfVectorizer
ModuleNotFoundError: No module named 'sklearn'
[2024-05-25T10:44:06.509+0000] {processor.py:842} WARNING - No viable dags retrieved from /opt/airflow/dags/preprocess_combination.py
[2024-05-25T10:44:06.541+0000] {processor.py:183} INFO - Processing /opt/airflow/dags/preprocess_combination.py took 0.533 seconds
[2024-05-25T10:44:37.063+0000] {processor.py:161} INFO - Started process (PID=257) to work on /opt/airflow/dags/preprocess_combination.py
[2024-05-25T10:44:37.067+0000] {processor.py:830} INFO - Processing file /opt/airflow/dags/preprocess_combination.py for tasks to queue
[2024-05-25T10:44:37.082+0000] {logging_mixin.py:188} INFO - [2024-05-25T10:44:37.075+0000] {dagbag.py:540} INFO - Filling up the DagBag from /opt/airflow/dags/preprocess_combination.py
[2024-05-25T10:44:38.435+0000] {logging_mixin.py:188} INFO - [2024-05-25T10:44:38.403+0000] {dagbag.py:350} ERROR - Failed to import: /opt/airflow/dags/preprocess_combination.py
Traceback (most recent call last):
  File "/home/airflow/.local/lib/python3.12/site-packages/airflow/models/dagbag.py", line 346, in parse
    loader.exec_module(new_module)
  File "<frozen importlib._bootstrap_external>", line 995, in exec_module
  File "<frozen importlib._bootstrap>", line 488, in _call_with_frames_removed
  File "/opt/airflow/dags/preprocess_combination.py", line 5, in <module>
    from sklearn.feature_extraction.text import TfidfVectorizer
ModuleNotFoundError: No module named 'sklearn'
[2024-05-25T10:44:38.438+0000] {processor.py:842} WARNING - No viable dags retrieved from /opt/airflow/dags/preprocess_combination.py
[2024-05-25T10:44:38.561+0000] {processor.py:183} INFO - Processing /opt/airflow/dags/preprocess_combination.py took 1.599 seconds
[2024-05-25T10:45:09.285+0000] {processor.py:161} INFO - Started process (PID=279) to work on /opt/airflow/dags/preprocess_combination.py
[2024-05-25T10:45:09.287+0000] {processor.py:830} INFO - Processing file /opt/airflow/dags/preprocess_combination.py for tasks to queue
[2024-05-25T10:45:09.290+0000] {logging_mixin.py:188} INFO - [2024-05-25T10:45:09.288+0000] {dagbag.py:540} INFO - Filling up the DagBag from /opt/airflow/dags/preprocess_combination.py
[2024-05-25T10:45:10.127+0000] {logging_mixin.py:188} INFO - [2024-05-25T10:45:10.117+0000] {dagbag.py:350} ERROR - Failed to import: /opt/airflow/dags/preprocess_combination.py
Traceback (most recent call last):
  File "/home/airflow/.local/lib/python3.12/site-packages/airflow/models/dagbag.py", line 346, in parse
    loader.exec_module(new_module)
  File "<frozen importlib._bootstrap_external>", line 995, in exec_module
  File "<frozen importlib._bootstrap>", line 488, in _call_with_frames_removed
  File "/opt/airflow/dags/preprocess_combination.py", line 5, in <module>
    from sklearn.feature_extraction.text import TfidfVectorizer
ModuleNotFoundError: No module named 'sklearn'
[2024-05-25T10:45:10.131+0000] {processor.py:842} WARNING - No viable dags retrieved from /opt/airflow/dags/preprocess_combination.py
[2024-05-25T10:45:10.220+0000] {processor.py:183} INFO - Processing /opt/airflow/dags/preprocess_combination.py took 0.954 seconds
[2024-05-25T10:45:40.751+0000] {processor.py:161} INFO - Started process (PID=300) to work on /opt/airflow/dags/preprocess_combination.py
[2024-05-25T10:45:40.763+0000] {processor.py:830} INFO - Processing file /opt/airflow/dags/preprocess_combination.py for tasks to queue
[2024-05-25T10:45:40.766+0000] {logging_mixin.py:188} INFO - [2024-05-25T10:45:40.765+0000] {dagbag.py:540} INFO - Filling up the DagBag from /opt/airflow/dags/preprocess_combination.py
[2024-05-25T10:45:42.917+0000] {logging_mixin.py:188} INFO - [2024-05-25T10:45:42.910+0000] {dagbag.py:350} ERROR - Failed to import: /opt/airflow/dags/preprocess_combination.py
Traceback (most recent call last):
  File "/home/airflow/.local/lib/python3.12/site-packages/airflow/models/dagbag.py", line 346, in parse
    loader.exec_module(new_module)
  File "<frozen importlib._bootstrap_external>", line 995, in exec_module
  File "<frozen importlib._bootstrap>", line 488, in _call_with_frames_removed
  File "/opt/airflow/dags/preprocess_combination.py", line 5, in <module>
    from sklearn.feature_extraction.text import TfidfVectorizer
ModuleNotFoundError: No module named 'sklearn'
[2024-05-25T10:45:42.919+0000] {processor.py:842} WARNING - No viable dags retrieved from /opt/airflow/dags/preprocess_combination.py
[2024-05-25T10:45:42.953+0000] {processor.py:183} INFO - Processing /opt/airflow/dags/preprocess_combination.py took 2.258 seconds
[2024-05-25T10:46:13.082+0000] {processor.py:161} INFO - Started process (PID=324) to work on /opt/airflow/dags/preprocess_combination.py
[2024-05-25T10:46:13.084+0000] {processor.py:830} INFO - Processing file /opt/airflow/dags/preprocess_combination.py for tasks to queue
[2024-05-25T10:46:13.086+0000] {logging_mixin.py:188} INFO - [2024-05-25T10:46:13.086+0000] {dagbag.py:540} INFO - Filling up the DagBag from /opt/airflow/dags/preprocess_combination.py
[2024-05-25T10:46:14.552+0000] {logging_mixin.py:188} INFO - [2024-05-25T10:46:14.544+0000] {dagbag.py:350} ERROR - Failed to import: /opt/airflow/dags/preprocess_combination.py
Traceback (most recent call last):
  File "/home/airflow/.local/lib/python3.12/site-packages/airflow/models/dagbag.py", line 346, in parse
    loader.exec_module(new_module)
  File "<frozen importlib._bootstrap_external>", line 995, in exec_module
  File "<frozen importlib._bootstrap>", line 488, in _call_with_frames_removed
  File "/opt/airflow/dags/preprocess_combination.py", line 5, in <module>
    from sklearn.feature_extraction.text import TfidfVectorizer
ModuleNotFoundError: No module named 'sklearn'
[2024-05-25T10:46:14.554+0000] {processor.py:842} WARNING - No viable dags retrieved from /opt/airflow/dags/preprocess_combination.py
[2024-05-25T10:46:14.592+0000] {processor.py:183} INFO - Processing /opt/airflow/dags/preprocess_combination.py took 1.523 seconds
[2024-05-25T10:46:44.791+0000] {processor.py:161} INFO - Started process (PID=346) to work on /opt/airflow/dags/preprocess_combination.py
[2024-05-25T10:46:44.794+0000] {processor.py:830} INFO - Processing file /opt/airflow/dags/preprocess_combination.py for tasks to queue
[2024-05-25T10:46:44.805+0000] {logging_mixin.py:188} INFO - [2024-05-25T10:46:44.800+0000] {dagbag.py:540} INFO - Filling up the DagBag from /opt/airflow/dags/preprocess_combination.py
[2024-05-25T10:46:46.338+0000] {logging_mixin.py:188} INFO - [2024-05-25T10:46:46.326+0000] {dagbag.py:350} ERROR - Failed to import: /opt/airflow/dags/preprocess_combination.py
Traceback (most recent call last):
  File "/home/airflow/.local/lib/python3.12/site-packages/airflow/models/dagbag.py", line 346, in parse
    loader.exec_module(new_module)
  File "<frozen importlib._bootstrap_external>", line 995, in exec_module
  File "<frozen importlib._bootstrap>", line 488, in _call_with_frames_removed
  File "/opt/airflow/dags/preprocess_combination.py", line 5, in <module>
    from sklearn.feature_extraction.text import TfidfVectorizer
ModuleNotFoundError: No module named 'sklearn'
[2024-05-25T10:46:46.342+0000] {processor.py:842} WARNING - No viable dags retrieved from /opt/airflow/dags/preprocess_combination.py
[2024-05-25T10:46:46.407+0000] {processor.py:183} INFO - Processing /opt/airflow/dags/preprocess_combination.py took 1.685 seconds
[2024-05-25T10:47:16.719+0000] {processor.py:161} INFO - Started process (PID=372) to work on /opt/airflow/dags/preprocess_combination.py
[2024-05-25T10:47:16.721+0000] {processor.py:830} INFO - Processing file /opt/airflow/dags/preprocess_combination.py for tasks to queue
[2024-05-25T10:47:16.724+0000] {logging_mixin.py:188} INFO - [2024-05-25T10:47:16.723+0000] {dagbag.py:540} INFO - Filling up the DagBag from /opt/airflow/dags/preprocess_combination.py
[2024-05-25T10:47:17.883+0000] {logging_mixin.py:188} INFO - [2024-05-25T10:47:17.861+0000] {dagbag.py:350} ERROR - Failed to import: /opt/airflow/dags/preprocess_combination.py
Traceback (most recent call last):
  File "/home/airflow/.local/lib/python3.12/site-packages/airflow/models/dagbag.py", line 346, in parse
    loader.exec_module(new_module)
  File "<frozen importlib._bootstrap_external>", line 995, in exec_module
  File "<frozen importlib._bootstrap>", line 488, in _call_with_frames_removed
  File "/opt/airflow/dags/preprocess_combination.py", line 5, in <module>
    from sklearn.feature_extraction.text import TfidfVectorizer
ModuleNotFoundError: No module named 'sklearn'
[2024-05-25T10:47:17.887+0000] {processor.py:842} WARNING - No viable dags retrieved from /opt/airflow/dags/preprocess_combination.py
[2024-05-25T10:47:17.926+0000] {processor.py:183} INFO - Processing /opt/airflow/dags/preprocess_combination.py took 1.220 seconds
[2024-05-25T10:47:48.432+0000] {processor.py:161} INFO - Started process (PID=396) to work on /opt/airflow/dags/preprocess_combination.py
[2024-05-25T10:47:48.435+0000] {processor.py:830} INFO - Processing file /opt/airflow/dags/preprocess_combination.py for tasks to queue
[2024-05-25T10:47:48.437+0000] {logging_mixin.py:188} INFO - [2024-05-25T10:47:48.436+0000] {dagbag.py:540} INFO - Filling up the DagBag from /opt/airflow/dags/preprocess_combination.py
[2024-05-25T10:47:49.488+0000] {logging_mixin.py:188} INFO - [2024-05-25T10:47:49.480+0000] {dagbag.py:350} ERROR - Failed to import: /opt/airflow/dags/preprocess_combination.py
Traceback (most recent call last):
  File "/home/airflow/.local/lib/python3.12/site-packages/airflow/models/dagbag.py", line 346, in parse
    loader.exec_module(new_module)
  File "<frozen importlib._bootstrap_external>", line 995, in exec_module
  File "<frozen importlib._bootstrap>", line 488, in _call_with_frames_removed
  File "/opt/airflow/dags/preprocess_combination.py", line 5, in <module>
    from sklearn.feature_extraction.text import TfidfVectorizer
ModuleNotFoundError: No module named 'sklearn'
[2024-05-25T10:47:49.491+0000] {processor.py:842} WARNING - No viable dags retrieved from /opt/airflow/dags/preprocess_combination.py
[2024-05-25T10:47:49.520+0000] {processor.py:183} INFO - Processing /opt/airflow/dags/preprocess_combination.py took 1.106 seconds
[2024-05-25T10:48:19.902+0000] {processor.py:161} INFO - Started process (PID=421) to work on /opt/airflow/dags/preprocess_combination.py
[2024-05-25T10:48:19.903+0000] {processor.py:830} INFO - Processing file /opt/airflow/dags/preprocess_combination.py for tasks to queue
[2024-05-25T10:48:19.905+0000] {logging_mixin.py:188} INFO - [2024-05-25T10:48:19.904+0000] {dagbag.py:540} INFO - Filling up the DagBag from /opt/airflow/dags/preprocess_combination.py
[2024-05-25T10:48:20.673+0000] {logging_mixin.py:188} INFO - [2024-05-25T10:48:20.660+0000] {dagbag.py:350} ERROR - Failed to import: /opt/airflow/dags/preprocess_combination.py
Traceback (most recent call last):
  File "/home/airflow/.local/lib/python3.12/site-packages/airflow/models/dagbag.py", line 346, in parse
    loader.exec_module(new_module)
  File "<frozen importlib._bootstrap_external>", line 995, in exec_module
  File "<frozen importlib._bootstrap>", line 488, in _call_with_frames_removed
  File "/opt/airflow/dags/preprocess_combination.py", line 5, in <module>
    from sklearn.feature_extraction.text import TfidfVectorizer
ModuleNotFoundError: No module named 'sklearn'
[2024-05-25T10:48:20.677+0000] {processor.py:842} WARNING - No viable dags retrieved from /opt/airflow/dags/preprocess_combination.py
[2024-05-25T10:48:20.733+0000] {processor.py:183} INFO - Processing /opt/airflow/dags/preprocess_combination.py took 0.841 seconds
[2024-05-25T10:48:51.201+0000] {processor.py:161} INFO - Started process (PID=444) to work on /opt/airflow/dags/preprocess_combination.py
[2024-05-25T10:48:51.206+0000] {processor.py:830} INFO - Processing file /opt/airflow/dags/preprocess_combination.py for tasks to queue
[2024-05-25T10:48:51.212+0000] {logging_mixin.py:188} INFO - [2024-05-25T10:48:51.209+0000] {dagbag.py:540} INFO - Filling up the DagBag from /opt/airflow/dags/preprocess_combination.py
[2024-05-25T10:48:52.005+0000] {logging_mixin.py:188} INFO - [2024-05-25T10:48:52.000+0000] {dagbag.py:350} ERROR - Failed to import: /opt/airflow/dags/preprocess_combination.py
Traceback (most recent call last):
  File "/home/airflow/.local/lib/python3.12/site-packages/airflow/models/dagbag.py", line 346, in parse
    loader.exec_module(new_module)
  File "<frozen importlib._bootstrap_external>", line 995, in exec_module
  File "<frozen importlib._bootstrap>", line 488, in _call_with_frames_removed
  File "/opt/airflow/dags/preprocess_combination.py", line 5, in <module>
    from sklearn.feature_extraction.text import TfidfVectorizer
ModuleNotFoundError: No module named 'sklearn'
[2024-05-25T10:48:52.006+0000] {processor.py:842} WARNING - No viable dags retrieved from /opt/airflow/dags/preprocess_combination.py
[2024-05-25T10:48:52.032+0000] {processor.py:183} INFO - Processing /opt/airflow/dags/preprocess_combination.py took 0.853 seconds
[2024-05-25T10:49:23.244+0000] {processor.py:161} INFO - Started process (PID=466) to work on /opt/airflow/dags/preprocess_combination.py
[2024-05-25T10:49:23.250+0000] {processor.py:830} INFO - Processing file /opt/airflow/dags/preprocess_combination.py for tasks to queue
[2024-05-25T10:49:23.264+0000] {logging_mixin.py:188} INFO - [2024-05-25T10:49:23.261+0000] {dagbag.py:540} INFO - Filling up the DagBag from /opt/airflow/dags/preprocess_combination.py
[2024-05-25T10:49:27.799+0000] {logging_mixin.py:188} INFO - [2024-05-25T10:49:27.785+0000] {dagbag.py:350} ERROR - Failed to import: /opt/airflow/dags/preprocess_combination.py
Traceback (most recent call last):
  File "/home/airflow/.local/lib/python3.12/site-packages/airflow/models/dagbag.py", line 346, in parse
    loader.exec_module(new_module)
  File "<frozen importlib._bootstrap_external>", line 995, in exec_module
  File "<frozen importlib._bootstrap>", line 488, in _call_with_frames_removed
  File "/opt/airflow/dags/preprocess_combination.py", line 5, in <module>
    from sklearn.feature_extraction.text import TfidfVectorizer
ModuleNotFoundError: No module named 'sklearn'
[2024-05-25T10:49:27.803+0000] {processor.py:842} WARNING - No viable dags retrieved from /opt/airflow/dags/preprocess_combination.py
[2024-05-25T10:49:27.885+0000] {processor.py:183} INFO - Processing /opt/airflow/dags/preprocess_combination.py took 4.698 seconds
[2024-05-25T10:49:58.631+0000] {processor.py:161} INFO - Started process (PID=489) to work on /opt/airflow/dags/preprocess_combination.py
[2024-05-25T10:49:58.633+0000] {processor.py:830} INFO - Processing file /opt/airflow/dags/preprocess_combination.py for tasks to queue
[2024-05-25T10:49:58.636+0000] {logging_mixin.py:188} INFO - [2024-05-25T10:49:58.635+0000] {dagbag.py:540} INFO - Filling up the DagBag from /opt/airflow/dags/preprocess_combination.py
[2024-05-25T10:49:59.843+0000] {logging_mixin.py:188} INFO - [2024-05-25T10:49:59.837+0000] {dagbag.py:350} ERROR - Failed to import: /opt/airflow/dags/preprocess_combination.py
Traceback (most recent call last):
  File "/home/airflow/.local/lib/python3.12/site-packages/airflow/models/dagbag.py", line 346, in parse
    loader.exec_module(new_module)
  File "<frozen importlib._bootstrap_external>", line 995, in exec_module
  File "<frozen importlib._bootstrap>", line 488, in _call_with_frames_removed
  File "/opt/airflow/dags/preprocess_combination.py", line 5, in <module>
    from sklearn.feature_extraction.text import TfidfVectorizer
ModuleNotFoundError: No module named 'sklearn'
[2024-05-25T10:49:59.845+0000] {processor.py:842} WARNING - No viable dags retrieved from /opt/airflow/dags/preprocess_combination.py
[2024-05-25T10:49:59.872+0000] {processor.py:183} INFO - Processing /opt/airflow/dags/preprocess_combination.py took 1.260 seconds
[2024-05-25T10:50:30.209+0000] {processor.py:161} INFO - Started process (PID=513) to work on /opt/airflow/dags/preprocess_combination.py
[2024-05-25T10:50:30.211+0000] {processor.py:830} INFO - Processing file /opt/airflow/dags/preprocess_combination.py for tasks to queue
[2024-05-25T10:50:30.213+0000] {logging_mixin.py:188} INFO - [2024-05-25T10:50:30.212+0000] {dagbag.py:540} INFO - Filling up the DagBag from /opt/airflow/dags/preprocess_combination.py
[2024-05-25T10:50:31.072+0000] {logging_mixin.py:188} INFO - [2024-05-25T10:50:31.067+0000] {dagbag.py:350} ERROR - Failed to import: /opt/airflow/dags/preprocess_combination.py
Traceback (most recent call last):
  File "/home/airflow/.local/lib/python3.12/site-packages/airflow/models/dagbag.py", line 346, in parse
    loader.exec_module(new_module)
  File "<frozen importlib._bootstrap_external>", line 995, in exec_module
  File "<frozen importlib._bootstrap>", line 488, in _call_with_frames_removed
  File "/opt/airflow/dags/preprocess_combination.py", line 5, in <module>
    from sklearn.feature_extraction.text import TfidfVectorizer
ModuleNotFoundError: No module named 'sklearn'
[2024-05-25T10:50:31.074+0000] {processor.py:842} WARNING - No viable dags retrieved from /opt/airflow/dags/preprocess_combination.py
[2024-05-25T10:50:31.117+0000] {processor.py:183} INFO - Processing /opt/airflow/dags/preprocess_combination.py took 0.918 seconds
[2024-05-25T10:51:01.990+0000] {processor.py:161} INFO - Started process (PID=538) to work on /opt/airflow/dags/preprocess_combination.py
[2024-05-25T10:51:02.002+0000] {processor.py:830} INFO - Processing file /opt/airflow/dags/preprocess_combination.py for tasks to queue
[2024-05-25T10:51:02.009+0000] {logging_mixin.py:188} INFO - [2024-05-25T10:51:02.006+0000] {dagbag.py:540} INFO - Filling up the DagBag from /opt/airflow/dags/preprocess_combination.py
[2024-05-25T10:51:04.479+0000] {logging_mixin.py:188} INFO - [2024-05-25T10:51:04.471+0000] {dagbag.py:350} ERROR - Failed to import: /opt/airflow/dags/preprocess_combination.py
Traceback (most recent call last):
  File "/home/airflow/.local/lib/python3.12/site-packages/airflow/models/dagbag.py", line 346, in parse
    loader.exec_module(new_module)
  File "<frozen importlib._bootstrap_external>", line 995, in exec_module
  File "<frozen importlib._bootstrap>", line 488, in _call_with_frames_removed
  File "/opt/airflow/dags/preprocess_combination.py", line 5, in <module>
    from sklearn.feature_extraction.text import TfidfVectorizer
ModuleNotFoundError: No module named 'sklearn'
[2024-05-25T10:51:04.482+0000] {processor.py:842} WARNING - No viable dags retrieved from /opt/airflow/dags/preprocess_combination.py
[2024-05-25T10:51:04.520+0000] {processor.py:183} INFO - Processing /opt/airflow/dags/preprocess_combination.py took 2.581 seconds
[2024-05-25T10:51:35.039+0000] {processor.py:161} INFO - Started process (PID=562) to work on /opt/airflow/dags/preprocess_combination.py
[2024-05-25T10:51:35.040+0000] {processor.py:830} INFO - Processing file /opt/airflow/dags/preprocess_combination.py for tasks to queue
[2024-05-25T10:51:35.042+0000] {logging_mixin.py:188} INFO - [2024-05-25T10:51:35.041+0000] {dagbag.py:540} INFO - Filling up the DagBag from /opt/airflow/dags/preprocess_combination.py
[2024-05-25T10:51:35.915+0000] {logging_mixin.py:188} INFO - [2024-05-25T10:51:35.906+0000] {dagbag.py:350} ERROR - Failed to import: /opt/airflow/dags/preprocess_combination.py
Traceback (most recent call last):
  File "/home/airflow/.local/lib/python3.12/site-packages/airflow/models/dagbag.py", line 346, in parse
    loader.exec_module(new_module)
  File "<frozen importlib._bootstrap_external>", line 995, in exec_module
  File "<frozen importlib._bootstrap>", line 488, in _call_with_frames_removed
  File "/opt/airflow/dags/preprocess_combination.py", line 5, in <module>
    from sklearn.feature_extraction.text import TfidfVectorizer
ModuleNotFoundError: No module named 'sklearn'
[2024-05-25T10:51:35.918+0000] {processor.py:842} WARNING - No viable dags retrieved from /opt/airflow/dags/preprocess_combination.py
[2024-05-25T10:51:35.948+0000] {processor.py:183} INFO - Processing /opt/airflow/dags/preprocess_combination.py took 0.919 seconds
[2024-05-25T10:52:06.493+0000] {processor.py:161} INFO - Started process (PID=586) to work on /opt/airflow/dags/preprocess_combination.py
[2024-05-25T10:52:06.495+0000] {processor.py:830} INFO - Processing file /opt/airflow/dags/preprocess_combination.py for tasks to queue
[2024-05-25T10:52:06.497+0000] {logging_mixin.py:188} INFO - [2024-05-25T10:52:06.496+0000] {dagbag.py:540} INFO - Filling up the DagBag from /opt/airflow/dags/preprocess_combination.py
[2024-05-25T10:52:07.376+0000] {logging_mixin.py:188} INFO - [2024-05-25T10:52:07.369+0000] {dagbag.py:350} ERROR - Failed to import: /opt/airflow/dags/preprocess_combination.py
Traceback (most recent call last):
  File "/home/airflow/.local/lib/python3.12/site-packages/airflow/models/dagbag.py", line 346, in parse
    loader.exec_module(new_module)
  File "<frozen importlib._bootstrap_external>", line 995, in exec_module
  File "<frozen importlib._bootstrap>", line 488, in _call_with_frames_removed
  File "/opt/airflow/dags/preprocess_combination.py", line 5, in <module>
    from sklearn.feature_extraction.text import TfidfVectorizer
ModuleNotFoundError: No module named 'sklearn'
[2024-05-25T10:52:07.379+0000] {processor.py:842} WARNING - No viable dags retrieved from /opt/airflow/dags/preprocess_combination.py
[2024-05-25T10:52:07.404+0000] {processor.py:183} INFO - Processing /opt/airflow/dags/preprocess_combination.py took 0.929 seconds
[2024-05-25T10:52:37.586+0000] {processor.py:161} INFO - Started process (PID=610) to work on /opt/airflow/dags/preprocess_combination.py
[2024-05-25T10:52:37.588+0000] {processor.py:830} INFO - Processing file /opt/airflow/dags/preprocess_combination.py for tasks to queue
[2024-05-25T10:52:37.592+0000] {logging_mixin.py:188} INFO - [2024-05-25T10:52:37.590+0000] {dagbag.py:540} INFO - Filling up the DagBag from /opt/airflow/dags/preprocess_combination.py
[2024-05-25T10:52:38.785+0000] {logging_mixin.py:188} INFO - [2024-05-25T10:52:38.770+0000] {dagbag.py:350} ERROR - Failed to import: /opt/airflow/dags/preprocess_combination.py
Traceback (most recent call last):
  File "/home/airflow/.local/lib/python3.12/site-packages/airflow/models/dagbag.py", line 346, in parse
    loader.exec_module(new_module)
  File "<frozen importlib._bootstrap_external>", line 995, in exec_module
  File "<frozen importlib._bootstrap>", line 488, in _call_with_frames_removed
  File "/opt/airflow/dags/preprocess_combination.py", line 5, in <module>
    from sklearn.feature_extraction.text import TfidfVectorizer
ModuleNotFoundError: No module named 'sklearn'
[2024-05-25T10:52:38.814+0000] {processor.py:842} WARNING - No viable dags retrieved from /opt/airflow/dags/preprocess_combination.py
[2024-05-25T10:52:38.884+0000] {processor.py:183} INFO - Processing /opt/airflow/dags/preprocess_combination.py took 1.317 seconds
[2024-05-25T10:53:09.523+0000] {processor.py:161} INFO - Started process (PID=641) to work on /opt/airflow/dags/preprocess_combination.py
[2024-05-25T10:53:09.525+0000] {processor.py:830} INFO - Processing file /opt/airflow/dags/preprocess_combination.py for tasks to queue
[2024-05-25T10:53:09.529+0000] {logging_mixin.py:188} INFO - [2024-05-25T10:53:09.527+0000] {dagbag.py:540} INFO - Filling up the DagBag from /opt/airflow/dags/preprocess_combination.py
[2024-05-25T10:53:13.352+0000] {logging_mixin.py:188} INFO - [2024-05-25T10:53:13.344+0000] {dagbag.py:350} ERROR - Failed to import: /opt/airflow/dags/preprocess_combination.py
Traceback (most recent call last):
  File "/home/airflow/.local/lib/python3.12/site-packages/airflow/models/dagbag.py", line 346, in parse
    loader.exec_module(new_module)
  File "<frozen importlib._bootstrap_external>", line 995, in exec_module
  File "<frozen importlib._bootstrap>", line 488, in _call_with_frames_removed
  File "/opt/airflow/dags/preprocess_combination.py", line 5, in <module>
    from sklearn.feature_extraction.text import TfidfVectorizer
ModuleNotFoundError: No module named 'sklearn'
[2024-05-25T10:53:13.355+0000] {processor.py:842} WARNING - No viable dags retrieved from /opt/airflow/dags/preprocess_combination.py
[2024-05-25T10:53:13.404+0000] {processor.py:183} INFO - Processing /opt/airflow/dags/preprocess_combination.py took 3.905 seconds
