[2024-05-30T08:17:25.746+0000] {local_task_job_runner.py:120} INFO - ::group::Pre task execution logs
[2024-05-30T08:17:25.796+0000] {taskinstance.py:2076} INFO - Dependencies all met for dep_context=non-requeueable deps ti=<TaskInstance: extenso_assignment.output manual__2024-05-30T08:17:19.307352+00:00 [queued]>
[2024-05-30T08:17:25.807+0000] {taskinstance.py:2076} INFO - Dependencies all met for dep_context=requeueable deps ti=<TaskInstance: extenso_assignment.output manual__2024-05-30T08:17:19.307352+00:00 [queued]>
[2024-05-30T08:17:25.808+0000] {taskinstance.py:2306} INFO - Starting attempt 1 of 1
[2024-05-30T08:17:25.824+0000] {taskinstance.py:2330} INFO - Executing <Task(PythonOperator): output> on 2024-05-30 08:17:19.307352+00:00
[2024-05-30T08:17:25.841+0000] {standard_task_runner.py:90} INFO - Running: ['***', 'tasks', 'run', 'extenso_assignment', 'output', 'manual__2024-05-30T08:17:19.307352+00:00', '--job-id', '12', '--raw', '--subdir', 'DAGS_FOLDER/dump_load_dag.py', '--cfg-path', '/tmp/tmpjlj9c3j1']
[2024-05-30T08:17:25.845+0000] {standard_task_runner.py:91} INFO - Job 12: Subtask output
[2024-05-30T08:17:25.847+0000] {logging_mixin.py:188} WARNING - /home/***/.local/lib/python3.12/site-packages/***/task/task_runner/standard_task_runner.py:61 DeprecationWarning: This process (pid=405) is multi-threaded, use of fork() may lead to deadlocks in the child.
[2024-05-30T08:17:25.848+0000] {standard_task_runner.py:63} INFO - Started process 414 to run task
[2024-05-30T08:17:25.897+0000] {task_command.py:426} INFO - Running <TaskInstance: extenso_assignment.output manual__2024-05-30T08:17:19.307352+00:00 [running]> on host d78d325bbf3e
[2024-05-30T08:17:25.994+0000] {taskinstance.py:2648} INFO - Exporting env vars: AIRFLOW_CTX_DAG_OWNER='***' AIRFLOW_CTX_DAG_ID='extenso_assignment' AIRFLOW_CTX_TASK_ID='output' AIRFLOW_CTX_EXECUTION_DATE='2024-05-30T08:17:19.307352+00:00' AIRFLOW_CTX_TRY_NUMBER='1' AIRFLOW_CTX_DAG_RUN_ID='manual__2024-05-30T08:17:19.307352+00:00'
[2024-05-30T08:17:25.996+0000] {taskinstance.py:430} INFO - ::endgroup::
[2024-05-30T08:17:26.081+0000] {logging_mixin.py:188} WARNING - /opt/***/dags/Load_DF.py:6 FutureWarning: DataFrame.applymap has been deprecated. Use DataFrame.map instead.
[2024-05-30T08:17:26.112+0000] {logging_mixin.py:188} WARNING - /opt/***/dags/Load_DF.py:6 FutureWarning: DataFrame.applymap has been deprecated. Use DataFrame.map instead.
[2024-05-30T08:17:26.116+0000] {logging_mixin.py:188} WARNING - /opt/***/dags/Load_DF.py:6 FutureWarning: DataFrame.applymap has been deprecated. Use DataFrame.map instead.
[2024-05-30T08:17:26.120+0000] {logging_mixin.py:188} WARNING - /opt/***/dags/Load_DF.py:6 FutureWarning: DataFrame.applymap has been deprecated. Use DataFrame.map instead.
[2024-05-30T08:17:26.123+0000] {logging_mixin.py:188} WARNING - /opt/***/dags/Load_DF.py:6 FutureWarning: DataFrame.applymap has been deprecated. Use DataFrame.map instead.
[2024-05-30T08:17:26.125+0000] {logging_mixin.py:188} WARNING - /opt/***/dags/Load_DF.py:6 FutureWarning: DataFrame.applymap has been deprecated. Use DataFrame.map instead.
[2024-05-30T08:17:26.128+0000] {logging_mixin.py:188} WARNING - /opt/***/dags/Load_DF.py:6 FutureWarning: DataFrame.applymap has been deprecated. Use DataFrame.map instead.
[2024-05-30T08:17:26.130+0000] {logging_mixin.py:188} WARNING - /opt/***/dags/Load_DF.py:6 FutureWarning: DataFrame.applymap has been deprecated. Use DataFrame.map instead.
[2024-05-30T08:17:26.132+0000] {logging_mixin.py:188} WARNING - /opt/***/dags/Load_DF.py:6 FutureWarning: DataFrame.applymap has been deprecated. Use DataFrame.map instead.
[2024-05-30T08:17:26.134+0000] {logging_mixin.py:188} WARNING - /opt/***/dags/Load_DF.py:6 FutureWarning: DataFrame.applymap has been deprecated. Use DataFrame.map instead.
[2024-05-30T08:17:26.528+0000] {python.py:237} INFO - Done. Returned value was: None
[2024-05-30T08:17:26.528+0000] {taskinstance.py:441} INFO - ::group::Post task execution logs
[2024-05-30T08:17:26.551+0000] {taskinstance.py:1206} INFO - Marking task as SUCCESS. dag_id=extenso_assignment, task_id=output, run_id=manual__2024-05-30T08:17:19.307352+00:00, execution_date=20240530T081719, start_date=20240530T081725, end_date=20240530T081726
[2024-05-30T08:17:26.585+0000] {local_task_job_runner.py:240} INFO - Task exited with return code 0
[2024-05-30T08:17:26.604+0000] {taskinstance.py:3498} INFO - 0 downstream tasks scheduled from follow-on schedule check
[2024-05-30T08:17:26.606+0000] {local_task_job_runner.py:222} INFO - ::endgroup::
